------------------------------------------------------------------------------------------------------------------------

[2020-03-30 00:30:14 #1 type] 
Type domain.User is not enhanced.

[2020-03-30 00:30:14 #2 type] 
Type domain.Bet is not enhanced.

[2020-03-30 00:30:14 #3 type] 
Type domain.Profile is not enhanced.

[2020-03-30 00:30:14 #4 type] 
Type domain.Prediction is not enhanced.

[2020-03-30 00:30:14 #5 type] 
Type domain.Question is not enhanced.

[2020-03-30 00:30:14 #6 type] 
Type domain.Event is not enhanced.

[2020-03-30 00:30:14 #7 type] 
Type domain.Competition is not enhanced.

------------------------------------------------------------------------------------------------------------------------

[2020-03-30 00:30:47 #1 type] 
Type domain.User is not enhanced.

[2020-03-30 00:30:47 #2 type] 
Type domain.Bet is not enhanced.

[2020-03-30 00:30:47 #3 type] 
Type domain.Profile is not enhanced.

[2020-03-30 00:30:47 #4 type] 
Type domain.Prediction is not enhanced.

[2020-03-30 00:30:47 #5 type] 
Type domain.Question is not enhanced.

[2020-03-30 00:30:47 #6 type] 
Type domain.Event is not enhanced.

[2020-03-30 00:30:47 #7 type] 
Type domain.Competition is not enhanced.

------------------------------------------------------------------------------------------------------------------------

[2020-03-30 00:33:32 #1 type] 
Type domain.User is not enhanced.

[2020-03-30 00:33:32 #2 type] 
Type domain.Bet is not enhanced.

[2020-03-30 00:33:32 #3 type] 
Type domain.Profile is not enhanced.

[2020-03-30 00:33:32 #4 type] 
Type domain.Prediction is not enhanced.

[2020-03-30 00:33:32 #5 type] 
Type domain.Question is not enhanced.

[2020-03-30 00:33:32 #6 type] 
Type domain.Event is not enhanced.

[2020-03-30 00:33:32 #7 type] 
Type domain.Competition is not enhanced.

------------------------------------------------------------------------------------------------------------------------

[2020-03-30 01:13:24 #1 type] 
Type domain.User is not enhanced.

[2020-03-30 01:13:24 #2 type] 
Type domain.Bet is not enhanced.

[2020-03-30 01:13:24 #3 type] 
Type domain.Profile is not enhanced.

[2020-03-30 01:13:24 #4 type] 
Type domain.Prediction is not enhanced.

[2020-03-30 01:13:24 #5 type] 
Type domain.Question is not enhanced.

[2020-03-30 01:13:24 #6 type] 
Type domain.Event is not enhanced.

[2020-03-30 01:13:24 #7 type] 
Type domain.Competition is not enhanced.

------------------------------------------------------------------------------------------------------------------------

[2020-03-30 01:17:02 #1 type] 
Type domain.User is not enhanced.

[2020-03-30 01:17:02 #2 type] 
Type domain.Bet is not enhanced.

[2020-03-30 01:17:02 #3 type] 
Type domain.Profile is not enhanced.

[2020-03-30 01:17:02 #4 type] 
Type domain.Prediction is not enhanced.

[2020-03-30 01:17:02 #5 type] 
Type domain.Question is not enhanced.

[2020-03-30 01:17:02 #6 type] 
Type domain.Event is not enhanced.

[2020-03-30 01:17:02 #7 type] 
Type domain.Competition is not enhanced.

------------------------------------------------------------------------------------------------------------------------

[2020-03-30 01:20:45 #1 type] 
Type domain.User is not enhanced.

[2020-03-30 01:20:45 #2 type] 
Type domain.Bet is not enhanced.

[2020-03-30 01:20:45 #3 type] 
Type domain.Profile is not enhanced.

[2020-03-30 01:20:45 #4 type] 
Type domain.Prediction is not enhanced.

[2020-03-30 01:20:45 #5 type] 
Type domain.Question is not enhanced.

[2020-03-30 01:20:45 #6 type] 
Type domain.Event is not enhanced.

[2020-03-30 01:20:45 #7 type] 
Type domain.Competition is not enhanced.

------------------------------------------------------------------------------------------------------------------------

[2020-03-30 01:22:09 #1 type] 
Type domain.User is not enhanced.

[2020-03-30 01:22:09 #2 type] 
Type domain.Bet is not enhanced.

[2020-03-30 01:22:09 #3 type] 
Type domain.Profile is not enhanced.

[2020-03-30 01:22:09 #4 type] 
Type domain.Prediction is not enhanced.

[2020-03-30 01:22:09 #5 type] 
Type domain.Question is not enhanced.

[2020-03-30 01:22:09 #6 type] 
Type domain.Event is not enhanced.

[2020-03-30 01:22:09 #7 type] 
Type domain.Competition is not enhanced.

------------------------------------------------------------------------------------------------------------------------

[2020-03-30 01:25:03 #1 type] 
Type domain.User is not enhanced.

[2020-03-30 01:25:03 #2 type] 
Type domain.Bet is not enhanced.

[2020-03-30 01:25:03 #3 type] 
Type domain.Profile is not enhanced.

[2020-03-30 01:25:03 #4 type] 
Type domain.Prediction is not enhanced.

[2020-03-30 01:25:03 #5 type] 
Type domain.Question is not enhanced.

[2020-03-30 01:25:03 #6 type] 
Type domain.Event is not enhanced.

[2020-03-30 01:25:03 #7 type] 
Type domain.Competition is not enhanced.

------------------------------------------------------------------------------------------------------------------------

[2020-03-30 01:37:34 #1 type] 
Type domain.User is not enhanced.

[2020-03-30 01:37:34 #2 type] 
Type domain.Bet is not enhanced.

[2020-03-30 01:37:34 #3 type] 
Type domain.Profile is not enhanced.

[2020-03-30 01:37:34 #4 type] 
Type domain.Prediction is not enhanced.

[2020-03-30 01:37:34 #5 type] 
Type domain.Question is not enhanced.

[2020-03-30 01:37:34 #6 type] 
Type domain.Event is not enhanced.

[2020-03-30 01:37:34 #7 type] 
Type domain.Competition is not enhanced.

------------------------------------------------------------------------------------------------------------------------

[2020-03-30 01:40:42 #1 type] 
Type domain.User is not enhanced.

[2020-03-30 01:40:42 #2 type] 
Type domain.Bet is not enhanced.

[2020-03-30 01:40:42 #3 type] 
Type domain.Profile is not enhanced.

[2020-03-30 01:40:42 #4 type] 
Type domain.Prediction is not enhanced.

[2020-03-30 01:40:42 #5 type] 
Type domain.Question is not enhanced.

[2020-03-30 01:40:42 #6 type] 
Type domain.Event is not enhanced.

[2020-03-30 01:40:42 #7 type] 
Type domain.Competition is not enhanced.

------------------------------------------------------------------------------------------------------------------------

[2020-03-30 01:43:58 #1 type] 
Type domain.User is not enhanced.

[2020-03-30 01:43:58 #2 type] 
Type domain.Bet is not enhanced.

[2020-03-30 01:43:58 #3 type] 
Type domain.Profile is not enhanced.

[2020-03-30 01:43:58 #4 type] 
Type domain.Prediction is not enhanced.

[2020-03-30 01:43:58 #5 type] 
Type domain.Question is not enhanced.

[2020-03-30 01:43:58 #6 type] 
Type domain.Event is not enhanced.

[2020-03-30 01:43:58 #7 type] 
Type domain.Competition is not enhanced.

------------------------------------------------------------------------------------------------------------------------

[2020-03-30 01:46:58 #1 type] 
Type domain.User is not enhanced.

[2020-03-30 01:46:58 #2 type] 
Type domain.Bet is not enhanced.

[2020-03-30 01:46:58 #3 type] 
Type domain.Profile is not enhanced.

[2020-03-30 01:46:58 #4 type] 
Type domain.Prediction is not enhanced.

[2020-03-30 01:46:58 #5 type] 
Type domain.Question is not enhanced.

[2020-03-30 01:46:58 #6 type] 
Type domain.Event is not enhanced.

[2020-03-30 01:46:58 #7 type] 
Type domain.Competition is not enhanced.

------------------------------------------------------------------------------------------------------------------------

[2020-03-30 01:47:22 #1 type] 
Type domain.User is not enhanced.

[2020-03-30 01:47:22 #2 type] 
Type domain.Bet is not enhanced.

[2020-03-30 01:47:22 #3 type] 
Type domain.Profile is not enhanced.

[2020-03-30 01:47:22 #4 type] 
Type domain.Prediction is not enhanced.

[2020-03-30 01:47:22 #5 type] 
Type domain.Question is not enhanced.

[2020-03-30 01:47:22 #6 type] 
Type domain.Event is not enhanced.

[2020-03-30 01:47:22 #7 type] 
Type domain.Competition is not enhanced.

------------------------------------------------------------------------------------------------------------------------

[2020-03-30 01:49:47 #1 type] 
Type domain.User is not enhanced.

[2020-03-30 01:49:47 #2 type] 
Type domain.Bet is not enhanced.

[2020-03-30 01:49:47 #3 type] 
Type domain.Profile is not enhanced.

[2020-03-30 01:49:47 #4 type] 
Type domain.Prediction is not enhanced.

[2020-03-30 01:49:47 #5 type] 
Type domain.Question is not enhanced.

[2020-03-30 01:49:47 #6 type] 
Type domain.Event is not enhanced.

[2020-03-30 01:49:47 #7 type] 
Type domain.Competition is not enhanced.

------------------------------------------------------------------------------------------------------------------------

[2020-03-30 01:58:57 #1 type] 
Type domain.User is not enhanced.

[2020-03-30 01:58:57 #2 type] 
Type domain.Bet is not enhanced.

[2020-03-30 01:58:57 #3 type] 
Type domain.Profile is not enhanced.

[2020-03-30 01:58:57 #4 type] 
Type domain.Prediction is not enhanced.

[2020-03-30 01:58:57 #5 type] 
Type domain.Question is not enhanced.

[2020-03-30 01:58:57 #6 type] 
Type domain.Event is not enhanced.

[2020-03-30 01:58:57 #7 type] 
Type domain.Competition is not enhanced.

------------------------------------------------------------------------------------------------------------------------

[2020-03-30 01:59:59 #1 type] 
Type domain.User is not enhanced.

[2020-03-30 01:59:59 #2 type] 
Type domain.Bet is not enhanced.

[2020-03-30 01:59:59 #3 type] 
Type domain.Profile is not enhanced.

[2020-03-30 01:59:59 #4 type] 
Type domain.Prediction is not enhanced.

[2020-03-30 01:59:59 #5 type] 
Type domain.Question is not enhanced.

[2020-03-30 01:59:59 #6 type] 
Type domain.Event is not enhanced.

[2020-03-30 01:59:59 #7 type] 
Type domain.Competition is not enhanced.

------------------------------------------------------------------------------------------------------------------------

[2020-03-30 02:00:33 #1 type] 
Type domain.User is not enhanced.

[2020-03-30 02:00:34 #2 type] 
Type domain.Bet is not enhanced.

[2020-03-30 02:00:34 #3 type] 
Type domain.Profile is not enhanced.

[2020-03-30 02:00:34 #4 type] 
Type domain.Prediction is not enhanced.

[2020-03-30 02:00:34 #5 type] 
Type domain.Question is not enhanced.

[2020-03-30 02:00:34 #6 type] 
Type domain.Event is not enhanced.

[2020-03-30 02:00:34 #7 type] 
Type domain.Competition is not enhanced.

------------------------------------------------------------------------------------------------------------------------

[2020-03-30 02:01:29 #1 type] 
Type domain.User is not enhanced.

[2020-03-30 02:01:29 #2 type] 
Type domain.Bet is not enhanced.

[2020-03-30 02:01:29 #3 type] 
Type domain.Profile is not enhanced.

[2020-03-30 02:01:29 #4 type] 
Type domain.Prediction is not enhanced.

[2020-03-30 02:01:29 #5 type] 
Type domain.Question is not enhanced.

[2020-03-30 02:01:29 #6 type] 
Type domain.Event is not enhanced.

[2020-03-30 02:01:29 #7 type] 
Type domain.Competition is not enhanced.

------------------------------------------------------------------------------------------------------------------------

[2020-03-30 02:03:01 #1 type] 
Type domain.User is not enhanced.

[2020-03-30 02:03:01 #2 type] 
Type domain.Bet is not enhanced.

[2020-03-30 02:03:01 #3 type] 
Type domain.Profile is not enhanced.

[2020-03-30 02:03:01 #4 type] 
Type domain.Prediction is not enhanced.

[2020-03-30 02:03:01 #5 type] 
Type domain.Question is not enhanced.

[2020-03-30 02:03:01 #6 type] 
Type domain.Event is not enhanced.

[2020-03-30 02:03:01 #7 type] 
Type domain.Competition is not enhanced.

------------------------------------------------------------------------------------------------------------------------

[2020-03-30 02:03:16 #1 type] 
Type domain.User is not enhanced.

[2020-03-30 02:03:16 #2 type] 
Type domain.Bet is not enhanced.

[2020-03-30 02:03:16 #3 type] 
Type domain.Profile is not enhanced.

[2020-03-30 02:03:16 #4 type] 
Type domain.Prediction is not enhanced.

[2020-03-30 02:03:16 #5 type] 
Type domain.Question is not enhanced.

[2020-03-30 02:03:16 #6 type] 
Type domain.Event is not enhanced.

[2020-03-30 02:03:16 #7 type] 
Type domain.Competition is not enhanced.

------------------------------------------------------------------------------------------------------------------------

[2020-03-30 02:07:26 #1 type] 
Type domain.User is not enhanced.

[2020-03-30 02:07:26 #2 type] 
Type domain.Bet is not enhanced.

[2020-03-30 02:07:26 #3 type] 
Type domain.Profile is not enhanced.

[2020-03-30 02:07:26 #4 type] 
Type domain.Prediction is not enhanced.

[2020-03-30 02:07:26 #5 type] 
Type domain.Question is not enhanced.

[2020-03-30 02:07:26 #6 type] 
Type domain.Event is not enhanced.

[2020-03-30 02:07:26 #7 type] 
Type domain.Competition is not enhanced.

------------------------------------------------------------------------------------------------------------------------

[2020-03-30 02:07:30 #1 type] 
Type domain.User is not enhanced.

[2020-03-30 02:07:30 #2 type] 
Type domain.Bet is not enhanced.

[2020-03-30 02:07:30 #3 type] 
Type domain.Profile is not enhanced.

[2020-03-30 02:07:30 #4 type] 
Type domain.Prediction is not enhanced.

[2020-03-30 02:07:30 #5 type] 
Type domain.Question is not enhanced.

[2020-03-30 02:07:30 #6 type] 
Type domain.Event is not enhanced.

[2020-03-30 02:07:30 #7 type] 
Type domain.Competition is not enhanced.

------------------------------------------------------------------------------------------------------------------------

[2020-03-30 02:09:05 #1 type] 
Type domain.User is not enhanced.

[2020-03-30 02:09:05 #2 type] 
Type domain.Bet is not enhanced.

[2020-03-30 02:09:05 #3 type] 
Type domain.Profile is not enhanced.

[2020-03-30 02:09:05 #4 type] 
Type domain.Prediction is not enhanced.

[2020-03-30 02:09:05 #5 type] 
Type domain.Question is not enhanced.

[2020-03-30 02:09:05 #6 type] 
Type domain.Event is not enhanced.

[2020-03-30 02:09:05 #7 type] 
Type domain.Competition is not enhanced.

------------------------------------------------------------------------------------------------------------------------

[2020-03-30 02:12:01 #1 type] 
Type domain.User is not enhanced.

[2020-03-30 02:12:01 #2 type] 
Type domain.Bet is not enhanced.

[2020-03-30 02:12:01 #3 type] 
Type domain.Profile is not enhanced.

[2020-03-30 02:12:01 #4 type] 
Type domain.Prediction is not enhanced.

[2020-03-30 02:12:01 #5 type] 
Type domain.Question is not enhanced.

[2020-03-30 02:12:01 #6 type] 
Type domain.Event is not enhanced.

[2020-03-30 02:12:01 #7 type] 
Type domain.Competition is not enhanced.

------------------------------------------------------------------------------------------------------------------------

[2020-03-30 02:15:38 #1 type] 
Type domain.User is not enhanced.

[2020-03-30 02:15:38 #2 type] 
Type domain.Bet is not enhanced.

[2020-03-30 02:15:38 #3 type] 
Type domain.Profile is not enhanced.

[2020-03-30 02:15:38 #4 type] 
Type domain.Prediction is not enhanced.

[2020-03-30 02:15:38 #5 type] 
Type domain.Question is not enhanced.

[2020-03-30 02:15:38 #6 type] 
Type domain.Event is not enhanced.

[2020-03-30 02:15:38 #7 type] 
Type domain.Competition is not enhanced.

------------------------------------------------------------------------------------------------------------------------

[2020-03-30 02:18:15 #1 type] 
Type domain.User is not enhanced.

[2020-03-30 02:18:15 #2 type] 
Type domain.Bet is not enhanced.

[2020-03-30 02:18:15 #3 type] 
Type domain.Profile is not enhanced.

[2020-03-30 02:18:15 #4 type] 
Type domain.Prediction is not enhanced.

[2020-03-30 02:18:15 #5 type] 
Type domain.Question is not enhanced.

[2020-03-30 02:18:15 #6 type] 
Type domain.Event is not enhanced.

[2020-03-30 02:18:15 #7 type] 
Type domain.Competition is not enhanced.

------------------------------------------------------------------------------------------------------------------------

[2020-03-30 02:20:15 #1 type] 
Type domain.User is not enhanced.

[2020-03-30 02:20:15 #2 type] 
Type domain.Bet is not enhanced.

[2020-03-30 02:20:15 #3 type] 
Type domain.Profile is not enhanced.

[2020-03-30 02:20:15 #4 type] 
Type domain.Prediction is not enhanced.

[2020-03-30 02:20:15 #5 type] 
Type domain.Question is not enhanced.

[2020-03-30 02:20:15 #6 type] 
Type domain.Event is not enhanced.

[2020-03-30 02:20:15 #7 type] 
Type domain.Competition is not enhanced.

------------------------------------------------------------------------------------------------------------------------

[2020-03-30 02:21:56 #1 type] 
Type domain.User is not enhanced.

[2020-03-30 02:21:56 #2 type] 
Type domain.Bet is not enhanced.

[2020-03-30 02:21:56 #3 type] 
Type domain.Profile is not enhanced.

[2020-03-30 02:21:56 #4 type] 
Type domain.Prediction is not enhanced.

[2020-03-30 02:21:56 #5 type] 
Type domain.Question is not enhanced.

[2020-03-30 02:21:56 #6 type] 
Type domain.Event is not enhanced.

[2020-03-30 02:21:56 #7 type] 
Type domain.Competition is not enhanced.

------------------------------------------------------------------------------------------------------------------------

[2020-03-30 02:22:04 #1 type] 
Type domain.User is not enhanced.

[2020-03-30 02:22:04 #2 type] 
Type domain.Bet is not enhanced.

[2020-03-30 02:22:04 #3 type] 
Type domain.Profile is not enhanced.

[2020-03-30 02:22:04 #4 type] 
Type domain.Prediction is not enhanced.

[2020-03-30 02:22:04 #5 type] 
Type domain.Question is not enhanced.

[2020-03-30 02:22:04 #6 type] 
Type domain.Event is not enhanced.

[2020-03-30 02:22:04 #7 type] 
Type domain.Competition is not enhanced.

------------------------------------------------------------------------------------------------------------------------

[2020-03-30 02:24:09 #1 type] 
Type domain.User is not enhanced.

[2020-03-30 02:24:09 #2 type] 
Type domain.Bet is not enhanced.

[2020-03-30 02:24:09 #3 type] 
Type domain.Profile is not enhanced.

[2020-03-30 02:24:09 #4 type] 
Type domain.Prediction is not enhanced.

[2020-03-30 02:24:09 #5 type] 
Type domain.Question is not enhanced.

[2020-03-30 02:24:09 #6 type] 
Type domain.Event is not enhanced.

[2020-03-30 02:24:09 #7 type] 
Type domain.Competition is not enhanced.

------------------------------------------------------------------------------------------------------------------------

[2020-03-30 02:24:14 #1 type] 
Type domain.User is not enhanced.

[2020-03-30 02:24:14 #2 type] 
Type domain.Bet is not enhanced.

[2020-03-30 02:24:14 #3 type] 
Type domain.Profile is not enhanced.

[2020-03-30 02:24:14 #4 type] 
Type domain.Prediction is not enhanced.

[2020-03-30 02:24:14 #5 type] 
Type domain.Question is not enhanced.

[2020-03-30 02:24:14 #6 type] 
Type domain.Event is not enhanced.

[2020-03-30 02:24:14 #7 type] 
Type domain.Competition is not enhanced.

------------------------------------------------------------------------------------------------------------------------

[2020-03-30 02:26:05 #1 type] 
Type domain.User is not enhanced.

[2020-03-30 02:26:05 #2 type] 
Type domain.Bet is not enhanced.

[2020-03-30 02:26:05 #3 type] 
Type domain.Profile is not enhanced.

[2020-03-30 02:26:05 #4 type] 
Type domain.Prediction is not enhanced.

[2020-03-30 02:26:05 #5 type] 
Type domain.Question is not enhanced.

[2020-03-30 02:26:05 #6 type] 
Type domain.Event is not enhanced.

[2020-03-30 02:26:05 #7 type] 
Type domain.Competition is not enhanced.

------------------------------------------------------------------------------------------------------------------------

[2020-03-30 02:26:36 #1 type] 
Type domain.User is not enhanced.

[2020-03-30 02:26:36 #2 type] 
Type domain.Bet is not enhanced.

[2020-03-30 02:26:36 #3 type] 
Type domain.Profile is not enhanced.

[2020-03-30 02:26:36 #4 type] 
Type domain.Prediction is not enhanced.

[2020-03-30 02:26:36 #5 type] 
Type domain.Question is not enhanced.

[2020-03-30 02:26:36 #6 type] 
Type domain.Event is not enhanced.

[2020-03-30 02:26:36 #7 type] 
Type domain.Competition is not enhanced.

------------------------------------------------------------------------------------------------------------------------

[2020-03-30 02:31:16 #1 type] 
Type domain.User is not enhanced.

[2020-03-30 02:31:16 #2 type] 
Type domain.Bet is not enhanced.

[2020-03-30 02:31:16 #3 type] 
Type domain.Profile is not enhanced.

[2020-03-30 02:31:16 #4 type] 
Type domain.Prediction is not enhanced.

[2020-03-30 02:31:16 #5 type] 
Type domain.Question is not enhanced.

[2020-03-30 02:31:16 #6 type] 
Type domain.Event is not enhanced.

[2020-03-30 02:31:16 #7 type] 
Type domain.Competition is not enhanced.

------------------------------------------------------------------------------------------------------------------------

[2020-03-30 02:31:37 #1 type] 
Type domain.User is not enhanced.

[2020-03-30 02:31:37 #2 type] 
Type domain.Bet is not enhanced.

[2020-03-30 02:31:37 #3 type] 
Type domain.Profile is not enhanced.

[2020-03-30 02:31:37 #4 type] 
Type domain.Prediction is not enhanced.

[2020-03-30 02:31:37 #5 type] 
Type domain.Question is not enhanced.

[2020-03-30 02:31:37 #6 type] 
Type domain.Event is not enhanced.

[2020-03-30 02:31:37 #7 type] 
Type domain.Competition is not enhanced.

------------------------------------------------------------------------------------------------------------------------

[2020-03-30 02:32:41 #1 type] 
Type domain.User is not enhanced.

[2020-03-30 02:32:41 #2 type] 
Type domain.Bet is not enhanced.

[2020-03-30 02:32:41 #3 type] 
Type domain.Profile is not enhanced.

[2020-03-30 02:32:41 #4 type] 
Type domain.Prediction is not enhanced.

[2020-03-30 02:32:41 #5 type] 
Type domain.Question is not enhanced.

[2020-03-30 02:32:41 #6 type] 
Type domain.Event is not enhanced.

[2020-03-30 02:32:41 #7 type] 
Type domain.Competition is not enhanced.

------------------------------------------------------------------------------------------------------------------------

[2020-03-30 10:45:48 #1 type] 
Type domain.User is not enhanced.

[2020-03-30 10:45:48 #2 type] 
Type domain.Bet is not enhanced.

[2020-03-30 10:45:48 #3 type] 
Type domain.Profile is not enhanced.

[2020-03-30 10:45:48 #4 type] 
Type domain.Prediction is not enhanced.

[2020-03-30 10:45:48 #5 type] 
Type domain.Question is not enhanced.

[2020-03-30 10:45:48 #6 type] 
Type domain.Event is not enhanced.

[2020-03-30 10:45:48 #7 type] 
Type domain.Competition is not enhanced.

------------------------------------------------------------------------------------------------------------------------

[2020-03-30 10:50:08 #1 type] 
Type domain.User is not enhanced.

[2020-03-30 10:50:08 #2 type] 
Type domain.Bet is not enhanced.

[2020-03-30 10:50:08 #3 type] 
Type domain.Profile is not enhanced.

[2020-03-30 10:50:08 #4 type] 
Type domain.Prediction is not enhanced.

[2020-03-30 10:50:08 #5 type] 
Type domain.Question is not enhanced.

[2020-03-30 10:50:08 #6 type] 
Type domain.Event is not enhanced.

[2020-03-30 10:50:08 #7 type] 
Type domain.Competition is not enhanced.

------------------------------------------------------------------------------------------------------------------------

[2020-03-30 10:51:46 #1 type] 
Type domain.User is not enhanced.

[2020-03-30 10:51:46 #2 type] 
Type domain.Bet is not enhanced.

[2020-03-30 10:51:46 #3 type] 
Type domain.Profile is not enhanced.

[2020-03-30 10:51:46 #4 type] 
Type domain.Prediction is not enhanced.

[2020-03-30 10:51:46 #5 type] 
Type domain.Question is not enhanced.

[2020-03-30 10:51:46 #6 type] 
Type domain.Event is not enhanced.

[2020-03-30 10:51:46 #7 type] 
Type domain.Competition is not enhanced.

------------------------------------------------------------------------------------------------------------------------

[2020-03-30 10:52:33 #1 type] 
Type domain.User is not enhanced.

[2020-03-30 10:52:33 #2 type] 
Type domain.Bet is not enhanced.

[2020-03-30 10:52:33 #3 type] 
Type domain.Profile is not enhanced.

[2020-03-30 10:52:33 #4 type] 
Type domain.Prediction is not enhanced.

[2020-03-30 10:52:33 #5 type] 
Type domain.Question is not enhanced.

[2020-03-30 10:52:33 #6 type] 
Type domain.Event is not enhanced.

[2020-03-30 10:52:33 #7 type] 
Type domain.Competition is not enhanced.

------------------------------------------------------------------------------------------------------------------------

[2020-03-30 11:21:56 #1 type] 
Type domain.User is not enhanced.

[2020-03-30 11:21:56 #2 type] 
Type domain.Bet is not enhanced.

[2020-03-30 11:21:56 #3 type] 
Type domain.Profile is not enhanced.

[2020-03-30 11:21:56 #4 type] 
Type domain.Prediction is not enhanced.

[2020-03-30 11:21:56 #5 type] 
Type domain.Question is not enhanced.

[2020-03-30 11:21:56 #6 type] 
Type domain.Event is not enhanced.

[2020-03-30 11:21:56 #7 type] 
Type domain.Competition is not enhanced.

------------------------------------------------------------------------------------------------------------------------

[2020-03-30 11:22:09 #1 type] 
Type domain.User is not enhanced.

[2020-03-30 11:22:09 #2 type] 
Type domain.Bet is not enhanced.

[2020-03-30 11:22:09 #3 type] 
Type domain.Profile is not enhanced.

[2020-03-30 11:22:09 #4 type] 
Type domain.Prediction is not enhanced.

[2020-03-30 11:22:09 #5 type] 
Type domain.Question is not enhanced.

[2020-03-30 11:22:09 #6 type] 
Type domain.Event is not enhanced.

[2020-03-30 11:22:09 #7 type] 
Type domain.Competition is not enhanced.

------------------------------------------------------------------------------------------------------------------------

[2020-03-30 11:24:25 #1 type] 
Type domain.User is not enhanced.

[2020-03-30 11:24:25 #2 type] 
Type domain.Bet is not enhanced.

[2020-03-30 11:24:25 #3 type] 
Type domain.Profile is not enhanced.

[2020-03-30 11:24:25 #4 type] 
Type domain.Prediction is not enhanced.

[2020-03-30 11:24:25 #5 type] 
Type domain.Question is not enhanced.

[2020-03-30 11:24:25 #6 type] 
Type domain.Event is not enhanced.

[2020-03-30 11:24:25 #7 type] 
Type domain.Competition is not enhanced.

------------------------------------------------------------------------------------------------------------------------

[2020-03-30 11:25:26 #1 type] 
Type domain.User is not enhanced.

[2020-03-30 11:25:26 #2 type] 
Type domain.Bet is not enhanced.

[2020-03-30 11:25:26 #3 type] 
Type domain.Profile is not enhanced.

[2020-03-30 11:25:26 #4 type] 
Type domain.Prediction is not enhanced.

[2020-03-30 11:25:26 #5 type] 
Type domain.Question is not enhanced.

[2020-03-30 11:25:26 #6 type] 
Type domain.Event is not enhanced.

[2020-03-30 11:25:26 #7 type] 
Type domain.Competition is not enhanced.

------------------------------------------------------------------------------------------------------------------------

[2020-03-30 11:42:31 #1 type] 
Type domain.User is not enhanced.

[2020-03-30 11:42:31 #2 type] 
Type domain.Bet is not enhanced.

[2020-03-30 11:42:31 #3 type] 
Type domain.Profile is not enhanced.

[2020-03-30 11:42:31 #4 type] 
Type domain.Prediction is not enhanced.

[2020-03-30 11:42:31 #5 type] 
Type domain.Question is not enhanced.

[2020-03-30 11:42:31 #6 type] 
Type domain.Event is not enhanced.

[2020-03-30 11:42:31 #7 type] 
Type domain.Competition is not enhanced.

------------------------------------------------------------------------------------------------------------------------

[2020-03-30 12:04:50 #1 type] 
Type domain.User is not enhanced.

[2020-03-30 12:04:50 #2 type] 
Type domain.Bet is not enhanced.

[2020-03-30 12:04:50 #3 type] 
Type domain.Profile is not enhanced.

[2020-03-30 12:04:50 #4 type] 
Type domain.Prediction is not enhanced.

[2020-03-30 12:04:50 #5 type] 
Type domain.Question is not enhanced.

[2020-03-30 12:04:50 #6 type] 
Type domain.Event is not enhanced.

[2020-03-30 12:04:50 #7 type] 
Type domain.Competition is not enhanced.

------------------------------------------------------------------------------------------------------------------------

[2020-03-30 12:06:15 #1 type] 
Type domain.User is not enhanced.

[2020-03-30 12:06:15 #2 type] 
Type domain.Bet is not enhanced.

[2020-03-30 12:06:15 #3 type] 
Type domain.Profile is not enhanced.

[2020-03-30 12:06:15 #4 type] 
Type domain.Prediction is not enhanced.

[2020-03-30 12:06:15 #5 type] 
Type domain.Question is not enhanced.

[2020-03-30 12:06:15 #6 type] 
Type domain.Event is not enhanced.

[2020-03-30 12:06:15 #7 type] 
Type domain.Competition is not enhanced.

------------------------------------------------------------------------------------------------------------------------

[2020-03-30 12:25:50 #1 type] 
Type domain.User is not enhanced.

[2020-03-30 12:25:50 #2 type] 
Type domain.Bet is not enhanced.

[2020-03-30 12:25:50 #3 type] 
Type domain.Profile is not enhanced.

[2020-03-30 12:25:50 #4 type] 
Type domain.Prediction is not enhanced.

[2020-03-30 12:25:50 #5 type] 
Type domain.Question is not enhanced.

[2020-03-30 12:25:50 #6 type] 
Type domain.Event is not enhanced.

[2020-03-30 12:25:50 #7 type] 
Type domain.Competition is not enhanced.

------------------------------------------------------------------------------------------------------------------------

[2020-03-30 12:29:22 #1 type] 
Type domain.User is not enhanced.

[2020-03-30 12:29:22 #2 type] 
Type domain.Bet is not enhanced.

[2020-03-30 12:29:22 #3 type] 
Type domain.Profile is not enhanced.

[2020-03-30 12:29:22 #4 type] 
Type domain.Prediction is not enhanced.

[2020-03-30 12:29:22 #5 type] 
Type domain.Question is not enhanced.

[2020-03-30 12:29:22 #6 type] 
Type domain.Event is not enhanced.

[2020-03-30 12:29:22 #7 type] 
Type domain.Competition is not enhanced.

------------------------------------------------------------------------------------------------------------------------

[2020-03-30 12:29:39 #1 type] 
Type domain.User is not enhanced.

[2020-03-30 12:29:39 #2 type] 
Type domain.Bet is not enhanced.

[2020-03-30 12:29:39 #3 type] 
Type domain.Profile is not enhanced.

[2020-03-30 12:29:39 #4 type] 
Type domain.Prediction is not enhanced.

[2020-03-30 12:29:39 #5 type] 
Type domain.Question is not enhanced.

[2020-03-30 12:29:39 #6 type] 
Type domain.Event is not enhanced.

[2020-03-30 12:29:39 #7 type] 
Type domain.Competition is not enhanced.

------------------------------------------------------------------------------------------------------------------------

[2020-03-30 12:30:08 #1 type] 
Type domain.User is not enhanced.

[2020-03-30 12:30:08 #2 type] 
Type domain.Bet is not enhanced.

[2020-03-30 12:30:08 #3 type] 
Type domain.Profile is not enhanced.

[2020-03-30 12:30:08 #4 type] 
Type domain.Prediction is not enhanced.

[2020-03-30 12:30:08 #5 type] 
Type domain.Question is not enhanced.

[2020-03-30 12:30:08 #6 type] 
Type domain.Event is not enhanced.

[2020-03-30 12:30:08 #7 type] 
Type domain.Competition is not enhanced.

------------------------------------------------------------------------------------------------------------------------

[2020-03-30 12:30:17 #1 type] 
Type domain.User is not enhanced.

[2020-03-30 12:30:17 #2 type] 
Type domain.Bet is not enhanced.

[2020-03-30 12:30:17 #3 type] 
Type domain.Profile is not enhanced.

[2020-03-30 12:30:17 #4 type] 
Type domain.Prediction is not enhanced.

[2020-03-30 12:30:17 #5 type] 
Type domain.Question is not enhanced.

[2020-03-30 12:30:17 #6 type] 
Type domain.Event is not enhanced.

[2020-03-30 12:30:17 #7 type] 
Type domain.Competition is not enhanced.

------------------------------------------------------------------------------------------------------------------------

[2020-03-30 13:03:27 #1 type] 
Type domain.User is not enhanced.

[2020-03-30 13:03:27 #2 type] 
Type domain.Bet is not enhanced.

[2020-03-30 13:03:27 #3 type] 
Type domain.Profile is not enhanced.

[2020-03-30 13:03:27 #4 type] 
Type domain.Prediction is not enhanced.

[2020-03-30 13:03:27 #5 type] 
Type domain.Question is not enhanced.

[2020-03-30 13:03:27 #6 type] 
Type domain.Event is not enhanced.

[2020-03-30 13:03:27 #7 type] 
Type domain.Competition is not enhanced.

------------------------------------------------------------------------------------------------------------------------

[2020-03-30 13:11:56 #1 type] 
Type domain.User is not enhanced.

[2020-03-30 13:11:56 #2 type] 
Type domain.Bet is not enhanced.

[2020-03-30 13:11:56 #3 type] 
Type domain.Profile is not enhanced.

[2020-03-30 13:11:56 #4 type] 
Type domain.Prediction is not enhanced.

[2020-03-30 13:11:56 #5 type] 
Type domain.Question is not enhanced.

[2020-03-30 13:11:56 #6 type] 
Type domain.Event is not enhanced.

[2020-03-30 13:11:56 #7 type] 
Type domain.Competition is not enhanced.

------------------------------------------------------------------------------------------------------------------------

[2020-03-30 13:18:19 #1 type] 
Type domain.User is not enhanced.

[2020-03-30 13:18:19 #2 type] 
Type domain.Bet is not enhanced.

[2020-03-30 13:18:19 #3 type] 
Type domain.Profile is not enhanced.

[2020-03-30 13:18:19 #4 type] 
Type domain.Prediction is not enhanced.

[2020-03-30 13:18:19 #5 type] 
Type domain.Question is not enhanced.

[2020-03-30 13:18:19 #6 type] 
Type domain.Event is not enhanced.

[2020-03-30 13:18:19 #7 type] 
Type domain.Competition is not enhanced.

------------------------------------------------------------------------------------------------------------------------

[2020-03-30 13:18:25 #1 type] 
Type domain.User is not enhanced.

[2020-03-30 13:18:25 #2 type] 
Type domain.Bet is not enhanced.

[2020-03-30 13:18:25 #3 type] 
Type domain.Profile is not enhanced.

[2020-03-30 13:18:25 #4 type] 
Type domain.Prediction is not enhanced.

[2020-03-30 13:18:25 #5 type] 
Type domain.Question is not enhanced.

[2020-03-30 13:18:25 #6 type] 
Type domain.Event is not enhanced.

[2020-03-30 13:18:25 #7 type] 
Type domain.Competition is not enhanced.

------------------------------------------------------------------------------------------------------------------------

[2020-03-30 13:22:24 #1 type] 
Type domain.User is not enhanced.

[2020-03-30 13:22:24 #2 type] 
Type domain.Bet is not enhanced.

[2020-03-30 13:22:24 #3 type] 
Type domain.Profile is not enhanced.

[2020-03-30 13:22:24 #4 type] 
Type domain.Prediction is not enhanced.

[2020-03-30 13:22:24 #5 type] 
Type domain.Question is not enhanced.

[2020-03-30 13:22:24 #6 type] 
Type domain.Event is not enhanced.

[2020-03-30 13:22:24 #7 type] 
Type domain.Competition is not enhanced.

------------------------------------------------------------------------------------------------------------------------

[2020-03-30 13:24:01 #1 type] 
Type domain.User is not enhanced.

[2020-03-30 13:24:01 #2 type] 
Type domain.Bet is not enhanced.

[2020-03-30 13:24:01 #3 type] 
Type domain.Profile is not enhanced.

[2020-03-30 13:24:01 #4 type] 
Type domain.Prediction is not enhanced.

[2020-03-30 13:24:01 #5 type] 
Type domain.Question is not enhanced.

[2020-03-30 13:24:01 #6 type] 
Type domain.Event is not enhanced.

[2020-03-30 13:24:01 #7 type] 
Type domain.Competition is not enhanced.

------------------------------------------------------------------------------------------------------------------------

[2020-03-30 13:24:06 #1 type] 
Type domain.User is not enhanced.

[2020-03-30 13:24:06 #2 type] 
Type domain.Bet is not enhanced.

[2020-03-30 13:24:06 #3 type] 
Type domain.Profile is not enhanced.

[2020-03-30 13:24:06 #4 type] 
Type domain.Prediction is not enhanced.

[2020-03-30 13:24:06 #5 type] 
Type domain.Question is not enhanced.

[2020-03-30 13:24:06 #6 type] 
Type domain.Event is not enhanced.

[2020-03-30 13:24:06 #7 type] 
Type domain.Competition is not enhanced.

------------------------------------------------------------------------------------------------------------------------

[2020-03-30 13:24:40 #1 type] 
Type domain.User is not enhanced.

[2020-03-30 13:24:40 #2 type] 
Type domain.Bet is not enhanced.

[2020-03-30 13:24:40 #3 type] 
Type domain.Profile is not enhanced.

[2020-03-30 13:24:40 #4 type] 
Type domain.Prediction is not enhanced.

[2020-03-30 13:24:40 #5 type] 
Type domain.Question is not enhanced.

[2020-03-30 13:24:40 #6 type] 
Type domain.Event is not enhanced.

[2020-03-30 13:24:40 #7 type] 
Type domain.Competition is not enhanced.

------------------------------------------------------------------------------------------------------------------------

[2020-03-30 13:26:20 #1 type] 
Type domain.User is not enhanced.

[2020-03-30 13:26:20 #2 type] 
Type domain.Bet is not enhanced.

[2020-03-30 13:26:20 #3 type] 
Type domain.Profile is not enhanced.

[2020-03-30 13:26:20 #4 type] 
Type domain.Prediction is not enhanced.

[2020-03-30 13:26:20 #5 type] 
Type domain.Question is not enhanced.

[2020-03-30 13:26:20 #6 type] 
Type domain.Event is not enhanced.

[2020-03-30 13:26:20 #7 type] 
Type domain.Competition is not enhanced.

------------------------------------------------------------------------------------------------------------------------

[2020-03-30 13:28:17 #1 type] 
Type domain.User is not enhanced.

[2020-03-30 13:28:17 #2 type] 
Type domain.Bet is not enhanced.

[2020-03-30 13:28:17 #3 type] 
Type domain.Profile is not enhanced.

[2020-03-30 13:28:17 #4 type] 
Type domain.Prediction is not enhanced.

[2020-03-30 13:28:17 #5 type] 
Type domain.Question is not enhanced.

[2020-03-30 13:28:17 #6 type] 
Type domain.Event is not enhanced.

[2020-03-30 13:28:17 #7 type] 
Type domain.Competition is not enhanced.

------------------------------------------------------------------------------------------------------------------------

[2020-03-30 13:30:09 #1 type] 
Type domain.User is not enhanced.

[2020-03-30 13:30:09 #2 type] 
Type domain.Bet is not enhanced.

[2020-03-30 13:30:09 #3 type] 
Type domain.Profile is not enhanced.

[2020-03-30 13:30:09 #4 type] 
Type domain.Prediction is not enhanced.

[2020-03-30 13:30:09 #5 type] 
Type domain.Question is not enhanced.

[2020-03-30 13:30:09 #6 type] 
Type domain.Event is not enhanced.

[2020-03-30 13:30:09 #7 type] 
Type domain.Competition is not enhanced.

------------------------------------------------------------------------------------------------------------------------

[2020-03-30 13:30:35 #1 type] 
Type domain.User is not enhanced.

[2020-03-30 13:30:35 #2 type] 
Type domain.Bet is not enhanced.

[2020-03-30 13:30:35 #3 type] 
Type domain.Profile is not enhanced.

[2020-03-30 13:30:35 #4 type] 
Type domain.Prediction is not enhanced.

[2020-03-30 13:30:35 #5 type] 
Type domain.Question is not enhanced.

[2020-03-30 13:30:35 #6 type] 
Type domain.Event is not enhanced.

[2020-03-30 13:30:35 #7 type] 
Type domain.Competition is not enhanced.

------------------------------------------------------------------------------------------------------------------------

[2020-03-30 13:47:56 #1 type] 
Type domain.User is not enhanced.

[2020-03-30 13:47:56 #2 type] 
Type domain.Bet is not enhanced.

[2020-03-30 13:47:56 #3 type] 
Type domain.Profile is not enhanced.

[2020-03-30 13:47:56 #4 type] 
Type domain.Prediction is not enhanced.

[2020-03-30 13:47:56 #5 type] 
Type domain.Question is not enhanced.

[2020-03-30 13:47:56 #6 type] 
Type domain.Event is not enhanced.

[2020-03-30 13:47:56 #7 type] 
Type domain.Competition is not enhanced.

------------------------------------------------------------------------------------------------------------------------

[2020-03-30 13:48:01 #1 type] 
Type domain.User is not enhanced.

[2020-03-30 13:48:01 #2 type] 
Type domain.Bet is not enhanced.

[2020-03-30 13:48:01 #3 type] 
Type domain.Profile is not enhanced.

[2020-03-30 13:48:01 #4 type] 
Type domain.Prediction is not enhanced.

[2020-03-30 13:48:01 #5 type] 
Type domain.Question is not enhanced.

[2020-03-30 13:48:01 #6 type] 
Type domain.Event is not enhanced.

[2020-03-30 13:48:01 #7 type] 
Type domain.Competition is not enhanced.

------------------------------------------------------------------------------------------------------------------------

[2020-03-30 13:51:50 #1 type] 
Type domain.User is not enhanced.

[2020-03-30 13:51:50 #2 type] 
Type domain.Bet is not enhanced.

[2020-03-30 13:51:50 #3 type] 
Type domain.Profile is not enhanced.

[2020-03-30 13:51:50 #4 type] 
Type domain.Prediction is not enhanced.

[2020-03-30 13:51:50 #5 type] 
Type domain.Question is not enhanced.

[2020-03-30 13:51:50 #6 type] 
Type domain.Event is not enhanced.

[2020-03-30 13:51:50 #7 type] 
Type domain.Competition is not enhanced.

------------------------------------------------------------------------------------------------------------------------

[2020-03-30 14:21:14 #1 type] 
Type domain.User is not enhanced.

[2020-03-30 14:21:14 #2 type] 
Type domain.Bet is not enhanced.

[2020-03-30 14:21:14 #3 type] 
Type domain.Profile is not enhanced.

[2020-03-30 14:21:14 #4 type] 
Type domain.Prediction is not enhanced.

[2020-03-30 14:21:14 #5 type] 
Type domain.Question is not enhanced.

[2020-03-30 14:21:14 #6 type] 
Type domain.Event is not enhanced.

[2020-03-30 14:21:14 #7 type] 
Type domain.Competition is not enhanced.

------------------------------------------------------------------------------------------------------------------------

[2020-03-30 14:21:38 #1 type] 
Type domain.User is not enhanced.

[2020-03-30 14:21:38 #2 type] 
Type domain.Bet is not enhanced.

[2020-03-30 14:21:38 #3 type] 
Type domain.Profile is not enhanced.

[2020-03-30 14:21:38 #4 type] 
Type domain.Prediction is not enhanced.

[2020-03-30 14:21:38 #5 type] 
Type domain.Question is not enhanced.

[2020-03-30 14:21:38 #6 type] 
Type domain.Event is not enhanced.

[2020-03-30 14:21:38 #7 type] 
Type domain.Competition is not enhanced.

------------------------------------------------------------------------------------------------------------------------

[2020-03-30 14:22:45 #1 type] 
Type domain.User is not enhanced.

[2020-03-30 14:22:45 #2 type] 
Type domain.Bet is not enhanced.

[2020-03-30 14:22:45 #3 type] 
Type domain.Profile is not enhanced.

[2020-03-30 14:22:45 #4 type] 
Type domain.Prediction is not enhanced.

[2020-03-30 14:22:45 #5 type] 
Type domain.Question is not enhanced.

[2020-03-30 14:22:45 #6 type] 
Type domain.Event is not enhanced.

[2020-03-30 14:22:45 #7 type] 
Type domain.Competition is not enhanced.

------------------------------------------------------------------------------------------------------------------------

[2020-03-30 14:22:55 #1 type] 
Type domain.User is not enhanced.

[2020-03-30 14:22:55 #2 type] 
Type domain.Bet is not enhanced.

[2020-03-30 14:22:55 #3 type] 
Type domain.Profile is not enhanced.

[2020-03-30 14:22:55 #4 type] 
Type domain.Prediction is not enhanced.

[2020-03-30 14:22:55 #5 type] 
Type domain.Question is not enhanced.

[2020-03-30 14:22:55 #6 type] 
Type domain.Event is not enhanced.

[2020-03-30 14:22:55 #7 type] 
Type domain.Competition is not enhanced.

------------------------------------------------------------------------------------------------------------------------

[2020-03-30 14:23:13 #1 type] 
Type domain.User is not enhanced.

[2020-03-30 14:23:13 #2 type] 
Type domain.Bet is not enhanced.

[2020-03-30 14:23:13 #3 type] 
Type domain.Profile is not enhanced.

[2020-03-30 14:23:13 #4 type] 
Type domain.Prediction is not enhanced.

[2020-03-30 14:23:13 #5 type] 
Type domain.Question is not enhanced.

[2020-03-30 14:23:13 #6 type] 
Type domain.Event is not enhanced.

[2020-03-30 14:23:13 #7 type] 
Type domain.Competition is not enhanced.

------------------------------------------------------------------------------------------------------------------------

[2020-03-30 14:23:49 #1 type] 
Type domain.User is not enhanced.

[2020-03-30 14:23:49 #2 type] 
Type domain.Bet is not enhanced.

[2020-03-30 14:23:49 #3 type] 
Type domain.Profile is not enhanced.

[2020-03-30 14:23:49 #4 type] 
Type domain.Prediction is not enhanced.

[2020-03-30 14:23:49 #5 type] 
Type domain.Question is not enhanced.

[2020-03-30 14:23:49 #6 type] 
Type domain.Event is not enhanced.

[2020-03-30 14:23:49 #7 type] 
Type domain.Competition is not enhanced.

------------------------------------------------------------------------------------------------------------------------

[2020-03-30 14:24:14 #1 type] 
Type domain.User is not enhanced.

[2020-03-30 14:24:14 #2 type] 
Type domain.Bet is not enhanced.

[2020-03-30 14:24:14 #3 type] 
Type domain.Profile is not enhanced.

[2020-03-30 14:24:14 #4 type] 
Type domain.Prediction is not enhanced.

[2020-03-30 14:24:14 #5 type] 
Type domain.Question is not enhanced.

[2020-03-30 14:24:14 #6 type] 
Type domain.Event is not enhanced.

[2020-03-30 14:24:14 #7 type] 
Type domain.Competition is not enhanced.

------------------------------------------------------------------------------------------------------------------------

[2020-03-30 14:24:30 #1 type] 
Type domain.User is not enhanced.

[2020-03-30 14:24:30 #2 type] 
Type domain.Bet is not enhanced.

[2020-03-30 14:24:30 #3 type] 
Type domain.Profile is not enhanced.

[2020-03-30 14:24:30 #4 type] 
Type domain.Prediction is not enhanced.

[2020-03-30 14:24:30 #5 type] 
Type domain.Question is not enhanced.

[2020-03-30 14:24:30 #6 type] 
Type domain.Event is not enhanced.

[2020-03-30 14:24:30 #7 type] 
Type domain.Competition is not enhanced.

------------------------------------------------------------------------------------------------------------------------

[2020-03-30 14:25:03 #1 type] 
Type domain.User is not enhanced.

[2020-03-30 14:25:03 #2 type] 
Type domain.Bet is not enhanced.

[2020-03-30 14:25:03 #3 type] 
Type domain.Profile is not enhanced.

[2020-03-30 14:25:03 #4 type] 
Type domain.Prediction is not enhanced.

[2020-03-30 14:25:03 #5 type] 
Type domain.Question is not enhanced.

[2020-03-30 14:25:03 #6 type] 
Type domain.Event is not enhanced.

[2020-03-30 14:25:03 #7 type] 
Type domain.Competition is not enhanced.

