------------------------------------------------------------------------------------------------------------------------

[2020-03-11 22:43:33 #1 store] 
Database 'C:\Users\Jon\git\Sprint_2\Sprint_2\resources\bets.temp' is opened by 12852@DESKTOP-6FCSN85

[2020-03-11 22:43:33 #2 type.registry] 
New type domain.User

[2020-03-11 22:43:33 #3 type] 
Type domain.User is not enhanced.

[2020-03-11 22:43:33 #4 type.registry] 
New type domain.Bet

[2020-03-11 22:43:33 #5 type.registry] 
New type java.util.ArrayList<domain.Bet>

[2020-03-11 22:43:33 #6 type.registry] 
New type domain.Nationality

[2020-03-11 22:43:33 #7 type.registry] 
New type domain.Gender

[2020-03-11 22:43:33 #8 type] 
Type domain.Bet is not enhanced.

[2020-03-11 22:43:33 #9 type.registry] 
New type domain.Question

[2020-03-11 22:43:33 #10 type] 
Type domain.Question is not enhanced.

[2020-03-11 22:43:33 #11 type.registry] 
New type java.util.ArrayList<java.lang.Float>

[2020-03-11 22:43:33 #12 type.registry] 
New type java.util.ArrayList<java.lang.String>

[2020-03-11 22:43:33 #13 type.registry] 
New type domain.Event

[2020-03-11 22:43:33 #14 type] 
Type domain.Event is not enhanced.

[2020-03-11 22:43:33 #15 type.registry] 
New type java.util.Vector<domain.Question>

[2020-03-11 22:43:33 #16 type.registry] 
New type java.util.ArrayList<java.lang.Object>

[2020-03-11 22:43:33 #17 type.registry] 
New type java.util.Vector<java.lang.Object>

[2020-03-11 22:43:33 #18 store] 
Database 'C:\Users\Jon\git\Sprint_2\Sprint_2\resources\bets.temp' is closed by 12852@DESKTOP-6FCSN85

[2020-03-11 22:43:36 #19 store] 
Database 'C:\Users\Jon\git\Sprint_2\Sprint_2\resources\bets.temp' is opened by 12852@DESKTOP-6FCSN85

[2020-03-11 22:43:36 #20 store] 
Database 'C:\Users\Jon\git\Sprint_2\Sprint_2\resources\bets.temp' is closed by 12852@DESKTOP-6FCSN85

[2020-03-11 22:43:38 #21 store] 
Database 'C:\Users\Jon\git\Sprint_2\Sprint_2\resources\bets.temp' is opened by 12852@DESKTOP-6FCSN85

[2020-03-11 22:43:39 #22 store] 
Database 'C:\Users\Jon\git\Sprint_2\Sprint_2\resources\bets.temp' is closed by 12852@DESKTOP-6FCSN85

[2020-03-11 22:43:42 #23 store] 
Database 'C:\Users\Jon\git\Sprint_2\Sprint_2\resources\bets.temp' is opened by 12852@DESKTOP-6FCSN85

[2020-03-11 22:43:42 #24 store] 
Database 'C:\Users\Jon\git\Sprint_2\Sprint_2\resources\bets.temp' is closed by 12852@DESKTOP-6FCSN85

[2020-03-11 22:43:42 #25 store] 
Database 'C:\Users\Jon\git\Sprint_2\Sprint_2\resources\bets.temp' is opened by 12852@DESKTOP-6FCSN85

[2020-03-11 22:43:42 #26 store] 
Database 'C:\Users\Jon\git\Sprint_2\Sprint_2\resources\bets.temp' is closed by 12852@DESKTOP-6FCSN85

[2020-03-11 22:43:42 #27 store] 
Database 'C:\Users\Jon\git\Sprint_2\Sprint_2\resources\bets.temp' is opened by 12852@DESKTOP-6FCSN85

[2020-03-11 22:43:43 #28 store] 
Database 'C:\Users\Jon\git\Sprint_2\Sprint_2\resources\bets.temp' is closed by 12852@DESKTOP-6FCSN85

[2020-03-11 22:43:43 #29 store] 
Database 'C:\Users\Jon\git\Sprint_2\Sprint_2\resources\bets.temp' is opened by 12852@DESKTOP-6FCSN85

[2020-03-11 22:43:43 #30 store] 
Database 'C:\Users\Jon\git\Sprint_2\Sprint_2\resources\bets.temp' is closed by 12852@DESKTOP-6FCSN85

------------------------------------------------------------------------------------------------------------------------

[2020-03-11 22:45:41 #1 store] 
Database 'C:\Users\Jon\git\Sprint_2\Sprint_2\resources\bets.temp' is opened by 9408@DESKTOP-6FCSN85

[2020-03-11 22:45:41 #2 type.registry] 
New type domain.User

[2020-03-11 22:45:41 #3 type] 
Type domain.User is not enhanced.

[2020-03-11 22:45:41 #4 type.registry] 
New type domain.Bet

[2020-03-11 22:45:41 #5 type.registry] 
New type java.util.ArrayList<domain.Bet>

[2020-03-11 22:45:41 #6 type.registry] 
New type domain.Nationality

[2020-03-11 22:45:41 #7 type.registry] 
New type domain.Gender

[2020-03-11 22:45:41 #8 type] 
Type domain.Bet is not enhanced.

[2020-03-11 22:45:41 #9 type.registry] 
New type domain.Question

[2020-03-11 22:45:41 #10 type] 
Type domain.Question is not enhanced.

[2020-03-11 22:45:41 #11 type.registry] 
New type java.util.ArrayList<java.lang.Float>

[2020-03-11 22:45:41 #12 type.registry] 
New type java.util.ArrayList<java.lang.String>

[2020-03-11 22:45:41 #13 type.registry] 
New type domain.Event

[2020-03-11 22:45:41 #14 type] 
Type domain.Event is not enhanced.

[2020-03-11 22:45:41 #15 type.registry] 
New type java.util.Vector<domain.Question>

[2020-03-11 22:45:41 #16 type.registry] 
New type java.util.ArrayList<java.lang.Object>

[2020-03-11 22:45:41 #17 type.registry] 
New type java.util.Vector<java.lang.Object>

[2020-03-11 22:45:41 #18 store] 
Database 'C:\Users\Jon\git\Sprint_2\Sprint_2\resources\bets.temp' is closed by 9408@DESKTOP-6FCSN85

[2020-03-11 22:45:44 #19 store] 
Database 'C:\Users\Jon\git\Sprint_2\Sprint_2\resources\bets.temp' is opened by 9408@DESKTOP-6FCSN85

[2020-03-11 22:45:44 #20 store] 
Database 'C:\Users\Jon\git\Sprint_2\Sprint_2\resources\bets.temp' is closed by 9408@DESKTOP-6FCSN85

[2020-03-11 22:45:46 #21 store] 
Database 'C:\Users\Jon\git\Sprint_2\Sprint_2\resources\bets.temp' is opened by 9408@DESKTOP-6FCSN85

[2020-03-11 22:45:46 #22 store] 
Database 'C:\Users\Jon\git\Sprint_2\Sprint_2\resources\bets.temp' is closed by 9408@DESKTOP-6FCSN85

[2020-03-11 22:45:48 #23 store] 
Database 'C:\Users\Jon\git\Sprint_2\Sprint_2\resources\bets.temp' is opened by 9408@DESKTOP-6FCSN85

[2020-03-11 22:45:48 #24 store] 
Database 'C:\Users\Jon\git\Sprint_2\Sprint_2\resources\bets.temp' is closed by 9408@DESKTOP-6FCSN85

[2020-03-11 22:45:48 #25 store] 
Database 'C:\Users\Jon\git\Sprint_2\Sprint_2\resources\bets.temp' is opened by 9408@DESKTOP-6FCSN85

[2020-03-11 22:45:48 #26 store] 
Database 'C:\Users\Jon\git\Sprint_2\Sprint_2\resources\bets.temp' is closed by 9408@DESKTOP-6FCSN85

[2020-03-11 22:46:12 #27 store] 
Database 'C:\Users\Jon\git\Sprint_2\Sprint_2\resources\bets.temp' is opened by 9408@DESKTOP-6FCSN85

[2020-03-11 22:46:12 #28 store] 
Database 'C:\Users\Jon\git\Sprint_2\Sprint_2\resources\bets.temp' is closed by 9408@DESKTOP-6FCSN85

