------------------------------------------------------------------------------------------------------------------------

[2020-03-23 00:25:59 #1 type] 
Type domain.User is not enhanced.

[2020-03-23 00:25:59 #2 type] 
Type domain.Coupon is not enhanced.

[2020-03-23 00:25:59 #3 type] 
Type domain.Profile is not enhanced.

[2020-03-23 00:25:59 #4 type] 
Type domain.Bet is not enhanced.

[2020-03-23 00:25:59 #5 type] 
Type domain.Question is not enhanced.

[2020-03-23 00:25:59 #6 type] 
Type domain.Event is not enhanced.

[2020-03-23 00:25:59 #7 type] 
Type domain.Competition is not enhanced.

------------------------------------------------------------------------------------------------------------------------

[2020-03-23 00:34:15 #1 type] 
Type domain.User is not enhanced.

[2020-03-23 00:34:15 #2 type] 
Type domain.Coupon is not enhanced.

[2020-03-23 00:34:15 #3 type] 
Type domain.Profile is not enhanced.

[2020-03-23 00:34:15 #4 type] 
Type domain.Bet is not enhanced.

[2020-03-23 00:34:15 #5 type] 
Type domain.Question is not enhanced.

[2020-03-23 00:34:15 #6 type] 
Type domain.Event is not enhanced.

[2020-03-23 00:34:15 #7 type] 
Type domain.Competition is not enhanced.

------------------------------------------------------------------------------------------------------------------------

[2020-03-23 00:38:45 #1 type] 
Type domain.User is not enhanced.

[2020-03-23 00:38:45 #2 type] 
Type domain.Coupon is not enhanced.

[2020-03-23 00:38:45 #3 type] 
Type domain.Profile is not enhanced.

[2020-03-23 00:38:45 #4 type] 
Type domain.Bet is not enhanced.

[2020-03-23 00:38:45 #5 type] 
Type domain.Question is not enhanced.

[2020-03-23 00:38:45 #6 type] 
Type domain.Event is not enhanced.

[2020-03-23 00:38:45 #7 type] 
Type domain.Competition is not enhanced.

------------------------------------------------------------------------------------------------------------------------

[2020-03-23 00:44:59 #1 type] 
Type domain.User is not enhanced.

[2020-03-23 00:44:59 #2 type] 
Type domain.Coupon is not enhanced.

[2020-03-23 00:44:59 #3 type] 
Type domain.Profile is not enhanced.

[2020-03-23 00:44:59 #4 type] 
Type domain.Bet is not enhanced.

[2020-03-23 00:44:59 #5 type] 
Type domain.Question is not enhanced.

[2020-03-23 00:44:59 #6 type] 
Type domain.Event is not enhanced.

[2020-03-23 00:44:59 #7 type] 
Type domain.Competition is not enhanced.

------------------------------------------------------------------------------------------------------------------------

[2020-03-23 13:03:21 #1 type] 
Type domain.User is not enhanced.

[2020-03-23 13:03:21 #2 type] 
Type domain.Coupon is not enhanced.

[2020-03-23 13:03:21 #3 type] 
Type domain.Profile is not enhanced.

[2020-03-23 13:03:21 #4 type] 
Type domain.Bet is not enhanced.

[2020-03-23 13:03:21 #5 type] 
Type domain.Question is not enhanced.

[2020-03-23 13:03:21 #6 type] 
Type domain.Event is not enhanced.

[2020-03-23 13:03:21 #7 type] 
Type domain.Competition is not enhanced.

------------------------------------------------------------------------------------------------------------------------

[2020-03-23 13:03:42 #1 type] 
Type domain.User is not enhanced.

[2020-03-23 13:03:42 #2 type] 
Type domain.Coupon is not enhanced.

[2020-03-23 13:03:42 #3 type] 
Type domain.Profile is not enhanced.

[2020-03-23 13:03:42 #4 type] 
Type domain.Bet is not enhanced.

[2020-03-23 13:03:42 #5 type] 
Type domain.Question is not enhanced.

[2020-03-23 13:03:42 #6 type] 
Type domain.Event is not enhanced.

[2020-03-23 13:03:42 #7 type] 
Type domain.Competition is not enhanced.

------------------------------------------------------------------------------------------------------------------------

[2020-03-23 13:44:52 #1 type] 
Type domain.User is not enhanced.

[2020-03-23 13:44:52 #2 type] 
Type domain.Coupon is not enhanced.

[2020-03-23 13:44:52 #3 type] 
Type domain.Profile is not enhanced.

[2020-03-23 13:44:52 #4 type] 
Type domain.Bet is not enhanced.

[2020-03-23 13:44:52 #5 type] 
Type domain.Question is not enhanced.

[2020-03-23 13:44:52 #6 type] 
Type domain.Event is not enhanced.

[2020-03-23 13:44:52 #7 type] 
Type domain.Competition is not enhanced.

------------------------------------------------------------------------------------------------------------------------

[2020-03-23 13:46:41 #1 type] 
Type domain.User is not enhanced.

[2020-03-23 13:46:41 #2 type] 
Type domain.Coupon is not enhanced.

[2020-03-23 13:46:41 #3 type] 
Type domain.Profile is not enhanced.

[2020-03-23 13:46:41 #4 type] 
Type domain.Bet is not enhanced.

[2020-03-23 13:46:41 #5 type] 
Type domain.Question is not enhanced.

[2020-03-23 13:46:41 #6 type] 
Type domain.Event is not enhanced.

[2020-03-23 13:46:41 #7 type] 
Type domain.Competition is not enhanced.

------------------------------------------------------------------------------------------------------------------------

[2020-03-23 13:47:12 #1 type] 
Type domain.User is not enhanced.

[2020-03-23 13:47:12 #2 type] 
Type domain.Coupon is not enhanced.

[2020-03-23 13:47:12 #3 type] 
Type domain.Profile is not enhanced.

[2020-03-23 13:47:12 #4 type] 
Type domain.Bet is not enhanced.

[2020-03-23 13:47:12 #5 type] 
Type domain.Question is not enhanced.

[2020-03-23 13:47:12 #6 type] 
Type domain.Event is not enhanced.

[2020-03-23 13:47:12 #7 type] 
Type domain.Competition is not enhanced.

------------------------------------------------------------------------------------------------------------------------

[2020-03-23 13:48:28 #1 type] 
Type domain.User is not enhanced.

[2020-03-23 13:48:29 #2 type] 
Type domain.Coupon is not enhanced.

[2020-03-23 13:48:29 #3 type] 
Type domain.Profile is not enhanced.

[2020-03-23 13:48:29 #4 type] 
Type domain.Bet is not enhanced.

[2020-03-23 13:48:29 #5 type] 
Type domain.Question is not enhanced.

[2020-03-23 13:48:29 #6 type] 
Type domain.Event is not enhanced.

[2020-03-23 13:48:29 #7 type] 
Type domain.Competition is not enhanced.

------------------------------------------------------------------------------------------------------------------------

[2020-03-23 13:49:50 #1 type] 
Type domain.User is not enhanced.

[2020-03-23 13:49:50 #2 type] 
Type domain.Coupon is not enhanced.

[2020-03-23 13:49:50 #3 type] 
Type domain.Profile is not enhanced.

[2020-03-23 13:49:50 #4 type] 
Type domain.Bet is not enhanced.

[2020-03-23 13:49:50 #5 type] 
Type domain.Question is not enhanced.

[2020-03-23 13:49:50 #6 type] 
Type domain.Event is not enhanced.

[2020-03-23 13:49:50 #7 type] 
Type domain.Competition is not enhanced.

------------------------------------------------------------------------------------------------------------------------

[2020-03-23 13:51:12 #1 type] 
Type domain.User is not enhanced.

[2020-03-23 13:51:12 #2 type] 
Type domain.Coupon is not enhanced.

[2020-03-23 13:51:12 #3 type] 
Type domain.Profile is not enhanced.

[2020-03-23 13:51:12 #4 type] 
Type domain.Bet is not enhanced.

[2020-03-23 13:51:12 #5 type] 
Type domain.Question is not enhanced.

[2020-03-23 13:51:12 #6 type] 
Type domain.Event is not enhanced.

[2020-03-23 13:51:12 #7 type] 
Type domain.Competition is not enhanced.

------------------------------------------------------------------------------------------------------------------------

[2020-03-23 13:52:38 #1 type] 
Type domain.User is not enhanced.

[2020-03-23 13:52:38 #2 type] 
Type domain.Coupon is not enhanced.

[2020-03-23 13:52:38 #3 type] 
Type domain.Profile is not enhanced.

[2020-03-23 13:52:38 #4 type] 
Type domain.Bet is not enhanced.

[2020-03-23 13:52:38 #5 type] 
Type domain.Question is not enhanced.

[2020-03-23 13:52:38 #6 type] 
Type domain.Event is not enhanced.

[2020-03-23 13:52:38 #7 type] 
Type domain.Competition is not enhanced.

------------------------------------------------------------------------------------------------------------------------

[2020-03-23 13:53:06 #1 type] 
Type domain.User is not enhanced.

[2020-03-23 13:53:06 #2 type] 
Type domain.Coupon is not enhanced.

[2020-03-23 13:53:06 #3 type] 
Type domain.Profile is not enhanced.

[2020-03-23 13:53:06 #4 type] 
Type domain.Bet is not enhanced.

[2020-03-23 13:53:06 #5 type] 
Type domain.Question is not enhanced.

[2020-03-23 13:53:06 #6 type] 
Type domain.Event is not enhanced.

[2020-03-23 13:53:06 #7 type] 
Type domain.Competition is not enhanced.

------------------------------------------------------------------------------------------------------------------------

[2020-03-23 15:48:34 #1 type] 
Type domain.User is not enhanced.

[2020-03-23 15:48:34 #2 type] 
Type domain.Coupon is not enhanced.

[2020-03-23 15:48:34 #3 type] 
Type domain.Profile is not enhanced.

[2020-03-23 15:48:34 #4 type] 
Type domain.Bet is not enhanced.

[2020-03-23 15:48:34 #5 type] 
Type domain.Question is not enhanced.

[2020-03-23 15:48:34 #6 type] 
Type domain.Event is not enhanced.

[2020-03-23 15:48:34 #7 type] 
Type domain.Competition is not enhanced.

------------------------------------------------------------------------------------------------------------------------

[2020-03-23 16:03:25 #1 type] 
Type domain.User is not enhanced.

[2020-03-23 16:03:25 #2 type] 
Type domain.Coupon is not enhanced.

[2020-03-23 16:03:25 #3 type] 
Type domain.Profile is not enhanced.

[2020-03-23 16:03:25 #4 type] 
Type domain.Bet is not enhanced.

[2020-03-23 16:03:25 #5 type] 
Type domain.Question is not enhanced.

[2020-03-23 16:03:25 #6 type] 
Type domain.Event is not enhanced.

[2020-03-23 16:03:25 #7 type] 
Type domain.Competition is not enhanced.

------------------------------------------------------------------------------------------------------------------------

[2020-03-23 16:06:59 #1 type] 
Type domain.User is not enhanced.

[2020-03-23 16:06:59 #2 type] 
Type domain.Coupon is not enhanced.

[2020-03-23 16:06:59 #3 type] 
Type domain.Profile is not enhanced.

[2020-03-23 16:06:59 #4 type] 
Type domain.Bet is not enhanced.

[2020-03-23 16:06:59 #5 type] 
Type domain.Question is not enhanced.

[2020-03-23 16:06:59 #6 type] 
Type domain.Event is not enhanced.

[2020-03-23 16:06:59 #7 type] 
Type domain.Competition is not enhanced.

------------------------------------------------------------------------------------------------------------------------

[2020-03-23 17:05:15 #1 type] 
Type domain.User is not enhanced.

[2020-03-23 17:05:15 #2 type] 
Type domain.Coupon is not enhanced.

[2020-03-23 17:05:15 #3 type] 
Type domain.Profile is not enhanced.

[2020-03-23 17:05:15 #4 type] 
Type domain.Bet is not enhanced.

[2020-03-23 17:05:15 #5 type] 
Type domain.Question is not enhanced.

[2020-03-23 17:05:15 #6 type] 
Type domain.Event is not enhanced.

[2020-03-23 17:05:15 #7 type] 
Type domain.Competition is not enhanced.

------------------------------------------------------------------------------------------------------------------------

[2020-03-23 17:06:21 #1 type] 
Type domain.User is not enhanced.

[2020-03-23 17:06:21 #2 type] 
Type domain.Coupon is not enhanced.

[2020-03-23 17:06:21 #3 type] 
Type domain.Profile is not enhanced.

[2020-03-23 17:06:21 #4 type] 
Type domain.Bet is not enhanced.

[2020-03-23 17:06:21 #5 type] 
Type domain.Question is not enhanced.

[2020-03-23 17:06:21 #6 type] 
Type domain.Event is not enhanced.

[2020-03-23 17:06:21 #7 type] 
Type domain.Competition is not enhanced.

------------------------------------------------------------------------------------------------------------------------

[2020-03-23 17:06:55 #1 type] 
Type domain.User is not enhanced.

[2020-03-23 17:06:55 #2 type] 
Type domain.Coupon is not enhanced.

[2020-03-23 17:06:55 #3 type] 
Type domain.Profile is not enhanced.

[2020-03-23 17:06:55 #4 type] 
Type domain.Bet is not enhanced.

[2020-03-23 17:06:55 #5 type] 
Type domain.Question is not enhanced.

[2020-03-23 17:06:55 #6 type] 
Type domain.Event is not enhanced.

[2020-03-23 17:06:55 #7 type] 
Type domain.Competition is not enhanced.

------------------------------------------------------------------------------------------------------------------------

[2020-03-23 17:07:22 #1 type] 
Type domain.User is not enhanced.

[2020-03-23 17:07:22 #2 type] 
Type domain.Coupon is not enhanced.

[2020-03-23 17:07:22 #3 type] 
Type domain.Profile is not enhanced.

[2020-03-23 17:07:22 #4 type] 
Type domain.Bet is not enhanced.

[2020-03-23 17:07:22 #5 type] 
Type domain.Question is not enhanced.

[2020-03-23 17:07:22 #6 type] 
Type domain.Event is not enhanced.

[2020-03-23 17:07:22 #7 type] 
Type domain.Competition is not enhanced.

------------------------------------------------------------------------------------------------------------------------

[2020-03-23 17:12:53 #1 type] 
Type domain.User is not enhanced.

[2020-03-23 17:12:53 #2 type] 
Type domain.Coupon is not enhanced.

[2020-03-23 17:12:53 #3 type] 
Type domain.Profile is not enhanced.

[2020-03-23 17:12:53 #4 type] 
Type domain.Bet is not enhanced.

[2020-03-23 17:12:53 #5 type] 
Type domain.Question is not enhanced.

[2020-03-23 17:12:53 #6 type] 
Type domain.Event is not enhanced.

[2020-03-23 17:12:53 #7 type] 
Type domain.Competition is not enhanced.

------------------------------------------------------------------------------------------------------------------------

[2020-03-23 17:13:56 #1 type] 
Type domain.User is not enhanced.

[2020-03-23 17:13:56 #2 type] 
Type domain.Coupon is not enhanced.

[2020-03-23 17:13:56 #3 type] 
Type domain.Profile is not enhanced.

[2020-03-23 17:13:56 #4 type] 
Type domain.Bet is not enhanced.

[2020-03-23 17:13:56 #5 type] 
Type domain.Question is not enhanced.

[2020-03-23 17:13:56 #6 type] 
Type domain.Event is not enhanced.

[2020-03-23 17:13:56 #7 type] 
Type domain.Competition is not enhanced.

------------------------------------------------------------------------------------------------------------------------

[2020-03-23 17:16:20 #1 type] 
Type domain.User is not enhanced.

[2020-03-23 17:16:20 #2 type] 
Type domain.Coupon is not enhanced.

[2020-03-23 17:16:20 #3 type] 
Type domain.Profile is not enhanced.

[2020-03-23 17:16:20 #4 type] 
Type domain.Bet is not enhanced.

[2020-03-23 17:16:20 #5 type] 
Type domain.Question is not enhanced.

[2020-03-23 17:16:20 #6 type] 
Type domain.Event is not enhanced.

[2020-03-23 17:16:20 #7 type] 
Type domain.Competition is not enhanced.

------------------------------------------------------------------------------------------------------------------------

[2020-03-23 17:17:10 #1 type] 
Type domain.User is not enhanced.

[2020-03-23 17:17:10 #2 type] 
Type domain.Coupon is not enhanced.

[2020-03-23 17:17:10 #3 type] 
Type domain.Profile is not enhanced.

[2020-03-23 17:17:10 #4 type] 
Type domain.Bet is not enhanced.

[2020-03-23 17:17:10 #5 type] 
Type domain.Question is not enhanced.

[2020-03-23 17:17:10 #6 type] 
Type domain.Event is not enhanced.

[2020-03-23 17:17:10 #7 type] 
Type domain.Competition is not enhanced.

------------------------------------------------------------------------------------------------------------------------

[2020-03-23 17:32:44 #1 type] 
Type domain.User is not enhanced.

[2020-03-23 17:32:44 #2 type] 
Type domain.Coupon is not enhanced.

[2020-03-23 17:32:44 #3 type] 
Type domain.Profile is not enhanced.

[2020-03-23 17:32:44 #4 type] 
Type domain.Bet is not enhanced.

[2020-03-23 17:32:44 #5 type] 
Type domain.Question is not enhanced.

[2020-03-23 17:32:44 #6 type] 
Type domain.Event is not enhanced.

[2020-03-23 17:32:44 #7 type] 
Type domain.Competition is not enhanced.

------------------------------------------------------------------------------------------------------------------------

[2020-03-23 17:35:59 #1 type] 
Type domain.User is not enhanced.

[2020-03-23 17:35:59 #2 type] 
Type domain.Coupon is not enhanced.

[2020-03-23 17:35:59 #3 type] 
Type domain.Profile is not enhanced.

[2020-03-23 17:35:59 #4 type] 
Type domain.Bet is not enhanced.

[2020-03-23 17:35:59 #5 type] 
Type domain.Question is not enhanced.

[2020-03-23 17:35:59 #6 type] 
Type domain.Event is not enhanced.

[2020-03-23 17:35:59 #7 type] 
Type domain.Competition is not enhanced.

------------------------------------------------------------------------------------------------------------------------

[2020-03-23 17:37:02 #1 type] 
Type domain.User is not enhanced.

[2020-03-23 17:37:02 #2 type] 
Type domain.Coupon is not enhanced.

[2020-03-23 17:37:02 #3 type] 
Type domain.Profile is not enhanced.

[2020-03-23 17:37:02 #4 type] 
Type domain.Bet is not enhanced.

[2020-03-23 17:37:02 #5 type] 
Type domain.Question is not enhanced.

[2020-03-23 17:37:02 #6 type] 
Type domain.Event is not enhanced.

[2020-03-23 17:37:02 #7 type] 
Type domain.Competition is not enhanced.

------------------------------------------------------------------------------------------------------------------------

[2020-03-23 17:39:19 #1 type] 
Type domain.User is not enhanced.

[2020-03-23 17:39:19 #2 type] 
Type domain.Coupon is not enhanced.

[2020-03-23 17:39:19 #3 type] 
Type domain.Profile is not enhanced.

[2020-03-23 17:39:19 #4 type] 
Type domain.Bet is not enhanced.

[2020-03-23 17:39:19 #5 type] 
Type domain.Question is not enhanced.

[2020-03-23 17:39:19 #6 type] 
Type domain.Event is not enhanced.

[2020-03-23 17:39:19 #7 type] 
Type domain.Competition is not enhanced.

------------------------------------------------------------------------------------------------------------------------

[2020-03-23 17:40:14 #1 type] 
Type domain.User is not enhanced.

[2020-03-23 17:40:14 #2 type] 
Type domain.Coupon is not enhanced.

[2020-03-23 17:40:14 #3 type] 
Type domain.Profile is not enhanced.

[2020-03-23 17:40:14 #4 type] 
Type domain.Bet is not enhanced.

[2020-03-23 17:40:14 #5 type] 
Type domain.Question is not enhanced.

[2020-03-23 17:40:14 #6 type] 
Type domain.Event is not enhanced.

[2020-03-23 17:40:14 #7 type] 
Type domain.Competition is not enhanced.

------------------------------------------------------------------------------------------------------------------------

[2020-03-23 17:43:57 #1 type] 
Type domain.User is not enhanced.

[2020-03-23 17:43:57 #2 type] 
Type domain.Coupon is not enhanced.

[2020-03-23 17:43:57 #3 type] 
Type domain.Profile is not enhanced.

[2020-03-23 17:43:57 #4 type] 
Type domain.Bet is not enhanced.

[2020-03-23 17:43:57 #5 type] 
Type domain.Question is not enhanced.

[2020-03-23 17:43:57 #6 type] 
Type domain.Event is not enhanced.

[2020-03-23 17:43:57 #7 type] 
Type domain.Competition is not enhanced.

------------------------------------------------------------------------------------------------------------------------

[2020-03-23 17:46:00 #1 type] 
Type domain.User is not enhanced.

[2020-03-23 17:46:00 #2 type] 
Type domain.Coupon is not enhanced.

[2020-03-23 17:46:00 #3 type] 
Type domain.Profile is not enhanced.

[2020-03-23 17:46:00 #4 type] 
Type domain.Bet is not enhanced.

[2020-03-23 17:46:00 #5 type] 
Type domain.Question is not enhanced.

[2020-03-23 17:46:00 #6 type] 
Type domain.Event is not enhanced.

[2020-03-23 17:46:00 #7 type] 
Type domain.Competition is not enhanced.

------------------------------------------------------------------------------------------------------------------------

[2020-03-23 17:47:21 #1 type] 
Type domain.User is not enhanced.

[2020-03-23 17:47:21 #2 type] 
Type domain.Coupon is not enhanced.

[2020-03-23 17:47:21 #3 type] 
Type domain.Profile is not enhanced.

[2020-03-23 17:47:21 #4 type] 
Type domain.Bet is not enhanced.

[2020-03-23 17:47:21 #5 type] 
Type domain.Question is not enhanced.

[2020-03-23 17:47:21 #6 type] 
Type domain.Event is not enhanced.

[2020-03-23 17:47:21 #7 type] 
Type domain.Competition is not enhanced.

------------------------------------------------------------------------------------------------------------------------

[2020-03-23 17:48:05 #1 type] 
Type domain.User is not enhanced.

[2020-03-23 17:48:05 #2 type] 
Type domain.Coupon is not enhanced.

[2020-03-23 17:48:05 #3 type] 
Type domain.Profile is not enhanced.

[2020-03-23 17:48:05 #4 type] 
Type domain.Bet is not enhanced.

[2020-03-23 17:48:05 #5 type] 
Type domain.Question is not enhanced.

[2020-03-23 17:48:05 #6 type] 
Type domain.Event is not enhanced.

[2020-03-23 17:48:05 #7 type] 
Type domain.Competition is not enhanced.

------------------------------------------------------------------------------------------------------------------------

[2020-03-23 17:48:44 #1 type] 
Type domain.User is not enhanced.

[2020-03-23 17:48:44 #2 type] 
Type domain.Coupon is not enhanced.

[2020-03-23 17:48:44 #3 type] 
Type domain.Profile is not enhanced.

[2020-03-23 17:48:44 #4 type] 
Type domain.Bet is not enhanced.

[2020-03-23 17:48:44 #5 type] 
Type domain.Question is not enhanced.

[2020-03-23 17:48:44 #6 type] 
Type domain.Event is not enhanced.

[2020-03-23 17:48:44 #7 type] 
Type domain.Competition is not enhanced.

------------------------------------------------------------------------------------------------------------------------

[2020-03-23 17:49:48 #1 type] 
Type domain.User is not enhanced.

[2020-03-23 17:49:48 #2 type] 
Type domain.Coupon is not enhanced.

[2020-03-23 17:49:48 #3 type] 
Type domain.Profile is not enhanced.

[2020-03-23 17:49:48 #4 type] 
Type domain.Bet is not enhanced.

[2020-03-23 17:49:48 #5 type] 
Type domain.Question is not enhanced.

[2020-03-23 17:49:48 #6 type] 
Type domain.Event is not enhanced.

[2020-03-23 17:49:48 #7 type] 
Type domain.Competition is not enhanced.

------------------------------------------------------------------------------------------------------------------------

[2020-03-23 17:51:51 #1 type] 
Type domain.User is not enhanced.

[2020-03-23 17:51:51 #2 type] 
Type domain.Coupon is not enhanced.

[2020-03-23 17:51:51 #3 type] 
Type domain.Profile is not enhanced.

[2020-03-23 17:51:51 #4 type] 
Type domain.Bet is not enhanced.

[2020-03-23 17:51:51 #5 type] 
Type domain.Question is not enhanced.

[2020-03-23 17:51:51 #6 type] 
Type domain.Event is not enhanced.

[2020-03-23 17:51:51 #7 type] 
Type domain.Competition is not enhanced.

------------------------------------------------------------------------------------------------------------------------

[2020-03-23 17:54:42 #1 type] 
Type domain.User is not enhanced.

[2020-03-23 17:54:42 #2 type] 
Type domain.Coupon is not enhanced.

[2020-03-23 17:54:42 #3 type] 
Type domain.Profile is not enhanced.

[2020-03-23 17:54:42 #4 type] 
Type domain.Bet is not enhanced.

[2020-03-23 17:54:42 #5 type] 
Type domain.Question is not enhanced.

[2020-03-23 17:54:42 #6 type] 
Type domain.Event is not enhanced.

[2020-03-23 17:54:42 #7 type] 
Type domain.Competition is not enhanced.

------------------------------------------------------------------------------------------------------------------------

[2020-03-23 17:59:25 #1 type] 
Type domain.User is not enhanced.

[2020-03-23 17:59:25 #2 type] 
Type domain.Coupon is not enhanced.

[2020-03-23 17:59:25 #3 type] 
Type domain.Profile is not enhanced.

[2020-03-23 17:59:25 #4 type] 
Type domain.Bet is not enhanced.

[2020-03-23 17:59:25 #5 type] 
Type domain.Question is not enhanced.

[2020-03-23 17:59:25 #6 type] 
Type domain.Event is not enhanced.

[2020-03-23 17:59:25 #7 type] 
Type domain.Competition is not enhanced.

------------------------------------------------------------------------------------------------------------------------

[2020-03-23 18:00:15 #1 type] 
Type domain.User is not enhanced.

[2020-03-23 18:00:15 #2 type] 
Type domain.Coupon is not enhanced.

[2020-03-23 18:00:15 #3 type] 
Type domain.Profile is not enhanced.

[2020-03-23 18:00:15 #4 type] 
Type domain.Bet is not enhanced.

[2020-03-23 18:00:15 #5 type] 
Type domain.Question is not enhanced.

[2020-03-23 18:00:15 #6 type] 
Type domain.Event is not enhanced.

[2020-03-23 18:00:15 #7 type] 
Type domain.Competition is not enhanced.

------------------------------------------------------------------------------------------------------------------------

[2020-03-23 18:04:27 #1 type] 
Type domain.User is not enhanced.

[2020-03-23 18:04:27 #2 type] 
Type domain.Coupon is not enhanced.

[2020-03-23 18:04:27 #3 type] 
Type domain.Profile is not enhanced.

[2020-03-23 18:04:27 #4 type] 
Type domain.Bet is not enhanced.

[2020-03-23 18:04:27 #5 type] 
Type domain.Question is not enhanced.

[2020-03-23 18:04:27 #6 type] 
Type domain.Event is not enhanced.

[2020-03-23 18:04:27 #7 type] 
Type domain.Competition is not enhanced.

------------------------------------------------------------------------------------------------------------------------

[2020-03-23 18:05:58 #1 type] 
Type domain.User is not enhanced.

[2020-03-23 18:05:58 #2 type] 
Type domain.Coupon is not enhanced.

[2020-03-23 18:05:58 #3 type] 
Type domain.Profile is not enhanced.

[2020-03-23 18:05:58 #4 type] 
Type domain.Bet is not enhanced.

[2020-03-23 18:05:58 #5 type] 
Type domain.Question is not enhanced.

[2020-03-23 18:05:58 #6 type] 
Type domain.Event is not enhanced.

[2020-03-23 18:05:58 #7 type] 
Type domain.Competition is not enhanced.

------------------------------------------------------------------------------------------------------------------------

[2020-03-23 18:08:18 #1 type] 
Type domain.User is not enhanced.

[2020-03-23 18:08:18 #2 type] 
Type domain.Coupon is not enhanced.

[2020-03-23 18:08:18 #3 type] 
Type domain.Profile is not enhanced.

[2020-03-23 18:08:18 #4 type] 
Type domain.Bet is not enhanced.

[2020-03-23 18:08:18 #5 type] 
Type domain.Question is not enhanced.

[2020-03-23 18:08:18 #6 type] 
Type domain.Event is not enhanced.

[2020-03-23 18:08:18 #7 type] 
Type domain.Competition is not enhanced.

------------------------------------------------------------------------------------------------------------------------

[2020-03-23 18:12:31 #1 type] 
Type domain.User is not enhanced.

[2020-03-23 18:12:31 #2 type] 
Type domain.Coupon is not enhanced.

[2020-03-23 18:12:31 #3 type] 
Type domain.Profile is not enhanced.

[2020-03-23 18:12:31 #4 type] 
Type domain.Bet is not enhanced.

[2020-03-23 18:12:31 #5 type] 
Type domain.Question is not enhanced.

[2020-03-23 18:12:31 #6 type] 
Type domain.Event is not enhanced.

[2020-03-23 18:12:31 #7 type] 
Type domain.Competition is not enhanced.

------------------------------------------------------------------------------------------------------------------------

[2020-03-23 18:22:39 #1 type] 
Type domain.User is not enhanced.

[2020-03-23 18:22:39 #2 type] 
Type domain.Coupon is not enhanced.

[2020-03-23 18:22:39 #3 type] 
Type domain.Profile is not enhanced.

[2020-03-23 18:22:39 #4 type] 
Type domain.Bet is not enhanced.

[2020-03-23 18:22:39 #5 type] 
Type domain.Question is not enhanced.

[2020-03-23 18:22:39 #6 type] 
Type domain.Event is not enhanced.

[2020-03-23 18:22:39 #7 type] 
Type domain.Competition is not enhanced.

------------------------------------------------------------------------------------------------------------------------

[2020-03-23 18:23:32 #1 type] 
Type domain.User is not enhanced.

[2020-03-23 18:23:32 #2 type] 
Type domain.Coupon is not enhanced.

[2020-03-23 18:23:32 #3 type] 
Type domain.Profile is not enhanced.

[2020-03-23 18:23:32 #4 type] 
Type domain.Bet is not enhanced.

[2020-03-23 18:23:32 #5 type] 
Type domain.Question is not enhanced.

[2020-03-23 18:23:32 #6 type] 
Type domain.Event is not enhanced.

[2020-03-23 18:23:32 #7 type] 
Type domain.Competition is not enhanced.

------------------------------------------------------------------------------------------------------------------------

[2020-03-23 18:27:08 #1 type] 
Type domain.User is not enhanced.

[2020-03-23 18:27:08 #2 type] 
Type domain.Coupon is not enhanced.

[2020-03-23 18:27:08 #3 type] 
Type domain.Profile is not enhanced.

[2020-03-23 18:27:08 #4 type] 
Type domain.Bet is not enhanced.

[2020-03-23 18:27:08 #5 type] 
Type domain.Question is not enhanced.

[2020-03-23 18:27:08 #6 type] 
Type domain.Event is not enhanced.

[2020-03-23 18:27:08 #7 type] 
Type domain.Competition is not enhanced.

------------------------------------------------------------------------------------------------------------------------

[2020-03-23 18:30:07 #1 type] 
Type domain.User is not enhanced.

[2020-03-23 18:30:07 #2 type] 
Type domain.Coupon is not enhanced.

[2020-03-23 18:30:07 #3 type] 
Type domain.Profile is not enhanced.

[2020-03-23 18:30:07 #4 type] 
Type domain.Bet is not enhanced.

[2020-03-23 18:30:07 #5 type] 
Type domain.Question is not enhanced.

[2020-03-23 18:30:07 #6 type] 
Type domain.Event is not enhanced.

[2020-03-23 18:30:07 #7 type] 
Type domain.Competition is not enhanced.

------------------------------------------------------------------------------------------------------------------------

[2020-03-23 18:30:49 #1 type] 
Type domain.User is not enhanced.

[2020-03-23 18:30:49 #2 type] 
Type domain.Coupon is not enhanced.

[2020-03-23 18:30:49 #3 type] 
Type domain.Profile is not enhanced.

[2020-03-23 18:30:49 #4 type] 
Type domain.Bet is not enhanced.

[2020-03-23 18:30:49 #5 type] 
Type domain.Question is not enhanced.

[2020-03-23 18:30:49 #6 type] 
Type domain.Event is not enhanced.

[2020-03-23 18:30:49 #7 type] 
Type domain.Competition is not enhanced.

------------------------------------------------------------------------------------------------------------------------

[2020-03-23 18:35:05 #1 type] 
Type domain.User is not enhanced.

[2020-03-23 18:35:05 #2 type] 
Type domain.Coupon is not enhanced.

[2020-03-23 18:35:05 #3 type] 
Type domain.Profile is not enhanced.

[2020-03-23 18:35:05 #4 type] 
Type domain.Bet is not enhanced.

[2020-03-23 18:35:05 #5 type] 
Type domain.Question is not enhanced.

[2020-03-23 18:35:05 #6 type] 
Type domain.Event is not enhanced.

[2020-03-23 18:35:05 #7 type] 
Type domain.Competition is not enhanced.

------------------------------------------------------------------------------------------------------------------------

[2020-03-23 18:36:38 #1 type] 
Type domain.User is not enhanced.

[2020-03-23 18:36:38 #2 type] 
Type domain.Coupon is not enhanced.

[2020-03-23 18:36:38 #3 type] 
Type domain.Profile is not enhanced.

[2020-03-23 18:36:38 #4 type] 
Type domain.Bet is not enhanced.

[2020-03-23 18:36:38 #5 type] 
Type domain.Question is not enhanced.

[2020-03-23 18:36:38 #6 type] 
Type domain.Event is not enhanced.

[2020-03-23 18:36:38 #7 type] 
Type domain.Competition is not enhanced.

------------------------------------------------------------------------------------------------------------------------

[2020-03-23 18:40:09 #1 type] 
Type domain.User is not enhanced.

[2020-03-23 18:40:09 #2 type] 
Type domain.Coupon is not enhanced.

[2020-03-23 18:40:09 #3 type] 
Type domain.Profile is not enhanced.

[2020-03-23 18:40:09 #4 type] 
Type domain.Bet is not enhanced.

[2020-03-23 18:40:09 #5 type] 
Type domain.Question is not enhanced.

[2020-03-23 18:40:09 #6 type] 
Type domain.Event is not enhanced.

[2020-03-23 18:40:09 #7 type] 
Type domain.Competition is not enhanced.

------------------------------------------------------------------------------------------------------------------------

[2020-03-23 18:41:52 #1 type] 
Type domain.User is not enhanced.

[2020-03-23 18:41:52 #2 type] 
Type domain.Coupon is not enhanced.

[2020-03-23 18:41:52 #3 type] 
Type domain.Profile is not enhanced.

[2020-03-23 18:41:52 #4 type] 
Type domain.Bet is not enhanced.

[2020-03-23 18:41:52 #5 type] 
Type domain.Question is not enhanced.

[2020-03-23 18:41:52 #6 type] 
Type domain.Event is not enhanced.

[2020-03-23 18:41:52 #7 type] 
Type domain.Competition is not enhanced.

------------------------------------------------------------------------------------------------------------------------

[2020-03-23 19:02:17 #1 type] 
Type domain.User is not enhanced.

[2020-03-23 19:02:17 #2 type] 
Type domain.Coupon is not enhanced.

[2020-03-23 19:02:17 #3 type] 
Type domain.Profile is not enhanced.

[2020-03-23 19:02:17 #4 type] 
Type domain.Bet is not enhanced.

[2020-03-23 19:02:17 #5 type] 
Type domain.Question is not enhanced.

[2020-03-23 19:02:17 #6 type] 
Type domain.Event is not enhanced.

[2020-03-23 19:02:17 #7 type] 
Type domain.Competition is not enhanced.

------------------------------------------------------------------------------------------------------------------------

[2020-03-23 19:05:46 #1 type] 
Type domain.User is not enhanced.

[2020-03-23 19:05:46 #2 type] 
Type domain.Coupon is not enhanced.

[2020-03-23 19:05:46 #3 type] 
Type domain.Profile is not enhanced.

[2020-03-23 19:05:46 #4 type] 
Type domain.Bet is not enhanced.

[2020-03-23 19:05:46 #5 type] 
Type domain.Question is not enhanced.

[2020-03-23 19:05:46 #6 type] 
Type domain.Event is not enhanced.

[2020-03-23 19:05:46 #7 type] 
Type domain.Competition is not enhanced.

------------------------------------------------------------------------------------------------------------------------

[2020-03-23 19:06:29 #1 type] 
Type domain.User is not enhanced.

[2020-03-23 19:06:29 #2 type] 
Type domain.Coupon is not enhanced.

[2020-03-23 19:06:29 #3 type] 
Type domain.Profile is not enhanced.

[2020-03-23 19:06:29 #4 type] 
Type domain.Bet is not enhanced.

[2020-03-23 19:06:29 #5 type] 
Type domain.Question is not enhanced.

[2020-03-23 19:06:29 #6 type] 
Type domain.Event is not enhanced.

[2020-03-23 19:06:29 #7 type] 
Type domain.Competition is not enhanced.

------------------------------------------------------------------------------------------------------------------------

[2020-03-23 19:07:13 #1 type] 
Type domain.User is not enhanced.

[2020-03-23 19:07:13 #2 type] 
Type domain.Coupon is not enhanced.

[2020-03-23 19:07:13 #3 type] 
Type domain.Profile is not enhanced.

[2020-03-23 19:07:13 #4 type] 
Type domain.Bet is not enhanced.

[2020-03-23 19:07:13 #5 type] 
Type domain.Question is not enhanced.

[2020-03-23 19:07:13 #6 type] 
Type domain.Event is not enhanced.

[2020-03-23 19:07:13 #7 type] 
Type domain.Competition is not enhanced.

------------------------------------------------------------------------------------------------------------------------

[2020-03-23 19:07:58 #1 type] 
Type domain.User is not enhanced.

[2020-03-23 19:07:58 #2 type] 
Type domain.Coupon is not enhanced.

[2020-03-23 19:07:58 #3 type] 
Type domain.Profile is not enhanced.

[2020-03-23 19:07:58 #4 type] 
Type domain.Bet is not enhanced.

[2020-03-23 19:07:58 #5 type] 
Type domain.Question is not enhanced.

[2020-03-23 19:07:58 #6 type] 
Type domain.Event is not enhanced.

[2020-03-23 19:07:58 #7 type] 
Type domain.Competition is not enhanced.

------------------------------------------------------------------------------------------------------------------------

[2020-03-23 19:08:51 #1 type] 
Type domain.User is not enhanced.

[2020-03-23 19:08:51 #2 type] 
Type domain.Coupon is not enhanced.

[2020-03-23 19:08:51 #3 type] 
Type domain.Profile is not enhanced.

[2020-03-23 19:08:51 #4 type] 
Type domain.Bet is not enhanced.

[2020-03-23 19:08:51 #5 type] 
Type domain.Question is not enhanced.

[2020-03-23 19:08:51 #6 type] 
Type domain.Event is not enhanced.

[2020-03-23 19:08:51 #7 type] 
Type domain.Competition is not enhanced.

------------------------------------------------------------------------------------------------------------------------

[2020-03-23 19:11:17 #1 type] 
Type domain.User is not enhanced.

[2020-03-23 19:11:17 #2 type] 
Type domain.Coupon is not enhanced.

[2020-03-23 19:11:17 #3 type] 
Type domain.Profile is not enhanced.

[2020-03-23 19:11:17 #4 type] 
Type domain.Bet is not enhanced.

[2020-03-23 19:11:17 #5 type] 
Type domain.Question is not enhanced.

[2020-03-23 19:11:17 #6 type] 
Type domain.Event is not enhanced.

[2020-03-23 19:11:17 #7 type] 
Type domain.Competition is not enhanced.

------------------------------------------------------------------------------------------------------------------------

[2020-03-23 19:12:18 #1 type] 
Type domain.User is not enhanced.

[2020-03-23 19:12:18 #2 type] 
Type domain.Coupon is not enhanced.

[2020-03-23 19:12:18 #3 type] 
Type domain.Profile is not enhanced.

[2020-03-23 19:12:18 #4 type] 
Type domain.Bet is not enhanced.

[2020-03-23 19:12:18 #5 type] 
Type domain.Question is not enhanced.

[2020-03-23 19:12:18 #6 type] 
Type domain.Event is not enhanced.

[2020-03-23 19:12:18 #7 type] 
Type domain.Competition is not enhanced.

------------------------------------------------------------------------------------------------------------------------

[2020-03-23 19:14:50 #1 type] 
Type domain.User is not enhanced.

[2020-03-23 19:14:50 #2 type] 
Type domain.Coupon is not enhanced.

[2020-03-23 19:14:50 #3 type] 
Type domain.Profile is not enhanced.

[2020-03-23 19:14:50 #4 type] 
Type domain.Bet is not enhanced.

[2020-03-23 19:14:50 #5 type] 
Type domain.Question is not enhanced.

[2020-03-23 19:14:50 #6 type] 
Type domain.Event is not enhanced.

[2020-03-23 19:14:50 #7 type] 
Type domain.Competition is not enhanced.

------------------------------------------------------------------------------------------------------------------------

[2020-03-23 19:16:22 #1 type] 
Type domain.User is not enhanced.

[2020-03-23 19:16:22 #2 type] 
Type domain.Coupon is not enhanced.

[2020-03-23 19:16:22 #3 type] 
Type domain.Profile is not enhanced.

[2020-03-23 19:16:22 #4 type] 
Type domain.Bet is not enhanced.

[2020-03-23 19:16:22 #5 type] 
Type domain.Question is not enhanced.

[2020-03-23 19:16:22 #6 type] 
Type domain.Event is not enhanced.

[2020-03-23 19:16:22 #7 type] 
Type domain.Competition is not enhanced.

------------------------------------------------------------------------------------------------------------------------

[2020-03-23 19:17:17 #1 type] 
Type domain.User is not enhanced.

[2020-03-23 19:17:17 #2 type] 
Type domain.Coupon is not enhanced.

[2020-03-23 19:17:17 #3 type] 
Type domain.Profile is not enhanced.

[2020-03-23 19:17:17 #4 type] 
Type domain.Bet is not enhanced.

[2020-03-23 19:17:17 #5 type] 
Type domain.Question is not enhanced.

[2020-03-23 19:17:17 #6 type] 
Type domain.Event is not enhanced.

[2020-03-23 19:17:17 #7 type] 
Type domain.Competition is not enhanced.

------------------------------------------------------------------------------------------------------------------------

[2020-03-23 19:19:21 #1 type] 
Type domain.User is not enhanced.

[2020-03-23 19:19:21 #2 type] 
Type domain.Coupon is not enhanced.

[2020-03-23 19:19:21 #3 type] 
Type domain.Profile is not enhanced.

[2020-03-23 19:19:21 #4 type] 
Type domain.Bet is not enhanced.

[2020-03-23 19:19:21 #5 type] 
Type domain.Question is not enhanced.

[2020-03-23 19:19:21 #6 type] 
Type domain.Event is not enhanced.

[2020-03-23 19:19:21 #7 type] 
Type domain.Competition is not enhanced.

------------------------------------------------------------------------------------------------------------------------

[2020-03-23 19:19:55 #1 type] 
Type domain.User is not enhanced.

[2020-03-23 19:19:55 #2 type] 
Type domain.Coupon is not enhanced.

[2020-03-23 19:19:55 #3 type] 
Type domain.Profile is not enhanced.

[2020-03-23 19:19:55 #4 type] 
Type domain.Bet is not enhanced.

[2020-03-23 19:19:55 #5 type] 
Type domain.Question is not enhanced.

[2020-03-23 19:19:55 #6 type] 
Type domain.Event is not enhanced.

[2020-03-23 19:19:55 #7 type] 
Type domain.Competition is not enhanced.

------------------------------------------------------------------------------------------------------------------------

[2020-03-23 19:20:59 #1 type] 
Type domain.User is not enhanced.

[2020-03-23 19:20:59 #2 type] 
Type domain.Coupon is not enhanced.

[2020-03-23 19:20:59 #3 type] 
Type domain.Profile is not enhanced.

[2020-03-23 19:20:59 #4 type] 
Type domain.Bet is not enhanced.

[2020-03-23 19:20:59 #5 type] 
Type domain.Question is not enhanced.

[2020-03-23 19:20:59 #6 type] 
Type domain.Event is not enhanced.

[2020-03-23 19:20:59 #7 type] 
Type domain.Competition is not enhanced.

------------------------------------------------------------------------------------------------------------------------

[2020-03-23 19:21:28 #1 type] 
Type domain.User is not enhanced.

[2020-03-23 19:21:28 #2 type] 
Type domain.Coupon is not enhanced.

[2020-03-23 19:21:28 #3 type] 
Type domain.Profile is not enhanced.

[2020-03-23 19:21:28 #4 type] 
Type domain.Bet is not enhanced.

[2020-03-23 19:21:28 #5 type] 
Type domain.Question is not enhanced.

[2020-03-23 19:21:28 #6 type] 
Type domain.Event is not enhanced.

[2020-03-23 19:21:28 #7 type] 
Type domain.Competition is not enhanced.

------------------------------------------------------------------------------------------------------------------------

[2020-03-23 19:23:35 #1 type] 
Type domain.User is not enhanced.

[2020-03-23 19:23:35 #2 type] 
Type domain.Coupon is not enhanced.

[2020-03-23 19:23:35 #3 type] 
Type domain.Profile is not enhanced.

[2020-03-23 19:23:35 #4 type] 
Type domain.Bet is not enhanced.

[2020-03-23 19:23:35 #5 type] 
Type domain.Question is not enhanced.

[2020-03-23 19:23:35 #6 type] 
Type domain.Event is not enhanced.

[2020-03-23 19:23:35 #7 type] 
Type domain.Competition is not enhanced.

------------------------------------------------------------------------------------------------------------------------

[2020-03-23 19:24:31 #1 type] 
Type domain.User is not enhanced.

[2020-03-23 19:24:31 #2 type] 
Type domain.Coupon is not enhanced.

[2020-03-23 19:24:31 #3 type] 
Type domain.Profile is not enhanced.

[2020-03-23 19:24:31 #4 type] 
Type domain.Bet is not enhanced.

[2020-03-23 19:24:31 #5 type] 
Type domain.Question is not enhanced.

[2020-03-23 19:24:31 #6 type] 
Type domain.Event is not enhanced.

[2020-03-23 19:24:31 #7 type] 
Type domain.Competition is not enhanced.

------------------------------------------------------------------------------------------------------------------------

[2020-03-23 19:27:09 #1 type] 
Type domain.User is not enhanced.

[2020-03-23 19:27:09 #2 type] 
Type domain.Coupon is not enhanced.

[2020-03-23 19:27:09 #3 type] 
Type domain.Profile is not enhanced.

[2020-03-23 19:27:09 #4 type] 
Type domain.Bet is not enhanced.

[2020-03-23 19:27:09 #5 type] 
Type domain.Question is not enhanced.

[2020-03-23 19:27:09 #6 type] 
Type domain.Event is not enhanced.

[2020-03-23 19:27:09 #7 type] 
Type domain.Competition is not enhanced.

------------------------------------------------------------------------------------------------------------------------

[2020-03-23 19:30:10 #1 type] 
Type domain.User is not enhanced.

[2020-03-23 19:30:10 #2 type] 
Type domain.Coupon is not enhanced.

[2020-03-23 19:30:10 #3 type] 
Type domain.Profile is not enhanced.

[2020-03-23 19:30:10 #4 type] 
Type domain.Bet is not enhanced.

[2020-03-23 19:30:10 #5 type] 
Type domain.Question is not enhanced.

[2020-03-23 19:30:10 #6 type] 
Type domain.Event is not enhanced.

[2020-03-23 19:30:10 #7 type] 
Type domain.Competition is not enhanced.

------------------------------------------------------------------------------------------------------------------------

[2020-03-23 19:31:05 #1 type] 
Type domain.User is not enhanced.

[2020-03-23 19:31:05 #2 type] 
Type domain.Coupon is not enhanced.

[2020-03-23 19:31:05 #3 type] 
Type domain.Profile is not enhanced.

[2020-03-23 19:31:05 #4 type] 
Type domain.Bet is not enhanced.

[2020-03-23 19:31:05 #5 type] 
Type domain.Question is not enhanced.

[2020-03-23 19:31:05 #6 type] 
Type domain.Event is not enhanced.

[2020-03-23 19:31:05 #7 type] 
Type domain.Competition is not enhanced.

------------------------------------------------------------------------------------------------------------------------

[2020-03-23 19:36:02 #1 type] 
Type domain.User is not enhanced.

[2020-03-23 19:36:02 #2 type] 
Type domain.Coupon is not enhanced.

[2020-03-23 19:36:02 #3 type] 
Type domain.Profile is not enhanced.

[2020-03-23 19:36:02 #4 type] 
Type domain.Bet is not enhanced.

[2020-03-23 19:36:02 #5 type] 
Type domain.Question is not enhanced.

[2020-03-23 19:36:02 #6 type] 
Type domain.Event is not enhanced.

[2020-03-23 19:36:02 #7 type] 
Type domain.Competition is not enhanced.

------------------------------------------------------------------------------------------------------------------------

[2020-03-23 19:37:33 #1 type] 
Type domain.User is not enhanced.

[2020-03-23 19:37:33 #2 type] 
Type domain.Coupon is not enhanced.

[2020-03-23 19:37:33 #3 type] 
Type domain.Profile is not enhanced.

[2020-03-23 19:37:33 #4 type] 
Type domain.Bet is not enhanced.

[2020-03-23 19:37:33 #5 type] 
Type domain.Question is not enhanced.

[2020-03-23 19:37:33 #6 type] 
Type domain.Event is not enhanced.

[2020-03-23 19:37:33 #7 type] 
Type domain.Competition is not enhanced.

------------------------------------------------------------------------------------------------------------------------

[2020-03-23 19:39:03 #1 type] 
Type domain.User is not enhanced.

[2020-03-23 19:39:03 #2 type] 
Type domain.Coupon is not enhanced.

[2020-03-23 19:39:03 #3 type] 
Type domain.Profile is not enhanced.

[2020-03-23 19:39:03 #4 type] 
Type domain.Bet is not enhanced.

[2020-03-23 19:39:03 #5 type] 
Type domain.Question is not enhanced.

[2020-03-23 19:39:03 #6 type] 
Type domain.Event is not enhanced.

[2020-03-23 19:39:03 #7 type] 
Type domain.Competition is not enhanced.

------------------------------------------------------------------------------------------------------------------------

[2020-03-23 19:39:31 #1 type] 
Type domain.User is not enhanced.

[2020-03-23 19:39:31 #2 type] 
Type domain.Coupon is not enhanced.

[2020-03-23 19:39:31 #3 type] 
Type domain.Profile is not enhanced.

[2020-03-23 19:39:31 #4 type] 
Type domain.Bet is not enhanced.

[2020-03-23 19:39:31 #5 type] 
Type domain.Question is not enhanced.

[2020-03-23 19:39:31 #6 type] 
Type domain.Event is not enhanced.

[2020-03-23 19:39:31 #7 type] 
Type domain.Competition is not enhanced.

------------------------------------------------------------------------------------------------------------------------

[2020-03-23 19:42:53 #1 type] 
Type domain.User is not enhanced.

[2020-03-23 19:42:53 #2 type] 
Type domain.Coupon is not enhanced.

[2020-03-23 19:42:53 #3 type] 
Type domain.Profile is not enhanced.

[2020-03-23 19:42:53 #4 type] 
Type domain.Bet is not enhanced.

[2020-03-23 19:42:53 #5 type] 
Type domain.Question is not enhanced.

[2020-03-23 19:42:53 #6 type] 
Type domain.Event is not enhanced.

[2020-03-23 19:42:53 #7 type] 
Type domain.Competition is not enhanced.

------------------------------------------------------------------------------------------------------------------------

[2020-03-23 19:44:09 #1 type] 
Type domain.User is not enhanced.

[2020-03-23 19:44:09 #2 type] 
Type domain.Coupon is not enhanced.

[2020-03-23 19:44:09 #3 type] 
Type domain.Profile is not enhanced.

[2020-03-23 19:44:09 #4 type] 
Type domain.Bet is not enhanced.

[2020-03-23 19:44:09 #5 type] 
Type domain.Question is not enhanced.

[2020-03-23 19:44:09 #6 type] 
Type domain.Event is not enhanced.

[2020-03-23 19:44:09 #7 type] 
Type domain.Competition is not enhanced.

------------------------------------------------------------------------------------------------------------------------

[2020-03-23 19:51:02 #1 type] 
Type domain.User is not enhanced.

[2020-03-23 19:51:02 #2 type] 
Type domain.Coupon is not enhanced.

[2020-03-23 19:51:02 #3 type] 
Type domain.Profile is not enhanced.

[2020-03-23 19:51:02 #4 type] 
Type domain.Bet is not enhanced.

[2020-03-23 19:51:02 #5 type] 
Type domain.Question is not enhanced.

[2020-03-23 19:51:02 #6 type] 
Type domain.Event is not enhanced.

[2020-03-23 19:51:02 #7 type] 
Type domain.Competition is not enhanced.

------------------------------------------------------------------------------------------------------------------------

[2020-03-23 19:56:07 #1 type] 
Type domain.User is not enhanced.

[2020-03-23 19:56:07 #2 type] 
Type domain.Coupon is not enhanced.

[2020-03-23 19:56:07 #3 type] 
Type domain.Profile is not enhanced.

[2020-03-23 19:56:07 #4 type] 
Type domain.Bet is not enhanced.

[2020-03-23 19:56:07 #5 type] 
Type domain.Question is not enhanced.

[2020-03-23 19:56:07 #6 type] 
Type domain.Event is not enhanced.

[2020-03-23 19:56:07 #7 type] 
Type domain.Competition is not enhanced.

------------------------------------------------------------------------------------------------------------------------

[2020-03-23 19:56:32 #1 type] 
Type domain.User is not enhanced.

[2020-03-23 19:56:32 #2 type] 
Type domain.Coupon is not enhanced.

[2020-03-23 19:56:32 #3 type] 
Type domain.Profile is not enhanced.

[2020-03-23 19:56:32 #4 type] 
Type domain.Bet is not enhanced.

[2020-03-23 19:56:32 #5 type] 
Type domain.Question is not enhanced.

[2020-03-23 19:56:32 #6 type] 
Type domain.Event is not enhanced.

[2020-03-23 19:56:32 #7 type] 
Type domain.Competition is not enhanced.

------------------------------------------------------------------------------------------------------------------------

[2020-03-23 19:57:19 #1 type] 
Type domain.User is not enhanced.

[2020-03-23 19:57:19 #2 type] 
Type domain.Coupon is not enhanced.

[2020-03-23 19:57:19 #3 type] 
Type domain.Profile is not enhanced.

[2020-03-23 19:57:19 #4 type] 
Type domain.Bet is not enhanced.

[2020-03-23 19:57:19 #5 type] 
Type domain.Question is not enhanced.

[2020-03-23 19:57:19 #6 type] 
Type domain.Event is not enhanced.

[2020-03-23 19:57:19 #7 type] 
Type domain.Competition is not enhanced.

------------------------------------------------------------------------------------------------------------------------

[2020-03-23 19:57:43 #1 type] 
Type domain.User is not enhanced.

[2020-03-23 19:57:43 #2 type] 
Type domain.Coupon is not enhanced.

[2020-03-23 19:57:43 #3 type] 
Type domain.Profile is not enhanced.

[2020-03-23 19:57:43 #4 type] 
Type domain.Bet is not enhanced.

[2020-03-23 19:57:43 #5 type] 
Type domain.Question is not enhanced.

[2020-03-23 19:57:43 #6 type] 
Type domain.Event is not enhanced.

[2020-03-23 19:57:43 #7 type] 
Type domain.Competition is not enhanced.

------------------------------------------------------------------------------------------------------------------------

[2020-03-23 19:58:47 #1 type] 
Type domain.User is not enhanced.

[2020-03-23 19:58:47 #2 type] 
Type domain.Coupon is not enhanced.

[2020-03-23 19:58:47 #3 type] 
Type domain.Profile is not enhanced.

[2020-03-23 19:58:47 #4 type] 
Type domain.Bet is not enhanced.

[2020-03-23 19:58:47 #5 type] 
Type domain.Question is not enhanced.

[2020-03-23 19:58:47 #6 type] 
Type domain.Event is not enhanced.

[2020-03-23 19:58:47 #7 type] 
Type domain.Competition is not enhanced.

------------------------------------------------------------------------------------------------------------------------

[2020-03-23 19:59:15 #1 type] 
Type domain.User is not enhanced.

[2020-03-23 19:59:15 #2 type] 
Type domain.Coupon is not enhanced.

[2020-03-23 19:59:15 #3 type] 
Type domain.Profile is not enhanced.

[2020-03-23 19:59:15 #4 type] 
Type domain.Bet is not enhanced.

[2020-03-23 19:59:15 #5 type] 
Type domain.Question is not enhanced.

[2020-03-23 19:59:15 #6 type] 
Type domain.Event is not enhanced.

[2020-03-23 19:59:15 #7 type] 
Type domain.Competition is not enhanced.

------------------------------------------------------------------------------------------------------------------------

[2020-03-23 20:00:12 #1 type] 
Type domain.User is not enhanced.

[2020-03-23 20:00:12 #2 type] 
Type domain.Coupon is not enhanced.

[2020-03-23 20:00:12 #3 type] 
Type domain.Profile is not enhanced.

[2020-03-23 20:00:12 #4 type] 
Type domain.Bet is not enhanced.

[2020-03-23 20:00:12 #5 type] 
Type domain.Question is not enhanced.

[2020-03-23 20:00:12 #6 type] 
Type domain.Event is not enhanced.

[2020-03-23 20:00:12 #7 type] 
Type domain.Competition is not enhanced.

------------------------------------------------------------------------------------------------------------------------

[2020-03-23 20:00:38 #1 type] 
Type domain.User is not enhanced.

[2020-03-23 20:00:38 #2 type] 
Type domain.Coupon is not enhanced.

[2020-03-23 20:00:38 #3 type] 
Type domain.Profile is not enhanced.

[2020-03-23 20:00:38 #4 type] 
Type domain.Bet is not enhanced.

[2020-03-23 20:00:38 #5 type] 
Type domain.Question is not enhanced.

[2020-03-23 20:00:38 #6 type] 
Type domain.Event is not enhanced.

[2020-03-23 20:00:38 #7 type] 
Type domain.Competition is not enhanced.

------------------------------------------------------------------------------------------------------------------------

[2020-03-23 20:02:10 #1 type] 
Type domain.User is not enhanced.

[2020-03-23 20:02:10 #2 type] 
Type domain.Coupon is not enhanced.

[2020-03-23 20:02:10 #3 type] 
Type domain.Profile is not enhanced.

[2020-03-23 20:02:10 #4 type] 
Type domain.Bet is not enhanced.

[2020-03-23 20:02:10 #5 type] 
Type domain.Question is not enhanced.

[2020-03-23 20:02:10 #6 type] 
Type domain.Event is not enhanced.

[2020-03-23 20:02:10 #7 type] 
Type domain.Competition is not enhanced.

------------------------------------------------------------------------------------------------------------------------

[2020-03-23 20:05:39 #1 type] 
Type domain.User is not enhanced.

[2020-03-23 20:05:39 #2 type] 
Type domain.Coupon is not enhanced.

[2020-03-23 20:05:39 #3 type] 
Type domain.Profile is not enhanced.

[2020-03-23 20:05:39 #4 type] 
Type domain.Bet is not enhanced.

[2020-03-23 20:05:39 #5 type] 
Type domain.Question is not enhanced.

[2020-03-23 20:05:39 #6 type] 
Type domain.Event is not enhanced.

[2020-03-23 20:05:39 #7 type] 
Type domain.Competition is not enhanced.

------------------------------------------------------------------------------------------------------------------------

[2020-03-23 20:08:15 #1 type] 
Type domain.User is not enhanced.

[2020-03-23 20:08:15 #2 type] 
Type domain.Coupon is not enhanced.

[2020-03-23 20:08:15 #3 type] 
Type domain.Profile is not enhanced.

[2020-03-23 20:08:15 #4 type] 
Type domain.Bet is not enhanced.

[2020-03-23 20:08:15 #5 type] 
Type domain.Question is not enhanced.

[2020-03-23 20:08:15 #6 type] 
Type domain.Event is not enhanced.

[2020-03-23 20:08:15 #7 type] 
Type domain.Competition is not enhanced.

------------------------------------------------------------------------------------------------------------------------

[2020-03-23 20:09:35 #1 type] 
Type domain.User is not enhanced.

[2020-03-23 20:09:35 #2 type] 
Type domain.Coupon is not enhanced.

[2020-03-23 20:09:35 #3 type] 
Type domain.Profile is not enhanced.

[2020-03-23 20:09:35 #4 type] 
Type domain.Bet is not enhanced.

[2020-03-23 20:09:36 #5 type] 
Type domain.Question is not enhanced.

[2020-03-23 20:09:36 #6 type] 
Type domain.Event is not enhanced.

[2020-03-23 20:09:36 #7 type] 
Type domain.Competition is not enhanced.

------------------------------------------------------------------------------------------------------------------------

[2020-03-23 20:10:29 #1 type] 
Type domain.User is not enhanced.

[2020-03-23 20:10:29 #2 type] 
Type domain.Coupon is not enhanced.

[2020-03-23 20:10:29 #3 type] 
Type domain.Profile is not enhanced.

[2020-03-23 20:10:29 #4 type] 
Type domain.Bet is not enhanced.

[2020-03-23 20:10:29 #5 type] 
Type domain.Question is not enhanced.

[2020-03-23 20:10:29 #6 type] 
Type domain.Event is not enhanced.

[2020-03-23 20:10:29 #7 type] 
Type domain.Competition is not enhanced.

------------------------------------------------------------------------------------------------------------------------

[2020-03-23 20:16:01 #1 type] 
Type domain.User is not enhanced.

[2020-03-23 20:16:01 #2 type] 
Type domain.Coupon is not enhanced.

[2020-03-23 20:16:01 #3 type] 
Type domain.Profile is not enhanced.

[2020-03-23 20:16:01 #4 type] 
Type domain.Bet is not enhanced.

[2020-03-23 20:16:01 #5 type] 
Type domain.Question is not enhanced.

[2020-03-23 20:16:01 #6 type] 
Type domain.Event is not enhanced.

[2020-03-23 20:16:01 #7 type] 
Type domain.Competition is not enhanced.

------------------------------------------------------------------------------------------------------------------------

[2020-03-23 20:18:16 #1 type] 
Type domain.User is not enhanced.

[2020-03-23 20:18:16 #2 type] 
Type domain.Coupon is not enhanced.

[2020-03-23 20:18:16 #3 type] 
Type domain.Profile is not enhanced.

[2020-03-23 20:18:16 #4 type] 
Type domain.Bet is not enhanced.

[2020-03-23 20:18:17 #5 type] 
Type domain.Question is not enhanced.

[2020-03-23 20:18:17 #6 type] 
Type domain.Event is not enhanced.

[2020-03-23 20:18:17 #7 type] 
Type domain.Competition is not enhanced.

------------------------------------------------------------------------------------------------------------------------

[2020-03-23 20:18:31 #1 type] 
Type domain.User is not enhanced.

[2020-03-23 20:18:31 #2 type] 
Type domain.Coupon is not enhanced.

[2020-03-23 20:18:31 #3 type] 
Type domain.Profile is not enhanced.

[2020-03-23 20:18:31 #4 type] 
Type domain.Bet is not enhanced.

[2020-03-23 20:18:31 #5 type] 
Type domain.Question is not enhanced.

[2020-03-23 20:18:31 #6 type] 
Type domain.Event is not enhanced.

[2020-03-23 20:18:31 #7 type] 
Type domain.Competition is not enhanced.

------------------------------------------------------------------------------------------------------------------------

[2020-03-23 20:19:19 #1 type] 
Type domain.User is not enhanced.

[2020-03-23 20:19:19 #2 type] 
Type domain.Coupon is not enhanced.

[2020-03-23 20:19:19 #3 type] 
Type domain.Profile is not enhanced.

[2020-03-23 20:19:19 #4 type] 
Type domain.Bet is not enhanced.

[2020-03-23 20:19:19 #5 type] 
Type domain.Question is not enhanced.

[2020-03-23 20:19:19 #6 type] 
Type domain.Event is not enhanced.

[2020-03-23 20:19:19 #7 type] 
Type domain.Competition is not enhanced.

------------------------------------------------------------------------------------------------------------------------

[2020-03-23 20:24:53 #1 type] 
Type domain.User is not enhanced.

[2020-03-23 20:24:53 #2 type] 
Type domain.Coupon is not enhanced.

[2020-03-23 20:24:53 #3 type] 
Type domain.Profile is not enhanced.

[2020-03-23 20:24:53 #4 type] 
Type domain.Bet is not enhanced.

[2020-03-23 20:24:53 #5 type] 
Type domain.Question is not enhanced.

[2020-03-23 20:24:53 #6 type] 
Type domain.Event is not enhanced.

[2020-03-23 20:24:53 #7 type] 
Type domain.Competition is not enhanced.

------------------------------------------------------------------------------------------------------------------------

[2020-03-23 20:25:32 #1 type] 
Type domain.User is not enhanced.

[2020-03-23 20:25:32 #2 type] 
Type domain.Coupon is not enhanced.

[2020-03-23 20:25:32 #3 type] 
Type domain.Profile is not enhanced.

[2020-03-23 20:25:32 #4 type] 
Type domain.Bet is not enhanced.

[2020-03-23 20:25:32 #5 type] 
Type domain.Question is not enhanced.

[2020-03-23 20:25:32 #6 type] 
Type domain.Event is not enhanced.

[2020-03-23 20:25:32 #7 type] 
Type domain.Competition is not enhanced.

------------------------------------------------------------------------------------------------------------------------

[2020-03-23 20:29:24 #1 type] 
Type domain.User is not enhanced.

[2020-03-23 20:29:24 #2 type] 
Type domain.Coupon is not enhanced.

[2020-03-23 20:29:24 #3 type] 
Type domain.Profile is not enhanced.

[2020-03-23 20:29:24 #4 type] 
Type domain.Bet is not enhanced.

[2020-03-23 20:29:24 #5 type] 
Type domain.Question is not enhanced.

[2020-03-23 20:29:24 #6 type] 
Type domain.Event is not enhanced.

[2020-03-23 20:29:24 #7 type] 
Type domain.Competition is not enhanced.

------------------------------------------------------------------------------------------------------------------------

[2020-03-23 20:30:11 #1 type] 
Type domain.Competition is not enhanced.

[2020-03-23 20:30:11 #2 type] 
Type domain.Event is not enhanced.

[2020-03-23 20:30:11 #3 type] 
Type domain.Question is not enhanced.

[2020-03-23 20:30:11 #4 type] 
Type domain.User is not enhanced.

[2020-03-23 20:30:11 #5 type] 
Type domain.Coupon is not enhanced.

[2020-03-23 20:30:11 #6 type] 
Type domain.Profile is not enhanced.

[2020-03-23 20:30:11 #7 type] 
Type domain.Bet is not enhanced.

------------------------------------------------------------------------------------------------------------------------

[2020-03-23 20:32:03 #1 type] 
Type domain.User is not enhanced.

[2020-03-23 20:32:03 #2 type] 
Type domain.Coupon is not enhanced.

[2020-03-23 20:32:03 #3 type] 
Type domain.Profile is not enhanced.

[2020-03-23 20:32:03 #4 type] 
Type domain.Bet is not enhanced.

[2020-03-23 20:32:03 #5 type] 
Type domain.Question is not enhanced.

[2020-03-23 20:32:03 #6 type] 
Type domain.Event is not enhanced.

[2020-03-23 20:32:03 #7 type] 
Type domain.Competition is not enhanced.

------------------------------------------------------------------------------------------------------------------------

[2020-03-23 20:42:23 #1 type] 
Type domain.User is not enhanced.

[2020-03-23 20:42:23 #2 type] 
Type domain.Coupon is not enhanced.

[2020-03-23 20:42:23 #3 type] 
Type domain.Profile is not enhanced.

[2020-03-23 20:42:23 #4 type] 
Type domain.Bet is not enhanced.

[2020-03-23 20:42:23 #5 type] 
Type domain.Question is not enhanced.

[2020-03-23 20:42:23 #6 type] 
Type domain.Event is not enhanced.

[2020-03-23 20:42:23 #7 type] 
Type domain.Competition is not enhanced.

------------------------------------------------------------------------------------------------------------------------

[2020-03-23 20:43:39 #1 type] 
Type domain.User is not enhanced.

[2020-03-23 20:43:39 #2 type] 
Type domain.Coupon is not enhanced.

[2020-03-23 20:43:39 #3 type] 
Type domain.Profile is not enhanced.

[2020-03-23 20:43:39 #4 type] 
Type domain.Bet is not enhanced.

[2020-03-23 20:43:39 #5 type] 
Type domain.Question is not enhanced.

[2020-03-23 20:43:39 #6 type] 
Type domain.Event is not enhanced.

[2020-03-23 20:43:39 #7 type] 
Type domain.Competition is not enhanced.

------------------------------------------------------------------------------------------------------------------------

[2020-03-23 20:44:41 #1 type] 
Type domain.User is not enhanced.

[2020-03-23 20:44:41 #2 type] 
Type domain.Coupon is not enhanced.

[2020-03-23 20:44:41 #3 type] 
Type domain.Profile is not enhanced.

[2020-03-23 20:44:41 #4 type] 
Type domain.Bet is not enhanced.

[2020-03-23 20:44:41 #5 type] 
Type domain.Question is not enhanced.

[2020-03-23 20:44:41 #6 type] 
Type domain.Event is not enhanced.

[2020-03-23 20:44:41 #7 type] 
Type domain.Competition is not enhanced.

------------------------------------------------------------------------------------------------------------------------

[2020-03-23 20:45:13 #1 type] 
Type domain.User is not enhanced.

[2020-03-23 20:45:13 #2 type] 
Type domain.Coupon is not enhanced.

[2020-03-23 20:45:13 #3 type] 
Type domain.Profile is not enhanced.

[2020-03-23 20:45:13 #4 type] 
Type domain.Bet is not enhanced.

[2020-03-23 20:45:13 #5 type] 
Type domain.Question is not enhanced.

[2020-03-23 20:45:13 #6 type] 
Type domain.Event is not enhanced.

[2020-03-23 20:45:13 #7 type] 
Type domain.Competition is not enhanced.

------------------------------------------------------------------------------------------------------------------------

[2020-03-23 20:45:44 #1 type] 
Type domain.User is not enhanced.

[2020-03-23 20:45:44 #2 type] 
Type domain.Coupon is not enhanced.

[2020-03-23 20:45:44 #3 type] 
Type domain.Profile is not enhanced.

[2020-03-23 20:45:44 #4 type] 
Type domain.Bet is not enhanced.

[2020-03-23 20:45:44 #5 type] 
Type domain.Question is not enhanced.

[2020-03-23 20:45:44 #6 type] 
Type domain.Event is not enhanced.

[2020-03-23 20:45:44 #7 type] 
Type domain.Competition is not enhanced.

------------------------------------------------------------------------------------------------------------------------

[2020-03-23 20:47:13 #1 type] 
Type domain.User is not enhanced.

[2020-03-23 20:47:13 #2 type] 
Type domain.Coupon is not enhanced.

[2020-03-23 20:47:13 #3 type] 
Type domain.Profile is not enhanced.

[2020-03-23 20:47:13 #4 type] 
Type domain.Bet is not enhanced.

[2020-03-23 20:47:13 #5 type] 
Type domain.Question is not enhanced.

[2020-03-23 20:47:13 #6 type] 
Type domain.Event is not enhanced.

[2020-03-23 20:47:13 #7 type] 
Type domain.Competition is not enhanced.

------------------------------------------------------------------------------------------------------------------------

[2020-03-23 20:47:26 #1 type] 
Type domain.User is not enhanced.

[2020-03-23 20:47:26 #2 type] 
Type domain.Coupon is not enhanced.

[2020-03-23 20:47:26 #3 type] 
Type domain.Profile is not enhanced.

[2020-03-23 20:47:26 #4 type] 
Type domain.Bet is not enhanced.

[2020-03-23 20:47:26 #5 type] 
Type domain.Question is not enhanced.

[2020-03-23 20:47:26 #6 type] 
Type domain.Event is not enhanced.

[2020-03-23 20:47:26 #7 type] 
Type domain.Competition is not enhanced.

------------------------------------------------------------------------------------------------------------------------

[2020-03-23 20:51:24 #1 type] 
Type domain.User is not enhanced.

[2020-03-23 20:51:24 #2 type] 
Type domain.Coupon is not enhanced.

[2020-03-23 20:51:24 #3 type] 
Type domain.Profile is not enhanced.

[2020-03-23 20:51:24 #4 type] 
Type domain.Bet is not enhanced.

[2020-03-23 20:51:24 #5 type] 
Type domain.Question is not enhanced.

[2020-03-23 20:51:24 #6 type] 
Type domain.Event is not enhanced.

[2020-03-23 20:51:24 #7 type] 
Type domain.Competition is not enhanced.

------------------------------------------------------------------------------------------------------------------------

[2020-03-23 20:55:03 #1 type] 
Type domain.User is not enhanced.

[2020-03-23 20:55:03 #2 type] 
Type domain.Coupon is not enhanced.

[2020-03-23 20:55:03 #3 type] 
Type domain.Profile is not enhanced.

[2020-03-23 20:55:03 #4 type] 
Type domain.Bet is not enhanced.

[2020-03-23 20:55:03 #5 type] 
Type domain.Question is not enhanced.

[2020-03-23 20:55:03 #6 type] 
Type domain.Event is not enhanced.

[2020-03-23 20:55:03 #7 type] 
Type domain.Competition is not enhanced.

------------------------------------------------------------------------------------------------------------------------

[2020-03-23 20:55:10 #1 type] 
Type domain.User is not enhanced.

[2020-03-23 20:55:10 #2 type] 
Type domain.Coupon is not enhanced.

[2020-03-23 20:55:10 #3 type] 
Type domain.Profile is not enhanced.

[2020-03-23 20:55:10 #4 type] 
Type domain.Bet is not enhanced.

[2020-03-23 20:55:10 #5 type] 
Type domain.Question is not enhanced.

[2020-03-23 20:55:10 #6 type] 
Type domain.Event is not enhanced.

[2020-03-23 20:55:10 #7 type] 
Type domain.Competition is not enhanced.

------------------------------------------------------------------------------------------------------------------------

[2020-03-23 21:19:23 #1 type] 
Type domain.User is not enhanced.

[2020-03-23 21:19:23 #2 type] 
Type domain.Coupon is not enhanced.

[2020-03-23 21:19:23 #3 type] 
Type domain.Profile is not enhanced.

[2020-03-23 21:19:23 #4 type] 
Type domain.Bet is not enhanced.

[2020-03-23 21:19:23 #5 type] 
Type domain.Question is not enhanced.

[2020-03-23 21:19:23 #6 type] 
Type domain.Event is not enhanced.

[2020-03-23 21:19:23 #7 type] 
Type domain.Competition is not enhanced.

------------------------------------------------------------------------------------------------------------------------

[2020-03-23 21:19:58 #1 type] 
Type domain.User is not enhanced.

[2020-03-23 21:19:58 #2 type] 
Type domain.Coupon is not enhanced.

[2020-03-23 21:19:58 #3 type] 
Type domain.Profile is not enhanced.

[2020-03-23 21:19:58 #4 type] 
Type domain.Bet is not enhanced.

[2020-03-23 21:19:58 #5 type] 
Type domain.Question is not enhanced.

[2020-03-23 21:19:58 #6 type] 
Type domain.Event is not enhanced.

[2020-03-23 21:19:58 #7 type] 
Type domain.Competition is not enhanced.

------------------------------------------------------------------------------------------------------------------------

[2020-03-23 21:20:16 #1 type] 
Type domain.User is not enhanced.

[2020-03-23 21:20:16 #2 type] 
Type domain.Coupon is not enhanced.

[2020-03-23 21:20:16 #3 type] 
Type domain.Profile is not enhanced.

[2020-03-23 21:20:16 #4 type] 
Type domain.Bet is not enhanced.

[2020-03-23 21:20:16 #5 type] 
Type domain.Question is not enhanced.

[2020-03-23 21:20:16 #6 type] 
Type domain.Event is not enhanced.

[2020-03-23 21:20:16 #7 type] 
Type domain.Competition is not enhanced.

------------------------------------------------------------------------------------------------------------------------

[2020-03-23 21:23:27 #1 type] 
Type domain.User is not enhanced.

[2020-03-23 21:23:27 #2 type] 
Type domain.Coupon is not enhanced.

[2020-03-23 21:23:27 #3 type] 
Type domain.Profile is not enhanced.

[2020-03-23 21:23:27 #4 type] 
Type domain.Bet is not enhanced.

[2020-03-23 21:23:27 #5 type] 
Type domain.Question is not enhanced.

[2020-03-23 21:23:27 #6 type] 
Type domain.Event is not enhanced.

[2020-03-23 21:23:27 #7 type] 
Type domain.Competition is not enhanced.

------------------------------------------------------------------------------------------------------------------------

[2020-03-23 21:27:09 #1 type] 
Type domain.User is not enhanced.

[2020-03-23 21:27:09 #2 type] 
Type domain.Coupon is not enhanced.

[2020-03-23 21:27:09 #3 type] 
Type domain.Profile is not enhanced.

[2020-03-23 21:27:09 #4 type] 
Type domain.Bet is not enhanced.

[2020-03-23 21:27:09 #5 type] 
Type domain.Question is not enhanced.

[2020-03-23 21:27:09 #6 type] 
Type domain.Event is not enhanced.

[2020-03-23 21:27:09 #7 type] 
Type domain.Competition is not enhanced.

------------------------------------------------------------------------------------------------------------------------

[2020-03-23 21:28:05 #1 type] 
Type domain.User is not enhanced.

[2020-03-23 21:28:05 #2 type] 
Type domain.Coupon is not enhanced.

[2020-03-23 21:28:05 #3 type] 
Type domain.Profile is not enhanced.

[2020-03-23 21:28:05 #4 type] 
Type domain.Bet is not enhanced.

[2020-03-23 21:28:05 #5 type] 
Type domain.Question is not enhanced.

[2020-03-23 21:28:05 #6 type] 
Type domain.Event is not enhanced.

[2020-03-23 21:28:05 #7 type] 
Type domain.Competition is not enhanced.

------------------------------------------------------------------------------------------------------------------------

[2020-03-23 21:29:24 #1 type] 
Type domain.User is not enhanced.

[2020-03-23 21:29:24 #2 type] 
Type domain.Coupon is not enhanced.

[2020-03-23 21:29:24 #3 type] 
Type domain.Profile is not enhanced.

[2020-03-23 21:29:24 #4 type] 
Type domain.Bet is not enhanced.

[2020-03-23 21:29:24 #5 type] 
Type domain.Question is not enhanced.

[2020-03-23 21:29:24 #6 type] 
Type domain.Event is not enhanced.

[2020-03-23 21:29:24 #7 type] 
Type domain.Competition is not enhanced.

------------------------------------------------------------------------------------------------------------------------

[2020-03-23 21:29:50 #1 type] 
Type domain.User is not enhanced.

[2020-03-23 21:29:50 #2 type] 
Type domain.Coupon is not enhanced.

[2020-03-23 21:29:50 #3 type] 
Type domain.Profile is not enhanced.

[2020-03-23 21:29:50 #4 type] 
Type domain.Bet is not enhanced.

[2020-03-23 21:29:50 #5 type] 
Type domain.Question is not enhanced.

[2020-03-23 21:29:50 #6 type] 
Type domain.Event is not enhanced.

[2020-03-23 21:29:50 #7 type] 
Type domain.Competition is not enhanced.

------------------------------------------------------------------------------------------------------------------------

[2020-03-23 21:31:46 #1 type] 
Type domain.User is not enhanced.

[2020-03-23 21:31:46 #2 type] 
Type domain.Coupon is not enhanced.

[2020-03-23 21:31:46 #3 type] 
Type domain.Profile is not enhanced.

[2020-03-23 21:31:46 #4 type] 
Type domain.Bet is not enhanced.

[2020-03-23 21:31:46 #5 type] 
Type domain.Question is not enhanced.

[2020-03-23 21:31:46 #6 type] 
Type domain.Event is not enhanced.

[2020-03-23 21:31:46 #7 type] 
Type domain.Competition is not enhanced.

------------------------------------------------------------------------------------------------------------------------

[2020-03-23 21:32:39 #1 type] 
Type domain.User is not enhanced.

[2020-03-23 21:32:39 #2 type] 
Type domain.Coupon is not enhanced.

[2020-03-23 21:32:39 #3 type] 
Type domain.Profile is not enhanced.

[2020-03-23 21:32:39 #4 type] 
Type domain.Bet is not enhanced.

[2020-03-23 21:32:39 #5 type] 
Type domain.Question is not enhanced.

[2020-03-23 21:32:39 #6 type] 
Type domain.Event is not enhanced.

[2020-03-23 21:32:39 #7 type] 
Type domain.Competition is not enhanced.

------------------------------------------------------------------------------------------------------------------------

[2020-03-23 21:34:38 #1 type] 
Type domain.User is not enhanced.

[2020-03-23 21:34:38 #2 type] 
Type domain.Coupon is not enhanced.

[2020-03-23 21:34:38 #3 type] 
Type domain.Profile is not enhanced.

[2020-03-23 21:34:38 #4 type] 
Type domain.Bet is not enhanced.

[2020-03-23 21:34:38 #5 type] 
Type domain.Question is not enhanced.

[2020-03-23 21:34:38 #6 type] 
Type domain.Event is not enhanced.

[2020-03-23 21:34:38 #7 type] 
Type domain.Competition is not enhanced.

------------------------------------------------------------------------------------------------------------------------

[2020-03-23 21:34:57 #1 type] 
Type domain.User is not enhanced.

[2020-03-23 21:34:57 #2 type] 
Type domain.Coupon is not enhanced.

[2020-03-23 21:34:57 #3 type] 
Type domain.Profile is not enhanced.

[2020-03-23 21:34:57 #4 type] 
Type domain.Bet is not enhanced.

[2020-03-23 21:34:58 #5 type] 
Type domain.Question is not enhanced.

[2020-03-23 21:34:58 #6 type] 
Type domain.Event is not enhanced.

[2020-03-23 21:34:58 #7 type] 
Type domain.Competition is not enhanced.

------------------------------------------------------------------------------------------------------------------------

[2020-03-23 21:35:24 #1 type] 
Type domain.User is not enhanced.

[2020-03-23 21:35:24 #2 type] 
Type domain.Coupon is not enhanced.

[2020-03-23 21:35:24 #3 type] 
Type domain.Profile is not enhanced.

[2020-03-23 21:35:24 #4 type] 
Type domain.Bet is not enhanced.

[2020-03-23 21:35:24 #5 type] 
Type domain.Question is not enhanced.

[2020-03-23 21:35:24 #6 type] 
Type domain.Event is not enhanced.

[2020-03-23 21:35:24 #7 type] 
Type domain.Competition is not enhanced.

------------------------------------------------------------------------------------------------------------------------

[2020-03-23 21:36:14 #1 type] 
Type domain.User is not enhanced.

[2020-03-23 21:36:14 #2 type] 
Type domain.Coupon is not enhanced.

[2020-03-23 21:36:14 #3 type] 
Type domain.Profile is not enhanced.

[2020-03-23 21:36:14 #4 type] 
Type domain.Bet is not enhanced.

[2020-03-23 21:36:14 #5 type] 
Type domain.Question is not enhanced.

[2020-03-23 21:36:14 #6 type] 
Type domain.Event is not enhanced.

[2020-03-23 21:36:14 #7 type] 
Type domain.Competition is not enhanced.

------------------------------------------------------------------------------------------------------------------------

[2020-03-23 21:36:58 #1 type] 
Type domain.User is not enhanced.

[2020-03-23 21:36:58 #2 type] 
Type domain.Coupon is not enhanced.

[2020-03-23 21:36:58 #3 type] 
Type domain.Profile is not enhanced.

[2020-03-23 21:36:58 #4 type] 
Type domain.Bet is not enhanced.

[2020-03-23 21:36:58 #5 type] 
Type domain.Question is not enhanced.

[2020-03-23 21:36:58 #6 type] 
Type domain.Event is not enhanced.

[2020-03-23 21:36:58 #7 type] 
Type domain.Competition is not enhanced.

------------------------------------------------------------------------------------------------------------------------

[2020-03-23 21:41:04 #1 type] 
Type domain.User is not enhanced.

[2020-03-23 21:41:04 #2 type] 
Type domain.Coupon is not enhanced.

[2020-03-23 21:41:04 #3 type] 
Type domain.Profile is not enhanced.

[2020-03-23 21:41:04 #4 type] 
Type domain.Bet is not enhanced.

[2020-03-23 21:41:04 #5 type] 
Type domain.Question is not enhanced.

[2020-03-23 21:41:04 #6 type] 
Type domain.Event is not enhanced.

[2020-03-23 21:41:04 #7 type] 
Type domain.Competition is not enhanced.

------------------------------------------------------------------------------------------------------------------------

[2020-03-23 21:42:07 #1 type] 
Type domain.User is not enhanced.

[2020-03-23 21:42:07 #2 type] 
Type domain.Coupon is not enhanced.

[2020-03-23 21:42:07 #3 type] 
Type domain.Profile is not enhanced.

[2020-03-23 21:42:07 #4 type] 
Type domain.Bet is not enhanced.

[2020-03-23 21:42:07 #5 type] 
Type domain.Question is not enhanced.

[2020-03-23 21:42:07 #6 type] 
Type domain.Event is not enhanced.

[2020-03-23 21:42:07 #7 type] 
Type domain.Competition is not enhanced.

------------------------------------------------------------------------------------------------------------------------

[2020-03-23 21:46:49 #1 type] 
Type domain.User is not enhanced.

[2020-03-23 21:46:49 #2 type] 
Type domain.Coupon is not enhanced.

[2020-03-23 21:46:49 #3 type] 
Type domain.Profile is not enhanced.

[2020-03-23 21:46:49 #4 type] 
Type domain.Bet is not enhanced.

[2020-03-23 21:46:49 #5 type] 
Type domain.Question is not enhanced.

[2020-03-23 21:46:49 #6 type] 
Type domain.Event is not enhanced.

[2020-03-23 21:46:49 #7 type] 
Type domain.Competition is not enhanced.

------------------------------------------------------------------------------------------------------------------------

[2020-03-23 21:54:47 #1 type] 
Type domain.User is not enhanced.

[2020-03-23 21:54:47 #2 type] 
Type domain.Coupon is not enhanced.

[2020-03-23 21:54:47 #3 type] 
Type domain.Profile is not enhanced.

[2020-03-23 21:54:47 #4 type] 
Type domain.Bet is not enhanced.

[2020-03-23 21:54:47 #5 type] 
Type domain.Question is not enhanced.

[2020-03-23 21:54:47 #6 type] 
Type domain.Event is not enhanced.

[2020-03-23 21:54:47 #7 type] 
Type domain.Competition is not enhanced.

