------------------------------------------------------------------------------------------------------------------------

[2020-03-02 07:40:22 #1 store] 
Database 'C:\Users\Usuario\git\Sprint_1\Bets\resources\bets.temp' is opened by 21732@DESKTOP-00OS7EM

[2020-03-02 07:40:22 #2 type.registry] 
New type domain.User

[2020-03-02 07:40:22 #3 type] 
Type domain.User is not enhanced.

[2020-03-02 07:40:22 #4 type.registry] 
New type domain.Bet

[2020-03-02 07:40:22 #5 type.registry] 
New type java.util.ArrayList<domain.Bet>

[2020-03-02 07:40:22 #6 type] 
Type domain.Bet is not enhanced.

[2020-03-02 07:40:22 #7 type.registry] 
New type domain.Question

[2020-03-02 07:40:22 #8 type] 
Type domain.Question is not enhanced.

[2020-03-02 07:40:22 #9 type.registry] 
New type domain.Event

[2020-03-02 07:40:22 #10 type] 
Type domain.Event is not enhanced.

[2020-03-02 07:40:22 #11 type.registry] 
New type java.util.Vector<domain.Question>

[2020-03-02 07:40:22 #12 type.registry] 
New type java.util.ArrayList<java.lang.Object>

[2020-03-02 07:40:22 #13 type.registry] 
New type java.util.Vector<java.lang.Object>

[2020-03-02 07:40:22 #14 store] 
Database 'C:\Users\Usuario\git\Sprint_1\Bets\resources\bets.temp' is closed by 21732@DESKTOP-00OS7EM

[2020-03-02 07:40:39 #15 store] 
Database 'C:\Users\Usuario\git\Sprint_1\Bets\resources\bets.temp' is opened by 21732@DESKTOP-00OS7EM

[2020-03-02 07:40:39 #16 store] 
Database 'C:\Users\Usuario\git\Sprint_1\Bets\resources\bets.temp' is closed by 21732@DESKTOP-00OS7EM

[2020-03-02 07:40:55 #17 store] 
Database 'C:\Users\Usuario\git\Sprint_1\Bets\resources\bets.temp' is opened by 21732@DESKTOP-00OS7EM

[2020-03-02 07:40:55 #18 store] 
Database 'C:\Users\Usuario\git\Sprint_1\Bets\resources\bets.temp' is closed by 21732@DESKTOP-00OS7EM

[2020-03-02 07:42:18 #19 store] 
Database 'C:\Users\Usuario\git\Sprint_1\Bets\resources\bets.temp' is opened by 21732@DESKTOP-00OS7EM

[2020-03-02 07:42:18 #20 store] 
Database 'C:\Users\Usuario\git\Sprint_1\Bets\resources\bets.temp' is closed by 21732@DESKTOP-00OS7EM

[2020-03-02 07:42:18 #21 store] 
Database 'C:\Users\Usuario\git\Sprint_1\Bets\resources\bets.temp' is opened by 21732@DESKTOP-00OS7EM

[2020-03-02 07:42:18 #22 store] 
Database 'C:\Users\Usuario\git\Sprint_1\Bets\resources\bets.temp' is closed by 21732@DESKTOP-00OS7EM

[2020-03-02 07:42:20 #23 store] 
Database 'C:\Users\Usuario\git\Sprint_1\Bets\resources\bets.temp' is opened by 21732@DESKTOP-00OS7EM

[2020-03-02 07:42:20 #24 store] 
Database 'C:\Users\Usuario\git\Sprint_1\Bets\resources\bets.temp' is closed by 21732@DESKTOP-00OS7EM

[2020-03-02 07:42:20 #25 store] 
Database 'C:\Users\Usuario\git\Sprint_1\Bets\resources\bets.temp' is opened by 21732@DESKTOP-00OS7EM

[2020-03-02 07:42:20 #26 store] 
Database 'C:\Users\Usuario\git\Sprint_1\Bets\resources\bets.temp' is closed by 21732@DESKTOP-00OS7EM

------------------------------------------------------------------------------------------------------------------------

[2020-03-02 18:19:28 #1 store] 
Database 'C:\Users\Usuario\git\Sprint_1\Bets\resources\bets.temp' is opened by 19844@DESKTOP-00OS7EM

[2020-03-02 18:19:28 #2 type.registry] 
New type domain.User

[2020-03-02 18:19:28 #3 type] 
Type domain.User is not enhanced.

[2020-03-02 18:19:28 #4 type.registry] 
New type domain.Bet

[2020-03-02 18:19:28 #5 type.registry] 
New type java.util.ArrayList<domain.Bet>

[2020-03-02 18:19:28 #6 type] 
Type domain.Bet is not enhanced.

[2020-03-02 18:19:28 #7 type.registry] 
New type domain.Question

[2020-03-02 18:19:28 #8 type] 
Type domain.Question is not enhanced.

[2020-03-02 18:19:28 #9 type.registry] 
New type domain.Event

[2020-03-02 18:19:28 #10 type] 
Type domain.Event is not enhanced.

[2020-03-02 18:19:28 #11 type.registry] 
New type java.util.Vector<domain.Question>

[2020-03-02 18:19:28 #12 type.registry] 
New type java.util.ArrayList<java.lang.Object>

[2020-03-02 18:19:28 #13 type.registry] 
New type java.util.Vector<java.lang.Object>

[2020-03-02 18:19:28 #14 store] 
Database 'C:\Users\Usuario\git\Sprint_1\Bets\resources\bets.temp' is closed by 19844@DESKTOP-00OS7EM

[2020-03-02 18:19:36 #15 store] 
Database 'C:\Users\Usuario\git\Sprint_1\Bets\resources\bets.temp' is opened by 19844@DESKTOP-00OS7EM

[2020-03-02 18:19:36 #16 store] 
Database 'C:\Users\Usuario\git\Sprint_1\Bets\resources\bets.temp' is closed by 19844@DESKTOP-00OS7EM

[2020-03-02 18:20:10 #17 store] 
Database 'C:\Users\Usuario\git\Sprint_1\Bets\resources\bets.temp' is opened by 19844@DESKTOP-00OS7EM

[2020-03-02 18:20:10 #18 store] 
Database 'C:\Users\Usuario\git\Sprint_1\Bets\resources\bets.temp' is closed by 19844@DESKTOP-00OS7EM

[2020-03-02 18:20:12 #19 store] 
Database 'C:\Users\Usuario\git\Sprint_1\Bets\resources\bets.temp' is opened by 19844@DESKTOP-00OS7EM

[2020-03-02 18:20:12 #20 store] 
Database 'C:\Users\Usuario\git\Sprint_1\Bets\resources\bets.temp' is closed by 19844@DESKTOP-00OS7EM

[2020-03-02 18:20:12 #21 store] 
Database 'C:\Users\Usuario\git\Sprint_1\Bets\resources\bets.temp' is opened by 19844@DESKTOP-00OS7EM

[2020-03-02 18:20:12 #22 store] 
Database 'C:\Users\Usuario\git\Sprint_1\Bets\resources\bets.temp' is closed by 19844@DESKTOP-00OS7EM

[2020-03-02 18:20:15 #23 store] 
Database 'C:\Users\Usuario\git\Sprint_1\Bets\resources\bets.temp' is opened by 19844@DESKTOP-00OS7EM

[2020-03-02 18:20:15 #24 store] 
Database 'C:\Users\Usuario\git\Sprint_1\Bets\resources\bets.temp' is closed by 19844@DESKTOP-00OS7EM

[2020-03-02 18:20:15 #25 store] 
Database 'C:\Users\Usuario\git\Sprint_1\Bets\resources\bets.temp' is opened by 19844@DESKTOP-00OS7EM

[2020-03-02 18:20:15 #26 store] 
Database 'C:\Users\Usuario\git\Sprint_1\Bets\resources\bets.temp' is closed by 19844@DESKTOP-00OS7EM

[2020-03-02 18:20:15 #27 store] 
Database 'C:\Users\Usuario\git\Sprint_1\Bets\resources\bets.temp' is opened by 19844@DESKTOP-00OS7EM

[2020-03-02 18:20:15 #28 store] 
Database 'C:\Users\Usuario\git\Sprint_1\Bets\resources\bets.temp' is closed by 19844@DESKTOP-00OS7EM

[2020-03-02 18:20:15 #29 store] 
Database 'C:\Users\Usuario\git\Sprint_1\Bets\resources\bets.temp' is opened by 19844@DESKTOP-00OS7EM

[2020-03-02 18:20:15 #30 store] 
Database 'C:\Users\Usuario\git\Sprint_1\Bets\resources\bets.temp' is closed by 19844@DESKTOP-00OS7EM

[2020-03-02 18:20:16 #31 store] 
Database 'C:\Users\Usuario\git\Sprint_1\Bets\resources\bets.temp' is opened by 19844@DESKTOP-00OS7EM

[2020-03-02 18:20:16 #32 store] 
Database 'C:\Users\Usuario\git\Sprint_1\Bets\resources\bets.temp' is closed by 19844@DESKTOP-00OS7EM

[2020-03-02 18:20:16 #33 store] 
Database 'C:\Users\Usuario\git\Sprint_1\Bets\resources\bets.temp' is opened by 19844@DESKTOP-00OS7EM

[2020-03-02 18:20:16 #34 store] 
Database 'C:\Users\Usuario\git\Sprint_1\Bets\resources\bets.temp' is closed by 19844@DESKTOP-00OS7EM

[2020-03-02 18:20:17 #35 store] 
Database 'C:\Users\Usuario\git\Sprint_1\Bets\resources\bets.temp' is opened by 19844@DESKTOP-00OS7EM

[2020-03-02 18:20:17 #36 store] 
Database 'C:\Users\Usuario\git\Sprint_1\Bets\resources\bets.temp' is closed by 19844@DESKTOP-00OS7EM

[2020-03-02 18:20:17 #37 store] 
Database 'C:\Users\Usuario\git\Sprint_1\Bets\resources\bets.temp' is opened by 19844@DESKTOP-00OS7EM

[2020-03-02 18:20:17 #38 store] 
Database 'C:\Users\Usuario\git\Sprint_1\Bets\resources\bets.temp' is closed by 19844@DESKTOP-00OS7EM

[2020-03-02 18:20:17 #39 store] 
Database 'C:\Users\Usuario\git\Sprint_1\Bets\resources\bets.temp' is opened by 19844@DESKTOP-00OS7EM

[2020-03-02 18:20:17 #40 store] 
Database 'C:\Users\Usuario\git\Sprint_1\Bets\resources\bets.temp' is closed by 19844@DESKTOP-00OS7EM

[2020-03-02 18:20:17 #41 store] 
Database 'C:\Users\Usuario\git\Sprint_1\Bets\resources\bets.temp' is opened by 19844@DESKTOP-00OS7EM

[2020-03-02 18:20:17 #42 store] 
Database 'C:\Users\Usuario\git\Sprint_1\Bets\resources\bets.temp' is closed by 19844@DESKTOP-00OS7EM

[2020-03-02 18:20:21 #43 store] 
Database 'C:\Users\Usuario\git\Sprint_1\Bets\resources\bets.temp' is opened by 19844@DESKTOP-00OS7EM

[2020-03-02 18:20:21 #44 store] 
Database 'C:\Users\Usuario\git\Sprint_1\Bets\resources\bets.temp' is closed by 19844@DESKTOP-00OS7EM

------------------------------------------------------------------------------------------------------------------------

[2020-03-02 18:24:55 #1 store] 
Database 'C:\Users\Usuario\git\Sprint_1\Bets\resources\bets.temp' is opened by 11416@DESKTOP-00OS7EM

[2020-03-02 18:24:55 #2 type.registry] 
New type domain.User

[2020-03-02 18:24:55 #3 type] 
Type domain.User is not enhanced.

[2020-03-02 18:24:55 #4 type.registry] 
New type domain.Bet

[2020-03-02 18:24:55 #5 type.registry] 
New type java.util.ArrayList<domain.Bet>

[2020-03-02 18:24:55 #6 type] 
Type domain.Bet is not enhanced.

[2020-03-02 18:24:55 #7 type.registry] 
New type domain.Question

[2020-03-02 18:24:55 #8 type] 
Type domain.Question is not enhanced.

[2020-03-02 18:24:55 #9 type.registry] 
New type domain.Event

[2020-03-02 18:24:55 #10 type] 
Type domain.Event is not enhanced.

[2020-03-02 18:24:55 #11 type.registry] 
New type java.util.Vector<domain.Question>

[2020-03-02 18:24:55 #12 type.registry] 
New type java.util.ArrayList<java.lang.Object>

[2020-03-02 18:24:55 #13 type.registry] 
New type java.util.Vector<java.lang.Object>

[2020-03-02 18:24:55 #14 store] 
Database 'C:\Users\Usuario\git\Sprint_1\Bets\resources\bets.temp' is closed by 11416@DESKTOP-00OS7EM

[2020-03-02 18:24:57 #15 store] 
Database 'C:\Users\Usuario\git\Sprint_1\Bets\resources\bets.temp' is opened by 11416@DESKTOP-00OS7EM

[2020-03-02 18:24:58 #16 store] 
Database 'C:\Users\Usuario\git\Sprint_1\Bets\resources\bets.temp' is closed by 11416@DESKTOP-00OS7EM

------------------------------------------------------------------------------------------------------------------------

[2020-03-02 19:22:47 #1 store] 
Database 'C:\Users\Usuario\git\Sprint_1\Bets\resources\bets.temp' is opened by 7220@DESKTOP-00OS7EM

[2020-03-02 19:22:47 #2 type.registry] 
New type domain.User

[2020-03-02 19:22:47 #3 type] 
Type domain.User is not enhanced.

[2020-03-02 19:22:47 #4 type.registry] 
New type domain.Bet

[2020-03-02 19:22:47 #5 type.registry] 
New type java.util.ArrayList<domain.Bet>

[2020-03-02 19:22:47 #6 type] 
Type domain.Bet is not enhanced.

[2020-03-02 19:22:47 #7 type.registry] 
New type domain.Question

[2020-03-02 19:22:47 #8 type] 
Type domain.Question is not enhanced.

[2020-03-02 19:22:47 #9 type.registry] 
New type domain.Event

[2020-03-02 19:22:47 #10 type] 
Type domain.Event is not enhanced.

[2020-03-02 19:22:47 #11 type.registry] 
New type java.util.Vector<domain.Question>

[2020-03-02 19:22:47 #12 type.registry] 
New type java.util.ArrayList<java.lang.Object>

[2020-03-02 19:22:47 #13 type.registry] 
New type java.util.Vector<java.lang.Object>

[2020-03-02 19:22:47 #14 store] 
Database 'C:\Users\Usuario\git\Sprint_1\Bets\resources\bets.temp' is closed by 7220@DESKTOP-00OS7EM

------------------------------------------------------------------------------------------------------------------------

[2020-03-02 19:25:47 #1 store] 
Database 'C:\Users\Usuario\git\Sprint_1\Bets\resources\bets.temp' is opened by 13592@DESKTOP-00OS7EM

[2020-03-02 19:25:47 #2 type.registry] 
New type domain.User

[2020-03-02 19:25:47 #3 type] 
Type domain.User is not enhanced.

[2020-03-02 19:25:47 #4 type.registry] 
New type domain.Bet

[2020-03-02 19:25:47 #5 type.registry] 
New type java.util.ArrayList<domain.Bet>

[2020-03-02 19:25:47 #6 type] 
Type domain.Bet is not enhanced.

[2020-03-02 19:25:47 #7 type.registry] 
New type domain.Question

[2020-03-02 19:25:47 #8 type] 
Type domain.Question is not enhanced.

[2020-03-02 19:25:47 #9 type.registry] 
New type domain.Event

[2020-03-02 19:25:47 #10 type] 
Type domain.Event is not enhanced.

[2020-03-02 19:25:47 #11 type.registry] 
New type java.util.Vector<domain.Question>

[2020-03-02 19:25:47 #12 type.registry] 
New type java.util.ArrayList<java.lang.Object>

[2020-03-02 19:25:47 #13 type.registry] 
New type java.util.Vector<java.lang.Object>

[2020-03-02 19:25:47 #14 store] 
Database 'C:\Users\Usuario\git\Sprint_1\Bets\resources\bets.temp' is closed by 13592@DESKTOP-00OS7EM

[2020-03-02 19:25:52 #15 store] 
Database 'C:\Users\Usuario\git\Sprint_1\Bets\resources\bets.temp' is opened by 13592@DESKTOP-00OS7EM

[2020-03-02 19:25:52 #16 store] 
Database 'C:\Users\Usuario\git\Sprint_1\Bets\resources\bets.temp' is closed by 13592@DESKTOP-00OS7EM

[2020-03-02 19:25:54 #17 store] 
Database 'C:\Users\Usuario\git\Sprint_1\Bets\resources\bets.temp' is opened by 13592@DESKTOP-00OS7EM

[2020-03-02 19:25:54 #18 store] 
Database 'C:\Users\Usuario\git\Sprint_1\Bets\resources\bets.temp' is closed by 13592@DESKTOP-00OS7EM

------------------------------------------------------------------------------------------------------------------------

[2020-03-02 19:29:59 #1 store] 
Database 'C:\Users\Usuario\git\Sprint_1\Bets\resources\bets.temp' is opened by 22144@DESKTOP-00OS7EM

[2020-03-02 19:29:59 #2 type.registry] 
New type domain.User

[2020-03-02 19:29:59 #3 type] 
Type domain.User is not enhanced.

[2020-03-02 19:29:59 #4 type.registry] 
New type domain.Bet

[2020-03-02 19:29:59 #5 type.registry] 
New type java.util.ArrayList<domain.Bet>

[2020-03-02 19:29:59 #6 type] 
Type domain.Bet is not enhanced.

[2020-03-02 19:29:59 #7 type.registry] 
New type domain.Question

[2020-03-02 19:29:59 #8 type] 
Type domain.Question is not enhanced.

[2020-03-02 19:29:59 #9 type.registry] 
New type domain.Event

[2020-03-02 19:29:59 #10 type] 
Type domain.Event is not enhanced.

[2020-03-02 19:29:59 #11 type.registry] 
New type java.util.Vector<domain.Question>

[2020-03-02 19:29:59 #12 type.registry] 
New type java.util.ArrayList<java.lang.Object>

[2020-03-02 19:29:59 #13 type.registry] 
New type java.util.Vector<java.lang.Object>

[2020-03-02 19:29:59 #14 store] 
Database 'C:\Users\Usuario\git\Sprint_1\Bets\resources\bets.temp' is closed by 22144@DESKTOP-00OS7EM

------------------------------------------------------------------------------------------------------------------------

[2020-03-02 21:02:35 #1 store] 
Database 'C:\Users\Usuario\git\Sprint_1\Bets\resources\bets.temp' is opened by 11184@DESKTOP-00OS7EM

[2020-03-02 21:02:35 #2 type.registry] 
New type domain.User

[2020-03-02 21:02:35 #3 type] 
Type domain.User is not enhanced.

[2020-03-02 21:02:35 #4 type.registry] 
New type domain.Bet

[2020-03-02 21:02:35 #5 type.registry] 
New type java.util.ArrayList<domain.Bet>

[2020-03-02 21:02:35 #6 type] 
Type domain.Bet is not enhanced.

[2020-03-02 21:02:35 #7 type.registry] 
New type domain.Question

[2020-03-02 21:02:35 #8 type] 
Type domain.Question is not enhanced.

[2020-03-02 21:02:35 #9 type.registry] 
New type domain.Event

[2020-03-02 21:02:35 #10 type] 
Type domain.Event is not enhanced.

[2020-03-02 21:02:35 #11 type.registry] 
New type java.util.Vector<domain.Question>

[2020-03-02 21:02:35 #12 type.registry] 
New type java.util.ArrayList<java.lang.Object>

[2020-03-02 21:02:35 #13 type.registry] 
New type java.util.Vector<java.lang.Object>

[2020-03-02 21:02:35 #14 store] 
Database 'C:\Users\Usuario\git\Sprint_1\Bets\resources\bets.temp' is closed by 11184@DESKTOP-00OS7EM

[2020-03-02 21:02:43 #15 store] 
Database 'C:\Users\Usuario\git\Sprint_1\Bets\resources\bets.temp' is opened by 11184@DESKTOP-00OS7EM

[2020-03-02 21:02:43 #16 store] 
Database 'C:\Users\Usuario\git\Sprint_1\Bets\resources\bets.temp' is closed by 11184@DESKTOP-00OS7EM

[2020-03-02 21:03:10 #17 store] 
Database 'C:\Users\Usuario\git\Sprint_1\Bets\resources\bets.temp' is opened by 11184@DESKTOP-00OS7EM

[2020-03-02 21:03:10 #18 store] 
Database 'C:\Users\Usuario\git\Sprint_1\Bets\resources\bets.temp' is closed by 11184@DESKTOP-00OS7EM

[2020-03-02 21:03:10 #19 store] 
Database 'C:\Users\Usuario\git\Sprint_1\Bets\resources\bets.temp' is opened by 11184@DESKTOP-00OS7EM

[2020-03-02 21:03:10 #20 store] 
Database 'C:\Users\Usuario\git\Sprint_1\Bets\resources\bets.temp' is closed by 11184@DESKTOP-00OS7EM

[2020-03-02 21:03:15 #21 store] 
Database 'C:\Users\Usuario\git\Sprint_1\Bets\resources\bets.temp' is opened by 11184@DESKTOP-00OS7EM

[2020-03-02 21:03:15 #22 store] 
Database 'C:\Users\Usuario\git\Sprint_1\Bets\resources\bets.temp' is closed by 11184@DESKTOP-00OS7EM

[2020-03-02 21:03:15 #23 store] 
Database 'C:\Users\Usuario\git\Sprint_1\Bets\resources\bets.temp' is opened by 11184@DESKTOP-00OS7EM

[2020-03-02 21:03:15 #24 store] 
Database 'C:\Users\Usuario\git\Sprint_1\Bets\resources\bets.temp' is closed by 11184@DESKTOP-00OS7EM

[2020-03-02 21:03:17 #25 store] 
Database 'C:\Users\Usuario\git\Sprint_1\Bets\resources\bets.temp' is opened by 11184@DESKTOP-00OS7EM

[2020-03-02 21:03:17 #26 store] 
Database 'C:\Users\Usuario\git\Sprint_1\Bets\resources\bets.temp' is closed by 11184@DESKTOP-00OS7EM

[2020-03-02 21:03:17 #27 store] 
Database 'C:\Users\Usuario\git\Sprint_1\Bets\resources\bets.temp' is opened by 11184@DESKTOP-00OS7EM

[2020-03-02 21:03:17 #28 store] 
Database 'C:\Users\Usuario\git\Sprint_1\Bets\resources\bets.temp' is closed by 11184@DESKTOP-00OS7EM

[2020-03-02 21:03:22 #29 store] 
Database 'C:\Users\Usuario\git\Sprint_1\Bets\resources\bets.temp' is opened by 11184@DESKTOP-00OS7EM

[2020-03-02 21:03:22 #30 store] 
Database 'C:\Users\Usuario\git\Sprint_1\Bets\resources\bets.temp' is closed by 11184@DESKTOP-00OS7EM

[2020-03-02 21:03:25 #31 store] 
Database 'C:\Users\Usuario\git\Sprint_1\Bets\resources\bets.temp' is opened by 11184@DESKTOP-00OS7EM

[2020-03-02 21:03:25 #32 store] 
Database 'C:\Users\Usuario\git\Sprint_1\Bets\resources\bets.temp' is closed by 11184@DESKTOP-00OS7EM

