------------------------------------------------------------------------------------------------------------------------

[2020-03-09 16:44:13 #1 store] 
Database 'C:\Users\Jon\git\Sprint_2\Sprint_2\resources\bets.temp' is opened by 13884@DESKTOP-6FCSN85

[2020-03-09 16:44:13 #2 type.registry] 
New type domain.User

[2020-03-09 16:44:13 #3 type] 
Type domain.User is not enhanced.

[2020-03-09 16:44:13 #4 type.registry] 
New type domain.Bet

[2020-03-09 16:44:13 #5 type.registry] 
New type java.util.ArrayList<domain.Bet>

[2020-03-09 16:44:13 #6 type.registry] 
New type domain.Nationality

[2020-03-09 16:44:13 #7 type.registry] 
New type domain.Gender

[2020-03-09 16:44:13 #8 type] 
Type domain.Bet is not enhanced.

[2020-03-09 16:44:13 #9 type.registry] 
New type domain.Question

[2020-03-09 16:44:13 #10 type] 
Type domain.Question is not enhanced.

[2020-03-09 16:44:13 #11 type.registry] 
New type int[]

[2020-03-09 16:44:13 #12 type.registry] 
New type java.lang.String[]

[2020-03-09 16:44:13 #13 type.registry] 
New type domain.Event

[2020-03-09 16:44:13 #14 type] 
Type domain.Event is not enhanced.

[2020-03-09 16:44:13 #15 type.registry] 
New type java.util.Vector<domain.Question>

[2020-03-09 16:44:13 #16 type.registry] 
New type java.util.ArrayList<java.lang.Object>

[2020-03-09 16:44:13 #17 type.registry] 
New type java.util.Vector<java.lang.Object>

[2020-03-09 16:44:13 #18 store] 
Database 'C:\Users\Jon\git\Sprint_2\Sprint_2\resources\bets.temp' is closed by 13884@DESKTOP-6FCSN85

[2020-03-09 16:44:20 #19 store] 
Database 'C:\Users\Jon\git\Sprint_2\Sprint_2\resources\bets.temp' is opened by 13884@DESKTOP-6FCSN85

[2020-03-09 16:44:20 #20 store] 
Database 'C:\Users\Jon\git\Sprint_2\Sprint_2\resources\bets.temp' is closed by 13884@DESKTOP-6FCSN85

[2020-03-09 16:44:26 #21 store] 
Database 'C:\Users\Jon\git\Sprint_2\Sprint_2\resources\bets.temp' is opened by 13884@DESKTOP-6FCSN85

[2020-03-09 16:44:26 #22 store] 
Database 'C:\Users\Jon\git\Sprint_2\Sprint_2\resources\bets.temp' is closed by 13884@DESKTOP-6FCSN85

[2020-03-09 16:44:26 #23 store] 
Database 'C:\Users\Jon\git\Sprint_2\Sprint_2\resources\bets.temp' is opened by 13884@DESKTOP-6FCSN85

[2020-03-09 16:44:26 #24 store] 
Database 'C:\Users\Jon\git\Sprint_2\Sprint_2\resources\bets.temp' is closed by 13884@DESKTOP-6FCSN85

[2020-03-09 16:44:42 #25 store] 
Database 'C:\Users\Jon\git\Sprint_2\Sprint_2\resources\bets.temp' is opened by 13884@DESKTOP-6FCSN85

[2020-03-09 16:44:42 #26 store] 
Database 'C:\Users\Jon\git\Sprint_2\Sprint_2\resources\bets.temp' is closed by 13884@DESKTOP-6FCSN85

[2020-03-09 16:44:42 #27 store] 
Database 'C:\Users\Jon\git\Sprint_2\Sprint_2\resources\bets.temp' is opened by 13884@DESKTOP-6FCSN85

[2020-03-09 16:44:42 #28 store] 
Database 'C:\Users\Jon\git\Sprint_2\Sprint_2\resources\bets.temp' is closed by 13884@DESKTOP-6FCSN85

[2020-03-09 16:44:44 #29 store] 
Database 'C:\Users\Jon\git\Sprint_2\Sprint_2\resources\bets.temp' is opened by 13884@DESKTOP-6FCSN85

[2020-03-09 16:44:44 #30 store] 
Database 'C:\Users\Jon\git\Sprint_2\Sprint_2\resources\bets.temp' is closed by 13884@DESKTOP-6FCSN85

[2020-03-09 16:44:44 #31 store] 
Database 'C:\Users\Jon\git\Sprint_2\Sprint_2\resources\bets.temp' is opened by 13884@DESKTOP-6FCSN85

[2020-03-09 16:44:44 #32 store] 
Database 'C:\Users\Jon\git\Sprint_2\Sprint_2\resources\bets.temp' is closed by 13884@DESKTOP-6FCSN85

[2020-03-09 16:44:50 #33 store] 
Database 'C:\Users\Jon\git\Sprint_2\Sprint_2\resources\bets.temp' is opened by 13884@DESKTOP-6FCSN85

[2020-03-09 16:44:50 #34 store] 
Database 'C:\Users\Jon\git\Sprint_2\Sprint_2\resources\bets.temp' is closed by 13884@DESKTOP-6FCSN85

[2020-03-09 16:44:52 #35 store] 
Database 'C:\Users\Jon\git\Sprint_2\Sprint_2\resources\bets.temp' is opened by 13884@DESKTOP-6FCSN85

[2020-03-09 16:44:52 #36 store] 
Database 'C:\Users\Jon\git\Sprint_2\Sprint_2\resources\bets.temp' is closed by 13884@DESKTOP-6FCSN85

[2020-03-09 16:44:52 #37 store] 
Database 'C:\Users\Jon\git\Sprint_2\Sprint_2\resources\bets.temp' is opened by 13884@DESKTOP-6FCSN85

[2020-03-09 16:44:52 #38 store] 
Database 'C:\Users\Jon\git\Sprint_2\Sprint_2\resources\bets.temp' is closed by 13884@DESKTOP-6FCSN85

[2020-03-09 16:44:57 #39 store] 
Database 'C:\Users\Jon\git\Sprint_2\Sprint_2\resources\bets.temp' is opened by 13884@DESKTOP-6FCSN85

[2020-03-09 16:44:57 #40 store] 
Database 'C:\Users\Jon\git\Sprint_2\Sprint_2\resources\bets.temp' is closed by 13884@DESKTOP-6FCSN85

[2020-03-09 16:44:58 #41 store] 
Database 'C:\Users\Jon\git\Sprint_2\Sprint_2\resources\bets.temp' is opened by 13884@DESKTOP-6FCSN85

[2020-03-09 16:44:58 #42 store] 
Database 'C:\Users\Jon\git\Sprint_2\Sprint_2\resources\bets.temp' is closed by 13884@DESKTOP-6FCSN85

[2020-03-09 16:44:58 #43 store] 
Database 'C:\Users\Jon\git\Sprint_2\Sprint_2\resources\bets.temp' is opened by 13884@DESKTOP-6FCSN85

[2020-03-09 16:44:58 #44 store] 
Database 'C:\Users\Jon\git\Sprint_2\Sprint_2\resources\bets.temp' is closed by 13884@DESKTOP-6FCSN85

[2020-03-09 16:45:06 #45 store] 
Database 'C:\Users\Jon\git\Sprint_2\Sprint_2\resources\bets.temp' is opened by 13884@DESKTOP-6FCSN85

[2020-03-09 16:45:06 #46 store] 
Database 'C:\Users\Jon\git\Sprint_2\Sprint_2\resources\bets.temp' is closed by 13884@DESKTOP-6FCSN85

[2020-03-09 16:45:06 #47 store] 
Database 'C:\Users\Jon\git\Sprint_2\Sprint_2\resources\bets.temp' is opened by 13884@DESKTOP-6FCSN85

[2020-03-09 16:45:06 #48 store] 
Database 'C:\Users\Jon\git\Sprint_2\Sprint_2\resources\bets.temp' is closed by 13884@DESKTOP-6FCSN85

[2020-03-09 16:45:06 #49 store] 
Database 'C:\Users\Jon\git\Sprint_2\Sprint_2\resources\bets.temp' is opened by 13884@DESKTOP-6FCSN85

[2020-03-09 16:45:06 #50 store] 
Database 'C:\Users\Jon\git\Sprint_2\Sprint_2\resources\bets.temp' is closed by 13884@DESKTOP-6FCSN85

[2020-03-09 16:45:10 #51 store] 
Database 'C:\Users\Jon\git\Sprint_2\Sprint_2\resources\bets.temp' is opened by 13884@DESKTOP-6FCSN85

[2020-03-09 16:45:10 #52 store] 
Database 'C:\Users\Jon\git\Sprint_2\Sprint_2\resources\bets.temp' is closed by 13884@DESKTOP-6FCSN85

[2020-03-09 16:45:15 #53 store] 
Database 'C:\Users\Jon\git\Sprint_2\Sprint_2\resources\bets.temp' is opened by 13884@DESKTOP-6FCSN85

[2020-03-09 16:45:15 #54 store] 
Database 'C:\Users\Jon\git\Sprint_2\Sprint_2\resources\bets.temp' is closed by 13884@DESKTOP-6FCSN85

[2020-03-09 16:45:16 #55 store] 
Database 'C:\Users\Jon\git\Sprint_2\Sprint_2\resources\bets.temp' is opened by 13884@DESKTOP-6FCSN85

[2020-03-09 16:45:16 #56 store] 
Database 'C:\Users\Jon\git\Sprint_2\Sprint_2\resources\bets.temp' is closed by 13884@DESKTOP-6FCSN85

------------------------------------------------------------------------------------------------------------------------

[2020-03-09 17:24:55 #1 store] 
Database 'C:\Users\Jon\git\Sprint_2\Sprint_2\resources\bets.temp' is opened by 12092@DESKTOP-6FCSN85

[2020-03-09 17:24:55 #2 type.registry] 
New type domain.User

[2020-03-09 17:24:55 #3 type] 
Type domain.User is not enhanced.

[2020-03-09 17:24:55 #4 type.registry] 
New type domain.Bet

[2020-03-09 17:24:55 #5 type.registry] 
New type java.util.ArrayList<domain.Bet>

[2020-03-09 17:24:55 #6 type.registry] 
New type domain.Nationality

[2020-03-09 17:24:55 #7 type.registry] 
New type domain.Gender

[2020-03-09 17:24:55 #8 type] 
Type domain.Bet is not enhanced.

[2020-03-09 17:24:55 #9 type.registry] 
New type domain.Question

[2020-03-09 17:24:55 #10 type] 
Type domain.Question is not enhanced.

[2020-03-09 17:24:55 #11 type.registry] 
New type int[]

[2020-03-09 17:24:55 #12 type.registry] 
New type java.lang.String[]

[2020-03-09 17:24:55 #13 type.registry] 
New type domain.Event

[2020-03-09 17:24:55 #14 type] 
Type domain.Event is not enhanced.

[2020-03-09 17:24:55 #15 type.registry] 
New type java.util.Vector<domain.Question>

[2020-03-09 17:24:55 #16 type.registry] 
New type java.util.ArrayList<java.lang.Object>

[2020-03-09 17:24:55 #17 type.registry] 
New type java.util.Vector<java.lang.Object>

[2020-03-09 17:24:55 #18 store] 
Database 'C:\Users\Jon\git\Sprint_2\Sprint_2\resources\bets.temp' is closed by 12092@DESKTOP-6FCSN85

[2020-03-09 17:25:19 #19 store] 
Database 'C:\Users\Jon\git\Sprint_2\Sprint_2\resources\bets.temp' is opened by 12092@DESKTOP-6FCSN85

[2020-03-09 17:25:19 #20 store] 
Database 'C:\Users\Jon\git\Sprint_2\Sprint_2\resources\bets.temp' is closed by 12092@DESKTOP-6FCSN85

[2020-03-09 17:25:28 #21 store] 
Database 'C:\Users\Jon\git\Sprint_2\Sprint_2\resources\bets.temp' is opened by 12092@DESKTOP-6FCSN85

[2020-03-09 17:25:28 #22 store] 
Database 'C:\Users\Jon\git\Sprint_2\Sprint_2\resources\bets.temp' is closed by 12092@DESKTOP-6FCSN85

[2020-03-09 17:25:28 #23 store] 
Database 'C:\Users\Jon\git\Sprint_2\Sprint_2\resources\bets.temp' is opened by 12092@DESKTOP-6FCSN85

[2020-03-09 17:25:28 #24 store] 
Database 'C:\Users\Jon\git\Sprint_2\Sprint_2\resources\bets.temp' is closed by 12092@DESKTOP-6FCSN85

[2020-03-09 17:26:09 #25 store] 
Database 'C:\Users\Jon\git\Sprint_2\Sprint_2\resources\bets.temp' is opened by 12092@DESKTOP-6FCSN85

[2020-03-09 17:26:09 #26 store] 
Database 'C:\Users\Jon\git\Sprint_2\Sprint_2\resources\bets.temp' is closed by 12092@DESKTOP-6FCSN85

[2020-03-09 17:26:09 #27 store] 
Database 'C:\Users\Jon\git\Sprint_2\Sprint_2\resources\bets.temp' is opened by 12092@DESKTOP-6FCSN85

[2020-03-09 17:26:09 #28 store] 
Database 'C:\Users\Jon\git\Sprint_2\Sprint_2\resources\bets.temp' is closed by 12092@DESKTOP-6FCSN85

[2020-03-09 17:26:16 #29 store] 
Database 'C:\Users\Jon\git\Sprint_2\Sprint_2\resources\bets.temp' is opened by 12092@DESKTOP-6FCSN85

[2020-03-09 17:26:16 #30 store] 
Database 'C:\Users\Jon\git\Sprint_2\Sprint_2\resources\bets.temp' is closed by 12092@DESKTOP-6FCSN85

[2020-03-09 17:27:00 #31 store] 
Database 'C:\Users\Jon\git\Sprint_2\Sprint_2\resources\bets.temp' is opened by 12092@DESKTOP-6FCSN85

[2020-03-09 17:27:00 #32 store] 
Database 'C:\Users\Jon\git\Sprint_2\Sprint_2\resources\bets.temp' is closed by 12092@DESKTOP-6FCSN85

[2020-03-09 17:27:06 #33 store] 
Database 'C:\Users\Jon\git\Sprint_2\Sprint_2\resources\bets.temp' is opened by 12092@DESKTOP-6FCSN85

[2020-03-09 17:27:06 #34 store] 
Database 'C:\Users\Jon\git\Sprint_2\Sprint_2\resources\bets.temp' is closed by 12092@DESKTOP-6FCSN85

[2020-03-09 17:27:06 #35 store] 
Database 'C:\Users\Jon\git\Sprint_2\Sprint_2\resources\bets.temp' is opened by 12092@DESKTOP-6FCSN85

[2020-03-09 17:27:06 #36 store] 
Database 'C:\Users\Jon\git\Sprint_2\Sprint_2\resources\bets.temp' is closed by 12092@DESKTOP-6FCSN85

[2020-03-09 17:27:17 #37 store] 
Database 'C:\Users\Jon\git\Sprint_2\Sprint_2\resources\bets.temp' is opened by 12092@DESKTOP-6FCSN85

[2020-03-09 17:27:17 #38 store] 
Database 'C:\Users\Jon\git\Sprint_2\Sprint_2\resources\bets.temp' is closed by 12092@DESKTOP-6FCSN85

[2020-03-09 17:27:17 #39 store] 
Database 'C:\Users\Jon\git\Sprint_2\Sprint_2\resources\bets.temp' is opened by 12092@DESKTOP-6FCSN85

[2020-03-09 17:27:17 #40 store] 
Database 'C:\Users\Jon\git\Sprint_2\Sprint_2\resources\bets.temp' is closed by 12092@DESKTOP-6FCSN85

[2020-03-09 17:27:22 #41 store] 
Database 'C:\Users\Jon\git\Sprint_2\Sprint_2\resources\bets.temp' is opened by 12092@DESKTOP-6FCSN85

[2020-03-09 17:27:22 #42 store] 
Database 'C:\Users\Jon\git\Sprint_2\Sprint_2\resources\bets.temp' is closed by 12092@DESKTOP-6FCSN85

[2020-03-09 17:27:22 #43 store] 
Database 'C:\Users\Jon\git\Sprint_2\Sprint_2\resources\bets.temp' is opened by 12092@DESKTOP-6FCSN85

[2020-03-09 17:27:22 #44 store] 
Database 'C:\Users\Jon\git\Sprint_2\Sprint_2\resources\bets.temp' is closed by 12092@DESKTOP-6FCSN85

[2020-03-09 18:23:52 #45 store] 
Database 'C:\Users\Jon\git\Sprint_2\Sprint_2\resources\bets.temp' is opened by 12092@DESKTOP-6FCSN85

[2020-03-09 18:23:52 #46 store] 
Database 'C:\Users\Jon\git\Sprint_2\Sprint_2\resources\bets.temp' is closed by 12092@DESKTOP-6FCSN85

------------------------------------------------------------------------------------------------------------------------

[2020-03-09 18:36:59 #1 store] 
Database 'C:\Users\Jon\git\Sprint_2\Sprint_2\resources\bets.temp' is opened by 12920@DESKTOP-6FCSN85

[2020-03-09 18:36:59 #2 type.registry] 
New type domain.User

[2020-03-09 18:36:59 #3 type] 
Type domain.User is not enhanced.

[2020-03-09 18:36:59 #4 type.registry] 
New type domain.Bet

[2020-03-09 18:36:59 #5 type.registry] 
New type java.util.ArrayList<domain.Bet>

[2020-03-09 18:36:59 #6 type.registry] 
New type domain.Nationality

[2020-03-09 18:36:59 #7 type.registry] 
New type domain.Gender

[2020-03-09 18:36:59 #8 type] 
Type domain.Bet is not enhanced.

[2020-03-09 18:36:59 #9 type.registry] 
New type domain.Question

[2020-03-09 18:36:59 #10 type] 
Type domain.Question is not enhanced.

[2020-03-09 18:36:59 #11 type.registry] 
New type int[]

[2020-03-09 18:36:59 #12 type.registry] 
New type java.lang.String[]

[2020-03-09 18:36:59 #13 type.registry] 
New type domain.Event

[2020-03-09 18:36:59 #14 type] 
Type domain.Event is not enhanced.

[2020-03-09 18:36:59 #15 type.registry] 
New type java.util.Vector<domain.Question>

[2020-03-09 18:36:59 #16 type.registry] 
New type java.util.ArrayList<java.lang.Object>

[2020-03-09 18:36:59 #17 type.registry] 
New type java.util.Vector<java.lang.Object>

[2020-03-09 18:36:59 #18 store] 
Database 'C:\Users\Jon\git\Sprint_2\Sprint_2\resources\bets.temp' is closed by 12920@DESKTOP-6FCSN85

[2020-03-09 18:37:03 #19 store] 
Database 'C:\Users\Jon\git\Sprint_2\Sprint_2\resources\bets.temp' is opened by 12920@DESKTOP-6FCSN85

[2020-03-09 18:37:03 #20 store] 
Database 'C:\Users\Jon\git\Sprint_2\Sprint_2\resources\bets.temp' is closed by 12920@DESKTOP-6FCSN85

------------------------------------------------------------------------------------------------------------------------

[2020-03-09 18:37:38 #1 store] 
Database 'C:\Users\Jon\git\Sprint_2\Sprint_2\resources\bets.temp' is opened by 12012@DESKTOP-6FCSN85

[2020-03-09 18:37:38 #2 type.registry] 
New type domain.User

[2020-03-09 18:37:38 #3 type] 
Type domain.User is not enhanced.

[2020-03-09 18:37:38 #4 type.registry] 
New type domain.Bet

[2020-03-09 18:37:38 #5 type.registry] 
New type java.util.ArrayList<domain.Bet>

[2020-03-09 18:37:38 #6 type.registry] 
New type domain.Nationality

[2020-03-09 18:37:38 #7 type.registry] 
New type domain.Gender

[2020-03-09 18:37:38 #8 type] 
Type domain.Bet is not enhanced.

[2020-03-09 18:37:38 #9 type.registry] 
New type domain.Question

[2020-03-09 18:37:38 #10 type] 
Type domain.Question is not enhanced.

[2020-03-09 18:37:38 #11 type.registry] 
New type int[]

[2020-03-09 18:37:38 #12 type.registry] 
New type java.lang.String[]

[2020-03-09 18:37:38 #13 type.registry] 
New type domain.Event

[2020-03-09 18:37:38 #14 type] 
Type domain.Event is not enhanced.

[2020-03-09 18:37:38 #15 type.registry] 
New type java.util.Vector<domain.Question>

[2020-03-09 18:37:38 #16 type.registry] 
New type java.util.ArrayList<java.lang.Object>

[2020-03-09 18:37:38 #17 type.registry] 
New type java.util.Vector<java.lang.Object>

[2020-03-09 18:37:38 #18 store] 
Database 'C:\Users\Jon\git\Sprint_2\Sprint_2\resources\bets.temp' is closed by 12012@DESKTOP-6FCSN85

[2020-03-09 18:37:41 #19 store] 
Database 'C:\Users\Jon\git\Sprint_2\Sprint_2\resources\bets.temp' is opened by 12012@DESKTOP-6FCSN85

[2020-03-09 18:37:41 #20 store] 
Database 'C:\Users\Jon\git\Sprint_2\Sprint_2\resources\bets.temp' is closed by 12012@DESKTOP-6FCSN85

------------------------------------------------------------------------------------------------------------------------

[2020-03-09 18:38:28 #1 store] 
Database 'C:\Users\Jon\git\Sprint_2\Sprint_2\resources\bets.temp' is opened by 9100@DESKTOP-6FCSN85

[2020-03-09 18:38:28 #2 type.registry] 
New type domain.User

[2020-03-09 18:38:28 #3 type] 
Type domain.User is not enhanced.

[2020-03-09 18:38:28 #4 type.registry] 
New type domain.Bet

[2020-03-09 18:38:28 #5 type.registry] 
New type java.util.ArrayList<domain.Bet>

[2020-03-09 18:38:28 #6 type.registry] 
New type domain.Nationality

[2020-03-09 18:38:28 #7 type.registry] 
New type domain.Gender

[2020-03-09 18:38:28 #8 type] 
Type domain.Bet is not enhanced.

[2020-03-09 18:38:28 #9 type.registry] 
New type domain.Question

[2020-03-09 18:38:28 #10 type] 
Type domain.Question is not enhanced.

[2020-03-09 18:38:28 #11 type.registry] 
New type int[]

[2020-03-09 18:38:28 #12 type.registry] 
New type java.lang.String[]

[2020-03-09 18:38:28 #13 type.registry] 
New type domain.Event

[2020-03-09 18:38:28 #14 type] 
Type domain.Event is not enhanced.

[2020-03-09 18:38:28 #15 type.registry] 
New type java.util.Vector<domain.Question>

[2020-03-09 18:38:28 #16 type.registry] 
New type java.util.ArrayList<java.lang.Object>

[2020-03-09 18:38:28 #17 type.registry] 
New type java.util.Vector<java.lang.Object>

[2020-03-09 18:38:28 #18 store] 
Database 'C:\Users\Jon\git\Sprint_2\Sprint_2\resources\bets.temp' is closed by 9100@DESKTOP-6FCSN85

[2020-03-09 18:38:30 #19 store] 
Database 'C:\Users\Jon\git\Sprint_2\Sprint_2\resources\bets.temp' is opened by 9100@DESKTOP-6FCSN85

[2020-03-09 18:38:30 #20 store] 
Database 'C:\Users\Jon\git\Sprint_2\Sprint_2\resources\bets.temp' is closed by 9100@DESKTOP-6FCSN85

------------------------------------------------------------------------------------------------------------------------

[2020-03-09 18:38:45 #1 store] 
Database 'C:\Users\Jon\git\Sprint_2\Sprint_2\resources\bets.temp' is opened by 4652@DESKTOP-6FCSN85

[2020-03-09 18:38:45 #2 type.registry] 
New type domain.User

[2020-03-09 18:38:45 #3 type] 
Type domain.User is not enhanced.

[2020-03-09 18:38:45 #4 type.registry] 
New type domain.Bet

[2020-03-09 18:38:45 #5 type.registry] 
New type java.util.ArrayList<domain.Bet>

[2020-03-09 18:38:45 #6 type.registry] 
New type domain.Nationality

[2020-03-09 18:38:45 #7 type.registry] 
New type domain.Gender

[2020-03-09 18:38:45 #8 type] 
Type domain.Bet is not enhanced.

[2020-03-09 18:38:45 #9 type.registry] 
New type domain.Question

[2020-03-09 18:38:45 #10 type] 
Type domain.Question is not enhanced.

[2020-03-09 18:38:45 #11 type.registry] 
New type int[]

[2020-03-09 18:38:45 #12 type.registry] 
New type java.lang.String[]

[2020-03-09 18:38:45 #13 type.registry] 
New type domain.Event

[2020-03-09 18:38:45 #14 type] 
Type domain.Event is not enhanced.

[2020-03-09 18:38:45 #15 type.registry] 
New type java.util.Vector<domain.Question>

[2020-03-09 18:38:45 #16 type.registry] 
New type java.util.ArrayList<java.lang.Object>

[2020-03-09 18:38:45 #17 type.registry] 
New type java.util.Vector<java.lang.Object>

[2020-03-09 18:38:45 #18 store] 
Database 'C:\Users\Jon\git\Sprint_2\Sprint_2\resources\bets.temp' is closed by 4652@DESKTOP-6FCSN85

[2020-03-09 18:38:49 #19 store] 
Database 'C:\Users\Jon\git\Sprint_2\Sprint_2\resources\bets.temp' is opened by 4652@DESKTOP-6FCSN85

[2020-03-09 18:38:49 #20 store] 
Database 'C:\Users\Jon\git\Sprint_2\Sprint_2\resources\bets.temp' is closed by 4652@DESKTOP-6FCSN85

[2020-03-09 18:38:50 #21 store] 
Database 'C:\Users\Jon\git\Sprint_2\Sprint_2\resources\bets.temp' is opened by 4652@DESKTOP-6FCSN85

[2020-03-09 18:38:50 #22 store] 
Database 'C:\Users\Jon\git\Sprint_2\Sprint_2\resources\bets.temp' is closed by 4652@DESKTOP-6FCSN85

------------------------------------------------------------------------------------------------------------------------

[2020-03-09 18:39:05 #1 store] 
Database 'C:\Users\Jon\git\Sprint_2\Sprint_2\resources\bets.temp' is opened by 2808@DESKTOP-6FCSN85

[2020-03-09 18:39:05 #2 type.registry] 
New type domain.User

[2020-03-09 18:39:05 #3 type] 
Type domain.User is not enhanced.

[2020-03-09 18:39:05 #4 type.registry] 
New type domain.Bet

[2020-03-09 18:39:05 #5 type.registry] 
New type java.util.ArrayList<domain.Bet>

[2020-03-09 18:39:05 #6 type.registry] 
New type domain.Nationality

[2020-03-09 18:39:05 #7 type.registry] 
New type domain.Gender

[2020-03-09 18:39:05 #8 type] 
Type domain.Bet is not enhanced.

[2020-03-09 18:39:05 #9 type.registry] 
New type domain.Question

[2020-03-09 18:39:05 #10 type] 
Type domain.Question is not enhanced.

[2020-03-09 18:39:05 #11 type.registry] 
New type int[]

[2020-03-09 18:39:05 #12 type.registry] 
New type java.lang.String[]

[2020-03-09 18:39:05 #13 type.registry] 
New type domain.Event

[2020-03-09 18:39:05 #14 type] 
Type domain.Event is not enhanced.

[2020-03-09 18:39:05 #15 type.registry] 
New type java.util.Vector<domain.Question>

[2020-03-09 18:39:05 #16 type.registry] 
New type java.util.ArrayList<java.lang.Object>

[2020-03-09 18:39:05 #17 type.registry] 
New type java.util.Vector<java.lang.Object>

[2020-03-09 18:39:05 #18 store] 
Database 'C:\Users\Jon\git\Sprint_2\Sprint_2\resources\bets.temp' is closed by 2808@DESKTOP-6FCSN85

[2020-03-09 18:39:07 #19 store] 
Database 'C:\Users\Jon\git\Sprint_2\Sprint_2\resources\bets.temp' is opened by 2808@DESKTOP-6FCSN85

[2020-03-09 18:39:07 #20 store] 
Database 'C:\Users\Jon\git\Sprint_2\Sprint_2\resources\bets.temp' is closed by 2808@DESKTOP-6FCSN85

[2020-03-09 18:39:09 #21 store] 
Database 'C:\Users\Jon\git\Sprint_2\Sprint_2\resources\bets.temp' is opened by 2808@DESKTOP-6FCSN85

[2020-03-09 18:39:09 #22 store] 
Database 'C:\Users\Jon\git\Sprint_2\Sprint_2\resources\bets.temp' is closed by 2808@DESKTOP-6FCSN85

------------------------------------------------------------------------------------------------------------------------

[2020-03-09 18:44:38 #1 store] 
Database 'C:\Users\Jon\git\Sprint_2\Sprint_2\resources\bets.temp' is opened by 1616@DESKTOP-6FCSN85

[2020-03-09 18:44:38 #2 type.registry] 
New type domain.User

[2020-03-09 18:44:38 #3 type] 
Type domain.User is not enhanced.

[2020-03-09 18:44:38 #4 type.registry] 
New type domain.Bet

[2020-03-09 18:44:38 #5 type.registry] 
New type java.util.ArrayList<domain.Bet>

[2020-03-09 18:44:38 #6 type.registry] 
New type domain.Nationality

[2020-03-09 18:44:38 #7 type.registry] 
New type domain.Gender

[2020-03-09 18:44:38 #8 type] 
Type domain.Bet is not enhanced.

[2020-03-09 18:44:38 #9 type.registry] 
New type domain.Question

[2020-03-09 18:44:38 #10 type] 
Type domain.Question is not enhanced.

[2020-03-09 18:44:38 #11 type.registry] 
New type int[]

[2020-03-09 18:44:38 #12 type.registry] 
New type java.lang.String[]

[2020-03-09 18:44:38 #13 type.registry] 
New type domain.Event

[2020-03-09 18:44:38 #14 type] 
Type domain.Event is not enhanced.

[2020-03-09 18:44:38 #15 type.registry] 
New type java.util.Vector<domain.Question>

[2020-03-09 18:44:38 #16 type.registry] 
New type java.util.ArrayList<java.lang.Object>

[2020-03-09 18:44:38 #17 type.registry] 
New type java.util.Vector<java.lang.Object>

[2020-03-09 18:44:38 #18 store] 
Database 'C:\Users\Jon\git\Sprint_2\Sprint_2\resources\bets.temp' is closed by 1616@DESKTOP-6FCSN85

------------------------------------------------------------------------------------------------------------------------

[2020-03-09 18:45:07 #1 store] 
Database 'C:\Users\Jon\git\Sprint_2\Sprint_2\resources\bets.temp' is opened by 13648@DESKTOP-6FCSN85

[2020-03-09 18:45:07 #2 type.registry] 
New type domain.User

[2020-03-09 18:45:07 #3 type] 
Type domain.User is not enhanced.

[2020-03-09 18:45:07 #4 type.registry] 
New type domain.Bet

[2020-03-09 18:45:07 #5 type.registry] 
New type java.util.ArrayList<domain.Bet>

[2020-03-09 18:45:07 #6 type.registry] 
New type domain.Nationality

[2020-03-09 18:45:07 #7 type.registry] 
New type domain.Gender

[2020-03-09 18:45:07 #8 type] 
Type domain.Bet is not enhanced.

[2020-03-09 18:45:07 #9 type.registry] 
New type domain.Question

[2020-03-09 18:45:07 #10 type] 
Type domain.Question is not enhanced.

[2020-03-09 18:45:07 #11 type.registry] 
New type int[]

[2020-03-09 18:45:07 #12 type.registry] 
New type java.lang.String[]

[2020-03-09 18:45:07 #13 type.registry] 
New type domain.Event

[2020-03-09 18:45:07 #14 type] 
Type domain.Event is not enhanced.

[2020-03-09 18:45:07 #15 type.registry] 
New type java.util.Vector<domain.Question>

[2020-03-09 18:45:07 #16 type.registry] 
New type java.util.ArrayList<java.lang.Object>

[2020-03-09 18:45:07 #17 type.registry] 
New type java.util.Vector<java.lang.Object>

[2020-03-09 18:45:07 #18 store] 
Database 'C:\Users\Jon\git\Sprint_2\Sprint_2\resources\bets.temp' is closed by 13648@DESKTOP-6FCSN85

[2020-03-09 18:45:10 #19 store] 
Database 'C:\Users\Jon\git\Sprint_2\Sprint_2\resources\bets.temp' is opened by 13648@DESKTOP-6FCSN85

[2020-03-09 18:45:10 #20 store] 
Database 'C:\Users\Jon\git\Sprint_2\Sprint_2\resources\bets.temp' is closed by 13648@DESKTOP-6FCSN85

[2020-03-09 18:45:11 #21 store] 
Database 'C:\Users\Jon\git\Sprint_2\Sprint_2\resources\bets.temp' is opened by 13648@DESKTOP-6FCSN85

[2020-03-09 18:45:12 #22 store] 
Database 'C:\Users\Jon\git\Sprint_2\Sprint_2\resources\bets.temp' is closed by 13648@DESKTOP-6FCSN85

------------------------------------------------------------------------------------------------------------------------

[2020-03-09 18:55:12 #1 store] 
Database 'C:\Users\Jon\git\Sprint_2\Sprint_2\resources\bets.temp' is opened by 2144@DESKTOP-6FCSN85

[2020-03-09 18:55:12 #2 type.registry] 
New type domain.User

[2020-03-09 18:55:12 #3 type] 
Type domain.User is not enhanced.

[2020-03-09 18:55:12 #4 type.registry] 
New type domain.Bet

[2020-03-09 18:55:12 #5 type.registry] 
New type java.util.ArrayList<domain.Bet>

[2020-03-09 18:55:12 #6 type.registry] 
New type domain.Nationality

[2020-03-09 18:55:12 #7 type.registry] 
New type domain.Gender

[2020-03-09 18:55:12 #8 type] 
Type domain.Bet is not enhanced.

[2020-03-09 18:55:12 #9 type.registry] 
New type domain.Question

[2020-03-09 18:55:12 #10 type] 
Type domain.Question is not enhanced.

[2020-03-09 18:55:12 #11 type.registry] 
New type int[]

[2020-03-09 18:55:12 #12 type.registry] 
New type java.lang.String[]

[2020-03-09 18:55:12 #13 type.registry] 
New type domain.Event

[2020-03-09 18:55:12 #14 type] 
Type domain.Event is not enhanced.

[2020-03-09 18:55:12 #15 type.registry] 
New type java.util.Vector<domain.Question>

[2020-03-09 18:55:12 #16 type.registry] 
New type java.util.ArrayList<java.lang.Object>

[2020-03-09 18:55:12 #17 type.registry] 
New type java.util.Vector<java.lang.Object>

[2020-03-09 18:55:12 #18 store] 
Database 'C:\Users\Jon\git\Sprint_2\Sprint_2\resources\bets.temp' is closed by 2144@DESKTOP-6FCSN85

[2020-03-09 18:55:15 #19 store] 
Database 'C:\Users\Jon\git\Sprint_2\Sprint_2\resources\bets.temp' is opened by 2144@DESKTOP-6FCSN85

[2020-03-09 18:55:15 #20 store] 
Database 'C:\Users\Jon\git\Sprint_2\Sprint_2\resources\bets.temp' is closed by 2144@DESKTOP-6FCSN85

[2020-03-09 18:55:18 #21 store] 
Database 'C:\Users\Jon\git\Sprint_2\Sprint_2\resources\bets.temp' is opened by 2144@DESKTOP-6FCSN85

[2020-03-09 18:55:18 #22 store] 
Database 'C:\Users\Jon\git\Sprint_2\Sprint_2\resources\bets.temp' is closed by 2144@DESKTOP-6FCSN85

[2020-03-09 18:55:29 #23 store] 
Database 'C:\Users\Jon\git\Sprint_2\Sprint_2\resources\bets.temp' is opened by 2144@DESKTOP-6FCSN85

------------------------------------------------------------------------------------------------------------------------

[2020-03-09 18:55:51 #1 store] 
Database 'C:\Users\Jon\git\Sprint_2\Sprint_2\resources\bets.temp' is opened by 6500@DESKTOP-6FCSN85

[2020-03-09 18:55:51 #2 type.registry] 
New type domain.User

[2020-03-09 18:55:51 #3 type] 
Type domain.User is not enhanced.

[2020-03-09 18:55:51 #4 type.registry] 
New type domain.Bet

[2020-03-09 18:55:51 #5 type.registry] 
New type java.util.ArrayList<domain.Bet>

[2020-03-09 18:55:51 #6 type.registry] 
New type domain.Nationality

[2020-03-09 18:55:51 #7 type.registry] 
New type domain.Gender

[2020-03-09 18:55:51 #8 type] 
Type domain.Bet is not enhanced.

[2020-03-09 18:55:51 #9 type.registry] 
New type domain.Question

[2020-03-09 18:55:51 #10 type] 
Type domain.Question is not enhanced.

[2020-03-09 18:55:51 #11 type.registry] 
New type int[]

[2020-03-09 18:55:51 #12 type.registry] 
New type java.lang.String[]

[2020-03-09 18:55:51 #13 type.registry] 
New type domain.Event

[2020-03-09 18:55:51 #14 type] 
Type domain.Event is not enhanced.

[2020-03-09 18:55:51 #15 type.registry] 
New type java.util.Vector<domain.Question>

[2020-03-09 18:55:51 #16 type.registry] 
New type java.util.ArrayList<java.lang.Object>

[2020-03-09 18:55:51 #17 type.registry] 
New type java.util.Vector<java.lang.Object>

[2020-03-09 18:55:51 #18 store] 
Database 'C:\Users\Jon\git\Sprint_2\Sprint_2\resources\bets.temp' is closed by 6500@DESKTOP-6FCSN85

[2020-03-09 18:55:54 #19 store] 
Database 'C:\Users\Jon\git\Sprint_2\Sprint_2\resources\bets.temp' is opened by 6500@DESKTOP-6FCSN85

[2020-03-09 18:55:54 #20 store] 
Database 'C:\Users\Jon\git\Sprint_2\Sprint_2\resources\bets.temp' is closed by 6500@DESKTOP-6FCSN85

[2020-03-09 18:55:56 #21 store] 
Database 'C:\Users\Jon\git\Sprint_2\Sprint_2\resources\bets.temp' is opened by 6500@DESKTOP-6FCSN85

[2020-03-09 18:55:56 #22 store] 
Database 'C:\Users\Jon\git\Sprint_2\Sprint_2\resources\bets.temp' is closed by 6500@DESKTOP-6FCSN85

[2020-03-09 18:56:09 #23 store] 
Database 'C:\Users\Jon\git\Sprint_2\Sprint_2\resources\bets.temp' is opened by 6500@DESKTOP-6FCSN85

[2020-03-09 18:56:09 #24 store] 
Database 'C:\Users\Jon\git\Sprint_2\Sprint_2\resources\bets.temp' is closed by 6500@DESKTOP-6FCSN85

[2020-03-09 18:56:09 #25 store] 
Database 'C:\Users\Jon\git\Sprint_2\Sprint_2\resources\bets.temp' is opened by 6500@DESKTOP-6FCSN85

[2020-03-09 18:56:09 #26 store] 
Database 'C:\Users\Jon\git\Sprint_2\Sprint_2\resources\bets.temp' is closed by 6500@DESKTOP-6FCSN85

[2020-03-09 18:56:10 #27 store] 
Database 'C:\Users\Jon\git\Sprint_2\Sprint_2\resources\bets.temp' is opened by 6500@DESKTOP-6FCSN85

[2020-03-09 18:56:10 #28 store] 
Database 'C:\Users\Jon\git\Sprint_2\Sprint_2\resources\bets.temp' is closed by 6500@DESKTOP-6FCSN85

[2020-03-09 18:56:10 #29 store] 
Database 'C:\Users\Jon\git\Sprint_2\Sprint_2\resources\bets.temp' is opened by 6500@DESKTOP-6FCSN85

[2020-03-09 18:56:10 #30 store] 
Database 'C:\Users\Jon\git\Sprint_2\Sprint_2\resources\bets.temp' is closed by 6500@DESKTOP-6FCSN85

[2020-03-09 18:56:18 #31 store] 
Database 'C:\Users\Jon\git\Sprint_2\Sprint_2\resources\bets.temp' is opened by 6500@DESKTOP-6FCSN85

[2020-03-09 18:56:18 #32 store] 
Database 'C:\Users\Jon\git\Sprint_2\Sprint_2\resources\bets.temp' is closed by 6500@DESKTOP-6FCSN85

------------------------------------------------------------------------------------------------------------------------

[2020-03-09 19:00:22 #1 store] 
Database 'C:\Users\Jon\git\Sprint_2\Sprint_2\resources\bets.temp' is opened by 9888@DESKTOP-6FCSN85

[2020-03-09 19:00:22 #2 type.registry] 
New type domain.User

[2020-03-09 19:00:22 #3 type] 
Type domain.User is not enhanced.

[2020-03-09 19:00:22 #4 type.registry] 
New type domain.Bet

[2020-03-09 19:00:22 #5 type.registry] 
New type java.util.ArrayList<domain.Bet>

[2020-03-09 19:00:22 #6 type.registry] 
New type domain.Nationality

[2020-03-09 19:00:22 #7 type.registry] 
New type domain.Gender

[2020-03-09 19:00:22 #8 type] 
Type domain.Bet is not enhanced.

[2020-03-09 19:00:22 #9 type.registry] 
New type domain.Question

[2020-03-09 19:00:22 #10 type] 
Type domain.Question is not enhanced.

[2020-03-09 19:00:22 #11 type.registry] 
New type float[]

[2020-03-09 19:00:22 #12 type.registry] 
New type java.lang.String[]

[2020-03-09 19:00:22 #13 type.registry] 
New type domain.Event

[2020-03-09 19:00:22 #14 type] 
Type domain.Event is not enhanced.

[2020-03-09 19:00:22 #15 type.registry] 
New type java.util.Vector<domain.Question>

[2020-03-09 19:00:22 #16 type.registry] 
New type java.util.ArrayList<java.lang.Object>

[2020-03-09 19:00:22 #17 type.registry] 
New type java.util.Vector<java.lang.Object>

[2020-03-09 19:00:22 #18 store] 
Database 'C:\Users\Jon\git\Sprint_2\Sprint_2\resources\bets.temp' is closed by 9888@DESKTOP-6FCSN85

[2020-03-09 19:00:30 #19 store] 
Database 'C:\Users\Jon\git\Sprint_2\Sprint_2\resources\bets.temp' is opened by 9888@DESKTOP-6FCSN85

[2020-03-09 19:00:30 #20 store] 
Database 'C:\Users\Jon\git\Sprint_2\Sprint_2\resources\bets.temp' is closed by 9888@DESKTOP-6FCSN85

[2020-03-09 19:00:31 #21 store] 
Database 'C:\Users\Jon\git\Sprint_2\Sprint_2\resources\bets.temp' is opened by 9888@DESKTOP-6FCSN85

[2020-03-09 19:00:31 #22 store] 
Database 'C:\Users\Jon\git\Sprint_2\Sprint_2\resources\bets.temp' is closed by 9888@DESKTOP-6FCSN85

------------------------------------------------------------------------------------------------------------------------

[2020-03-09 20:01:36 #1 store] 
Database 'C:\Users\Jon\git\Sprint_2\Sprint_2\resources\bets.temp' is opened by 14156@DESKTOP-6FCSN85

[2020-03-09 20:01:36 #2 type.registry] 
New type domain.User

[2020-03-09 20:01:36 #3 type] 
Type domain.User is not enhanced.

[2020-03-09 20:01:36 #4 type.registry] 
New type domain.Bet

[2020-03-09 20:01:36 #5 type.registry] 
New type java.util.ArrayList<domain.Bet>

[2020-03-09 20:01:36 #6 type.registry] 
New type domain.Nationality

[2020-03-09 20:01:36 #7 type.registry] 
New type domain.Gender

[2020-03-09 20:01:36 #8 type] 
Type domain.Bet is not enhanced.

[2020-03-09 20:01:36 #9 type.registry] 
New type domain.Question

[2020-03-09 20:01:36 #10 type] 
Type domain.Question is not enhanced.

[2020-03-09 20:01:36 #11 type.registry] 
New type java.util.ArrayList<java.lang.Float>

[2020-03-09 20:01:36 #12 type.registry] 
New type java.lang.String[]

[2020-03-09 20:01:36 #13 type.registry] 
New type domain.Event

[2020-03-09 20:01:36 #14 type] 
Type domain.Event is not enhanced.

[2020-03-09 20:01:36 #15 type.registry] 
New type java.util.Vector<domain.Question>

[2020-03-09 20:01:36 #16 type.registry] 
New type java.util.ArrayList<java.lang.Object>

[2020-03-09 20:01:36 #17 type.registry] 
New type java.util.Vector<java.lang.Object>

[2020-03-09 20:01:36 #18 store] 
Database 'C:\Users\Jon\git\Sprint_2\Sprint_2\resources\bets.temp' is closed by 14156@DESKTOP-6FCSN85

[2020-03-09 20:01:42 #19 store] 
Database 'C:\Users\Jon\git\Sprint_2\Sprint_2\resources\bets.temp' is opened by 14156@DESKTOP-6FCSN85

[2020-03-09 20:01:42 #20 store] 
Database 'C:\Users\Jon\git\Sprint_2\Sprint_2\resources\bets.temp' is closed by 14156@DESKTOP-6FCSN85

[2020-03-09 20:01:44 #21 store] 
Database 'C:\Users\Jon\git\Sprint_2\Sprint_2\resources\bets.temp' is opened by 14156@DESKTOP-6FCSN85

[2020-03-09 20:01:44 #22 store] 
Database 'C:\Users\Jon\git\Sprint_2\Sprint_2\resources\bets.temp' is closed by 14156@DESKTOP-6FCSN85

[2020-03-09 20:01:51 #23 store] 
Database 'C:\Users\Jon\git\Sprint_2\Sprint_2\resources\bets.temp' is opened by 14156@DESKTOP-6FCSN85

[2020-03-09 20:01:51 #24 store] 
Database 'C:\Users\Jon\git\Sprint_2\Sprint_2\resources\bets.temp' is closed by 14156@DESKTOP-6FCSN85

[2020-03-09 20:01:51 #25 store] 
Database 'C:\Users\Jon\git\Sprint_2\Sprint_2\resources\bets.temp' is opened by 14156@DESKTOP-6FCSN85

[2020-03-09 20:01:51 #26 store] 
Database 'C:\Users\Jon\git\Sprint_2\Sprint_2\resources\bets.temp' is closed by 14156@DESKTOP-6FCSN85

------------------------------------------------------------------------------------------------------------------------

[2020-03-09 20:02:55 #1 store] 
Database 'C:\Users\Jon\git\Sprint_2\Sprint_2\resources\bets.temp' is opened by 3328@DESKTOP-6FCSN85

[2020-03-09 20:02:55 #2 type.registry] 
New type domain.User

[2020-03-09 20:02:55 #3 type] 
Type domain.User is not enhanced.

[2020-03-09 20:02:55 #4 type.registry] 
New type domain.Bet

[2020-03-09 20:02:55 #5 type.registry] 
New type java.util.ArrayList<domain.Bet>

[2020-03-09 20:02:55 #6 type.registry] 
New type domain.Nationality

[2020-03-09 20:02:55 #7 type.registry] 
New type domain.Gender

[2020-03-09 20:02:55 #8 type] 
Type domain.Bet is not enhanced.

[2020-03-09 20:02:55 #9 type.registry] 
New type domain.Question

[2020-03-09 20:02:55 #10 type] 
Type domain.Question is not enhanced.

[2020-03-09 20:02:55 #11 type.registry] 
New type java.util.ArrayList<java.lang.Float>

[2020-03-09 20:02:55 #12 type.registry] 
New type java.lang.String[]

[2020-03-09 20:02:55 #13 type.registry] 
New type domain.Event

[2020-03-09 20:02:55 #14 type] 
Type domain.Event is not enhanced.

[2020-03-09 20:02:55 #15 type.registry] 
New type java.util.Vector<domain.Question>

[2020-03-09 20:02:55 #16 type.registry] 
New type java.util.ArrayList<java.lang.Object>

[2020-03-09 20:02:55 #17 type.registry] 
New type java.util.Vector<java.lang.Object>

[2020-03-09 20:02:55 #18 store] 
Database 'C:\Users\Jon\git\Sprint_2\Sprint_2\resources\bets.temp' is closed by 3328@DESKTOP-6FCSN85

[2020-03-09 20:02:59 #19 store] 
Database 'C:\Users\Jon\git\Sprint_2\Sprint_2\resources\bets.temp' is opened by 3328@DESKTOP-6FCSN85

[2020-03-09 20:02:59 #20 store] 
Database 'C:\Users\Jon\git\Sprint_2\Sprint_2\resources\bets.temp' is closed by 3328@DESKTOP-6FCSN85

[2020-03-09 20:03:01 #21 store] 
Database 'C:\Users\Jon\git\Sprint_2\Sprint_2\resources\bets.temp' is opened by 3328@DESKTOP-6FCSN85

[2020-03-09 20:03:01 #22 store] 
Database 'C:\Users\Jon\git\Sprint_2\Sprint_2\resources\bets.temp' is closed by 3328@DESKTOP-6FCSN85

[2020-03-09 20:03:07 #23 store] 
Database 'C:\Users\Jon\git\Sprint_2\Sprint_2\resources\bets.temp' is opened by 3328@DESKTOP-6FCSN85

[2020-03-09 20:03:07 #24 store] 
Database 'C:\Users\Jon\git\Sprint_2\Sprint_2\resources\bets.temp' is closed by 3328@DESKTOP-6FCSN85

[2020-03-09 20:03:07 #25 store] 
Database 'C:\Users\Jon\git\Sprint_2\Sprint_2\resources\bets.temp' is opened by 3328@DESKTOP-6FCSN85

[2020-03-09 20:03:07 #26 store] 
Database 'C:\Users\Jon\git\Sprint_2\Sprint_2\resources\bets.temp' is closed by 3328@DESKTOP-6FCSN85

[2020-03-09 20:03:07 #27 store] 
Database 'C:\Users\Jon\git\Sprint_2\Sprint_2\resources\bets.temp' is opened by 3328@DESKTOP-6FCSN85

[2020-03-09 20:03:08 #28 store] 
Database 'C:\Users\Jon\git\Sprint_2\Sprint_2\resources\bets.temp' is closed by 3328@DESKTOP-6FCSN85

[2020-03-09 20:03:08 #29 store] 
Database 'C:\Users\Jon\git\Sprint_2\Sprint_2\resources\bets.temp' is opened by 3328@DESKTOP-6FCSN85

[2020-03-09 20:03:08 #30 store] 
Database 'C:\Users\Jon\git\Sprint_2\Sprint_2\resources\bets.temp' is closed by 3328@DESKTOP-6FCSN85

------------------------------------------------------------------------------------------------------------------------

[2020-03-09 20:04:19 #1 store] 
Database 'C:\Users\Jon\git\Sprint_2\Sprint_2\resources\bets.temp' is opened by 428@DESKTOP-6FCSN85

[2020-03-09 20:04:19 #2 type.registry] 
New type domain.User

[2020-03-09 20:04:19 #3 type] 
Type domain.User is not enhanced.

[2020-03-09 20:04:19 #4 type.registry] 
New type domain.Bet

[2020-03-09 20:04:19 #5 type.registry] 
New type java.util.ArrayList<domain.Bet>

[2020-03-09 20:04:19 #6 type.registry] 
New type domain.Nationality

[2020-03-09 20:04:19 #7 type.registry] 
New type domain.Gender

[2020-03-09 20:04:19 #8 type] 
Type domain.Bet is not enhanced.

[2020-03-09 20:04:19 #9 type.registry] 
New type domain.Question

[2020-03-09 20:04:19 #10 type] 
Type domain.Question is not enhanced.

[2020-03-09 20:04:19 #11 type.registry] 
New type java.util.ArrayList<java.lang.Float>

[2020-03-09 20:04:19 #12 type.registry] 
New type java.lang.String[]

[2020-03-09 20:04:19 #13 type.registry] 
New type domain.Event

[2020-03-09 20:04:19 #14 type] 
Type domain.Event is not enhanced.

[2020-03-09 20:04:19 #15 type.registry] 
New type java.util.Vector<domain.Question>

[2020-03-09 20:04:19 #16 type.registry] 
New type java.util.ArrayList<java.lang.Object>

[2020-03-09 20:04:19 #17 type.registry] 
New type java.util.Vector<java.lang.Object>

[2020-03-09 20:04:19 #18 store] 
Database 'C:\Users\Jon\git\Sprint_2\Sprint_2\resources\bets.temp' is closed by 428@DESKTOP-6FCSN85

[2020-03-09 20:04:24 #19 store] 
Database 'C:\Users\Jon\git\Sprint_2\Sprint_2\resources\bets.temp' is opened by 428@DESKTOP-6FCSN85

[2020-03-09 20:04:24 #20 store] 
Database 'C:\Users\Jon\git\Sprint_2\Sprint_2\resources\bets.temp' is closed by 428@DESKTOP-6FCSN85

[2020-03-09 20:04:26 #21 store] 
Database 'C:\Users\Jon\git\Sprint_2\Sprint_2\resources\bets.temp' is opened by 428@DESKTOP-6FCSN85

[2020-03-09 20:04:26 #22 store] 
Database 'C:\Users\Jon\git\Sprint_2\Sprint_2\resources\bets.temp' is closed by 428@DESKTOP-6FCSN85

[2020-03-09 20:04:28 #23 store] 
Database 'C:\Users\Jon\git\Sprint_2\Sprint_2\resources\bets.temp' is opened by 428@DESKTOP-6FCSN85

[2020-03-09 20:04:28 #24 store] 
Database 'C:\Users\Jon\git\Sprint_2\Sprint_2\resources\bets.temp' is closed by 428@DESKTOP-6FCSN85

[2020-03-09 20:04:28 #25 store] 
Database 'C:\Users\Jon\git\Sprint_2\Sprint_2\resources\bets.temp' is opened by 428@DESKTOP-6FCSN85

[2020-03-09 20:04:28 #26 store] 
Database 'C:\Users\Jon\git\Sprint_2\Sprint_2\resources\bets.temp' is closed by 428@DESKTOP-6FCSN85

[2020-03-09 20:04:29 #27 store] 
Database 'C:\Users\Jon\git\Sprint_2\Sprint_2\resources\bets.temp' is opened by 428@DESKTOP-6FCSN85

[2020-03-09 20:04:29 #28 store] 
Database 'C:\Users\Jon\git\Sprint_2\Sprint_2\resources\bets.temp' is closed by 428@DESKTOP-6FCSN85

[2020-03-09 20:04:29 #29 store] 
Database 'C:\Users\Jon\git\Sprint_2\Sprint_2\resources\bets.temp' is opened by 428@DESKTOP-6FCSN85

[2020-03-09 20:04:29 #30 store] 
Database 'C:\Users\Jon\git\Sprint_2\Sprint_2\resources\bets.temp' is closed by 428@DESKTOP-6FCSN85

------------------------------------------------------------------------------------------------------------------------

[2020-03-09 20:05:54 #1 store] 
Database 'C:\Users\Jon\git\Sprint_2\Sprint_2\resources\bets.temp' is opened by 4872@DESKTOP-6FCSN85

[2020-03-09 20:05:54 #2 type.registry] 
New type domain.User

[2020-03-09 20:05:54 #3 type] 
Type domain.User is not enhanced.

[2020-03-09 20:05:54 #4 type.registry] 
New type domain.Bet

[2020-03-09 20:05:54 #5 type.registry] 
New type java.util.ArrayList<domain.Bet>

[2020-03-09 20:05:54 #6 type.registry] 
New type domain.Nationality

[2020-03-09 20:05:54 #7 type.registry] 
New type domain.Gender

[2020-03-09 20:05:54 #8 type] 
Type domain.Bet is not enhanced.

[2020-03-09 20:05:54 #9 type.registry] 
New type domain.Question

[2020-03-09 20:05:54 #10 type] 
Type domain.Question is not enhanced.

[2020-03-09 20:05:54 #11 type.registry] 
New type java.util.ArrayList<java.lang.Float>

[2020-03-09 20:05:54 #12 type.registry] 
New type java.lang.String[]

[2020-03-09 20:05:54 #13 type.registry] 
New type domain.Event

[2020-03-09 20:05:54 #14 type] 
Type domain.Event is not enhanced.

[2020-03-09 20:05:54 #15 type.registry] 
New type java.util.Vector<domain.Question>

[2020-03-09 20:05:54 #16 type.registry] 
New type java.util.ArrayList<java.lang.Object>

[2020-03-09 20:05:54 #17 type.registry] 
New type java.util.Vector<java.lang.Object>

[2020-03-09 20:05:54 #18 store] 
Database 'C:\Users\Jon\git\Sprint_2\Sprint_2\resources\bets.temp' is closed by 4872@DESKTOP-6FCSN85

[2020-03-09 20:05:58 #19 store] 
Database 'C:\Users\Jon\git\Sprint_2\Sprint_2\resources\bets.temp' is opened by 4872@DESKTOP-6FCSN85

[2020-03-09 20:05:58 #20 store] 
Database 'C:\Users\Jon\git\Sprint_2\Sprint_2\resources\bets.temp' is closed by 4872@DESKTOP-6FCSN85

[2020-03-09 20:05:59 #21 store] 
Database 'C:\Users\Jon\git\Sprint_2\Sprint_2\resources\bets.temp' is opened by 4872@DESKTOP-6FCSN85

[2020-03-09 20:05:59 #22 store] 
Database 'C:\Users\Jon\git\Sprint_2\Sprint_2\resources\bets.temp' is closed by 4872@DESKTOP-6FCSN85

[2020-03-09 20:06:02 #23 store] 
Database 'C:\Users\Jon\git\Sprint_2\Sprint_2\resources\bets.temp' is opened by 4872@DESKTOP-6FCSN85

[2020-03-09 20:06:02 #24 store] 
Database 'C:\Users\Jon\git\Sprint_2\Sprint_2\resources\bets.temp' is closed by 4872@DESKTOP-6FCSN85

[2020-03-09 20:06:02 #25 store] 
Database 'C:\Users\Jon\git\Sprint_2\Sprint_2\resources\bets.temp' is opened by 4872@DESKTOP-6FCSN85

[2020-03-09 20:06:02 #26 store] 
Database 'C:\Users\Jon\git\Sprint_2\Sprint_2\resources\bets.temp' is closed by 4872@DESKTOP-6FCSN85

[2020-03-09 20:06:04 #27 store] 
Database 'C:\Users\Jon\git\Sprint_2\Sprint_2\resources\bets.temp' is opened by 4872@DESKTOP-6FCSN85

[2020-03-09 20:06:04 #28 store] 
Database 'C:\Users\Jon\git\Sprint_2\Sprint_2\resources\bets.temp' is closed by 4872@DESKTOP-6FCSN85

[2020-03-09 20:06:04 #29 store] 
Database 'C:\Users\Jon\git\Sprint_2\Sprint_2\resources\bets.temp' is opened by 4872@DESKTOP-6FCSN85

[2020-03-09 20:06:04 #30 store] 
Database 'C:\Users\Jon\git\Sprint_2\Sprint_2\resources\bets.temp' is closed by 4872@DESKTOP-6FCSN85

------------------------------------------------------------------------------------------------------------------------

[2020-03-09 20:07:03 #1 store] 
Database 'C:\Users\Jon\git\Sprint_2\Sprint_2\resources\bets.temp' is opened by 8196@DESKTOP-6FCSN85

[2020-03-09 20:07:04 #2 type.registry] 
New type domain.User

[2020-03-09 20:07:04 #3 type] 
Type domain.User is not enhanced.

[2020-03-09 20:07:04 #4 type.registry] 
New type domain.Bet

[2020-03-09 20:07:04 #5 type.registry] 
New type java.util.ArrayList<domain.Bet>

[2020-03-09 20:07:04 #6 type.registry] 
New type domain.Nationality

[2020-03-09 20:07:04 #7 type.registry] 
New type domain.Gender

[2020-03-09 20:07:04 #8 type] 
Type domain.Bet is not enhanced.

[2020-03-09 20:07:04 #9 type.registry] 
New type domain.Question

[2020-03-09 20:07:04 #10 type] 
Type domain.Question is not enhanced.

[2020-03-09 20:07:04 #11 type.registry] 
New type java.util.ArrayList<java.lang.Float>

[2020-03-09 20:07:04 #12 type.registry] 
New type java.lang.String[]

[2020-03-09 20:07:04 #13 type.registry] 
New type domain.Event

[2020-03-09 20:07:04 #14 type] 
Type domain.Event is not enhanced.

[2020-03-09 20:07:04 #15 type.registry] 
New type java.util.Vector<domain.Question>

[2020-03-09 20:07:04 #16 type.registry] 
New type java.util.ArrayList<java.lang.Object>

[2020-03-09 20:07:04 #17 type.registry] 
New type java.util.Vector<java.lang.Object>

[2020-03-09 20:07:04 #18 store] 
Database 'C:\Users\Jon\git\Sprint_2\Sprint_2\resources\bets.temp' is closed by 8196@DESKTOP-6FCSN85

[2020-03-09 20:07:06 #19 store] 
Database 'C:\Users\Jon\git\Sprint_2\Sprint_2\resources\bets.temp' is opened by 8196@DESKTOP-6FCSN85

[2020-03-09 20:07:06 #20 store] 
Database 'C:\Users\Jon\git\Sprint_2\Sprint_2\resources\bets.temp' is closed by 8196@DESKTOP-6FCSN85

[2020-03-09 20:07:08 #21 store] 
Database 'C:\Users\Jon\git\Sprint_2\Sprint_2\resources\bets.temp' is opened by 8196@DESKTOP-6FCSN85

[2020-03-09 20:07:08 #22 store] 
Database 'C:\Users\Jon\git\Sprint_2\Sprint_2\resources\bets.temp' is closed by 8196@DESKTOP-6FCSN85

[2020-03-09 20:07:12 #23 store] 
Database 'C:\Users\Jon\git\Sprint_2\Sprint_2\resources\bets.temp' is opened by 8196@DESKTOP-6FCSN85

[2020-03-09 20:07:12 #24 store] 
Database 'C:\Users\Jon\git\Sprint_2\Sprint_2\resources\bets.temp' is closed by 8196@DESKTOP-6FCSN85

[2020-03-09 20:07:12 #25 store] 
Database 'C:\Users\Jon\git\Sprint_2\Sprint_2\resources\bets.temp' is opened by 8196@DESKTOP-6FCSN85

[2020-03-09 20:07:12 #26 store] 
Database 'C:\Users\Jon\git\Sprint_2\Sprint_2\resources\bets.temp' is closed by 8196@DESKTOP-6FCSN85

[2020-03-09 20:07:13 #27 store] 
Database 'C:\Users\Jon\git\Sprint_2\Sprint_2\resources\bets.temp' is opened by 8196@DESKTOP-6FCSN85

[2020-03-09 20:07:13 #28 store] 
Database 'C:\Users\Jon\git\Sprint_2\Sprint_2\resources\bets.temp' is closed by 8196@DESKTOP-6FCSN85

[2020-03-09 20:07:13 #29 store] 
Database 'C:\Users\Jon\git\Sprint_2\Sprint_2\resources\bets.temp' is opened by 8196@DESKTOP-6FCSN85

[2020-03-09 20:07:13 #30 store] 
Database 'C:\Users\Jon\git\Sprint_2\Sprint_2\resources\bets.temp' is closed by 8196@DESKTOP-6FCSN85

[2020-03-09 20:07:14 #31 store] 
Database 'C:\Users\Jon\git\Sprint_2\Sprint_2\resources\bets.temp' is opened by 8196@DESKTOP-6FCSN85

[2020-03-09 20:07:14 #32 store] 
Database 'C:\Users\Jon\git\Sprint_2\Sprint_2\resources\bets.temp' is closed by 8196@DESKTOP-6FCSN85

[2020-03-09 20:07:14 #33 store] 
Database 'C:\Users\Jon\git\Sprint_2\Sprint_2\resources\bets.temp' is opened by 8196@DESKTOP-6FCSN85

[2020-03-09 20:07:14 #34 store] 
Database 'C:\Users\Jon\git\Sprint_2\Sprint_2\resources\bets.temp' is closed by 8196@DESKTOP-6FCSN85

------------------------------------------------------------------------------------------------------------------------

[2020-03-09 20:07:52 #1 store] 
Database 'C:\Users\Jon\git\Sprint_2\Sprint_2\resources\bets.temp' is opened by 12156@DESKTOP-6FCSN85

[2020-03-09 20:07:53 #2 type.registry] 
New type domain.User

[2020-03-09 20:07:53 #3 type] 
Type domain.User is not enhanced.

[2020-03-09 20:07:53 #4 type.registry] 
New type domain.Bet

[2020-03-09 20:07:53 #5 type.registry] 
New type java.util.ArrayList<domain.Bet>

[2020-03-09 20:07:53 #6 type.registry] 
New type domain.Nationality

[2020-03-09 20:07:53 #7 type.registry] 
New type domain.Gender

[2020-03-09 20:07:53 #8 type] 
Type domain.Bet is not enhanced.

[2020-03-09 20:07:53 #9 type.registry] 
New type domain.Question

[2020-03-09 20:07:53 #10 type] 
Type domain.Question is not enhanced.

[2020-03-09 20:07:53 #11 type.registry] 
New type java.util.ArrayList<java.lang.Float>

[2020-03-09 20:07:53 #12 type.registry] 
New type java.lang.String[]

[2020-03-09 20:07:53 #13 type.registry] 
New type domain.Event

[2020-03-09 20:07:53 #14 type] 
Type domain.Event is not enhanced.

[2020-03-09 20:07:53 #15 type.registry] 
New type java.util.Vector<domain.Question>

[2020-03-09 20:07:53 #16 type.registry] 
New type java.util.ArrayList<java.lang.Object>

[2020-03-09 20:07:53 #17 type.registry] 
New type java.util.Vector<java.lang.Object>

[2020-03-09 20:07:53 #18 store] 
Database 'C:\Users\Jon\git\Sprint_2\Sprint_2\resources\bets.temp' is closed by 12156@DESKTOP-6FCSN85

[2020-03-09 20:07:57 #19 store] 
Database 'C:\Users\Jon\git\Sprint_2\Sprint_2\resources\bets.temp' is opened by 12156@DESKTOP-6FCSN85

[2020-03-09 20:07:57 #20 store] 
Database 'C:\Users\Jon\git\Sprint_2\Sprint_2\resources\bets.temp' is closed by 12156@DESKTOP-6FCSN85

[2020-03-09 20:07:59 #21 store] 
Database 'C:\Users\Jon\git\Sprint_2\Sprint_2\resources\bets.temp' is opened by 12156@DESKTOP-6FCSN85

[2020-03-09 20:07:59 #22 store] 
Database 'C:\Users\Jon\git\Sprint_2\Sprint_2\resources\bets.temp' is closed by 12156@DESKTOP-6FCSN85

[2020-03-09 20:08:01 #23 store] 
Database 'C:\Users\Jon\git\Sprint_2\Sprint_2\resources\bets.temp' is opened by 12156@DESKTOP-6FCSN85

[2020-03-09 20:08:01 #24 store] 
Database 'C:\Users\Jon\git\Sprint_2\Sprint_2\resources\bets.temp' is closed by 12156@DESKTOP-6FCSN85

[2020-03-09 20:08:01 #25 store] 
Database 'C:\Users\Jon\git\Sprint_2\Sprint_2\resources\bets.temp' is opened by 12156@DESKTOP-6FCSN85

[2020-03-09 20:08:01 #26 store] 
Database 'C:\Users\Jon\git\Sprint_2\Sprint_2\resources\bets.temp' is closed by 12156@DESKTOP-6FCSN85

[2020-03-09 20:08:02 #27 store] 
Database 'C:\Users\Jon\git\Sprint_2\Sprint_2\resources\bets.temp' is opened by 12156@DESKTOP-6FCSN85

[2020-03-09 20:08:02 #28 store] 
Database 'C:\Users\Jon\git\Sprint_2\Sprint_2\resources\bets.temp' is closed by 12156@DESKTOP-6FCSN85

[2020-03-09 20:08:02 #29 store] 
Database 'C:\Users\Jon\git\Sprint_2\Sprint_2\resources\bets.temp' is opened by 12156@DESKTOP-6FCSN85

[2020-03-09 20:08:02 #30 store] 
Database 'C:\Users\Jon\git\Sprint_2\Sprint_2\resources\bets.temp' is closed by 12156@DESKTOP-6FCSN85

[2020-03-09 20:08:05 #31 store] 
Database 'C:\Users\Jon\git\Sprint_2\Sprint_2\resources\bets.temp' is opened by 12156@DESKTOP-6FCSN85

[2020-03-09 20:08:05 #32 store] 
Database 'C:\Users\Jon\git\Sprint_2\Sprint_2\resources\bets.temp' is closed by 12156@DESKTOP-6FCSN85

[2020-03-09 20:08:06 #33 store] 
Database 'C:\Users\Jon\git\Sprint_2\Sprint_2\resources\bets.temp' is opened by 12156@DESKTOP-6FCSN85

[2020-03-09 20:08:06 #34 store] 
Database 'C:\Users\Jon\git\Sprint_2\Sprint_2\resources\bets.temp' is closed by 12156@DESKTOP-6FCSN85

------------------------------------------------------------------------------------------------------------------------

[2020-03-09 20:10:24 #1 store] 
Database 'C:\Users\Jon\git\Sprint_2\Sprint_2\resources\bets.temp' is opened by 3204@DESKTOP-6FCSN85

[2020-03-09 20:10:24 #2 type.registry] 
New type domain.User

[2020-03-09 20:10:24 #3 type] 
Type domain.User is not enhanced.

[2020-03-09 20:10:24 #4 type.registry] 
New type domain.Bet

[2020-03-09 20:10:24 #5 type.registry] 
New type java.util.ArrayList<domain.Bet>

[2020-03-09 20:10:24 #6 type.registry] 
New type domain.Nationality

[2020-03-09 20:10:24 #7 type.registry] 
New type domain.Gender

[2020-03-09 20:10:24 #8 type] 
Type domain.Bet is not enhanced.

[2020-03-09 20:10:24 #9 type.registry] 
New type domain.Question

[2020-03-09 20:10:24 #10 type] 
Type domain.Question is not enhanced.

[2020-03-09 20:10:24 #11 type.registry] 
New type java.util.ArrayList<java.lang.Float>

[2020-03-09 20:10:24 #12 type.registry] 
New type java.lang.String[]

[2020-03-09 20:10:24 #13 type.registry] 
New type domain.Event

[2020-03-09 20:10:24 #14 type] 
Type domain.Event is not enhanced.

[2020-03-09 20:10:24 #15 type.registry] 
New type java.util.Vector<domain.Question>

[2020-03-09 20:10:24 #16 type.registry] 
New type java.util.ArrayList<java.lang.Object>

[2020-03-09 20:10:24 #17 type.registry] 
New type java.util.Vector<java.lang.Object>

[2020-03-09 20:10:24 #18 store] 
Database 'C:\Users\Jon\git\Sprint_2\Sprint_2\resources\bets.temp' is closed by 3204@DESKTOP-6FCSN85

[2020-03-09 20:10:29 #19 store] 
Database 'C:\Users\Jon\git\Sprint_2\Sprint_2\resources\bets.temp' is opened by 3204@DESKTOP-6FCSN85

[2020-03-09 20:10:29 #20 store] 
Database 'C:\Users\Jon\git\Sprint_2\Sprint_2\resources\bets.temp' is closed by 3204@DESKTOP-6FCSN85

[2020-03-09 20:10:31 #21 store] 
Database 'C:\Users\Jon\git\Sprint_2\Sprint_2\resources\bets.temp' is opened by 3204@DESKTOP-6FCSN85

[2020-03-09 20:10:31 #22 store] 
Database 'C:\Users\Jon\git\Sprint_2\Sprint_2\resources\bets.temp' is closed by 3204@DESKTOP-6FCSN85

[2020-03-09 20:10:33 #23 store] 
Database 'C:\Users\Jon\git\Sprint_2\Sprint_2\resources\bets.temp' is opened by 3204@DESKTOP-6FCSN85

[2020-03-09 20:10:33 #24 store] 
Database 'C:\Users\Jon\git\Sprint_2\Sprint_2\resources\bets.temp' is closed by 3204@DESKTOP-6FCSN85

[2020-03-09 20:10:33 #25 store] 
Database 'C:\Users\Jon\git\Sprint_2\Sprint_2\resources\bets.temp' is opened by 3204@DESKTOP-6FCSN85

[2020-03-09 20:10:33 #26 store] 
Database 'C:\Users\Jon\git\Sprint_2\Sprint_2\resources\bets.temp' is closed by 3204@DESKTOP-6FCSN85

[2020-03-09 20:10:34 #27 store] 
Database 'C:\Users\Jon\git\Sprint_2\Sprint_2\resources\bets.temp' is opened by 3204@DESKTOP-6FCSN85

[2020-03-09 20:10:34 #28 store] 
Database 'C:\Users\Jon\git\Sprint_2\Sprint_2\resources\bets.temp' is closed by 3204@DESKTOP-6FCSN85

[2020-03-09 20:10:34 #29 store] 
Database 'C:\Users\Jon\git\Sprint_2\Sprint_2\resources\bets.temp' is opened by 3204@DESKTOP-6FCSN85

[2020-03-09 20:10:34 #30 store] 
Database 'C:\Users\Jon\git\Sprint_2\Sprint_2\resources\bets.temp' is closed by 3204@DESKTOP-6FCSN85

[2020-03-09 20:11:00 #31 store] 
Database 'C:\Users\Jon\git\Sprint_2\Sprint_2\resources\bets.temp' is opened by 3204@DESKTOP-6FCSN85

------------------------------------------------------------------------------------------------------------------------

[2020-03-09 20:12:07 #1 store] 
Database 'C:\Users\Jon\git\Sprint_2\Sprint_2\resources\bets.temp' is opened by 1428@DESKTOP-6FCSN85

[2020-03-09 20:12:07 #2 type.registry] 
New type domain.User

[2020-03-09 20:12:07 #3 type] 
Type domain.User is not enhanced.

[2020-03-09 20:12:07 #4 type.registry] 
New type domain.Bet

[2020-03-09 20:12:07 #5 type.registry] 
New type java.util.ArrayList<domain.Bet>

[2020-03-09 20:12:07 #6 type.registry] 
New type domain.Nationality

[2020-03-09 20:12:07 #7 type.registry] 
New type domain.Gender

[2020-03-09 20:12:07 #8 type] 
Type domain.Bet is not enhanced.

[2020-03-09 20:12:07 #9 type.registry] 
New type domain.Question

[2020-03-09 20:12:07 #10 type] 
Type domain.Question is not enhanced.

[2020-03-09 20:12:07 #11 type.registry] 
New type java.util.ArrayList<java.lang.Float>

[2020-03-09 20:12:07 #12 type.registry] 
New type java.util.ArrayList<java.lang.String>

[2020-03-09 20:12:07 #13 type.registry] 
New type domain.Event

[2020-03-09 20:12:07 #14 type] 
Type domain.Event is not enhanced.

[2020-03-09 20:12:07 #15 type.registry] 
New type java.util.Vector<domain.Question>

[2020-03-09 20:12:07 #16 type.registry] 
New type java.util.ArrayList<java.lang.Object>

[2020-03-09 20:12:07 #17 type.registry] 
New type java.util.Vector<java.lang.Object>

[2020-03-09 20:12:07 #18 store] 
Database 'C:\Users\Jon\git\Sprint_2\Sprint_2\resources\bets.temp' is closed by 1428@DESKTOP-6FCSN85

[2020-03-09 20:12:10 #19 store] 
Database 'C:\Users\Jon\git\Sprint_2\Sprint_2\resources\bets.temp' is opened by 1428@DESKTOP-6FCSN85

[2020-03-09 20:12:10 #20 store] 
Database 'C:\Users\Jon\git\Sprint_2\Sprint_2\resources\bets.temp' is closed by 1428@DESKTOP-6FCSN85

[2020-03-09 20:12:11 #21 store] 
Database 'C:\Users\Jon\git\Sprint_2\Sprint_2\resources\bets.temp' is opened by 1428@DESKTOP-6FCSN85

[2020-03-09 20:12:11 #22 store] 
Database 'C:\Users\Jon\git\Sprint_2\Sprint_2\resources\bets.temp' is closed by 1428@DESKTOP-6FCSN85

[2020-03-09 20:12:14 #23 store] 
Database 'C:\Users\Jon\git\Sprint_2\Sprint_2\resources\bets.temp' is opened by 1428@DESKTOP-6FCSN85

[2020-03-09 20:12:14 #24 store] 
Database 'C:\Users\Jon\git\Sprint_2\Sprint_2\resources\bets.temp' is closed by 1428@DESKTOP-6FCSN85

[2020-03-09 20:12:14 #25 store] 
Database 'C:\Users\Jon\git\Sprint_2\Sprint_2\resources\bets.temp' is opened by 1428@DESKTOP-6FCSN85

[2020-03-09 20:12:14 #26 store] 
Database 'C:\Users\Jon\git\Sprint_2\Sprint_2\resources\bets.temp' is closed by 1428@DESKTOP-6FCSN85

[2020-03-09 20:12:15 #27 store] 
Database 'C:\Users\Jon\git\Sprint_2\Sprint_2\resources\bets.temp' is opened by 1428@DESKTOP-6FCSN85

[2020-03-09 20:12:15 #28 store] 
Database 'C:\Users\Jon\git\Sprint_2\Sprint_2\resources\bets.temp' is closed by 1428@DESKTOP-6FCSN85

[2020-03-09 20:12:15 #29 store] 
Database 'C:\Users\Jon\git\Sprint_2\Sprint_2\resources\bets.temp' is opened by 1428@DESKTOP-6FCSN85

[2020-03-09 20:12:15 #30 store] 
Database 'C:\Users\Jon\git\Sprint_2\Sprint_2\resources\bets.temp' is closed by 1428@DESKTOP-6FCSN85

[2020-03-09 20:12:39 #31 store] 
Database 'C:\Users\Jon\git\Sprint_2\Sprint_2\resources\bets.temp' is opened by 1428@DESKTOP-6FCSN85

[2020-03-09 20:12:39 #32 store] 
Database 'C:\Users\Jon\git\Sprint_2\Sprint_2\resources\bets.temp' is closed by 1428@DESKTOP-6FCSN85

------------------------------------------------------------------------------------------------------------------------

[2020-03-09 20:23:25 #1 store] 
Database 'C:\Users\Jon\git\Sprint_2\Sprint_2\resources\bets.temp' is opened by 2588@DESKTOP-6FCSN85

[2020-03-09 20:23:25 #2 type.registry] 
New type domain.User

[2020-03-09 20:23:25 #3 type] 
Type domain.User is not enhanced.

[2020-03-09 20:23:25 #4 type.registry] 
New type domain.Bet

[2020-03-09 20:23:25 #5 type.registry] 
New type java.util.ArrayList<domain.Bet>

[2020-03-09 20:23:25 #6 type.registry] 
New type domain.Nationality

[2020-03-09 20:23:25 #7 type.registry] 
New type domain.Gender

[2020-03-09 20:23:25 #8 type] 
Type domain.Bet is not enhanced.

[2020-03-09 20:23:25 #9 type.registry] 
New type domain.Question

[2020-03-09 20:23:25 #10 type] 
Type domain.Question is not enhanced.

[2020-03-09 20:23:25 #11 type.registry] 
New type java.util.ArrayList<java.lang.Float>

[2020-03-09 20:23:25 #12 type.registry] 
New type java.util.ArrayList<java.lang.String>

[2020-03-09 20:23:25 #13 type.registry] 
New type domain.Event

[2020-03-09 20:23:25 #14 type] 
Type domain.Event is not enhanced.

[2020-03-09 20:23:25 #15 type.registry] 
New type java.util.Vector<domain.Question>

[2020-03-09 20:23:25 #16 type.registry] 
New type java.util.ArrayList<java.lang.Object>

[2020-03-09 20:23:25 #17 type.registry] 
New type java.util.Vector<java.lang.Object>

[2020-03-09 20:23:25 #18 store] 
Database 'C:\Users\Jon\git\Sprint_2\Sprint_2\resources\bets.temp' is closed by 2588@DESKTOP-6FCSN85

[2020-03-09 20:23:32 #19 store] 
Database 'C:\Users\Jon\git\Sprint_2\Sprint_2\resources\bets.temp' is opened by 2588@DESKTOP-6FCSN85

[2020-03-09 20:23:32 #20 store] 
Database 'C:\Users\Jon\git\Sprint_2\Sprint_2\resources\bets.temp' is closed by 2588@DESKTOP-6FCSN85

[2020-03-09 20:23:38 #21 store] 
Database 'C:\Users\Jon\git\Sprint_2\Sprint_2\resources\bets.temp' is opened by 2588@DESKTOP-6FCSN85

[2020-03-09 20:23:39 #22 store] 
Database 'C:\Users\Jon\git\Sprint_2\Sprint_2\resources\bets.temp' is closed by 2588@DESKTOP-6FCSN85

[2020-03-09 20:23:40 #23 store] 
Database 'C:\Users\Jon\git\Sprint_2\Sprint_2\resources\bets.temp' is opened by 2588@DESKTOP-6FCSN85

[2020-03-09 20:23:40 #24 store] 
Database 'C:\Users\Jon\git\Sprint_2\Sprint_2\resources\bets.temp' is closed by 2588@DESKTOP-6FCSN85

[2020-03-09 20:23:40 #25 store] 
Database 'C:\Users\Jon\git\Sprint_2\Sprint_2\resources\bets.temp' is opened by 2588@DESKTOP-6FCSN85

[2020-03-09 20:23:40 #26 store] 
Database 'C:\Users\Jon\git\Sprint_2\Sprint_2\resources\bets.temp' is closed by 2588@DESKTOP-6FCSN85

[2020-03-09 20:24:33 #27 store] 
Database 'C:\Users\Jon\git\Sprint_2\Sprint_2\resources\bets.temp' is opened by 2588@DESKTOP-6FCSN85

[2020-03-09 20:24:33 #28 store] 
Database 'C:\Users\Jon\git\Sprint_2\Sprint_2\resources\bets.temp' is closed by 2588@DESKTOP-6FCSN85

