------------------------------------------------------------------------------------------------------------------------

[2020-03-24 10:09:07 #1 type] 
Type domain.User is not enhanced.

[2020-03-24 10:09:08 #2 type] 
Type domain.Coupon is not enhanced.

[2020-03-24 10:09:08 #3 type] 
Type domain.Profile is not enhanced.

[2020-03-24 10:09:08 #4 type] 
Type domain.Bet is not enhanced.

[2020-03-24 10:09:08 #5 type] 
Type domain.Question is not enhanced.

[2020-03-24 10:09:08 #6 type] 
Type domain.Event is not enhanced.

[2020-03-24 10:09:08 #7 type] 
Type domain.Competition is not enhanced.

------------------------------------------------------------------------------------------------------------------------

[2020-03-24 16:36:48 #1 type] 
Type domain.User is not enhanced.

[2020-03-24 16:36:48 #2 type] 
Type domain.Coupon is not enhanced.

[2020-03-24 16:36:48 #3 type] 
Type domain.Profile is not enhanced.

[2020-03-24 16:36:48 #4 type] 
Type domain.Bet is not enhanced.

[2020-03-24 16:36:48 #5 type] 
Type domain.Question is not enhanced.

[2020-03-24 16:36:48 #6 type] 
Type domain.Event is not enhanced.

[2020-03-24 16:36:48 #7 type] 
Type domain.Competition is not enhanced.

------------------------------------------------------------------------------------------------------------------------

[2020-03-24 16:52:14 #1 type] 
Type domain.User is not enhanced.

[2020-03-24 16:52:14 #2 type] 
Type domain.Coupon is not enhanced.

[2020-03-24 16:52:14 #3 type] 
Type domain.Profile is not enhanced.

[2020-03-24 16:52:14 #4 type] 
Type domain.Bet is not enhanced.

[2020-03-24 16:52:14 #5 type] 
Type domain.Question is not enhanced.

[2020-03-24 16:52:14 #6 type] 
Type domain.Event is not enhanced.

[2020-03-24 16:52:14 #7 type] 
Type domain.Competition is not enhanced.

------------------------------------------------------------------------------------------------------------------------

[2020-03-24 17:05:14 #1 type] 
Type domain.User is not enhanced.

[2020-03-24 17:05:14 #2 type] 
Type domain.Coupon is not enhanced.

[2020-03-24 17:05:14 #3 type] 
Type domain.Profile is not enhanced.

[2020-03-24 17:05:14 #4 type] 
Type domain.Bet is not enhanced.

[2020-03-24 17:05:14 #5 type] 
Type domain.Question is not enhanced.

[2020-03-24 17:05:14 #6 type] 
Type domain.Event is not enhanced.

[2020-03-24 17:05:14 #7 type] 
Type domain.Competition is not enhanced.

------------------------------------------------------------------------------------------------------------------------

[2020-03-24 17:16:14 #1 type] 
Type domain.User is not enhanced.

[2020-03-24 17:16:14 #2 type] 
Type domain.Coupon is not enhanced.

[2020-03-24 17:16:14 #3 type] 
Type domain.Profile is not enhanced.

[2020-03-24 17:16:14 #4 type] 
Type domain.Bet is not enhanced.

[2020-03-24 17:16:14 #5 type] 
Type domain.Question is not enhanced.

[2020-03-24 17:16:14 #6 type] 
Type domain.Event is not enhanced.

[2020-03-24 17:16:14 #7 type] 
Type domain.Competition is not enhanced.

------------------------------------------------------------------------------------------------------------------------

[2020-03-24 17:37:40 #1 type] 
Type domain.User is not enhanced.

[2020-03-24 17:37:40 #2 type] 
Type domain.Coupon is not enhanced.

[2020-03-24 17:37:40 #3 type] 
Type domain.Profile is not enhanced.

[2020-03-24 17:37:40 #4 type] 
Type domain.Bet is not enhanced.

[2020-03-24 17:37:40 #5 type] 
Type domain.Question is not enhanced.

[2020-03-24 17:37:40 #6 type] 
Type domain.Event is not enhanced.

[2020-03-24 17:37:40 #7 type] 
Type domain.Competition is not enhanced.

------------------------------------------------------------------------------------------------------------------------

[2020-03-24 17:39:29 #1 type] 
Type domain.User is not enhanced.

[2020-03-24 17:39:29 #2 type] 
Type domain.Coupon is not enhanced.

[2020-03-24 17:39:29 #3 type] 
Type domain.Profile is not enhanced.

[2020-03-24 17:39:29 #4 type] 
Type domain.Bet is not enhanced.

[2020-03-24 17:39:29 #5 type] 
Type domain.Question is not enhanced.

[2020-03-24 17:39:29 #6 type] 
Type domain.Event is not enhanced.

[2020-03-24 17:39:29 #7 type] 
Type domain.Competition is not enhanced.

------------------------------------------------------------------------------------------------------------------------

[2020-03-24 17:47:54 #1 type] 
Type domain.User is not enhanced.

[2020-03-24 17:47:54 #2 type] 
Type domain.Coupon is not enhanced.

[2020-03-24 17:47:54 #3 type] 
Type domain.Profile is not enhanced.

[2020-03-24 17:47:54 #4 type] 
Type domain.Bet is not enhanced.

[2020-03-24 17:47:54 #5 type] 
Type domain.Question is not enhanced.

[2020-03-24 17:47:54 #6 type] 
Type domain.Event is not enhanced.

[2020-03-24 17:47:54 #7 type] 
Type domain.Competition is not enhanced.

------------------------------------------------------------------------------------------------------------------------

[2020-03-24 17:48:44 #1 type] 
Type domain.User is not enhanced.

[2020-03-24 17:48:44 #2 type] 
Type domain.Coupon is not enhanced.

[2020-03-24 17:48:44 #3 type] 
Type domain.Profile is not enhanced.

[2020-03-24 17:48:44 #4 type] 
Type domain.Bet is not enhanced.

[2020-03-24 17:48:44 #5 type] 
Type domain.Question is not enhanced.

[2020-03-24 17:48:44 #6 type] 
Type domain.Event is not enhanced.

[2020-03-24 17:48:44 #7 type] 
Type domain.Competition is not enhanced.

------------------------------------------------------------------------------------------------------------------------

[2020-03-24 17:49:28 #1 type] 
Type domain.User is not enhanced.

[2020-03-24 17:49:28 #2 type] 
Type domain.Coupon is not enhanced.

[2020-03-24 17:49:28 #3 type] 
Type domain.Profile is not enhanced.

[2020-03-24 17:49:28 #4 type] 
Type domain.Bet is not enhanced.

[2020-03-24 17:49:28 #5 type] 
Type domain.Question is not enhanced.

[2020-03-24 17:49:28 #6 type] 
Type domain.Event is not enhanced.

[2020-03-24 17:49:28 #7 type] 
Type domain.Competition is not enhanced.

------------------------------------------------------------------------------------------------------------------------

[2020-03-24 17:50:34 #1 type] 
Type domain.User is not enhanced.

[2020-03-24 17:50:35 #2 type] 
Type domain.Coupon is not enhanced.

[2020-03-24 17:50:35 #3 type] 
Type domain.Profile is not enhanced.

[2020-03-24 17:50:35 #4 type] 
Type domain.Bet is not enhanced.

[2020-03-24 17:50:35 #5 type] 
Type domain.Question is not enhanced.

[2020-03-24 17:50:35 #6 type] 
Type domain.Event is not enhanced.

[2020-03-24 17:50:35 #7 type] 
Type domain.Competition is not enhanced.

------------------------------------------------------------------------------------------------------------------------

[2020-03-24 17:51:19 #1 type] 
Type domain.User is not enhanced.

[2020-03-24 17:51:19 #2 type] 
Type domain.Coupon is not enhanced.

[2020-03-24 17:51:19 #3 type] 
Type domain.Profile is not enhanced.

[2020-03-24 17:51:19 #4 type] 
Type domain.Bet is not enhanced.

[2020-03-24 17:51:19 #5 type] 
Type domain.Question is not enhanced.

[2020-03-24 17:51:19 #6 type] 
Type domain.Event is not enhanced.

[2020-03-24 17:51:19 #7 type] 
Type domain.Competition is not enhanced.

------------------------------------------------------------------------------------------------------------------------

[2020-03-24 17:51:53 #1 type] 
Type domain.User is not enhanced.

[2020-03-24 17:51:53 #2 type] 
Type domain.Coupon is not enhanced.

[2020-03-24 17:51:53 #3 type] 
Type domain.Profile is not enhanced.

[2020-03-24 17:51:53 #4 type] 
Type domain.Bet is not enhanced.

[2020-03-24 17:51:53 #5 type] 
Type domain.Question is not enhanced.

[2020-03-24 17:51:53 #6 type] 
Type domain.Event is not enhanced.

[2020-03-24 17:51:53 #7 type] 
Type domain.Competition is not enhanced.

------------------------------------------------------------------------------------------------------------------------

[2020-03-24 17:53:14 #1 type] 
Type domain.User is not enhanced.

[2020-03-24 17:53:14 #2 type] 
Type domain.Coupon is not enhanced.

[2020-03-24 17:53:14 #3 type] 
Type domain.Profile is not enhanced.

[2020-03-24 17:53:14 #4 type] 
Type domain.Bet is not enhanced.

[2020-03-24 17:53:14 #5 type] 
Type domain.Question is not enhanced.

[2020-03-24 17:53:14 #6 type] 
Type domain.Event is not enhanced.

[2020-03-24 17:53:14 #7 type] 
Type domain.Competition is not enhanced.

------------------------------------------------------------------------------------------------------------------------

[2020-03-24 17:54:39 #1 type] 
Type domain.User is not enhanced.

[2020-03-24 17:54:39 #2 type] 
Type domain.Coupon is not enhanced.

[2020-03-24 17:54:39 #3 type] 
Type domain.Profile is not enhanced.

[2020-03-24 17:54:39 #4 type] 
Type domain.Bet is not enhanced.

[2020-03-24 17:54:39 #5 type] 
Type domain.Question is not enhanced.

[2020-03-24 17:54:39 #6 type] 
Type domain.Event is not enhanced.

[2020-03-24 17:54:39 #7 type] 
Type domain.Competition is not enhanced.

------------------------------------------------------------------------------------------------------------------------

[2020-03-24 17:55:19 #1 type] 
Type domain.User is not enhanced.

[2020-03-24 17:55:19 #2 type] 
Type domain.Coupon is not enhanced.

[2020-03-24 17:55:19 #3 type] 
Type domain.Profile is not enhanced.

[2020-03-24 17:55:19 #4 type] 
Type domain.Bet is not enhanced.

[2020-03-24 17:55:19 #5 type] 
Type domain.Question is not enhanced.

[2020-03-24 17:55:19 #6 type] 
Type domain.Event is not enhanced.

[2020-03-24 17:55:19 #7 type] 
Type domain.Competition is not enhanced.

------------------------------------------------------------------------------------------------------------------------

[2020-03-24 17:57:15 #1 type] 
Type domain.User is not enhanced.

[2020-03-24 17:57:15 #2 type] 
Type domain.Coupon is not enhanced.

[2020-03-24 17:57:15 #3 type] 
Type domain.Profile is not enhanced.

[2020-03-24 17:57:15 #4 type] 
Type domain.Bet is not enhanced.

[2020-03-24 17:57:15 #5 type] 
Type domain.Question is not enhanced.

[2020-03-24 17:57:15 #6 type] 
Type domain.Event is not enhanced.

[2020-03-24 17:57:15 #7 type] 
Type domain.Competition is not enhanced.

------------------------------------------------------------------------------------------------------------------------

[2020-03-24 17:59:00 #1 type] 
Type domain.User is not enhanced.

[2020-03-24 17:59:00 #2 type] 
Type domain.Coupon is not enhanced.

[2020-03-24 17:59:00 #3 type] 
Type domain.Profile is not enhanced.

[2020-03-24 17:59:00 #4 type] 
Type domain.Bet is not enhanced.

[2020-03-24 17:59:00 #5 type] 
Type domain.Question is not enhanced.

[2020-03-24 17:59:00 #6 type] 
Type domain.Event is not enhanced.

[2020-03-24 17:59:00 #7 type] 
Type domain.Competition is not enhanced.

------------------------------------------------------------------------------------------------------------------------

[2020-03-24 18:16:15 #1 type] 
Type domain.User is not enhanced.

[2020-03-24 18:16:15 #2 type] 
Type domain.Coupon is not enhanced.

[2020-03-24 18:16:15 #3 type] 
Type domain.Profile is not enhanced.

[2020-03-24 18:16:15 #4 type] 
Type domain.Bet is not enhanced.

[2020-03-24 18:16:15 #5 type] 
Type domain.Question is not enhanced.

[2020-03-24 18:16:15 #6 type] 
Type domain.Event is not enhanced.

[2020-03-24 18:16:15 #7 type] 
Type domain.Competition is not enhanced.

------------------------------------------------------------------------------------------------------------------------

[2020-03-24 18:18:08 #1 type] 
Type domain.User is not enhanced.

[2020-03-24 18:18:08 #2 type] 
Type domain.Coupon is not enhanced.

[2020-03-24 18:18:08 #3 type] 
Type domain.Profile is not enhanced.

[2020-03-24 18:18:08 #4 type] 
Type domain.Bet is not enhanced.

[2020-03-24 18:18:08 #5 type] 
Type domain.Question is not enhanced.

[2020-03-24 18:18:08 #6 type] 
Type domain.Event is not enhanced.

[2020-03-24 18:18:08 #7 type] 
Type domain.Competition is not enhanced.

------------------------------------------------------------------------------------------------------------------------

[2020-03-24 18:18:52 #1 type] 
Type domain.User is not enhanced.

[2020-03-24 18:18:52 #2 type] 
Type domain.Coupon is not enhanced.

[2020-03-24 18:18:52 #3 type] 
Type domain.Profile is not enhanced.

[2020-03-24 18:18:52 #4 type] 
Type domain.Bet is not enhanced.

[2020-03-24 18:18:52 #5 type] 
Type domain.Question is not enhanced.

[2020-03-24 18:18:52 #6 type] 
Type domain.Event is not enhanced.

[2020-03-24 18:18:52 #7 type] 
Type domain.Competition is not enhanced.

------------------------------------------------------------------------------------------------------------------------

[2020-03-24 18:20:15 #1 type] 
Type domain.User is not enhanced.

[2020-03-24 18:20:15 #2 type] 
Type domain.Coupon is not enhanced.

[2020-03-24 18:20:15 #3 type] 
Type domain.Profile is not enhanced.

[2020-03-24 18:20:15 #4 type] 
Type domain.Bet is not enhanced.

[2020-03-24 18:20:15 #5 type] 
Type domain.Question is not enhanced.

[2020-03-24 18:20:15 #6 type] 
Type domain.Event is not enhanced.

[2020-03-24 18:20:15 #7 type] 
Type domain.Competition is not enhanced.

------------------------------------------------------------------------------------------------------------------------

[2020-03-24 18:20:29 #1 type] 
Type domain.User is not enhanced.

[2020-03-24 18:20:29 #2 type] 
Type domain.Coupon is not enhanced.

[2020-03-24 18:20:29 #3 type] 
Type domain.Profile is not enhanced.

[2020-03-24 18:20:29 #4 type] 
Type domain.Bet is not enhanced.

[2020-03-24 18:20:29 #5 type] 
Type domain.Question is not enhanced.

[2020-03-24 18:20:29 #6 type] 
Type domain.Event is not enhanced.

[2020-03-24 18:20:29 #7 type] 
Type domain.Competition is not enhanced.

------------------------------------------------------------------------------------------------------------------------

[2020-03-24 18:21:07 #1 type] 
Type domain.User is not enhanced.

[2020-03-24 18:21:07 #2 type] 
Type domain.Coupon is not enhanced.

[2020-03-24 18:21:07 #3 type] 
Type domain.Profile is not enhanced.

[2020-03-24 18:21:07 #4 type] 
Type domain.Bet is not enhanced.

[2020-03-24 18:21:07 #5 type] 
Type domain.Question is not enhanced.

[2020-03-24 18:21:07 #6 type] 
Type domain.Event is not enhanced.

[2020-03-24 18:21:07 #7 type] 
Type domain.Competition is not enhanced.

------------------------------------------------------------------------------------------------------------------------

[2020-03-24 18:22:41 #1 type] 
Type domain.User is not enhanced.

[2020-03-24 18:22:41 #2 type] 
Type domain.Coupon is not enhanced.

[2020-03-24 18:22:41 #3 type] 
Type domain.Profile is not enhanced.

[2020-03-24 18:22:41 #4 type] 
Type domain.Bet is not enhanced.

[2020-03-24 18:22:41 #5 type] 
Type domain.Question is not enhanced.

[2020-03-24 18:22:41 #6 type] 
Type domain.Event is not enhanced.

[2020-03-24 18:22:41 #7 type] 
Type domain.Competition is not enhanced.

------------------------------------------------------------------------------------------------------------------------

[2020-03-24 18:27:29 #1 type] 
Type domain.User is not enhanced.

[2020-03-24 18:27:29 #2 type] 
Type domain.Coupon is not enhanced.

[2020-03-24 18:27:29 #3 type] 
Type domain.Profile is not enhanced.

[2020-03-24 18:27:29 #4 type] 
Type domain.Bet is not enhanced.

[2020-03-24 18:27:29 #5 type] 
Type domain.Question is not enhanced.

[2020-03-24 18:27:29 #6 type] 
Type domain.Event is not enhanced.

[2020-03-24 18:27:29 #7 type] 
Type domain.Competition is not enhanced.

------------------------------------------------------------------------------------------------------------------------

[2020-03-24 18:28:07 #1 type] 
Type domain.User is not enhanced.

[2020-03-24 18:28:07 #2 type] 
Type domain.Coupon is not enhanced.

[2020-03-24 18:28:07 #3 type] 
Type domain.Profile is not enhanced.

[2020-03-24 18:28:07 #4 type] 
Type domain.Bet is not enhanced.

[2020-03-24 18:28:07 #5 type] 
Type domain.Question is not enhanced.

[2020-03-24 18:28:07 #6 type] 
Type domain.Event is not enhanced.

[2020-03-24 18:28:07 #7 type] 
Type domain.Competition is not enhanced.

------------------------------------------------------------------------------------------------------------------------

[2020-03-24 18:29:16 #1 type] 
Type domain.User is not enhanced.

[2020-03-24 18:29:16 #2 type] 
Type domain.Coupon is not enhanced.

[2020-03-24 18:29:16 #3 type] 
Type domain.Profile is not enhanced.

[2020-03-24 18:29:16 #4 type] 
Type domain.Bet is not enhanced.

[2020-03-24 18:29:16 #5 type] 
Type domain.Question is not enhanced.

[2020-03-24 18:29:16 #6 type] 
Type domain.Event is not enhanced.

[2020-03-24 18:29:16 #7 type] 
Type domain.Competition is not enhanced.

------------------------------------------------------------------------------------------------------------------------

[2020-03-24 18:30:01 #1 type] 
Type domain.User is not enhanced.

[2020-03-24 18:30:01 #2 type] 
Type domain.Coupon is not enhanced.

[2020-03-24 18:30:01 #3 type] 
Type domain.Profile is not enhanced.

[2020-03-24 18:30:01 #4 type] 
Type domain.Bet is not enhanced.

[2020-03-24 18:30:01 #5 type] 
Type domain.Question is not enhanced.

[2020-03-24 18:30:01 #6 type] 
Type domain.Event is not enhanced.

[2020-03-24 18:30:01 #7 type] 
Type domain.Competition is not enhanced.

------------------------------------------------------------------------------------------------------------------------

[2020-03-24 18:30:33 #1 type] 
Type domain.User is not enhanced.

[2020-03-24 18:30:33 #2 type] 
Type domain.Coupon is not enhanced.

[2020-03-24 18:30:33 #3 type] 
Type domain.Profile is not enhanced.

[2020-03-24 18:30:33 #4 type] 
Type domain.Bet is not enhanced.

[2020-03-24 18:30:33 #5 type] 
Type domain.Question is not enhanced.

[2020-03-24 18:30:33 #6 type] 
Type domain.Event is not enhanced.

[2020-03-24 18:30:33 #7 type] 
Type domain.Competition is not enhanced.

------------------------------------------------------------------------------------------------------------------------

[2020-03-24 18:31:51 #1 type] 
Type domain.User is not enhanced.

[2020-03-24 18:31:51 #2 type] 
Type domain.Coupon is not enhanced.

[2020-03-24 18:31:51 #3 type] 
Type domain.Profile is not enhanced.

[2020-03-24 18:31:51 #4 type] 
Type domain.Bet is not enhanced.

[2020-03-24 18:31:51 #5 type] 
Type domain.Question is not enhanced.

[2020-03-24 18:31:51 #6 type] 
Type domain.Event is not enhanced.

[2020-03-24 18:31:51 #7 type] 
Type domain.Competition is not enhanced.

------------------------------------------------------------------------------------------------------------------------

[2020-03-24 18:51:17 #1 type] 
Type domain.User is not enhanced.

[2020-03-24 18:51:17 #2 type] 
Type domain.Coupon is not enhanced.

[2020-03-24 18:51:17 #3 type] 
Type domain.Profile is not enhanced.

[2020-03-24 18:51:17 #4 type] 
Type domain.Bet is not enhanced.

[2020-03-24 18:51:17 #5 type] 
Type domain.Question is not enhanced.

[2020-03-24 18:51:17 #6 type] 
Type domain.Event is not enhanced.

[2020-03-24 18:51:17 #7 type] 
Type domain.Competition is not enhanced.

------------------------------------------------------------------------------------------------------------------------

[2020-03-24 18:53:51 #1 type] 
Type domain.User is not enhanced.

[2020-03-24 18:53:51 #2 type] 
Type domain.Coupon is not enhanced.

[2020-03-24 18:53:51 #3 type] 
Type domain.Profile is not enhanced.

[2020-03-24 18:53:51 #4 type] 
Type domain.Bet is not enhanced.

[2020-03-24 18:53:51 #5 type] 
Type domain.Question is not enhanced.

[2020-03-24 18:53:51 #6 type] 
Type domain.Event is not enhanced.

[2020-03-24 18:53:51 #7 type] 
Type domain.Competition is not enhanced.

------------------------------------------------------------------------------------------------------------------------

[2020-03-24 19:00:00 #1 type] 
Type domain.User is not enhanced.

[2020-03-24 19:00:00 #2 type] 
Type domain.Coupon is not enhanced.

[2020-03-24 19:00:00 #3 type] 
Type domain.Profile is not enhanced.

[2020-03-24 19:00:00 #4 type] 
Type domain.Bet is not enhanced.

[2020-03-24 19:00:00 #5 type] 
Type domain.Question is not enhanced.

[2020-03-24 19:00:00 #6 type] 
Type domain.Event is not enhanced.

[2020-03-24 19:00:00 #7 type] 
Type domain.Competition is not enhanced.

------------------------------------------------------------------------------------------------------------------------

[2020-03-24 19:00:38 #1 type] 
Type domain.User is not enhanced.

[2020-03-24 19:00:38 #2 type] 
Type domain.Coupon is not enhanced.

[2020-03-24 19:00:38 #3 type] 
Type domain.Profile is not enhanced.

[2020-03-24 19:00:38 #4 type] 
Type domain.Bet is not enhanced.

[2020-03-24 19:00:38 #5 type] 
Type domain.Question is not enhanced.

[2020-03-24 19:00:38 #6 type] 
Type domain.Event is not enhanced.

[2020-03-24 19:00:38 #7 type] 
Type domain.Competition is not enhanced.

------------------------------------------------------------------------------------------------------------------------

[2020-03-24 19:01:19 #1 type] 
Type domain.User is not enhanced.

[2020-03-24 19:01:19 #2 type] 
Type domain.Coupon is not enhanced.

[2020-03-24 19:01:19 #3 type] 
Type domain.Profile is not enhanced.

[2020-03-24 19:01:19 #4 type] 
Type domain.Bet is not enhanced.

[2020-03-24 19:01:19 #5 type] 
Type domain.Question is not enhanced.

[2020-03-24 19:01:19 #6 type] 
Type domain.Event is not enhanced.

[2020-03-24 19:01:19 #7 type] 
Type domain.Competition is not enhanced.

------------------------------------------------------------------------------------------------------------------------

[2020-03-24 19:01:42 #1 type] 
Type domain.User is not enhanced.

[2020-03-24 19:01:42 #2 type] 
Type domain.Coupon is not enhanced.

[2020-03-24 19:01:42 #3 type] 
Type domain.Profile is not enhanced.

[2020-03-24 19:01:42 #4 type] 
Type domain.Bet is not enhanced.

[2020-03-24 19:01:42 #5 type] 
Type domain.Question is not enhanced.

[2020-03-24 19:01:42 #6 type] 
Type domain.Event is not enhanced.

[2020-03-24 19:01:42 #7 type] 
Type domain.Competition is not enhanced.

------------------------------------------------------------------------------------------------------------------------

[2020-03-24 19:02:19 #1 type] 
Type domain.User is not enhanced.

[2020-03-24 19:02:19 #2 type] 
Type domain.Coupon is not enhanced.

[2020-03-24 19:02:19 #3 type] 
Type domain.Profile is not enhanced.

[2020-03-24 19:02:19 #4 type] 
Type domain.Bet is not enhanced.

[2020-03-24 19:02:19 #5 type] 
Type domain.Question is not enhanced.

[2020-03-24 19:02:19 #6 type] 
Type domain.Event is not enhanced.

[2020-03-24 19:02:19 #7 type] 
Type domain.Competition is not enhanced.

------------------------------------------------------------------------------------------------------------------------

[2020-03-24 19:03:21 #1 type] 
Type domain.User is not enhanced.

[2020-03-24 19:03:21 #2 type] 
Type domain.Coupon is not enhanced.

[2020-03-24 19:03:21 #3 type] 
Type domain.Profile is not enhanced.

[2020-03-24 19:03:21 #4 type] 
Type domain.Bet is not enhanced.

[2020-03-24 19:03:21 #5 type] 
Type domain.Question is not enhanced.

[2020-03-24 19:03:21 #6 type] 
Type domain.Event is not enhanced.

[2020-03-24 19:03:21 #7 type] 
Type domain.Competition is not enhanced.

------------------------------------------------------------------------------------------------------------------------

[2020-03-24 19:03:47 #1 type] 
Type domain.User is not enhanced.

[2020-03-24 19:03:47 #2 type] 
Type domain.Coupon is not enhanced.

[2020-03-24 19:03:47 #3 type] 
Type domain.Profile is not enhanced.

[2020-03-24 19:03:47 #4 type] 
Type domain.Bet is not enhanced.

[2020-03-24 19:03:47 #5 type] 
Type domain.Question is not enhanced.

[2020-03-24 19:03:47 #6 type] 
Type domain.Event is not enhanced.

[2020-03-24 19:03:47 #7 type] 
Type domain.Competition is not enhanced.

------------------------------------------------------------------------------------------------------------------------

[2020-03-24 19:04:38 #1 type] 
Type domain.User is not enhanced.

[2020-03-24 19:04:39 #2 type] 
Type domain.Coupon is not enhanced.

[2020-03-24 19:04:39 #3 type] 
Type domain.Profile is not enhanced.

[2020-03-24 19:04:39 #4 type] 
Type domain.Bet is not enhanced.

[2020-03-24 19:04:39 #5 type] 
Type domain.Question is not enhanced.

[2020-03-24 19:04:39 #6 type] 
Type domain.Event is not enhanced.

[2020-03-24 19:04:39 #7 type] 
Type domain.Competition is not enhanced.

------------------------------------------------------------------------------------------------------------------------

[2020-03-24 19:05:22 #1 type] 
Type domain.User is not enhanced.

[2020-03-24 19:05:22 #2 type] 
Type domain.Coupon is not enhanced.

[2020-03-24 19:05:22 #3 type] 
Type domain.Profile is not enhanced.

[2020-03-24 19:05:22 #4 type] 
Type domain.Bet is not enhanced.

[2020-03-24 19:05:22 #5 type] 
Type domain.Question is not enhanced.

[2020-03-24 19:05:22 #6 type] 
Type domain.Event is not enhanced.

[2020-03-24 19:05:22 #7 type] 
Type domain.Competition is not enhanced.

------------------------------------------------------------------------------------------------------------------------

[2020-03-24 19:06:39 #1 type] 
Type domain.User is not enhanced.

[2020-03-24 19:06:39 #2 type] 
Type domain.Coupon is not enhanced.

[2020-03-24 19:06:39 #3 type] 
Type domain.Profile is not enhanced.

[2020-03-24 19:06:39 #4 type] 
Type domain.Bet is not enhanced.

[2020-03-24 19:06:39 #5 type] 
Type domain.Question is not enhanced.

[2020-03-24 19:06:39 #6 type] 
Type domain.Event is not enhanced.

[2020-03-24 19:06:39 #7 type] 
Type domain.Competition is not enhanced.

------------------------------------------------------------------------------------------------------------------------

[2020-03-24 19:09:33 #1 type] 
Type domain.User is not enhanced.

[2020-03-24 19:09:33 #2 type] 
Type domain.Coupon is not enhanced.

[2020-03-24 19:09:33 #3 type] 
Type domain.Profile is not enhanced.

[2020-03-24 19:09:33 #4 type] 
Type domain.Bet is not enhanced.

[2020-03-24 19:09:33 #5 type] 
Type domain.Question is not enhanced.

[2020-03-24 19:09:33 #6 type] 
Type domain.Event is not enhanced.

[2020-03-24 19:09:33 #7 type] 
Type domain.Competition is not enhanced.

------------------------------------------------------------------------------------------------------------------------

[2020-03-24 19:10:14 #1 type] 
Type domain.User is not enhanced.

[2020-03-24 19:10:14 #2 type] 
Type domain.Coupon is not enhanced.

[2020-03-24 19:10:14 #3 type] 
Type domain.Profile is not enhanced.

[2020-03-24 19:10:14 #4 type] 
Type domain.Bet is not enhanced.

[2020-03-24 19:10:14 #5 type] 
Type domain.Question is not enhanced.

[2020-03-24 19:10:14 #6 type] 
Type domain.Event is not enhanced.

[2020-03-24 19:10:14 #7 type] 
Type domain.Competition is not enhanced.

------------------------------------------------------------------------------------------------------------------------

[2020-03-24 19:12:26 #1 type] 
Type domain.User is not enhanced.

[2020-03-24 19:12:26 #2 type] 
Type domain.Coupon is not enhanced.

[2020-03-24 19:12:26 #3 type] 
Type domain.Profile is not enhanced.

[2020-03-24 19:12:26 #4 type] 
Type domain.Bet is not enhanced.

[2020-03-24 19:12:26 #5 type] 
Type domain.Question is not enhanced.

[2020-03-24 19:12:26 #6 type] 
Type domain.Event is not enhanced.

[2020-03-24 19:12:26 #7 type] 
Type domain.Competition is not enhanced.

------------------------------------------------------------------------------------------------------------------------

[2020-03-24 19:14:15 #1 type] 
Type domain.User is not enhanced.

[2020-03-24 19:14:15 #2 type] 
Type domain.Coupon is not enhanced.

[2020-03-24 19:14:15 #3 type] 
Type domain.Profile is not enhanced.

[2020-03-24 19:14:15 #4 type] 
Type domain.Bet is not enhanced.

[2020-03-24 19:14:15 #5 type] 
Type domain.Question is not enhanced.

[2020-03-24 19:14:15 #6 type] 
Type domain.Event is not enhanced.

[2020-03-24 19:14:15 #7 type] 
Type domain.Competition is not enhanced.

------------------------------------------------------------------------------------------------------------------------

[2020-03-24 19:15:31 #1 type] 
Type domain.User is not enhanced.

[2020-03-24 19:15:31 #2 type] 
Type domain.Coupon is not enhanced.

[2020-03-24 19:15:31 #3 type] 
Type domain.Profile is not enhanced.

[2020-03-24 19:15:31 #4 type] 
Type domain.Bet is not enhanced.

[2020-03-24 19:15:31 #5 type] 
Type domain.Question is not enhanced.

[2020-03-24 19:15:31 #6 type] 
Type domain.Event is not enhanced.

[2020-03-24 19:15:31 #7 type] 
Type domain.Competition is not enhanced.

------------------------------------------------------------------------------------------------------------------------

[2020-03-24 19:19:38 #1 type] 
Type domain.User is not enhanced.

[2020-03-24 19:19:38 #2 type] 
Type domain.Coupon is not enhanced.

[2020-03-24 19:19:38 #3 type] 
Type domain.Profile is not enhanced.

[2020-03-24 19:19:38 #4 type] 
Type domain.Bet is not enhanced.

[2020-03-24 19:19:38 #5 type] 
Type domain.Question is not enhanced.

[2020-03-24 19:19:38 #6 type] 
Type domain.Event is not enhanced.

[2020-03-24 19:19:38 #7 type] 
Type domain.Competition is not enhanced.

------------------------------------------------------------------------------------------------------------------------

[2020-03-24 19:20:20 #1 type] 
Type domain.User is not enhanced.

[2020-03-24 19:20:20 #2 type] 
Type domain.Coupon is not enhanced.

[2020-03-24 19:20:20 #3 type] 
Type domain.Profile is not enhanced.

[2020-03-24 19:20:20 #4 type] 
Type domain.Bet is not enhanced.

[2020-03-24 19:20:20 #5 type] 
Type domain.Question is not enhanced.

[2020-03-24 19:20:20 #6 type] 
Type domain.Event is not enhanced.

[2020-03-24 19:20:20 #7 type] 
Type domain.Competition is not enhanced.

------------------------------------------------------------------------------------------------------------------------

[2020-03-24 19:24:30 #1 type] 
Type domain.User is not enhanced.

[2020-03-24 19:24:30 #2 type] 
Type domain.Coupon is not enhanced.

[2020-03-24 19:24:30 #3 type] 
Type domain.Profile is not enhanced.

[2020-03-24 19:24:30 #4 type] 
Type domain.Bet is not enhanced.

[2020-03-24 19:24:30 #5 type] 
Type domain.Question is not enhanced.

[2020-03-24 19:24:30 #6 type] 
Type domain.Event is not enhanced.

[2020-03-24 19:24:30 #7 type] 
Type domain.Competition is not enhanced.

------------------------------------------------------------------------------------------------------------------------

[2020-03-24 19:39:03 #1 type] 
Type domain.User is not enhanced.

[2020-03-24 19:39:03 #2 type] 
Type domain.Coupon is not enhanced.

[2020-03-24 19:39:03 #3 type] 
Type domain.Profile is not enhanced.

[2020-03-24 19:39:03 #4 type] 
Type domain.Bet is not enhanced.

[2020-03-24 19:39:03 #5 type] 
Type domain.Question is not enhanced.

[2020-03-24 19:39:03 #6 type] 
Type domain.Event is not enhanced.

[2020-03-24 19:39:03 #7 type] 
Type domain.Competition is not enhanced.

------------------------------------------------------------------------------------------------------------------------

[2020-03-24 19:41:19 #1 type] 
Type domain.User is not enhanced.

[2020-03-24 19:41:19 #2 type] 
Type domain.Coupon is not enhanced.

[2020-03-24 19:41:19 #3 type] 
Type domain.Profile is not enhanced.

[2020-03-24 19:41:19 #4 type] 
Type domain.Bet is not enhanced.

[2020-03-24 19:41:19 #5 type] 
Type domain.Question is not enhanced.

[2020-03-24 19:41:19 #6 type] 
Type domain.Event is not enhanced.

[2020-03-24 19:41:19 #7 type] 
Type domain.Competition is not enhanced.

------------------------------------------------------------------------------------------------------------------------

[2020-03-24 19:42:06 #1 type] 
Type domain.User is not enhanced.

[2020-03-24 19:42:06 #2 type] 
Type domain.Coupon is not enhanced.

[2020-03-24 19:42:06 #3 type] 
Type domain.Profile is not enhanced.

[2020-03-24 19:42:06 #4 type] 
Type domain.Bet is not enhanced.

[2020-03-24 19:42:06 #5 type] 
Type domain.Question is not enhanced.

[2020-03-24 19:42:06 #6 type] 
Type domain.Event is not enhanced.

[2020-03-24 19:42:06 #7 type] 
Type domain.Competition is not enhanced.

------------------------------------------------------------------------------------------------------------------------

[2020-03-24 19:43:59 #1 type] 
Type domain.User is not enhanced.

[2020-03-24 19:43:59 #2 type] 
Type domain.Coupon is not enhanced.

[2020-03-24 19:43:59 #3 type] 
Type domain.Profile is not enhanced.

[2020-03-24 19:43:59 #4 type] 
Type domain.Bet is not enhanced.

[2020-03-24 19:43:59 #5 type] 
Type domain.Question is not enhanced.

[2020-03-24 19:43:59 #6 type] 
Type domain.Event is not enhanced.

[2020-03-24 19:43:59 #7 type] 
Type domain.Competition is not enhanced.

------------------------------------------------------------------------------------------------------------------------

[2020-03-24 19:48:18 #1 type] 
Type domain.User is not enhanced.

[2020-03-24 19:48:18 #2 type] 
Type domain.Coupon is not enhanced.

[2020-03-24 19:48:18 #3 type] 
Type domain.Profile is not enhanced.

[2020-03-24 19:48:18 #4 type] 
Type domain.Bet is not enhanced.

[2020-03-24 19:48:18 #5 type] 
Type domain.Question is not enhanced.

[2020-03-24 19:48:18 #6 type] 
Type domain.Event is not enhanced.

[2020-03-24 19:48:18 #7 type] 
Type domain.Competition is not enhanced.

------------------------------------------------------------------------------------------------------------------------

[2020-03-24 19:55:28 #1 type] 
Type domain.User is not enhanced.

[2020-03-24 19:55:28 #2 type] 
Type domain.Coupon is not enhanced.

[2020-03-24 19:55:28 #3 type] 
Type domain.Profile is not enhanced.

[2020-03-24 19:55:28 #4 type] 
Type domain.Bet is not enhanced.

[2020-03-24 19:55:28 #5 type] 
Type domain.Question is not enhanced.

[2020-03-24 19:55:28 #6 type] 
Type domain.Event is not enhanced.

[2020-03-24 19:55:28 #7 type] 
Type domain.Competition is not enhanced.

------------------------------------------------------------------------------------------------------------------------

[2020-03-24 19:56:35 #1 type] 
Type domain.User is not enhanced.

[2020-03-24 19:56:35 #2 type] 
Type domain.Coupon is not enhanced.

[2020-03-24 19:56:35 #3 type] 
Type domain.Profile is not enhanced.

[2020-03-24 19:56:35 #4 type] 
Type domain.Bet is not enhanced.

[2020-03-24 19:56:35 #5 type] 
Type domain.Question is not enhanced.

[2020-03-24 19:56:35 #6 type] 
Type domain.Event is not enhanced.

[2020-03-24 19:56:35 #7 type] 
Type domain.Competition is not enhanced.

------------------------------------------------------------------------------------------------------------------------

[2020-03-24 20:00:10 #1 type] 
Type domain.User is not enhanced.

[2020-03-24 20:00:10 #2 type] 
Type domain.Coupon is not enhanced.

[2020-03-24 20:00:10 #3 type] 
Type domain.Profile is not enhanced.

[2020-03-24 20:00:10 #4 type] 
Type domain.Bet is not enhanced.

[2020-03-24 20:00:10 #5 type] 
Type domain.Question is not enhanced.

[2020-03-24 20:00:10 #6 type] 
Type domain.Event is not enhanced.

[2020-03-24 20:00:10 #7 type] 
Type domain.Competition is not enhanced.

------------------------------------------------------------------------------------------------------------------------

[2020-03-24 20:04:48 #1 type] 
Type domain.User is not enhanced.

[2020-03-24 20:04:48 #2 type] 
Type domain.Coupon is not enhanced.

[2020-03-24 20:04:48 #3 type] 
Type domain.Profile is not enhanced.

[2020-03-24 20:04:48 #4 type] 
Type domain.Bet is not enhanced.

[2020-03-24 20:04:48 #5 type] 
Type domain.Question is not enhanced.

[2020-03-24 20:04:48 #6 type] 
Type domain.Event is not enhanced.

[2020-03-24 20:04:48 #7 type] 
Type domain.Competition is not enhanced.

------------------------------------------------------------------------------------------------------------------------

[2020-03-24 20:05:38 #1 type] 
Type domain.User is not enhanced.

[2020-03-24 20:05:38 #2 type] 
Type domain.Coupon is not enhanced.

[2020-03-24 20:05:38 #3 type] 
Type domain.Profile is not enhanced.

[2020-03-24 20:05:38 #4 type] 
Type domain.Bet is not enhanced.

[2020-03-24 20:05:38 #5 type] 
Type domain.Question is not enhanced.

[2020-03-24 20:05:38 #6 type] 
Type domain.Event is not enhanced.

[2020-03-24 20:05:38 #7 type] 
Type domain.Competition is not enhanced.

------------------------------------------------------------------------------------------------------------------------

[2020-03-24 20:06:46 #1 type] 
Type domain.User is not enhanced.

[2020-03-24 20:06:46 #2 type] 
Type domain.Coupon is not enhanced.

[2020-03-24 20:06:46 #3 type] 
Type domain.Profile is not enhanced.

[2020-03-24 20:06:46 #4 type] 
Type domain.Bet is not enhanced.

[2020-03-24 20:06:46 #5 type] 
Type domain.Question is not enhanced.

[2020-03-24 20:06:46 #6 type] 
Type domain.Event is not enhanced.

[2020-03-24 20:06:46 #7 type] 
Type domain.Competition is not enhanced.

------------------------------------------------------------------------------------------------------------------------

[2020-03-24 20:07:59 #1 type] 
Type domain.User is not enhanced.

[2020-03-24 20:07:59 #2 type] 
Type domain.Coupon is not enhanced.

[2020-03-24 20:07:59 #3 type] 
Type domain.Profile is not enhanced.

[2020-03-24 20:07:59 #4 type] 
Type domain.Bet is not enhanced.

[2020-03-24 20:07:59 #5 type] 
Type domain.Question is not enhanced.

[2020-03-24 20:07:59 #6 type] 
Type domain.Event is not enhanced.

[2020-03-24 20:07:59 #7 type] 
Type domain.Competition is not enhanced.

------------------------------------------------------------------------------------------------------------------------

[2020-03-24 20:09:41 #1 type] 
Type domain.User is not enhanced.

[2020-03-24 20:09:41 #2 type] 
Type domain.Coupon is not enhanced.

[2020-03-24 20:09:41 #3 type] 
Type domain.Profile is not enhanced.

[2020-03-24 20:09:41 #4 type] 
Type domain.Bet is not enhanced.

[2020-03-24 20:09:41 #5 type] 
Type domain.Question is not enhanced.

[2020-03-24 20:09:41 #6 type] 
Type domain.Event is not enhanced.

[2020-03-24 20:09:41 #7 type] 
Type domain.Competition is not enhanced.

------------------------------------------------------------------------------------------------------------------------

[2020-03-24 20:10:29 #1 type] 
Type domain.User is not enhanced.

[2020-03-24 20:10:29 #2 type] 
Type domain.Coupon is not enhanced.

[2020-03-24 20:10:29 #3 type] 
Type domain.Profile is not enhanced.

[2020-03-24 20:10:29 #4 type] 
Type domain.Bet is not enhanced.

[2020-03-24 20:10:30 #5 type] 
Type domain.Question is not enhanced.

[2020-03-24 20:10:30 #6 type] 
Type domain.Event is not enhanced.

[2020-03-24 20:10:30 #7 type] 
Type domain.Competition is not enhanced.

------------------------------------------------------------------------------------------------------------------------

[2020-03-24 20:12:19 #1 type] 
Type domain.User is not enhanced.

[2020-03-24 20:12:19 #2 type] 
Type domain.Coupon is not enhanced.

[2020-03-24 20:12:19 #3 type] 
Type domain.Profile is not enhanced.

[2020-03-24 20:12:19 #4 type] 
Type domain.Bet is not enhanced.

[2020-03-24 20:12:19 #5 type] 
Type domain.Question is not enhanced.

[2020-03-24 20:12:19 #6 type] 
Type domain.Event is not enhanced.

[2020-03-24 20:12:19 #7 type] 
Type domain.Competition is not enhanced.

------------------------------------------------------------------------------------------------------------------------

[2020-03-24 20:13:10 #1 type] 
Type domain.User is not enhanced.

[2020-03-24 20:13:10 #2 type] 
Type domain.Coupon is not enhanced.

[2020-03-24 20:13:10 #3 type] 
Type domain.Profile is not enhanced.

[2020-03-24 20:13:10 #4 type] 
Type domain.Bet is not enhanced.

[2020-03-24 20:13:10 #5 type] 
Type domain.Question is not enhanced.

[2020-03-24 20:13:10 #6 type] 
Type domain.Event is not enhanced.

[2020-03-24 20:13:10 #7 type] 
Type domain.Competition is not enhanced.

------------------------------------------------------------------------------------------------------------------------

[2020-03-24 20:13:41 #1 type] 
Type domain.User is not enhanced.

[2020-03-24 20:13:41 #2 type] 
Type domain.Coupon is not enhanced.

[2020-03-24 20:13:41 #3 type] 
Type domain.Profile is not enhanced.

[2020-03-24 20:13:41 #4 type] 
Type domain.Bet is not enhanced.

[2020-03-24 20:13:41 #5 type] 
Type domain.Question is not enhanced.

[2020-03-24 20:13:41 #6 type] 
Type domain.Event is not enhanced.

[2020-03-24 20:13:41 #7 type] 
Type domain.Competition is not enhanced.

------------------------------------------------------------------------------------------------------------------------

[2020-03-24 20:17:58 #1 type] 
Type domain.User is not enhanced.

[2020-03-24 20:17:58 #2 type] 
Type domain.Coupon is not enhanced.

[2020-03-24 20:17:58 #3 type] 
Type domain.Profile is not enhanced.

[2020-03-24 20:17:58 #4 type] 
Type domain.Bet is not enhanced.

[2020-03-24 20:17:58 #5 type] 
Type domain.Question is not enhanced.

[2020-03-24 20:17:58 #6 type] 
Type domain.Event is not enhanced.

[2020-03-24 20:17:58 #7 type] 
Type domain.Competition is not enhanced.

------------------------------------------------------------------------------------------------------------------------

[2020-03-24 20:18:29 #1 type] 
Type domain.User is not enhanced.

[2020-03-24 20:18:29 #2 type] 
Type domain.Coupon is not enhanced.

[2020-03-24 20:18:29 #3 type] 
Type domain.Profile is not enhanced.

[2020-03-24 20:18:29 #4 type] 
Type domain.Bet is not enhanced.

[2020-03-24 20:18:29 #5 type] 
Type domain.Question is not enhanced.

[2020-03-24 20:18:29 #6 type] 
Type domain.Event is not enhanced.

[2020-03-24 20:18:29 #7 type] 
Type domain.Competition is not enhanced.

------------------------------------------------------------------------------------------------------------------------

[2020-03-24 20:19:23 #1 type] 
Type domain.User is not enhanced.

[2020-03-24 20:19:23 #2 type] 
Type domain.Coupon is not enhanced.

[2020-03-24 20:19:23 #3 type] 
Type domain.Profile is not enhanced.

[2020-03-24 20:19:23 #4 type] 
Type domain.Bet is not enhanced.

[2020-03-24 20:19:23 #5 type] 
Type domain.Question is not enhanced.

[2020-03-24 20:19:23 #6 type] 
Type domain.Event is not enhanced.

[2020-03-24 20:19:23 #7 type] 
Type domain.Competition is not enhanced.

------------------------------------------------------------------------------------------------------------------------

[2020-03-24 20:19:43 #1 type] 
Type domain.User is not enhanced.

[2020-03-24 20:19:43 #2 type] 
Type domain.Coupon is not enhanced.

[2020-03-24 20:19:43 #3 type] 
Type domain.Profile is not enhanced.

[2020-03-24 20:19:43 #4 type] 
Type domain.Bet is not enhanced.

[2020-03-24 20:19:43 #5 type] 
Type domain.Question is not enhanced.

[2020-03-24 20:19:43 #6 type] 
Type domain.Event is not enhanced.

[2020-03-24 20:19:43 #7 type] 
Type domain.Competition is not enhanced.

------------------------------------------------------------------------------------------------------------------------

[2020-03-24 20:21:18 #1 type] 
Type domain.User is not enhanced.

[2020-03-24 20:21:18 #2 type] 
Type domain.Coupon is not enhanced.

[2020-03-24 20:21:18 #3 type] 
Type domain.Profile is not enhanced.

[2020-03-24 20:21:18 #4 type] 
Type domain.Bet is not enhanced.

[2020-03-24 20:21:18 #5 type] 
Type domain.Question is not enhanced.

[2020-03-24 20:21:18 #6 type] 
Type domain.Event is not enhanced.

[2020-03-24 20:21:18 #7 type] 
Type domain.Competition is not enhanced.

------------------------------------------------------------------------------------------------------------------------

[2020-03-24 20:21:46 #1 type] 
Type domain.User is not enhanced.

[2020-03-24 20:21:46 #2 type] 
Type domain.Coupon is not enhanced.

[2020-03-24 20:21:46 #3 type] 
Type domain.Profile is not enhanced.

[2020-03-24 20:21:47 #4 type] 
Type domain.Bet is not enhanced.

[2020-03-24 20:21:47 #5 type] 
Type domain.Question is not enhanced.

[2020-03-24 20:21:47 #6 type] 
Type domain.Event is not enhanced.

[2020-03-24 20:21:47 #7 type] 
Type domain.Competition is not enhanced.

------------------------------------------------------------------------------------------------------------------------

[2020-03-24 20:22:14 #1 type] 
Type domain.User is not enhanced.

[2020-03-24 20:22:14 #2 type] 
Type domain.Coupon is not enhanced.

[2020-03-24 20:22:14 #3 type] 
Type domain.Profile is not enhanced.

[2020-03-24 20:22:14 #4 type] 
Type domain.Bet is not enhanced.

[2020-03-24 20:22:14 #5 type] 
Type domain.Question is not enhanced.

[2020-03-24 20:22:14 #6 type] 
Type domain.Event is not enhanced.

[2020-03-24 20:22:14 #7 type] 
Type domain.Competition is not enhanced.

------------------------------------------------------------------------------------------------------------------------

[2020-03-24 20:22:53 #1 type] 
Type domain.User is not enhanced.

[2020-03-24 20:22:53 #2 type] 
Type domain.Coupon is not enhanced.

[2020-03-24 20:22:53 #3 type] 
Type domain.Profile is not enhanced.

[2020-03-24 20:22:53 #4 type] 
Type domain.Bet is not enhanced.

[2020-03-24 20:22:53 #5 type] 
Type domain.Question is not enhanced.

[2020-03-24 20:22:53 #6 type] 
Type domain.Event is not enhanced.

[2020-03-24 20:22:53 #7 type] 
Type domain.Competition is not enhanced.

------------------------------------------------------------------------------------------------------------------------

[2020-03-24 20:23:36 #1 type] 
Type domain.User is not enhanced.

[2020-03-24 20:23:36 #2 type] 
Type domain.Coupon is not enhanced.

[2020-03-24 20:23:36 #3 type] 
Type domain.Profile is not enhanced.

[2020-03-24 20:23:36 #4 type] 
Type domain.Bet is not enhanced.

[2020-03-24 20:23:36 #5 type] 
Type domain.Question is not enhanced.

[2020-03-24 20:23:36 #6 type] 
Type domain.Event is not enhanced.

[2020-03-24 20:23:36 #7 type] 
Type domain.Competition is not enhanced.

------------------------------------------------------------------------------------------------------------------------

[2020-03-24 20:23:58 #1 type] 
Type domain.User is not enhanced.

[2020-03-24 20:23:58 #2 type] 
Type domain.Coupon is not enhanced.

[2020-03-24 20:23:58 #3 type] 
Type domain.Profile is not enhanced.

[2020-03-24 20:23:58 #4 type] 
Type domain.Bet is not enhanced.

[2020-03-24 20:23:58 #5 type] 
Type domain.Question is not enhanced.

[2020-03-24 20:23:58 #6 type] 
Type domain.Event is not enhanced.

[2020-03-24 20:23:58 #7 type] 
Type domain.Competition is not enhanced.

------------------------------------------------------------------------------------------------------------------------

[2020-03-24 20:24:30 #1 type] 
Type domain.User is not enhanced.

[2020-03-24 20:24:30 #2 type] 
Type domain.Coupon is not enhanced.

[2020-03-24 20:24:30 #3 type] 
Type domain.Profile is not enhanced.

[2020-03-24 20:24:30 #4 type] 
Type domain.Bet is not enhanced.

[2020-03-24 20:24:30 #5 type] 
Type domain.Question is not enhanced.

[2020-03-24 20:24:30 #6 type] 
Type domain.Event is not enhanced.

[2020-03-24 20:24:30 #7 type] 
Type domain.Competition is not enhanced.

------------------------------------------------------------------------------------------------------------------------

[2020-03-24 20:26:45 #1 type] 
Type domain.User is not enhanced.

[2020-03-24 20:26:45 #2 type] 
Type domain.Coupon is not enhanced.

[2020-03-24 20:26:45 #3 type] 
Type domain.Profile is not enhanced.

[2020-03-24 20:26:45 #4 type] 
Type domain.Bet is not enhanced.

[2020-03-24 20:26:45 #5 type] 
Type domain.Question is not enhanced.

[2020-03-24 20:26:45 #6 type] 
Type domain.Event is not enhanced.

[2020-03-24 20:26:45 #7 type] 
Type domain.Competition is not enhanced.

------------------------------------------------------------------------------------------------------------------------

[2020-03-24 20:44:22 #1 type] 
Type domain.User is not enhanced.

[2020-03-24 20:44:22 #2 type] 
Type domain.Coupon is not enhanced.

[2020-03-24 20:44:22 #3 type] 
Type domain.Profile is not enhanced.

[2020-03-24 20:44:22 #4 type] 
Type domain.Bet is not enhanced.

[2020-03-24 20:44:22 #5 type] 
Type domain.Question is not enhanced.

[2020-03-24 20:44:22 #6 type] 
Type domain.Event is not enhanced.

[2020-03-24 20:44:22 #7 type] 
Type domain.Competition is not enhanced.

------------------------------------------------------------------------------------------------------------------------

[2020-03-24 20:47:04 #1 type] 
Type domain.User is not enhanced.

[2020-03-24 20:47:04 #2 type] 
Type domain.Coupon is not enhanced.

[2020-03-24 20:47:04 #3 type] 
Type domain.Profile is not enhanced.

[2020-03-24 20:47:04 #4 type] 
Type domain.Bet is not enhanced.

[2020-03-24 20:47:04 #5 type] 
Type domain.Question is not enhanced.

[2020-03-24 20:47:04 #6 type] 
Type domain.Event is not enhanced.

[2020-03-24 20:47:04 #7 type] 
Type domain.Competition is not enhanced.

------------------------------------------------------------------------------------------------------------------------

[2020-03-24 20:48:13 #1 type] 
Type domain.User is not enhanced.

[2020-03-24 20:48:13 #2 type] 
Type domain.Coupon is not enhanced.

[2020-03-24 20:48:13 #3 type] 
Type domain.Profile is not enhanced.

[2020-03-24 20:48:13 #4 type] 
Type domain.Bet is not enhanced.

[2020-03-24 20:48:13 #5 type] 
Type domain.Question is not enhanced.

[2020-03-24 20:48:13 #6 type] 
Type domain.Event is not enhanced.

[2020-03-24 20:48:13 #7 type] 
Type domain.Competition is not enhanced.

------------------------------------------------------------------------------------------------------------------------

[2020-03-24 20:48:59 #1 type] 
Type domain.User is not enhanced.

[2020-03-24 20:48:59 #2 type] 
Type domain.Coupon is not enhanced.

[2020-03-24 20:48:59 #3 type] 
Type domain.Profile is not enhanced.

[2020-03-24 20:48:59 #4 type] 
Type domain.Bet is not enhanced.

[2020-03-24 20:48:59 #5 type] 
Type domain.Question is not enhanced.

[2020-03-24 20:48:59 #6 type] 
Type domain.Event is not enhanced.

[2020-03-24 20:48:59 #7 type] 
Type domain.Competition is not enhanced.

------------------------------------------------------------------------------------------------------------------------

[2020-03-24 20:50:42 #1 type] 
Type domain.User is not enhanced.

[2020-03-24 20:50:42 #2 type] 
Type domain.Coupon is not enhanced.

[2020-03-24 20:50:42 #3 type] 
Type domain.Profile is not enhanced.

[2020-03-24 20:50:42 #4 type] 
Type domain.Bet is not enhanced.

[2020-03-24 20:50:42 #5 type] 
Type domain.Question is not enhanced.

[2020-03-24 20:50:42 #6 type] 
Type domain.Event is not enhanced.

[2020-03-24 20:50:42 #7 type] 
Type domain.Competition is not enhanced.

------------------------------------------------------------------------------------------------------------------------

[2020-03-24 22:38:57 #1 type] 
Type domain.User is not enhanced.

[2020-03-24 22:38:57 #2 type] 
Type domain.Coupon is not enhanced.

[2020-03-24 22:38:57 #3 type] 
Type domain.Profile is not enhanced.

[2020-03-24 22:38:57 #4 type] 
Type domain.Bet is not enhanced.

[2020-03-24 22:38:57 #5 type] 
Type domain.Question is not enhanced.

[2020-03-24 22:38:57 #6 type] 
Type domain.Event is not enhanced.

[2020-03-24 22:38:57 #7 type] 
Type domain.Competition is not enhanced.

------------------------------------------------------------------------------------------------------------------------

[2020-03-24 22:40:44 #1 type] 
Type domain.User is not enhanced.

[2020-03-24 22:40:44 #2 type] 
Type domain.Coupon is not enhanced.

[2020-03-24 22:40:44 #3 type] 
Type domain.Profile is not enhanced.

[2020-03-24 22:40:44 #4 type] 
Type domain.Bet is not enhanced.

[2020-03-24 22:40:44 #5 type] 
Type domain.Question is not enhanced.

[2020-03-24 22:40:44 #6 type] 
Type domain.Event is not enhanced.

[2020-03-24 22:40:44 #7 type] 
Type domain.Competition is not enhanced.

------------------------------------------------------------------------------------------------------------------------

[2020-03-24 22:42:02 #1 type] 
Type domain.User is not enhanced.

[2020-03-24 22:42:02 #2 type] 
Type domain.Coupon is not enhanced.

[2020-03-24 22:42:02 #3 type] 
Type domain.Profile is not enhanced.

[2020-03-24 22:42:02 #4 type] 
Type domain.Bet is not enhanced.

[2020-03-24 22:42:02 #5 type] 
Type domain.Question is not enhanced.

[2020-03-24 22:42:02 #6 type] 
Type domain.Event is not enhanced.

[2020-03-24 22:42:02 #7 type] 
Type domain.Competition is not enhanced.

------------------------------------------------------------------------------------------------------------------------

[2020-03-24 22:43:12 #1 type] 
Type domain.User is not enhanced.

[2020-03-24 22:43:12 #2 type] 
Type domain.Coupon is not enhanced.

[2020-03-24 22:43:12 #3 type] 
Type domain.Profile is not enhanced.

[2020-03-24 22:43:12 #4 type] 
Type domain.Bet is not enhanced.

[2020-03-24 22:43:12 #5 type] 
Type domain.Question is not enhanced.

[2020-03-24 22:43:12 #6 type] 
Type domain.Event is not enhanced.

[2020-03-24 22:43:12 #7 type] 
Type domain.Competition is not enhanced.

------------------------------------------------------------------------------------------------------------------------

[2020-03-24 22:43:24 #1 type] 
Type domain.User is not enhanced.

[2020-03-24 22:43:24 #2 type] 
Type domain.Coupon is not enhanced.

[2020-03-24 22:43:24 #3 type] 
Type domain.Profile is not enhanced.

[2020-03-24 22:43:24 #4 type] 
Type domain.Bet is not enhanced.

[2020-03-24 22:43:24 #5 type] 
Type domain.Question is not enhanced.

[2020-03-24 22:43:24 #6 type] 
Type domain.Event is not enhanced.

[2020-03-24 22:43:24 #7 type] 
Type domain.Competition is not enhanced.

------------------------------------------------------------------------------------------------------------------------

[2020-03-24 22:43:33 #1 type] 
Type domain.User is not enhanced.

[2020-03-24 22:43:33 #2 type] 
Type domain.Coupon is not enhanced.

[2020-03-24 22:43:33 #3 type] 
Type domain.Profile is not enhanced.

[2020-03-24 22:43:33 #4 type] 
Type domain.Bet is not enhanced.

[2020-03-24 22:43:33 #5 type] 
Type domain.Question is not enhanced.

[2020-03-24 22:43:33 #6 type] 
Type domain.Event is not enhanced.

[2020-03-24 22:43:33 #7 type] 
Type domain.Competition is not enhanced.

------------------------------------------------------------------------------------------------------------------------

[2020-03-24 22:45:05 #1 type] 
Type domain.User is not enhanced.

[2020-03-24 22:45:05 #2 type] 
Type domain.Coupon is not enhanced.

[2020-03-24 22:45:05 #3 type] 
Type domain.Profile is not enhanced.

[2020-03-24 22:45:05 #4 type] 
Type domain.Bet is not enhanced.

[2020-03-24 22:45:05 #5 type] 
Type domain.Question is not enhanced.

[2020-03-24 22:45:05 #6 type] 
Type domain.Event is not enhanced.

[2020-03-24 22:45:05 #7 type] 
Type domain.Competition is not enhanced.

------------------------------------------------------------------------------------------------------------------------

[2020-03-24 23:00:46 #1 type] 
Type domain.User is not enhanced.

[2020-03-24 23:00:46 #2 type] 
Type domain.Coupon is not enhanced.

[2020-03-24 23:00:46 #3 type] 
Type domain.Profile is not enhanced.

[2020-03-24 23:00:46 #4 type] 
Type domain.Bet is not enhanced.

[2020-03-24 23:00:46 #5 type] 
Type domain.Question is not enhanced.

[2020-03-24 23:00:46 #6 type] 
Type domain.Event is not enhanced.

[2020-03-24 23:00:46 #7 type] 
Type domain.Competition is not enhanced.

------------------------------------------------------------------------------------------------------------------------

[2020-03-24 23:01:55 #1 type] 
Type domain.User is not enhanced.

[2020-03-24 23:01:55 #2 type] 
Type domain.Coupon is not enhanced.

[2020-03-24 23:01:55 #3 type] 
Type domain.Profile is not enhanced.

[2020-03-24 23:01:55 #4 type] 
Type domain.Bet is not enhanced.

[2020-03-24 23:01:55 #5 type] 
Type domain.Question is not enhanced.

[2020-03-24 23:01:55 #6 type] 
Type domain.Event is not enhanced.

[2020-03-24 23:01:55 #7 type] 
Type domain.Competition is not enhanced.

------------------------------------------------------------------------------------------------------------------------

[2020-03-24 23:03:25 #1 type] 
Type domain.User is not enhanced.

[2020-03-24 23:03:25 #2 type] 
Type domain.Coupon is not enhanced.

[2020-03-24 23:03:25 #3 type] 
Type domain.Profile is not enhanced.

[2020-03-24 23:03:25 #4 type] 
Type domain.Bet is not enhanced.

[2020-03-24 23:03:25 #5 type] 
Type domain.Question is not enhanced.

[2020-03-24 23:03:25 #6 type] 
Type domain.Event is not enhanced.

[2020-03-24 23:03:25 #7 type] 
Type domain.Competition is not enhanced.

------------------------------------------------------------------------------------------------------------------------

[2020-03-24 23:06:52 #1 type] 
Type domain.User is not enhanced.

[2020-03-24 23:06:52 #2 type] 
Type domain.Coupon is not enhanced.

[2020-03-24 23:06:52 #3 type] 
Type domain.Profile is not enhanced.

[2020-03-24 23:06:52 #4 type] 
Type domain.Bet is not enhanced.

[2020-03-24 23:06:52 #5 type] 
Type domain.Question is not enhanced.

[2020-03-24 23:06:52 #6 type] 
Type domain.Event is not enhanced.

[2020-03-24 23:06:52 #7 type] 
Type domain.Competition is not enhanced.

------------------------------------------------------------------------------------------------------------------------

[2020-03-24 23:08:34 #1 type] 
Type domain.User is not enhanced.

[2020-03-24 23:08:34 #2 type] 
Type domain.Coupon is not enhanced.

[2020-03-24 23:08:34 #3 type] 
Type domain.Profile is not enhanced.

[2020-03-24 23:08:34 #4 type] 
Type domain.Bet is not enhanced.

[2020-03-24 23:08:34 #5 type] 
Type domain.Question is not enhanced.

[2020-03-24 23:08:34 #6 type] 
Type domain.Event is not enhanced.

[2020-03-24 23:08:34 #7 type] 
Type domain.Competition is not enhanced.

------------------------------------------------------------------------------------------------------------------------

[2020-03-24 23:13:27 #1 type] 
Type domain.User is not enhanced.

[2020-03-24 23:13:27 #2 type] 
Type domain.Coupon is not enhanced.

[2020-03-24 23:13:27 #3 type] 
Type domain.Profile is not enhanced.

[2020-03-24 23:13:27 #4 type] 
Type domain.Bet is not enhanced.

[2020-03-24 23:13:27 #5 type] 
Type domain.Question is not enhanced.

[2020-03-24 23:13:27 #6 type] 
Type domain.Event is not enhanced.

[2020-03-24 23:13:27 #7 type] 
Type domain.Competition is not enhanced.

------------------------------------------------------------------------------------------------------------------------

[2020-03-24 23:23:44 #1 type] 
Type domain.User is not enhanced.

[2020-03-24 23:23:44 #2 type] 
Type domain.Coupon is not enhanced.

[2020-03-24 23:23:44 #3 type] 
Type domain.Profile is not enhanced.

[2020-03-24 23:23:44 #4 type] 
Type domain.Bet is not enhanced.

[2020-03-24 23:23:44 #5 type] 
Type domain.Question is not enhanced.

[2020-03-24 23:23:44 #6 type] 
Type domain.Event is not enhanced.

[2020-03-24 23:23:44 #7 type] 
Type domain.Competition is not enhanced.

------------------------------------------------------------------------------------------------------------------------

[2020-03-24 23:25:10 #1 type] 
Type domain.User is not enhanced.

[2020-03-24 23:25:11 #2 type] 
Type domain.Coupon is not enhanced.

[2020-03-24 23:25:11 #3 type] 
Type domain.Profile is not enhanced.

[2020-03-24 23:25:11 #4 type] 
Type domain.Bet is not enhanced.

[2020-03-24 23:25:11 #5 type] 
Type domain.Question is not enhanced.

[2020-03-24 23:25:11 #6 type] 
Type domain.Event is not enhanced.

[2020-03-24 23:25:11 #7 type] 
Type domain.Competition is not enhanced.

------------------------------------------------------------------------------------------------------------------------

[2020-03-24 23:26:01 #1 type] 
Type domain.User is not enhanced.

[2020-03-24 23:26:01 #2 type] 
Type domain.Coupon is not enhanced.

[2020-03-24 23:26:01 #3 type] 
Type domain.Profile is not enhanced.

[2020-03-24 23:26:01 #4 type] 
Type domain.Bet is not enhanced.

[2020-03-24 23:26:01 #5 type] 
Type domain.Question is not enhanced.

[2020-03-24 23:26:01 #6 type] 
Type domain.Event is not enhanced.

[2020-03-24 23:26:01 #7 type] 
Type domain.Competition is not enhanced.

------------------------------------------------------------------------------------------------------------------------

[2020-03-24 23:27:30 #1 type] 
Type domain.User is not enhanced.

[2020-03-24 23:27:30 #2 type] 
Type domain.Coupon is not enhanced.

[2020-03-24 23:27:30 #3 type] 
Type domain.Profile is not enhanced.

[2020-03-24 23:27:30 #4 type] 
Type domain.Bet is not enhanced.

[2020-03-24 23:27:30 #5 type] 
Type domain.Question is not enhanced.

[2020-03-24 23:27:30 #6 type] 
Type domain.Event is not enhanced.

[2020-03-24 23:27:30 #7 type] 
Type domain.Competition is not enhanced.

------------------------------------------------------------------------------------------------------------------------

[2020-03-24 23:28:50 #1 type] 
Type domain.User is not enhanced.

[2020-03-24 23:28:50 #2 type] 
Type domain.Coupon is not enhanced.

[2020-03-24 23:28:50 #3 type] 
Type domain.Profile is not enhanced.

[2020-03-24 23:28:50 #4 type] 
Type domain.Bet is not enhanced.

[2020-03-24 23:28:50 #5 type] 
Type domain.Question is not enhanced.

[2020-03-24 23:28:50 #6 type] 
Type domain.Event is not enhanced.

[2020-03-24 23:28:50 #7 type] 
Type domain.Competition is not enhanced.

------------------------------------------------------------------------------------------------------------------------

[2020-03-24 23:29:53 #1 type] 
Type domain.User is not enhanced.

[2020-03-24 23:29:53 #2 type] 
Type domain.Coupon is not enhanced.

[2020-03-24 23:29:53 #3 type] 
Type domain.Profile is not enhanced.

[2020-03-24 23:29:53 #4 type] 
Type domain.Bet is not enhanced.

[2020-03-24 23:29:54 #5 type] 
Type domain.Question is not enhanced.

[2020-03-24 23:29:54 #6 type] 
Type domain.Event is not enhanced.

[2020-03-24 23:29:54 #7 type] 
Type domain.Competition is not enhanced.

------------------------------------------------------------------------------------------------------------------------

[2020-03-24 23:31:32 #1 type] 
Type domain.User is not enhanced.

[2020-03-24 23:31:32 #2 type] 
Type domain.Coupon is not enhanced.

[2020-03-24 23:31:32 #3 type] 
Type domain.Profile is not enhanced.

[2020-03-24 23:31:32 #4 type] 
Type domain.Bet is not enhanced.

[2020-03-24 23:31:32 #5 type] 
Type domain.Question is not enhanced.

[2020-03-24 23:31:32 #6 type] 
Type domain.Event is not enhanced.

[2020-03-24 23:31:32 #7 type] 
Type domain.Competition is not enhanced.

------------------------------------------------------------------------------------------------------------------------

[2020-03-24 23:33:41 #1 type] 
Type domain.User is not enhanced.

[2020-03-24 23:33:41 #2 type] 
Type domain.Coupon is not enhanced.

[2020-03-24 23:33:41 #3 type] 
Type domain.Profile is not enhanced.

[2020-03-24 23:33:41 #4 type] 
Type domain.Bet is not enhanced.

[2020-03-24 23:33:41 #5 type] 
Type domain.Question is not enhanced.

[2020-03-24 23:33:41 #6 type] 
Type domain.Event is not enhanced.

[2020-03-24 23:33:41 #7 type] 
Type domain.Competition is not enhanced.

------------------------------------------------------------------------------------------------------------------------

[2020-03-24 23:34:16 #1 type] 
Type domain.User is not enhanced.

[2020-03-24 23:34:17 #2 type] 
Type domain.Coupon is not enhanced.

[2020-03-24 23:34:17 #3 type] 
Type domain.Profile is not enhanced.

[2020-03-24 23:34:17 #4 type] 
Type domain.Bet is not enhanced.

[2020-03-24 23:34:17 #5 type] 
Type domain.Question is not enhanced.

[2020-03-24 23:34:17 #6 type] 
Type domain.Event is not enhanced.

[2020-03-24 23:34:17 #7 type] 
Type domain.Competition is not enhanced.

------------------------------------------------------------------------------------------------------------------------

[2020-03-24 23:34:46 #1 type] 
Type domain.User is not enhanced.

[2020-03-24 23:34:46 #2 type] 
Type domain.Coupon is not enhanced.

[2020-03-24 23:34:46 #3 type] 
Type domain.Profile is not enhanced.

[2020-03-24 23:34:46 #4 type] 
Type domain.Bet is not enhanced.

[2020-03-24 23:34:46 #5 type] 
Type domain.Question is not enhanced.

[2020-03-24 23:34:46 #6 type] 
Type domain.Event is not enhanced.

[2020-03-24 23:34:46 #7 type] 
Type domain.Competition is not enhanced.

------------------------------------------------------------------------------------------------------------------------

[2020-03-24 23:35:15 #1 type] 
Type domain.User is not enhanced.

[2020-03-24 23:35:15 #2 type] 
Type domain.Coupon is not enhanced.

[2020-03-24 23:35:15 #3 type] 
Type domain.Profile is not enhanced.

[2020-03-24 23:35:15 #4 type] 
Type domain.Bet is not enhanced.

[2020-03-24 23:35:15 #5 type] 
Type domain.Question is not enhanced.

[2020-03-24 23:35:15 #6 type] 
Type domain.Event is not enhanced.

[2020-03-24 23:35:15 #7 type] 
Type domain.Competition is not enhanced.

------------------------------------------------------------------------------------------------------------------------

[2020-03-24 23:37:03 #1 type] 
Type domain.User is not enhanced.

[2020-03-24 23:37:03 #2 type] 
Type domain.Coupon is not enhanced.

[2020-03-24 23:37:03 #3 type] 
Type domain.Profile is not enhanced.

[2020-03-24 23:37:03 #4 type] 
Type domain.Bet is not enhanced.

[2020-03-24 23:37:03 #5 type] 
Type domain.Question is not enhanced.

[2020-03-24 23:37:03 #6 type] 
Type domain.Event is not enhanced.

[2020-03-24 23:37:03 #7 type] 
Type domain.Competition is not enhanced.

------------------------------------------------------------------------------------------------------------------------

[2020-03-24 23:37:51 #1 type] 
Type domain.User is not enhanced.

[2020-03-24 23:37:51 #2 type] 
Type domain.Coupon is not enhanced.

[2020-03-24 23:37:51 #3 type] 
Type domain.Profile is not enhanced.

[2020-03-24 23:37:51 #4 type] 
Type domain.Bet is not enhanced.

[2020-03-24 23:37:51 #5 type] 
Type domain.Question is not enhanced.

[2020-03-24 23:37:51 #6 type] 
Type domain.Event is not enhanced.

[2020-03-24 23:37:51 #7 type] 
Type domain.Competition is not enhanced.

------------------------------------------------------------------------------------------------------------------------

[2020-03-24 23:39:30 #1 type] 
Type domain.User is not enhanced.

[2020-03-24 23:39:30 #2 type] 
Type domain.Coupon is not enhanced.

[2020-03-24 23:39:30 #3 type] 
Type domain.Profile is not enhanced.

[2020-03-24 23:39:30 #4 type] 
Type domain.Bet is not enhanced.

[2020-03-24 23:39:30 #5 type] 
Type domain.Question is not enhanced.

[2020-03-24 23:39:30 #6 type] 
Type domain.Event is not enhanced.

[2020-03-24 23:39:30 #7 type] 
Type domain.Competition is not enhanced.

------------------------------------------------------------------------------------------------------------------------

[2020-03-24 23:39:52 #1 type] 
Type domain.User is not enhanced.

[2020-03-24 23:39:52 #2 type] 
Type domain.Coupon is not enhanced.

[2020-03-24 23:39:52 #3 type] 
Type domain.Profile is not enhanced.

[2020-03-24 23:39:52 #4 type] 
Type domain.Bet is not enhanced.

[2020-03-24 23:39:52 #5 type] 
Type domain.Question is not enhanced.

[2020-03-24 23:39:52 #6 type] 
Type domain.Event is not enhanced.

[2020-03-24 23:39:52 #7 type] 
Type domain.Competition is not enhanced.

------------------------------------------------------------------------------------------------------------------------

[2020-03-24 23:40:31 #1 type] 
Type domain.User is not enhanced.

[2020-03-24 23:40:31 #2 type] 
Type domain.Coupon is not enhanced.

[2020-03-24 23:40:31 #3 type] 
Type domain.Profile is not enhanced.

[2020-03-24 23:40:31 #4 type] 
Type domain.Bet is not enhanced.

[2020-03-24 23:40:31 #5 type] 
Type domain.Question is not enhanced.

[2020-03-24 23:40:31 #6 type] 
Type domain.Event is not enhanced.

[2020-03-24 23:40:31 #7 type] 
Type domain.Competition is not enhanced.

------------------------------------------------------------------------------------------------------------------------

[2020-03-24 23:40:44 #1 type] 
Type domain.User is not enhanced.

[2020-03-24 23:40:44 #2 type] 
Type domain.Coupon is not enhanced.

[2020-03-24 23:40:44 #3 type] 
Type domain.Profile is not enhanced.

[2020-03-24 23:40:44 #4 type] 
Type domain.Bet is not enhanced.

[2020-03-24 23:40:44 #5 type] 
Type domain.Question is not enhanced.

[2020-03-24 23:40:44 #6 type] 
Type domain.Event is not enhanced.

[2020-03-24 23:40:44 #7 type] 
Type domain.Competition is not enhanced.

