------------------------------------------------------------------------------------------------------------------------

[2020-03-03 16:20:53 #1 store] 
Database 'C:\Users\Usuario\git\Sprint_1\Bets\resources\bets.temp' is opened by 13468@DESKTOP-00OS7EM

[2020-03-03 16:20:53 #2 type.registry] 
New type domain.User

[2020-03-03 16:20:53 #3 type] 
Type domain.User is not enhanced.

[2020-03-03 16:20:53 #4 type.registry] 
New type domain.Bet

[2020-03-03 16:20:53 #5 type.registry] 
New type java.util.ArrayList<domain.Bet>

[2020-03-03 16:20:53 #6 type] 
Type domain.Bet is not enhanced.

[2020-03-03 16:20:53 #7 type.registry] 
New type domain.Question

[2020-03-03 16:20:53 #8 type] 
Type domain.Question is not enhanced.

[2020-03-03 16:20:53 #9 type.registry] 
New type domain.Event

[2020-03-03 16:20:53 #10 type] 
Type domain.Event is not enhanced.

[2020-03-03 16:20:53 #11 type.registry] 
New type java.util.Vector<domain.Question>

[2020-03-03 16:20:53 #12 type.registry] 
New type java.util.ArrayList<java.lang.Object>

[2020-03-03 16:20:53 #13 type.registry] 
New type java.util.Vector<java.lang.Object>

[2020-03-03 16:20:53 #14 store] 
Database 'C:\Users\Usuario\git\Sprint_1\Bets\resources\bets.temp' is closed by 13468@DESKTOP-00OS7EM

[2020-03-03 16:20:56 #15 store] 
Database 'C:\Users\Usuario\git\Sprint_1\Bets\resources\bets.temp' is opened by 13468@DESKTOP-00OS7EM

[2020-03-03 16:20:56 #16 store] 
Database 'C:\Users\Usuario\git\Sprint_1\Bets\resources\bets.temp' is closed by 13468@DESKTOP-00OS7EM

[2020-03-03 16:21:01 #17 store] 
Database 'C:\Users\Usuario\git\Sprint_1\Bets\resources\bets.temp' is opened by 13468@DESKTOP-00OS7EM

[2020-03-03 16:21:01 #18 store] 
Database 'C:\Users\Usuario\git\Sprint_1\Bets\resources\bets.temp' is closed by 13468@DESKTOP-00OS7EM

------------------------------------------------------------------------------------------------------------------------

[2020-03-03 16:35:01 #1 store] 
Database 'C:\Users\Usuario\git\Sprint_1\Bets\resources\bets.temp' is opened by 23260@DESKTOP-00OS7EM

[2020-03-03 16:35:01 #2 type.registry] 
New type domain.User

[2020-03-03 16:35:01 #3 type] 
Type domain.User is not enhanced.

[2020-03-03 16:35:01 #4 type.registry] 
New type domain.Bet

[2020-03-03 16:35:01 #5 type.registry] 
New type java.util.ArrayList<domain.Bet>

[2020-03-03 16:35:01 #6 type] 
Type domain.Bet is not enhanced.

[2020-03-03 16:35:01 #7 type.registry] 
New type domain.Question

[2020-03-03 16:35:01 #8 type] 
Type domain.Question is not enhanced.

[2020-03-03 16:35:01 #9 type.registry] 
New type domain.Event

[2020-03-03 16:35:01 #10 type] 
Type domain.Event is not enhanced.

[2020-03-03 16:35:01 #11 type.registry] 
New type java.util.Vector<domain.Question>

[2020-03-03 16:35:01 #12 type.registry] 
New type java.util.ArrayList<java.lang.Object>

[2020-03-03 16:35:01 #13 type.registry] 
New type java.util.Vector<java.lang.Object>

[2020-03-03 16:35:01 #14 store] 
Database 'C:\Users\Usuario\git\Sprint_1\Bets\resources\bets.temp' is closed by 23260@DESKTOP-00OS7EM

[2020-03-03 16:35:03 #15 store] 
Database 'C:\Users\Usuario\git\Sprint_1\Bets\resources\bets.temp' is opened by 23260@DESKTOP-00OS7EM

[2020-03-03 16:35:03 #16 store] 
Database 'C:\Users\Usuario\git\Sprint_1\Bets\resources\bets.temp' is closed by 23260@DESKTOP-00OS7EM

[2020-03-03 16:35:06 #17 store] 
Database 'C:\Users\Usuario\git\Sprint_1\Bets\resources\bets.temp' is opened by 23260@DESKTOP-00OS7EM

[2020-03-03 16:35:06 #18 store] 
Database 'C:\Users\Usuario\git\Sprint_1\Bets\resources\bets.temp' is closed by 23260@DESKTOP-00OS7EM

[2020-03-03 16:36:22 #19 store] 
Database 'C:\Users\Usuario\git\Sprint_1\Bets\resources\bets.temp' is opened by 23260@DESKTOP-00OS7EM

[2020-03-03 16:36:22 #20 store] 
Database 'C:\Users\Usuario\git\Sprint_1\Bets\resources\bets.temp' is closed by 23260@DESKTOP-00OS7EM

[2020-03-03 16:38:27 #21 store] 
Database 'C:\Users\Usuario\git\Sprint_1\Bets\resources\bets.temp' is opened by 23260@DESKTOP-00OS7EM

[2020-03-03 16:38:27 #22 store] 
Database 'C:\Users\Usuario\git\Sprint_1\Bets\resources\bets.temp' is closed by 23260@DESKTOP-00OS7EM

[2020-03-03 16:40:12 #23 store] 
Database 'C:\Users\Usuario\git\Sprint_1\Bets\resources\bets.temp' is opened by 23260@DESKTOP-00OS7EM

[2020-03-03 16:40:12 #24 store] 
Database 'C:\Users\Usuario\git\Sprint_1\Bets\resources\bets.temp' is closed by 23260@DESKTOP-00OS7EM

[2020-03-03 16:40:19 #25 store] 
Database 'C:\Users\Usuario\git\Sprint_1\Bets\resources\bets.temp' is opened by 23260@DESKTOP-00OS7EM

[2020-03-03 16:40:19 #26 store] 
Database 'C:\Users\Usuario\git\Sprint_1\Bets\resources\bets.temp' is closed by 23260@DESKTOP-00OS7EM

[2020-03-03 16:48:27 #27 store] 
Database 'C:\Users\Usuario\git\Sprint_1\Bets\resources\bets.temp' is opened by 23260@DESKTOP-00OS7EM

[2020-03-03 16:48:27 #28 store] 
Database 'C:\Users\Usuario\git\Sprint_1\Bets\resources\bets.temp' is closed by 23260@DESKTOP-00OS7EM

[2020-03-03 16:48:31 #29 store] 
Database 'C:\Users\Usuario\git\Sprint_1\Bets\resources\bets.temp' is opened by 23260@DESKTOP-00OS7EM

[2020-03-03 16:48:31 #30 store] 
Database 'C:\Users\Usuario\git\Sprint_1\Bets\resources\bets.temp' is closed by 23260@DESKTOP-00OS7EM

[2020-03-03 16:51:36 #31 store] 
Database 'C:\Users\Usuario\git\Sprint_1\Bets\resources\bets.temp' is opened by 23260@DESKTOP-00OS7EM

[2020-03-03 16:51:36 #32 store] 
Database 'C:\Users\Usuario\git\Sprint_1\Bets\resources\bets.temp' is closed by 23260@DESKTOP-00OS7EM

[2020-03-03 16:51:46 #33 store] 
Database 'C:\Users\Usuario\git\Sprint_1\Bets\resources\bets.temp' is opened by 23260@DESKTOP-00OS7EM

[2020-03-03 16:51:46 #34 store] 
Database 'C:\Users\Usuario\git\Sprint_1\Bets\resources\bets.temp' is closed by 23260@DESKTOP-00OS7EM

[2020-03-03 16:51:56 #35 store] 
Database 'C:\Users\Usuario\git\Sprint_1\Bets\resources\bets.temp' is opened by 23260@DESKTOP-00OS7EM

[2020-03-03 16:51:56 #36 store] 
Database 'C:\Users\Usuario\git\Sprint_1\Bets\resources\bets.temp' is closed by 23260@DESKTOP-00OS7EM

[2020-03-03 16:51:57 #37 store] 
Database 'C:\Users\Usuario\git\Sprint_1\Bets\resources\bets.temp' is opened by 23260@DESKTOP-00OS7EM

[2020-03-03 16:51:57 #38 store] 
Database 'C:\Users\Usuario\git\Sprint_1\Bets\resources\bets.temp' is closed by 23260@DESKTOP-00OS7EM

[2020-03-03 17:01:27 #39 store] 
Database 'C:\Users\Usuario\git\Sprint_1\Bets\resources\bets.temp' is opened by 23260@DESKTOP-00OS7EM

[2020-03-03 17:01:27 #40 store] 
Database 'C:\Users\Usuario\git\Sprint_1\Bets\resources\bets.temp' is closed by 23260@DESKTOP-00OS7EM

[2020-03-03 17:01:55 #41 store] 
Database 'C:\Users\Usuario\git\Sprint_1\Bets\resources\bets.temp' is opened by 23260@DESKTOP-00OS7EM

[2020-03-03 17:01:55 #42 store] 
Database 'C:\Users\Usuario\git\Sprint_1\Bets\resources\bets.temp' is closed by 23260@DESKTOP-00OS7EM

[2020-03-03 17:01:58 #43 store] 
Database 'C:\Users\Usuario\git\Sprint_1\Bets\resources\bets.temp' is opened by 23260@DESKTOP-00OS7EM

[2020-03-03 17:01:58 #44 store] 
Database 'C:\Users\Usuario\git\Sprint_1\Bets\resources\bets.temp' is closed by 23260@DESKTOP-00OS7EM

[2020-03-03 17:02:06 #45 store] 
Database 'C:\Users\Usuario\git\Sprint_1\Bets\resources\bets.temp' is opened by 23260@DESKTOP-00OS7EM

[2020-03-03 17:02:06 #46 store] 
Database 'C:\Users\Usuario\git\Sprint_1\Bets\resources\bets.temp' is closed by 23260@DESKTOP-00OS7EM

[2020-03-03 17:02:08 #47 store] 
Database 'C:\Users\Usuario\git\Sprint_1\Bets\resources\bets.temp' is opened by 23260@DESKTOP-00OS7EM

[2020-03-03 17:02:08 #48 store] 
Database 'C:\Users\Usuario\git\Sprint_1\Bets\resources\bets.temp' is closed by 23260@DESKTOP-00OS7EM

[2020-03-03 17:02:12 #49 store] 
Database 'C:\Users\Usuario\git\Sprint_1\Bets\resources\bets.temp' is opened by 23260@DESKTOP-00OS7EM

[2020-03-03 17:02:12 #50 store] 
Database 'C:\Users\Usuario\git\Sprint_1\Bets\resources\bets.temp' is closed by 23260@DESKTOP-00OS7EM

[2020-03-03 17:02:19 #51 store] 
Database 'C:\Users\Usuario\git\Sprint_1\Bets\resources\bets.temp' is opened by 23260@DESKTOP-00OS7EM

[2020-03-03 17:02:19 #52 store] 
Database 'C:\Users\Usuario\git\Sprint_1\Bets\resources\bets.temp' is closed by 23260@DESKTOP-00OS7EM

[2020-03-03 17:02:46 #53 store] 
Database 'C:\Users\Usuario\git\Sprint_1\Bets\resources\bets.temp' is opened by 23260@DESKTOP-00OS7EM

[2020-03-03 17:02:46 #54 store] 
Database 'C:\Users\Usuario\git\Sprint_1\Bets\resources\bets.temp' is closed by 23260@DESKTOP-00OS7EM

[2020-03-03 17:02:55 #55 store] 
Database 'C:\Users\Usuario\git\Sprint_1\Bets\resources\bets.temp' is opened by 23260@DESKTOP-00OS7EM

[2020-03-03 17:02:55 #56 store] 
Database 'C:\Users\Usuario\git\Sprint_1\Bets\resources\bets.temp' is closed by 23260@DESKTOP-00OS7EM

------------------------------------------------------------------------------------------------------------------------

[2020-03-03 17:11:17 #1 store] 
Database 'C:\Users\Usuario\git\Sprint_1\Bets\resources\bets.temp' is opened by 15732@DESKTOP-00OS7EM

[2020-03-03 17:11:17 #2 type.registry] 
New type domain.User

[2020-03-03 17:11:17 #3 type] 
Type domain.User is not enhanced.

[2020-03-03 17:11:17 #4 type.registry] 
New type domain.Bet

[2020-03-03 17:11:17 #5 type.registry] 
New type java.util.ArrayList<domain.Bet>

[2020-03-03 17:11:17 #6 type] 
Type domain.Bet is not enhanced.

[2020-03-03 17:11:17 #7 type.registry] 
New type domain.Question

[2020-03-03 17:11:17 #8 type] 
Type domain.Question is not enhanced.

[2020-03-03 17:11:17 #9 type.registry] 
New type domain.Event

[2020-03-03 17:11:17 #10 type] 
Type domain.Event is not enhanced.

[2020-03-03 17:11:17 #11 type.registry] 
New type java.util.Vector<domain.Question>

[2020-03-03 17:11:17 #12 type.registry] 
New type java.util.ArrayList<java.lang.Object>

[2020-03-03 17:11:17 #13 type.registry] 
New type java.util.Vector<java.lang.Object>

[2020-03-03 17:11:17 #14 store] 
Database 'C:\Users\Usuario\git\Sprint_1\Bets\resources\bets.temp' is closed by 15732@DESKTOP-00OS7EM

[2020-03-03 17:11:20 #15 store] 
Database 'C:\Users\Usuario\git\Sprint_1\Bets\resources\bets.temp' is opened by 15732@DESKTOP-00OS7EM

[2020-03-03 17:11:20 #16 store] 
Database 'C:\Users\Usuario\git\Sprint_1\Bets\resources\bets.temp' is closed by 15732@DESKTOP-00OS7EM

[2020-03-03 17:11:22 #17 store] 
Database 'C:\Users\Usuario\git\Sprint_1\Bets\resources\bets.temp' is opened by 15732@DESKTOP-00OS7EM

[2020-03-03 17:11:22 #18 store] 
Database 'C:\Users\Usuario\git\Sprint_1\Bets\resources\bets.temp' is closed by 15732@DESKTOP-00OS7EM

[2020-03-03 17:14:47 #19 store] 
Database 'C:\Users\Usuario\git\Sprint_1\Bets\resources\bets.temp' is opened by 15732@DESKTOP-00OS7EM

[2020-03-03 17:14:47 #20 store] 
Database 'C:\Users\Usuario\git\Sprint_1\Bets\resources\bets.temp' is closed by 15732@DESKTOP-00OS7EM

------------------------------------------------------------------------------------------------------------------------

[2020-03-03 17:34:18 #1 store] 
Database 'C:\Users\Usuario\git\Sprint_1\Bets\resources\bets.temp' is opened by 3796@DESKTOP-00OS7EM

[2020-03-03 17:34:18 #2 type.registry] 
New type domain.User

[2020-03-03 17:34:18 #3 type] 
Type domain.User is not enhanced.

[2020-03-03 17:34:18 #4 type.registry] 
New type domain.Bet

[2020-03-03 17:34:18 #5 type.registry] 
New type java.util.ArrayList<domain.Bet>

[2020-03-03 17:34:18 #6 type] 
Type domain.Bet is not enhanced.

[2020-03-03 17:34:18 #7 type.registry] 
New type domain.Question

[2020-03-03 17:34:18 #8 type] 
Type domain.Question is not enhanced.

[2020-03-03 17:34:18 #9 type.registry] 
New type domain.Event

[2020-03-03 17:34:18 #10 type] 
Type domain.Event is not enhanced.

[2020-03-03 17:34:18 #11 type.registry] 
New type java.util.Vector<domain.Question>

[2020-03-03 17:34:18 #12 type.registry] 
New type java.util.ArrayList<java.lang.Object>

[2020-03-03 17:34:18 #13 type.registry] 
New type java.util.Vector<java.lang.Object>

[2020-03-03 17:34:18 #14 store] 
Database 'C:\Users\Usuario\git\Sprint_1\Bets\resources\bets.temp' is closed by 3796@DESKTOP-00OS7EM

------------------------------------------------------------------------------------------------------------------------

[2020-03-03 17:47:45 #1 store] 
Database 'C:\Users\Usuario\git\Sprint_1\Bets\resources\bets.temp' is opened by 8472@DESKTOP-00OS7EM

[2020-03-03 17:47:45 #2 type.registry] 
New type domain.User

[2020-03-03 17:47:45 #3 type] 
Type domain.User is not enhanced.

[2020-03-03 17:47:45 #4 type.registry] 
New type domain.Bet

[2020-03-03 17:47:45 #5 type.registry] 
New type java.util.ArrayList<domain.Bet>

[2020-03-03 17:47:45 #6 type] 
Type domain.Bet is not enhanced.

[2020-03-03 17:47:45 #7 type.registry] 
New type domain.Question

[2020-03-03 17:47:45 #8 type] 
Type domain.Question is not enhanced.

[2020-03-03 17:47:45 #9 type.registry] 
New type domain.Event

[2020-03-03 17:47:45 #10 type] 
Type domain.Event is not enhanced.

[2020-03-03 17:47:45 #11 type.registry] 
New type java.util.Vector<domain.Question>

[2020-03-03 17:47:45 #12 type.registry] 
New type java.util.ArrayList<java.lang.Object>

[2020-03-03 17:47:45 #13 type.registry] 
New type java.util.Vector<java.lang.Object>

[2020-03-03 17:47:45 #14 store] 
Database 'C:\Users\Usuario\git\Sprint_1\Bets\resources\bets.temp' is closed by 8472@DESKTOP-00OS7EM

[2020-03-03 17:47:53 #15 store] 
Database 'C:\Users\Usuario\git\Sprint_1\Bets\resources\bets.temp' is opened by 8472@DESKTOP-00OS7EM

[2020-03-03 17:47:53 #16 store] 
Database 'C:\Users\Usuario\git\Sprint_1\Bets\resources\bets.temp' is closed by 8472@DESKTOP-00OS7EM

[2020-03-03 17:47:56 #17 store] 
Database 'C:\Users\Usuario\git\Sprint_1\Bets\resources\bets.temp' is opened by 8472@DESKTOP-00OS7EM

[2020-03-03 17:47:56 #18 store] 
Database 'C:\Users\Usuario\git\Sprint_1\Bets\resources\bets.temp' is closed by 8472@DESKTOP-00OS7EM

[2020-03-03 17:47:56 #19 store] 
Database 'C:\Users\Usuario\git\Sprint_1\Bets\resources\bets.temp' is opened by 8472@DESKTOP-00OS7EM

[2020-03-03 17:47:57 #20 store] 
Database 'C:\Users\Usuario\git\Sprint_1\Bets\resources\bets.temp' is closed by 8472@DESKTOP-00OS7EM

[2020-03-03 17:47:59 #21 store] 
Database 'C:\Users\Usuario\git\Sprint_1\Bets\resources\bets.temp' is opened by 8472@DESKTOP-00OS7EM

[2020-03-03 17:47:59 #22 store] 
Database 'C:\Users\Usuario\git\Sprint_1\Bets\resources\bets.temp' is closed by 8472@DESKTOP-00OS7EM

[2020-03-03 17:47:59 #23 store] 
Database 'C:\Users\Usuario\git\Sprint_1\Bets\resources\bets.temp' is opened by 8472@DESKTOP-00OS7EM

[2020-03-03 17:47:59 #24 store] 
Database 'C:\Users\Usuario\git\Sprint_1\Bets\resources\bets.temp' is closed by 8472@DESKTOP-00OS7EM

[2020-03-03 17:48:01 #25 store] 
Database 'C:\Users\Usuario\git\Sprint_1\Bets\resources\bets.temp' is opened by 8472@DESKTOP-00OS7EM

[2020-03-03 17:48:01 #26 store] 
Database 'C:\Users\Usuario\git\Sprint_1\Bets\resources\bets.temp' is closed by 8472@DESKTOP-00OS7EM

[2020-03-03 17:48:01 #27 store] 
Database 'C:\Users\Usuario\git\Sprint_1\Bets\resources\bets.temp' is opened by 8472@DESKTOP-00OS7EM

[2020-03-03 17:48:01 #28 store] 
Database 'C:\Users\Usuario\git\Sprint_1\Bets\resources\bets.temp' is closed by 8472@DESKTOP-00OS7EM

[2020-03-03 17:48:02 #29 store] 
Database 'C:\Users\Usuario\git\Sprint_1\Bets\resources\bets.temp' is opened by 8472@DESKTOP-00OS7EM

[2020-03-03 17:48:02 #30 store] 
Database 'C:\Users\Usuario\git\Sprint_1\Bets\resources\bets.temp' is closed by 8472@DESKTOP-00OS7EM

[2020-03-03 17:48:02 #31 store] 
Database 'C:\Users\Usuario\git\Sprint_1\Bets\resources\bets.temp' is opened by 8472@DESKTOP-00OS7EM

[2020-03-03 17:48:02 #32 store] 
Database 'C:\Users\Usuario\git\Sprint_1\Bets\resources\bets.temp' is closed by 8472@DESKTOP-00OS7EM

[2020-03-03 17:48:03 #33 store] 
Database 'C:\Users\Usuario\git\Sprint_1\Bets\resources\bets.temp' is opened by 8472@DESKTOP-00OS7EM

[2020-03-03 17:48:03 #34 store] 
Database 'C:\Users\Usuario\git\Sprint_1\Bets\resources\bets.temp' is closed by 8472@DESKTOP-00OS7EM

[2020-03-03 17:48:03 #35 store] 
Database 'C:\Users\Usuario\git\Sprint_1\Bets\resources\bets.temp' is opened by 8472@DESKTOP-00OS7EM

[2020-03-03 17:48:03 #36 store] 
Database 'C:\Users\Usuario\git\Sprint_1\Bets\resources\bets.temp' is closed by 8472@DESKTOP-00OS7EM

[2020-03-03 17:48:06 #37 store] 
Database 'C:\Users\Usuario\git\Sprint_1\Bets\resources\bets.temp' is opened by 8472@DESKTOP-00OS7EM

[2020-03-03 17:48:06 #38 store] 
Database 'C:\Users\Usuario\git\Sprint_1\Bets\resources\bets.temp' is closed by 8472@DESKTOP-00OS7EM

[2020-03-03 17:48:16 #39 store] 
Database 'C:\Users\Usuario\git\Sprint_1\Bets\resources\bets.temp' is opened by 8472@DESKTOP-00OS7EM

[2020-03-03 17:48:16 #40 store] 
Database 'C:\Users\Usuario\git\Sprint_1\Bets\resources\bets.temp' is closed by 8472@DESKTOP-00OS7EM

[2020-03-03 17:48:20 #41 store] 
Database 'C:\Users\Usuario\git\Sprint_1\Bets\resources\bets.temp' is opened by 8472@DESKTOP-00OS7EM

[2020-03-03 17:48:20 #42 store] 
Database 'C:\Users\Usuario\git\Sprint_1\Bets\resources\bets.temp' is closed by 8472@DESKTOP-00OS7EM

[2020-03-03 17:48:20 #43 store] 
Database 'C:\Users\Usuario\git\Sprint_1\Bets\resources\bets.temp' is opened by 8472@DESKTOP-00OS7EM

[2020-03-03 17:48:20 #44 store] 
Database 'C:\Users\Usuario\git\Sprint_1\Bets\resources\bets.temp' is closed by 8472@DESKTOP-00OS7EM

[2020-03-03 17:48:36 #45 store] 
Database 'C:\Users\Usuario\git\Sprint_1\Bets\resources\bets.temp' is opened by 8472@DESKTOP-00OS7EM

[2020-03-03 17:48:36 #46 store] 
Database 'C:\Users\Usuario\git\Sprint_1\Bets\resources\bets.temp' is closed by 8472@DESKTOP-00OS7EM

[2020-03-03 17:48:36 #47 store] 
Database 'C:\Users\Usuario\git\Sprint_1\Bets\resources\bets.temp' is opened by 8472@DESKTOP-00OS7EM

[2020-03-03 17:48:36 #48 store] 
Database 'C:\Users\Usuario\git\Sprint_1\Bets\resources\bets.temp' is closed by 8472@DESKTOP-00OS7EM

[2020-03-03 18:54:34 #21 store] 
Database 'C:\Users\Usuario\git\Sprint_1\Bets\resources\bets.temp' is opened by 15732@DESKTOP-00OS7EM

[2020-03-03 18:54:34 #22 store] 
Database 'C:\Users\Usuario\git\Sprint_1\Bets\resources\bets.temp' is closed by 15732@DESKTOP-00OS7EM

[2020-03-03 18:54:43 #23 store] 
Database 'C:\Users\Usuario\git\Sprint_1\Bets\resources\bets.temp' is opened by 15732@DESKTOP-00OS7EM

[2020-03-03 18:54:43 #24 store] 
Database 'C:\Users\Usuario\git\Sprint_1\Bets\resources\bets.temp' is closed by 15732@DESKTOP-00OS7EM

[2020-03-03 18:54:49 #25 store] 
Database 'C:\Users\Usuario\git\Sprint_1\Bets\resources\bets.temp' is opened by 15732@DESKTOP-00OS7EM

[2020-03-03 18:54:49 #26 store] 
Database 'C:\Users\Usuario\git\Sprint_1\Bets\resources\bets.temp' is closed by 15732@DESKTOP-00OS7EM

[2020-03-03 18:54:49 #27 store] 
Database 'C:\Users\Usuario\git\Sprint_1\Bets\resources\bets.temp' is opened by 15732@DESKTOP-00OS7EM

[2020-03-03 18:54:49 #28 store] 
Database 'C:\Users\Usuario\git\Sprint_1\Bets\resources\bets.temp' is closed by 15732@DESKTOP-00OS7EM

------------------------------------------------------------------------------------------------------------------------

[2020-03-03 20:47:01 #1 store] 
Database 'C:\Users\Usuario\git\Sprint_1\Bets\resources\bets.temp' is opened by 17264@DESKTOP-00OS7EM

[2020-03-03 20:47:01 #2 type.registry] 
New type domain.User

[2020-03-03 20:47:01 #3 type] 
Type domain.User is not enhanced.

[2020-03-03 20:47:01 #4 type.registry] 
New type domain.Bet

[2020-03-03 20:47:01 #5 type.registry] 
New type java.util.ArrayList<domain.Bet>

[2020-03-03 20:47:01 #6 type] 
Type domain.Bet is not enhanced.

[2020-03-03 20:47:01 #7 type.registry] 
New type domain.Question

[2020-03-03 20:47:01 #8 type] 
Type domain.Question is not enhanced.

[2020-03-03 20:47:01 #9 type.registry] 
New type domain.Event

[2020-03-03 20:47:01 #10 type] 
Type domain.Event is not enhanced.

[2020-03-03 20:47:01 #11 type.registry] 
New type java.util.Vector<domain.Question>

[2020-03-03 20:47:01 #12 type.registry] 
New type java.util.ArrayList<java.lang.Object>

[2020-03-03 20:47:01 #13 type.registry] 
New type java.util.Vector<java.lang.Object>

[2020-03-03 20:47:01 #14 store] 
Database 'C:\Users\Usuario\git\Sprint_1\Bets\resources\bets.temp' is closed by 17264@DESKTOP-00OS7EM

[2020-03-03 20:47:05 #15 store] 
Database 'C:\Users\Usuario\git\Sprint_1\Bets\resources\bets.temp' is opened by 17264@DESKTOP-00OS7EM

[2020-03-03 20:47:05 #16 store] 
Database 'C:\Users\Usuario\git\Sprint_1\Bets\resources\bets.temp' is closed by 17264@DESKTOP-00OS7EM

[2020-03-03 20:47:10 #17 store] 
Database 'C:\Users\Usuario\git\Sprint_1\Bets\resources\bets.temp' is opened by 17264@DESKTOP-00OS7EM

[2020-03-03 20:47:10 #18 store] 
Database 'C:\Users\Usuario\git\Sprint_1\Bets\resources\bets.temp' is closed by 17264@DESKTOP-00OS7EM

[2020-03-03 20:47:14 #19 store] 
Database 'C:\Users\Usuario\git\Sprint_1\Bets\resources\bets.temp' is opened by 17264@DESKTOP-00OS7EM

[2020-03-03 20:47:14 #20 store] 
Database 'C:\Users\Usuario\git\Sprint_1\Bets\resources\bets.temp' is closed by 17264@DESKTOP-00OS7EM

[2020-03-03 20:47:14 #21 store] 
Database 'C:\Users\Usuario\git\Sprint_1\Bets\resources\bets.temp' is opened by 17264@DESKTOP-00OS7EM

[2020-03-03 20:47:14 #22 store] 
Database 'C:\Users\Usuario\git\Sprint_1\Bets\resources\bets.temp' is closed by 17264@DESKTOP-00OS7EM

[2020-03-03 20:47:16 #23 store] 
Database 'C:\Users\Usuario\git\Sprint_1\Bets\resources\bets.temp' is opened by 17264@DESKTOP-00OS7EM

[2020-03-03 20:47:16 #24 store] 
Database 'C:\Users\Usuario\git\Sprint_1\Bets\resources\bets.temp' is closed by 17264@DESKTOP-00OS7EM

[2020-03-03 20:47:16 #25 store] 
Database 'C:\Users\Usuario\git\Sprint_1\Bets\resources\bets.temp' is opened by 17264@DESKTOP-00OS7EM

[2020-03-03 20:47:16 #26 store] 
Database 'C:\Users\Usuario\git\Sprint_1\Bets\resources\bets.temp' is closed by 17264@DESKTOP-00OS7EM

[2020-03-03 20:47:18 #27 store] 
Database 'C:\Users\Usuario\git\Sprint_1\Bets\resources\bets.temp' is opened by 17264@DESKTOP-00OS7EM

[2020-03-03 20:47:18 #28 store] 
Database 'C:\Users\Usuario\git\Sprint_1\Bets\resources\bets.temp' is closed by 17264@DESKTOP-00OS7EM

[2020-03-03 20:47:18 #29 store] 
Database 'C:\Users\Usuario\git\Sprint_1\Bets\resources\bets.temp' is opened by 17264@DESKTOP-00OS7EM

[2020-03-03 20:47:18 #30 store] 
Database 'C:\Users\Usuario\git\Sprint_1\Bets\resources\bets.temp' is closed by 17264@DESKTOP-00OS7EM

[2020-03-03 21:11:22 #31 store] 
Database 'C:\Users\Usuario\git\Sprint_1\Bets\resources\bets.temp' is opened by 17264@DESKTOP-00OS7EM

[2020-03-03 21:11:22 #32 store] 
Database 'C:\Users\Usuario\git\Sprint_1\Bets\resources\bets.temp' is closed by 17264@DESKTOP-00OS7EM

------------------------------------------------------------------------------------------------------------------------

[2020-03-03 21:11:39 #1 store] 
Database 'C:\Users\Usuario\git\Sprint_1\Bets\resources\bets.temp' is opened by 12148@DESKTOP-00OS7EM

[2020-03-03 21:11:39 #2 type.registry] 
New type domain.User

[2020-03-03 21:11:39 #3 type] 
Type domain.User is not enhanced.

[2020-03-03 21:11:39 #4 type.registry] 
New type domain.Bet

[2020-03-03 21:11:39 #5 type.registry] 
New type java.util.ArrayList<domain.Bet>

[2020-03-03 21:11:39 #6 type] 
Type domain.Bet is not enhanced.

[2020-03-03 21:11:39 #7 type.registry] 
New type domain.Question

[2020-03-03 21:11:39 #8 type] 
Type domain.Question is not enhanced.

[2020-03-03 21:11:39 #9 type.registry] 
New type domain.Event

[2020-03-03 21:11:39 #10 type] 
Type domain.Event is not enhanced.

[2020-03-03 21:11:39 #11 type.registry] 
New type java.util.Vector<domain.Question>

[2020-03-03 21:11:39 #12 type.registry] 
New type java.util.ArrayList<java.lang.Object>

[2020-03-03 21:11:39 #13 type.registry] 
New type java.util.Vector<java.lang.Object>

[2020-03-03 21:11:39 #14 store] 
Database 'C:\Users\Usuario\git\Sprint_1\Bets\resources\bets.temp' is closed by 12148@DESKTOP-00OS7EM

[2020-03-03 21:11:41 #15 store] 
Database 'C:\Users\Usuario\git\Sprint_1\Bets\resources\bets.temp' is opened by 12148@DESKTOP-00OS7EM

[2020-03-03 21:11:41 #16 store] 
Database 'C:\Users\Usuario\git\Sprint_1\Bets\resources\bets.temp' is closed by 12148@DESKTOP-00OS7EM

[2020-03-03 21:31:39 #17 store] 
Database 'C:\Users\Usuario\git\Sprint_1\Bets\resources\bets.temp' is opened by 12148@DESKTOP-00OS7EM

[2020-03-03 21:31:39 #18 store] 
Database 'C:\Users\Usuario\git\Sprint_1\Bets\resources\bets.temp' is closed by 12148@DESKTOP-00OS7EM

[2020-03-03 21:31:49 #19 store] 
Database 'C:\Users\Usuario\git\Sprint_1\Bets\resources\bets.temp' is opened by 12148@DESKTOP-00OS7EM

[2020-03-03 21:31:49 #20 store] 
Database 'C:\Users\Usuario\git\Sprint_1\Bets\resources\bets.temp' is closed by 12148@DESKTOP-00OS7EM

[2020-03-03 22:03:45 #21 store] 
Database 'C:\Users\Usuario\git\Sprint_1\Bets\resources\bets.temp' is opened by 12148@DESKTOP-00OS7EM

[2020-03-03 22:03:45 #22 store] 
Database 'C:\Users\Usuario\git\Sprint_1\Bets\resources\bets.temp' is closed by 12148@DESKTOP-00OS7EM

------------------------------------------------------------------------------------------------------------------------

[2020-03-03 22:03:52 #1 store] 
Database 'C:\Users\Usuario\git\Sprint_1\Bets\resources\bets.temp' is opened by 22440@DESKTOP-00OS7EM

[2020-03-03 22:03:52 #2 type.registry] 
New type domain.User

[2020-03-03 22:03:52 #3 type] 
Type domain.User is not enhanced.

[2020-03-03 22:03:52 #4 type.registry] 
New type domain.Bet

[2020-03-03 22:03:52 #5 type.registry] 
New type java.util.ArrayList<domain.Bet>

[2020-03-03 22:03:52 #6 type] 
Type domain.Bet is not enhanced.

[2020-03-03 22:03:52 #7 type.registry] 
New type domain.Question

[2020-03-03 22:03:52 #8 type] 
Type domain.Question is not enhanced.

[2020-03-03 22:03:52 #9 type.registry] 
New type domain.Event

[2020-03-03 22:03:52 #10 type] 
Type domain.Event is not enhanced.

[2020-03-03 22:03:52 #11 type.registry] 
New type java.util.Vector<domain.Question>

[2020-03-03 22:03:52 #12 type.registry] 
New type java.util.ArrayList<java.lang.Object>

[2020-03-03 22:03:52 #13 type.registry] 
New type java.util.Vector<java.lang.Object>

[2020-03-03 22:03:52 #14 store] 
Database 'C:\Users\Usuario\git\Sprint_1\Bets\resources\bets.temp' is closed by 22440@DESKTOP-00OS7EM

[2020-03-03 22:03:57 #15 store] 
Database 'C:\Users\Usuario\git\Sprint_1\Bets\resources\bets.temp' is opened by 22440@DESKTOP-00OS7EM

[2020-03-03 22:03:57 #16 store] 
Database 'C:\Users\Usuario\git\Sprint_1\Bets\resources\bets.temp' is closed by 22440@DESKTOP-00OS7EM

[2020-03-03 22:04:00 #17 store] 
Database 'C:\Users\Usuario\git\Sprint_1\Bets\resources\bets.temp' is opened by 22440@DESKTOP-00OS7EM

[2020-03-03 22:04:00 #18 store] 
Database 'C:\Users\Usuario\git\Sprint_1\Bets\resources\bets.temp' is closed by 22440@DESKTOP-00OS7EM

[2020-03-03 22:04:46 #19 store] 
Database 'C:\Users\Usuario\git\Sprint_1\Bets\resources\bets.temp' is opened by 22440@DESKTOP-00OS7EM

[2020-03-03 22:04:46 #20 store] 
Database 'C:\Users\Usuario\git\Sprint_1\Bets\resources\bets.temp' is closed by 22440@DESKTOP-00OS7EM

[2020-03-03 22:04:50 #21 store] 
Database 'C:\Users\Usuario\git\Sprint_1\Bets\resources\bets.temp' is opened by 22440@DESKTOP-00OS7EM

[2020-03-03 22:04:50 #22 store] 
Database 'C:\Users\Usuario\git\Sprint_1\Bets\resources\bets.temp' is closed by 22440@DESKTOP-00OS7EM

[2020-03-03 22:04:53 #23 store] 
Database 'C:\Users\Usuario\git\Sprint_1\Bets\resources\bets.temp' is opened by 22440@DESKTOP-00OS7EM

[2020-03-03 22:04:53 #24 store] 
Database 'C:\Users\Usuario\git\Sprint_1\Bets\resources\bets.temp' is closed by 22440@DESKTOP-00OS7EM

[2020-03-03 22:04:57 #25 store] 
Database 'C:\Users\Usuario\git\Sprint_1\Bets\resources\bets.temp' is opened by 22440@DESKTOP-00OS7EM

[2020-03-03 22:04:57 #26 store] 
Database 'C:\Users\Usuario\git\Sprint_1\Bets\resources\bets.temp' is closed by 22440@DESKTOP-00OS7EM

[2020-03-03 22:05:03 #27 store] 
Database 'C:\Users\Usuario\git\Sprint_1\Bets\resources\bets.temp' is opened by 22440@DESKTOP-00OS7EM

[2020-03-03 22:05:03 #28 store] 
Database 'C:\Users\Usuario\git\Sprint_1\Bets\resources\bets.temp' is closed by 22440@DESKTOP-00OS7EM

[2020-03-03 22:05:10 #29 store] 
Database 'C:\Users\Usuario\git\Sprint_1\Bets\resources\bets.temp' is opened by 22440@DESKTOP-00OS7EM

[2020-03-03 22:05:10 #30 store] 
Database 'C:\Users\Usuario\git\Sprint_1\Bets\resources\bets.temp' is closed by 22440@DESKTOP-00OS7EM

[2020-03-03 22:05:58 #31 store] 
Database 'C:\Users\Usuario\git\Sprint_1\Bets\resources\bets.temp' is opened by 22440@DESKTOP-00OS7EM

[2020-03-03 22:05:58 #32 store] 
Database 'C:\Users\Usuario\git\Sprint_1\Bets\resources\bets.temp' is closed by 22440@DESKTOP-00OS7EM

[2020-03-03 22:05:58 #33 store] 
Database 'C:\Users\Usuario\git\Sprint_1\Bets\resources\bets.temp' is opened by 22440@DESKTOP-00OS7EM

[2020-03-03 22:05:58 #34 store] 
Database 'C:\Users\Usuario\git\Sprint_1\Bets\resources\bets.temp' is closed by 22440@DESKTOP-00OS7EM

[2020-03-03 22:06:01 #35 store] 
Database 'C:\Users\Usuario\git\Sprint_1\Bets\resources\bets.temp' is opened by 22440@DESKTOP-00OS7EM

[2020-03-03 22:06:01 #36 store] 
Database 'C:\Users\Usuario\git\Sprint_1\Bets\resources\bets.temp' is closed by 22440@DESKTOP-00OS7EM

[2020-03-03 22:06:01 #37 store] 
Database 'C:\Users\Usuario\git\Sprint_1\Bets\resources\bets.temp' is opened by 22440@DESKTOP-00OS7EM

[2020-03-03 22:06:01 #38 store] 
Database 'C:\Users\Usuario\git\Sprint_1\Bets\resources\bets.temp' is closed by 22440@DESKTOP-00OS7EM

[2020-03-03 22:06:02 #39 store] 
Database 'C:\Users\Usuario\git\Sprint_1\Bets\resources\bets.temp' is opened by 22440@DESKTOP-00OS7EM

[2020-03-03 22:06:02 #40 store] 
Database 'C:\Users\Usuario\git\Sprint_1\Bets\resources\bets.temp' is closed by 22440@DESKTOP-00OS7EM

[2020-03-03 22:06:02 #41 store] 
Database 'C:\Users\Usuario\git\Sprint_1\Bets\resources\bets.temp' is opened by 22440@DESKTOP-00OS7EM

[2020-03-03 22:06:02 #42 store] 
Database 'C:\Users\Usuario\git\Sprint_1\Bets\resources\bets.temp' is closed by 22440@DESKTOP-00OS7EM

[2020-03-03 22:06:17 #43 store] 
Database 'C:\Users\Usuario\git\Sprint_1\Bets\resources\bets.temp' is opened by 22440@DESKTOP-00OS7EM

[2020-03-03 22:06:17 #44 store] 
Database 'C:\Users\Usuario\git\Sprint_1\Bets\resources\bets.temp' is closed by 22440@DESKTOP-00OS7EM

[2020-03-03 22:06:20 #45 store] 
Database 'C:\Users\Usuario\git\Sprint_1\Bets\resources\bets.temp' is opened by 22440@DESKTOP-00OS7EM

[2020-03-03 22:06:20 #46 store] 
Database 'C:\Users\Usuario\git\Sprint_1\Bets\resources\bets.temp' is closed by 22440@DESKTOP-00OS7EM

[2020-03-03 22:06:22 #47 store] 
Database 'C:\Users\Usuario\git\Sprint_1\Bets\resources\bets.temp' is opened by 22440@DESKTOP-00OS7EM

[2020-03-03 22:06:22 #48 store] 
Database 'C:\Users\Usuario\git\Sprint_1\Bets\resources\bets.temp' is closed by 22440@DESKTOP-00OS7EM

[2020-03-03 22:06:22 #49 store] 
Database 'C:\Users\Usuario\git\Sprint_1\Bets\resources\bets.temp' is opened by 22440@DESKTOP-00OS7EM

[2020-03-03 22:06:22 #50 store] 
Database 'C:\Users\Usuario\git\Sprint_1\Bets\resources\bets.temp' is closed by 22440@DESKTOP-00OS7EM

[2020-03-03 22:06:24 #51 store] 
Database 'C:\Users\Usuario\git\Sprint_1\Bets\resources\bets.temp' is opened by 22440@DESKTOP-00OS7EM

[2020-03-03 22:06:24 #52 store] 
Database 'C:\Users\Usuario\git\Sprint_1\Bets\resources\bets.temp' is closed by 22440@DESKTOP-00OS7EM

[2020-03-03 22:06:24 #53 store] 
Database 'C:\Users\Usuario\git\Sprint_1\Bets\resources\bets.temp' is opened by 22440@DESKTOP-00OS7EM

[2020-03-03 22:06:24 #54 store] 
Database 'C:\Users\Usuario\git\Sprint_1\Bets\resources\bets.temp' is closed by 22440@DESKTOP-00OS7EM

[2020-03-03 22:06:24 #55 store] 
Database 'C:\Users\Usuario\git\Sprint_1\Bets\resources\bets.temp' is opened by 22440@DESKTOP-00OS7EM

[2020-03-03 22:06:24 #56 store] 
Database 'C:\Users\Usuario\git\Sprint_1\Bets\resources\bets.temp' is closed by 22440@DESKTOP-00OS7EM

[2020-03-03 22:06:24 #57 store] 
Database 'C:\Users\Usuario\git\Sprint_1\Bets\resources\bets.temp' is opened by 22440@DESKTOP-00OS7EM

[2020-03-03 22:06:24 #58 store] 
Database 'C:\Users\Usuario\git\Sprint_1\Bets\resources\bets.temp' is closed by 22440@DESKTOP-00OS7EM

[2020-03-03 22:06:27 #59 store] 
Database 'C:\Users\Usuario\git\Sprint_1\Bets\resources\bets.temp' is opened by 22440@DESKTOP-00OS7EM

[2020-03-03 22:06:27 #60 store] 
Database 'C:\Users\Usuario\git\Sprint_1\Bets\resources\bets.temp' is closed by 22440@DESKTOP-00OS7EM

[2020-03-03 22:06:27 #61 store] 
Database 'C:\Users\Usuario\git\Sprint_1\Bets\resources\bets.temp' is opened by 22440@DESKTOP-00OS7EM

[2020-03-03 22:06:27 #62 store] 
Database 'C:\Users\Usuario\git\Sprint_1\Bets\resources\bets.temp' is closed by 22440@DESKTOP-00OS7EM

[2020-03-03 22:06:27 #63 store] 
Database 'C:\Users\Usuario\git\Sprint_1\Bets\resources\bets.temp' is opened by 22440@DESKTOP-00OS7EM

[2020-03-03 22:06:27 #64 store] 
Database 'C:\Users\Usuario\git\Sprint_1\Bets\resources\bets.temp' is closed by 22440@DESKTOP-00OS7EM

[2020-03-03 22:06:27 #65 store] 
Database 'C:\Users\Usuario\git\Sprint_1\Bets\resources\bets.temp' is opened by 22440@DESKTOP-00OS7EM

[2020-03-03 22:06:27 #66 store] 
Database 'C:\Users\Usuario\git\Sprint_1\Bets\resources\bets.temp' is closed by 22440@DESKTOP-00OS7EM

[2020-03-03 22:06:27 #67 store] 
Database 'C:\Users\Usuario\git\Sprint_1\Bets\resources\bets.temp' is opened by 22440@DESKTOP-00OS7EM

[2020-03-03 22:06:27 #68 store] 
Database 'C:\Users\Usuario\git\Sprint_1\Bets\resources\bets.temp' is closed by 22440@DESKTOP-00OS7EM

[2020-03-03 22:06:27 #69 store] 
Database 'C:\Users\Usuario\git\Sprint_1\Bets\resources\bets.temp' is opened by 22440@DESKTOP-00OS7EM

[2020-03-03 22:06:27 #70 store] 
Database 'C:\Users\Usuario\git\Sprint_1\Bets\resources\bets.temp' is closed by 22440@DESKTOP-00OS7EM

[2020-03-03 22:06:28 #71 store] 
Database 'C:\Users\Usuario\git\Sprint_1\Bets\resources\bets.temp' is opened by 22440@DESKTOP-00OS7EM

[2020-03-03 22:06:28 #72 store] 
Database 'C:\Users\Usuario\git\Sprint_1\Bets\resources\bets.temp' is closed by 22440@DESKTOP-00OS7EM

[2020-03-03 22:06:28 #73 store] 
Database 'C:\Users\Usuario\git\Sprint_1\Bets\resources\bets.temp' is opened by 22440@DESKTOP-00OS7EM

[2020-03-03 22:06:28 #74 store] 
Database 'C:\Users\Usuario\git\Sprint_1\Bets\resources\bets.temp' is closed by 22440@DESKTOP-00OS7EM

[2020-03-03 22:06:32 #75 store] 
Database 'C:\Users\Usuario\git\Sprint_1\Bets\resources\bets.temp' is opened by 22440@DESKTOP-00OS7EM

[2020-03-03 22:06:32 #76 store] 
Database 'C:\Users\Usuario\git\Sprint_1\Bets\resources\bets.temp' is closed by 22440@DESKTOP-00OS7EM

[2020-03-03 22:06:32 #77 store] 
Database 'C:\Users\Usuario\git\Sprint_1\Bets\resources\bets.temp' is opened by 22440@DESKTOP-00OS7EM

[2020-03-03 22:06:32 #78 store] 
Database 'C:\Users\Usuario\git\Sprint_1\Bets\resources\bets.temp' is closed by 22440@DESKTOP-00OS7EM

[2020-03-03 22:06:33 #79 store] 
Database 'C:\Users\Usuario\git\Sprint_1\Bets\resources\bets.temp' is opened by 22440@DESKTOP-00OS7EM

[2020-03-03 22:06:33 #80 store] 
Database 'C:\Users\Usuario\git\Sprint_1\Bets\resources\bets.temp' is closed by 22440@DESKTOP-00OS7EM

[2020-03-03 22:06:33 #81 store] 
Database 'C:\Users\Usuario\git\Sprint_1\Bets\resources\bets.temp' is opened by 22440@DESKTOP-00OS7EM

[2020-03-03 22:06:33 #82 store] 
Database 'C:\Users\Usuario\git\Sprint_1\Bets\resources\bets.temp' is closed by 22440@DESKTOP-00OS7EM

[2020-03-03 22:06:33 #83 store] 
Database 'C:\Users\Usuario\git\Sprint_1\Bets\resources\bets.temp' is opened by 22440@DESKTOP-00OS7EM

[2020-03-03 22:06:33 #84 store] 
Database 'C:\Users\Usuario\git\Sprint_1\Bets\resources\bets.temp' is closed by 22440@DESKTOP-00OS7EM

[2020-03-03 22:06:33 #85 store] 
Database 'C:\Users\Usuario\git\Sprint_1\Bets\resources\bets.temp' is opened by 22440@DESKTOP-00OS7EM

[2020-03-03 22:06:33 #86 store] 
Database 'C:\Users\Usuario\git\Sprint_1\Bets\resources\bets.temp' is closed by 22440@DESKTOP-00OS7EM

[2020-03-03 22:06:34 #87 store] 
Database 'C:\Users\Usuario\git\Sprint_1\Bets\resources\bets.temp' is opened by 22440@DESKTOP-00OS7EM

[2020-03-03 22:06:34 #88 store] 
Database 'C:\Users\Usuario\git\Sprint_1\Bets\resources\bets.temp' is closed by 22440@DESKTOP-00OS7EM

[2020-03-03 22:06:34 #89 store] 
Database 'C:\Users\Usuario\git\Sprint_1\Bets\resources\bets.temp' is opened by 22440@DESKTOP-00OS7EM

[2020-03-03 22:06:34 #90 store] 
Database 'C:\Users\Usuario\git\Sprint_1\Bets\resources\bets.temp' is closed by 22440@DESKTOP-00OS7EM

[2020-03-03 22:06:34 #91 store] 
Database 'C:\Users\Usuario\git\Sprint_1\Bets\resources\bets.temp' is opened by 22440@DESKTOP-00OS7EM

[2020-03-03 22:06:34 #92 store] 
Database 'C:\Users\Usuario\git\Sprint_1\Bets\resources\bets.temp' is closed by 22440@DESKTOP-00OS7EM

[2020-03-03 22:06:34 #93 store] 
Database 'C:\Users\Usuario\git\Sprint_1\Bets\resources\bets.temp' is opened by 22440@DESKTOP-00OS7EM

[2020-03-03 22:06:34 #94 store] 
Database 'C:\Users\Usuario\git\Sprint_1\Bets\resources\bets.temp' is closed by 22440@DESKTOP-00OS7EM

[2020-03-03 22:06:34 #95 store] 
Database 'C:\Users\Usuario\git\Sprint_1\Bets\resources\bets.temp' is opened by 22440@DESKTOP-00OS7EM

[2020-03-03 22:06:34 #96 store] 
Database 'C:\Users\Usuario\git\Sprint_1\Bets\resources\bets.temp' is closed by 22440@DESKTOP-00OS7EM

[2020-03-03 22:06:35 #97 store] 
Database 'C:\Users\Usuario\git\Sprint_1\Bets\resources\bets.temp' is opened by 22440@DESKTOP-00OS7EM

[2020-03-03 22:06:35 #98 store] 
Database 'C:\Users\Usuario\git\Sprint_1\Bets\resources\bets.temp' is closed by 22440@DESKTOP-00OS7EM

[2020-03-03 22:06:36 #99 store] 
Database 'C:\Users\Usuario\git\Sprint_1\Bets\resources\bets.temp' is opened by 22440@DESKTOP-00OS7EM

[2020-03-03 22:06:36 #100 store] 
Database 'C:\Users\Usuario\git\Sprint_1\Bets\resources\bets.temp' is closed by 22440@DESKTOP-00OS7EM

[2020-03-03 22:06:36 #101 store] 
Database 'C:\Users\Usuario\git\Sprint_1\Bets\resources\bets.temp' is opened by 22440@DESKTOP-00OS7EM

[2020-03-03 22:06:36 #102 store] 
Database 'C:\Users\Usuario\git\Sprint_1\Bets\resources\bets.temp' is closed by 22440@DESKTOP-00OS7EM

[2020-03-03 22:06:37 #103 store] 
Database 'C:\Users\Usuario\git\Sprint_1\Bets\resources\bets.temp' is opened by 22440@DESKTOP-00OS7EM

[2020-03-03 22:06:37 #104 store] 
Database 'C:\Users\Usuario\git\Sprint_1\Bets\resources\bets.temp' is closed by 22440@DESKTOP-00OS7EM

[2020-03-03 22:06:37 #105 store] 
Database 'C:\Users\Usuario\git\Sprint_1\Bets\resources\bets.temp' is opened by 22440@DESKTOP-00OS7EM

[2020-03-03 22:06:37 #106 store] 
Database 'C:\Users\Usuario\git\Sprint_1\Bets\resources\bets.temp' is closed by 22440@DESKTOP-00OS7EM

[2020-03-03 22:06:39 #107 store] 
Database 'C:\Users\Usuario\git\Sprint_1\Bets\resources\bets.temp' is opened by 22440@DESKTOP-00OS7EM

[2020-03-03 22:06:39 #108 store] 
Database 'C:\Users\Usuario\git\Sprint_1\Bets\resources\bets.temp' is closed by 22440@DESKTOP-00OS7EM

[2020-03-03 22:06:39 #109 store] 
Database 'C:\Users\Usuario\git\Sprint_1\Bets\resources\bets.temp' is opened by 22440@DESKTOP-00OS7EM

[2020-03-03 22:06:39 #110 store] 
Database 'C:\Users\Usuario\git\Sprint_1\Bets\resources\bets.temp' is closed by 22440@DESKTOP-00OS7EM

[2020-03-03 22:06:40 #111 store] 
Database 'C:\Users\Usuario\git\Sprint_1\Bets\resources\bets.temp' is opened by 22440@DESKTOP-00OS7EM

[2020-03-03 22:06:40 #112 store] 
Database 'C:\Users\Usuario\git\Sprint_1\Bets\resources\bets.temp' is closed by 22440@DESKTOP-00OS7EM

[2020-03-03 22:06:40 #113 store] 
Database 'C:\Users\Usuario\git\Sprint_1\Bets\resources\bets.temp' is opened by 22440@DESKTOP-00OS7EM

[2020-03-03 22:06:40 #114 store] 
Database 'C:\Users\Usuario\git\Sprint_1\Bets\resources\bets.temp' is closed by 22440@DESKTOP-00OS7EM

[2020-03-03 22:06:54 #115 store] 
Database 'C:\Users\Usuario\git\Sprint_1\Bets\resources\bets.temp' is opened by 22440@DESKTOP-00OS7EM

[2020-03-03 22:06:54 #116 store] 
Database 'C:\Users\Usuario\git\Sprint_1\Bets\resources\bets.temp' is closed by 22440@DESKTOP-00OS7EM

