------------------------------------------------------------------------------------------------------------------------

[2020-03-26 00:00:04 #1 type] 
Type domain.User is not enhanced.

[2020-03-26 00:00:04 #2 type] 
Type domain.Coupon is not enhanced.

[2020-03-26 00:00:04 #3 type] 
Type domain.Profile is not enhanced.

[2020-03-26 00:00:04 #4 type] 
Type domain.Bet is not enhanced.

[2020-03-26 00:00:04 #5 type] 
Type domain.Question is not enhanced.

[2020-03-26 00:00:04 #6 type] 
Type domain.Event is not enhanced.

[2020-03-26 00:00:04 #7 type] 
Type domain.Competition is not enhanced.

------------------------------------------------------------------------------------------------------------------------

[2020-03-26 00:07:41 #1 type] 
Type domain.User is not enhanced.

[2020-03-26 00:07:41 #2 type] 
Type domain.Coupon is not enhanced.

[2020-03-26 00:07:41 #3 type] 
Type domain.Profile is not enhanced.

[2020-03-26 00:07:41 #4 type] 
Type domain.Bet is not enhanced.

[2020-03-26 00:07:41 #5 type] 
Type domain.Question is not enhanced.

[2020-03-26 00:07:41 #6 type] 
Type domain.Event is not enhanced.

[2020-03-26 00:07:41 #7 type] 
Type domain.Competition is not enhanced.

------------------------------------------------------------------------------------------------------------------------

[2020-03-26 00:09:01 #1 type] 
Type domain.User is not enhanced.

[2020-03-26 00:09:01 #2 type] 
Type domain.Coupon is not enhanced.

[2020-03-26 00:09:01 #3 type] 
Type domain.Profile is not enhanced.

[2020-03-26 00:09:01 #4 type] 
Type domain.Bet is not enhanced.

[2020-03-26 00:09:01 #5 type] 
Type domain.Question is not enhanced.

[2020-03-26 00:09:01 #6 type] 
Type domain.Event is not enhanced.

[2020-03-26 00:09:01 #7 type] 
Type domain.Competition is not enhanced.

------------------------------------------------------------------------------------------------------------------------

[2020-03-26 00:13:14 #1 type] 
Type domain.User is not enhanced.

[2020-03-26 00:13:14 #2 type] 
Type domain.Coupon is not enhanced.

[2020-03-26 00:13:14 #3 type] 
Type domain.Profile is not enhanced.

[2020-03-26 00:13:14 #4 type] 
Type domain.Bet is not enhanced.

[2020-03-26 00:13:14 #5 type] 
Type domain.Question is not enhanced.

[2020-03-26 00:13:14 #6 type] 
Type domain.Event is not enhanced.

[2020-03-26 00:13:14 #7 type] 
Type domain.Competition is not enhanced.

------------------------------------------------------------------------------------------------------------------------

[2020-03-26 00:16:32 #1 type] 
Type domain.User is not enhanced.

[2020-03-26 00:16:32 #2 type] 
Type domain.Coupon is not enhanced.

[2020-03-26 00:16:32 #3 type] 
Type domain.Profile is not enhanced.

[2020-03-26 00:16:32 #4 type] 
Type domain.Bet is not enhanced.

[2020-03-26 00:16:32 #5 type] 
Type domain.Question is not enhanced.

[2020-03-26 00:16:32 #6 type] 
Type domain.Event is not enhanced.

[2020-03-26 00:16:32 #7 type] 
Type domain.Competition is not enhanced.

------------------------------------------------------------------------------------------------------------------------

[2020-03-26 00:21:39 #1 type] 
Type domain.User is not enhanced.

[2020-03-26 00:21:39 #2 type] 
Type domain.Coupon is not enhanced.

[2020-03-26 00:21:39 #3 type] 
Type domain.Profile is not enhanced.

[2020-03-26 00:21:39 #4 type] 
Type domain.Bet is not enhanced.

[2020-03-26 00:21:39 #5 type] 
Type domain.Question is not enhanced.

[2020-03-26 00:21:39 #6 type] 
Type domain.Event is not enhanced.

[2020-03-26 00:21:39 #7 type] 
Type domain.Competition is not enhanced.

------------------------------------------------------------------------------------------------------------------------

[2020-03-26 00:24:02 #1 type] 
Type domain.User is not enhanced.

[2020-03-26 00:24:02 #2 type] 
Type domain.Coupon is not enhanced.

[2020-03-26 00:24:02 #3 type] 
Type domain.Profile is not enhanced.

[2020-03-26 00:24:02 #4 type] 
Type domain.Bet is not enhanced.

[2020-03-26 00:24:02 #5 type] 
Type domain.Question is not enhanced.

[2020-03-26 00:24:02 #6 type] 
Type domain.Event is not enhanced.

[2020-03-26 00:24:02 #7 type] 
Type domain.Competition is not enhanced.

------------------------------------------------------------------------------------------------------------------------

[2020-03-26 00:25:09 #1 type] 
Type domain.User is not enhanced.

[2020-03-26 00:25:09 #2 type] 
Type domain.Coupon is not enhanced.

[2020-03-26 00:25:09 #3 type] 
Type domain.Profile is not enhanced.

[2020-03-26 00:25:09 #4 type] 
Type domain.Bet is not enhanced.

[2020-03-26 00:25:09 #5 type] 
Type domain.Question is not enhanced.

[2020-03-26 00:25:09 #6 type] 
Type domain.Event is not enhanced.

[2020-03-26 00:25:09 #7 type] 
Type domain.Competition is not enhanced.

------------------------------------------------------------------------------------------------------------------------

[2020-03-26 00:27:43 #1 type] 
Type domain.User is not enhanced.

[2020-03-26 00:27:43 #2 type] 
Type domain.Coupon is not enhanced.

[2020-03-26 00:27:43 #3 type] 
Type domain.Profile is not enhanced.

[2020-03-26 00:27:43 #4 type] 
Type domain.Bet is not enhanced.

[2020-03-26 00:27:43 #5 type] 
Type domain.Question is not enhanced.

[2020-03-26 00:27:43 #6 type] 
Type domain.Event is not enhanced.

[2020-03-26 00:27:43 #7 type] 
Type domain.Competition is not enhanced.

------------------------------------------------------------------------------------------------------------------------

[2020-03-26 00:29:02 #1 type] 
Type domain.User is not enhanced.

[2020-03-26 00:29:02 #2 type] 
Type domain.Coupon is not enhanced.

[2020-03-26 00:29:02 #3 type] 
Type domain.Profile is not enhanced.

[2020-03-26 00:29:02 #4 type] 
Type domain.Bet is not enhanced.

[2020-03-26 00:29:02 #5 type] 
Type domain.Question is not enhanced.

[2020-03-26 00:29:02 #6 type] 
Type domain.Event is not enhanced.

[2020-03-26 00:29:02 #7 type] 
Type domain.Competition is not enhanced.

------------------------------------------------------------------------------------------------------------------------

[2020-03-26 00:31:02 #1 type] 
Type domain.User is not enhanced.

[2020-03-26 00:31:02 #2 type] 
Type domain.Coupon is not enhanced.

[2020-03-26 00:31:02 #3 type] 
Type domain.Profile is not enhanced.

[2020-03-26 00:31:02 #4 type] 
Type domain.Bet is not enhanced.

[2020-03-26 00:31:02 #5 type] 
Type domain.Question is not enhanced.

[2020-03-26 00:31:02 #6 type] 
Type domain.Event is not enhanced.

[2020-03-26 00:31:02 #7 type] 
Type domain.Competition is not enhanced.

------------------------------------------------------------------------------------------------------------------------

[2020-03-26 00:32:05 #1 type] 
Type domain.User is not enhanced.

[2020-03-26 00:32:05 #2 type] 
Type domain.Coupon is not enhanced.

[2020-03-26 00:32:05 #3 type] 
Type domain.Profile is not enhanced.

[2020-03-26 00:32:05 #4 type] 
Type domain.Bet is not enhanced.

[2020-03-26 00:32:05 #5 type] 
Type domain.Question is not enhanced.

[2020-03-26 00:32:05 #6 type] 
Type domain.Event is not enhanced.

[2020-03-26 00:32:05 #7 type] 
Type domain.Competition is not enhanced.

------------------------------------------------------------------------------------------------------------------------

[2020-03-26 00:36:22 #1 type] 
Type domain.User is not enhanced.

[2020-03-26 00:36:22 #2 type] 
Type domain.Coupon is not enhanced.

[2020-03-26 00:36:22 #3 type] 
Type domain.Profile is not enhanced.

[2020-03-26 00:36:22 #4 type] 
Type domain.Bet is not enhanced.

[2020-03-26 00:36:22 #5 type] 
Type domain.Question is not enhanced.

[2020-03-26 00:36:22 #6 type] 
Type domain.Event is not enhanced.

[2020-03-26 00:36:22 #7 type] 
Type domain.Competition is not enhanced.

------------------------------------------------------------------------------------------------------------------------

[2020-03-26 00:38:26 #1 type] 
Type domain.User is not enhanced.

[2020-03-26 00:38:26 #2 type] 
Type domain.Coupon is not enhanced.

[2020-03-26 00:38:26 #3 type] 
Type domain.Profile is not enhanced.

[2020-03-26 00:38:26 #4 type] 
Type domain.Bet is not enhanced.

[2020-03-26 00:38:26 #5 type] 
Type domain.Question is not enhanced.

[2020-03-26 00:38:26 #6 type] 
Type domain.Event is not enhanced.

[2020-03-26 00:38:26 #7 type] 
Type domain.Competition is not enhanced.

------------------------------------------------------------------------------------------------------------------------

[2020-03-26 00:41:52 #1 type] 
Type domain.User is not enhanced.

[2020-03-26 00:41:52 #2 type] 
Type domain.Coupon is not enhanced.

[2020-03-26 00:41:52 #3 type] 
Type domain.Profile is not enhanced.

[2020-03-26 00:41:52 #4 type] 
Type domain.Bet is not enhanced.

[2020-03-26 00:41:52 #5 type] 
Type domain.Question is not enhanced.

[2020-03-26 00:41:52 #6 type] 
Type domain.Event is not enhanced.

[2020-03-26 00:41:52 #7 type] 
Type domain.Competition is not enhanced.

------------------------------------------------------------------------------------------------------------------------

[2020-03-26 00:47:12 #1 type] 
Type domain.User is not enhanced.

[2020-03-26 00:47:12 #2 type] 
Type domain.Coupon is not enhanced.

[2020-03-26 00:47:12 #3 type] 
Type domain.Profile is not enhanced.

[2020-03-26 00:47:12 #4 type] 
Type domain.Bet is not enhanced.

[2020-03-26 00:47:12 #5 type] 
Type domain.Question is not enhanced.

[2020-03-26 00:47:12 #6 type] 
Type domain.Event is not enhanced.

[2020-03-26 00:47:12 #7 type] 
Type domain.Competition is not enhanced.

------------------------------------------------------------------------------------------------------------------------

[2020-03-26 00:53:16 #1 type] 
Type domain.User is not enhanced.

[2020-03-26 00:53:16 #2 type] 
Type domain.Coupon is not enhanced.

[2020-03-26 00:53:16 #3 type] 
Type domain.Profile is not enhanced.

[2020-03-26 00:53:16 #4 type] 
Type domain.Bet is not enhanced.

[2020-03-26 00:53:16 #5 type] 
Type domain.Question is not enhanced.

[2020-03-26 00:53:16 #6 type] 
Type domain.Event is not enhanced.

[2020-03-26 00:53:16 #7 type] 
Type domain.Competition is not enhanced.

------------------------------------------------------------------------------------------------------------------------

[2020-03-26 01:04:52 #1 type] 
Type domain.User is not enhanced.

[2020-03-26 01:04:52 #2 type] 
Type domain.Coupon is not enhanced.

[2020-03-26 01:04:52 #3 type] 
Type domain.Profile is not enhanced.

[2020-03-26 01:04:52 #4 type] 
Type domain.Bet is not enhanced.

[2020-03-26 01:04:52 #5 type] 
Type domain.Question is not enhanced.

[2020-03-26 01:04:52 #6 type] 
Type domain.Event is not enhanced.

[2020-03-26 01:04:52 #7 type] 
Type domain.Competition is not enhanced.

------------------------------------------------------------------------------------------------------------------------

[2020-03-26 01:13:52 #1 type] 
Type domain.User is not enhanced.

[2020-03-26 01:13:52 #2 type] 
Type domain.Coupon is not enhanced.

[2020-03-26 01:13:52 #3 type] 
Type domain.Profile is not enhanced.

[2020-03-26 01:13:52 #4 type] 
Type domain.Bet is not enhanced.

[2020-03-26 01:13:52 #5 type] 
Type domain.Question is not enhanced.

[2020-03-26 01:13:52 #6 type] 
Type domain.Event is not enhanced.

[2020-03-26 01:13:52 #7 type] 
Type domain.Competition is not enhanced.

------------------------------------------------------------------------------------------------------------------------

[2020-03-26 01:22:28 #1 type] 
Type domain.User is not enhanced.

[2020-03-26 01:22:28 #2 type] 
Type domain.Coupon is not enhanced.

[2020-03-26 01:22:28 #3 type] 
Type domain.Profile is not enhanced.

[2020-03-26 01:22:28 #4 type] 
Type domain.Bet is not enhanced.

[2020-03-26 01:22:28 #5 type] 
Type domain.Question is not enhanced.

[2020-03-26 01:22:28 #6 type] 
Type domain.Event is not enhanced.

[2020-03-26 01:22:28 #7 type] 
Type domain.Competition is not enhanced.

------------------------------------------------------------------------------------------------------------------------

[2020-03-26 01:24:52 #1 type] 
Type domain.User is not enhanced.

[2020-03-26 01:24:52 #2 type] 
Type domain.Coupon is not enhanced.

[2020-03-26 01:24:52 #3 type] 
Type domain.Profile is not enhanced.

[2020-03-26 01:24:52 #4 type] 
Type domain.Bet is not enhanced.

[2020-03-26 01:24:52 #5 type] 
Type domain.Question is not enhanced.

[2020-03-26 01:24:52 #6 type] 
Type domain.Event is not enhanced.

[2020-03-26 01:24:52 #7 type] 
Type domain.Competition is not enhanced.

------------------------------------------------------------------------------------------------------------------------

[2020-03-26 01:26:18 #1 type] 
Type domain.User is not enhanced.

[2020-03-26 01:26:18 #2 type] 
Type domain.Coupon is not enhanced.

[2020-03-26 01:26:18 #3 type] 
Type domain.Profile is not enhanced.

[2020-03-26 01:26:18 #4 type] 
Type domain.Bet is not enhanced.

[2020-03-26 01:26:18 #5 type] 
Type domain.Question is not enhanced.

[2020-03-26 01:26:18 #6 type] 
Type domain.Event is not enhanced.

[2020-03-26 01:26:18 #7 type] 
Type domain.Competition is not enhanced.

------------------------------------------------------------------------------------------------------------------------

[2020-03-26 18:01:49 #1 type] 
Type domain.User is not enhanced.

[2020-03-26 18:01:49 #2 type] 
Type domain.Coupon is not enhanced.

[2020-03-26 18:01:49 #3 type] 
Type domain.Profile is not enhanced.

[2020-03-26 18:01:49 #4 type] 
Type domain.Bet is not enhanced.

[2020-03-26 18:01:49 #5 type] 
Type domain.Question is not enhanced.

[2020-03-26 18:01:49 #6 type] 
Type domain.Event is not enhanced.

[2020-03-26 18:01:49 #7 type] 
Type domain.Competition is not enhanced.

------------------------------------------------------------------------------------------------------------------------

[2020-03-26 19:06:07 #1 type] 
Type domain.User is not enhanced.

[2020-03-26 19:06:07 #2 type] 
Type domain.Coupon is not enhanced.

[2020-03-26 19:06:07 #3 type] 
Type domain.Profile is not enhanced.

[2020-03-26 19:06:07 #4 type] 
Type domain.Bet is not enhanced.

[2020-03-26 19:06:07 #5 type] 
Type domain.Question is not enhanced.

[2020-03-26 19:06:07 #6 type] 
Type domain.Event is not enhanced.

[2020-03-26 19:06:07 #7 type] 
Type domain.Competition is not enhanced.

------------------------------------------------------------------------------------------------------------------------

[2020-03-26 19:32:35 #1 type] 
Type domain.User is not enhanced.

[2020-03-26 19:32:35 #2 type] 
Type domain.Coupon is not enhanced.

[2020-03-26 19:32:35 #3 type] 
Type domain.Profile is not enhanced.

[2020-03-26 19:32:35 #4 type] 
Type domain.Bet is not enhanced.

[2020-03-26 19:32:35 #5 type] 
Type domain.Question is not enhanced.

[2020-03-26 19:32:35 #6 type] 
Type domain.Event is not enhanced.

[2020-03-26 19:32:35 #7 type] 
Type domain.Competition is not enhanced.

------------------------------------------------------------------------------------------------------------------------

[2020-03-26 19:33:27 #1 type] 
Type domain.User is not enhanced.

[2020-03-26 19:33:27 #2 type] 
Type domain.Coupon is not enhanced.

[2020-03-26 19:33:27 #3 type] 
Type domain.Profile is not enhanced.

[2020-03-26 19:33:27 #4 type] 
Type domain.Bet is not enhanced.

[2020-03-26 19:33:27 #5 type] 
Type domain.Question is not enhanced.

[2020-03-26 19:33:27 #6 type] 
Type domain.Event is not enhanced.

[2020-03-26 19:33:27 #7 type] 
Type domain.Competition is not enhanced.

------------------------------------------------------------------------------------------------------------------------

[2020-03-26 19:33:57 #1 type] 
Type domain.User is not enhanced.

[2020-03-26 19:33:57 #2 type] 
Type domain.Coupon is not enhanced.

[2020-03-26 19:33:57 #3 type] 
Type domain.Profile is not enhanced.

[2020-03-26 19:33:57 #4 type] 
Type domain.Bet is not enhanced.

[2020-03-26 19:33:57 #5 type] 
Type domain.Question is not enhanced.

[2020-03-26 19:33:57 #6 type] 
Type domain.Event is not enhanced.

[2020-03-26 19:33:57 #7 type] 
Type domain.Competition is not enhanced.

------------------------------------------------------------------------------------------------------------------------

[2020-03-26 19:34:58 #1 type] 
Type domain.User is not enhanced.

[2020-03-26 19:34:58 #2 type] 
Type domain.Coupon is not enhanced.

[2020-03-26 19:34:58 #3 type] 
Type domain.Profile is not enhanced.

[2020-03-26 19:34:58 #4 type] 
Type domain.Bet is not enhanced.

[2020-03-26 19:34:58 #5 type] 
Type domain.Question is not enhanced.

[2020-03-26 19:34:58 #6 type] 
Type domain.Event is not enhanced.

[2020-03-26 19:34:58 #7 type] 
Type domain.Competition is not enhanced.

------------------------------------------------------------------------------------------------------------------------

[2020-03-26 19:36:15 #1 type] 
Type domain.User is not enhanced.

[2020-03-26 19:36:15 #2 type] 
Type domain.Coupon is not enhanced.

[2020-03-26 19:36:15 #3 type] 
Type domain.Profile is not enhanced.

[2020-03-26 19:36:15 #4 type] 
Type domain.Bet is not enhanced.

[2020-03-26 19:36:15 #5 type] 
Type domain.Question is not enhanced.

[2020-03-26 19:36:15 #6 type] 
Type domain.Event is not enhanced.

[2020-03-26 19:36:15 #7 type] 
Type domain.Competition is not enhanced.

------------------------------------------------------------------------------------------------------------------------

[2020-03-26 19:39:00 #1 type] 
Type domain.User is not enhanced.

[2020-03-26 19:39:00 #2 type] 
Type domain.Coupon is not enhanced.

[2020-03-26 19:39:00 #3 type] 
Type domain.Profile is not enhanced.

[2020-03-26 19:39:00 #4 type] 
Type domain.Bet is not enhanced.

[2020-03-26 19:39:00 #5 type] 
Type domain.Question is not enhanced.

[2020-03-26 19:39:00 #6 type] 
Type domain.Event is not enhanced.

[2020-03-26 19:39:00 #7 type] 
Type domain.Competition is not enhanced.

------------------------------------------------------------------------------------------------------------------------

[2020-03-26 19:39:20 #1 type] 
Type domain.User is not enhanced.

[2020-03-26 19:39:20 #2 type] 
Type domain.Coupon is not enhanced.

[2020-03-26 19:39:20 #3 type] 
Type domain.Profile is not enhanced.

[2020-03-26 19:39:20 #4 type] 
Type domain.Bet is not enhanced.

[2020-03-26 19:39:20 #5 type] 
Type domain.Question is not enhanced.

[2020-03-26 19:39:20 #6 type] 
Type domain.Event is not enhanced.

[2020-03-26 19:39:20 #7 type] 
Type domain.Competition is not enhanced.

------------------------------------------------------------------------------------------------------------------------

[2020-03-26 19:39:49 #1 type] 
Type domain.User is not enhanced.

[2020-03-26 19:39:49 #2 type] 
Type domain.Coupon is not enhanced.

[2020-03-26 19:39:49 #3 type] 
Type domain.Profile is not enhanced.

[2020-03-26 19:39:49 #4 type] 
Type domain.Bet is not enhanced.

[2020-03-26 19:39:49 #5 type] 
Type domain.Question is not enhanced.

[2020-03-26 19:39:49 #6 type] 
Type domain.Event is not enhanced.

[2020-03-26 19:39:49 #7 type] 
Type domain.Competition is not enhanced.

------------------------------------------------------------------------------------------------------------------------

[2020-03-26 19:40:20 #1 type] 
Type domain.User is not enhanced.

[2020-03-26 19:40:20 #2 type] 
Type domain.Coupon is not enhanced.

[2020-03-26 19:40:20 #3 type] 
Type domain.Profile is not enhanced.

[2020-03-26 19:40:20 #4 type] 
Type domain.Bet is not enhanced.

[2020-03-26 19:40:20 #5 type] 
Type domain.Question is not enhanced.

[2020-03-26 19:40:20 #6 type] 
Type domain.Event is not enhanced.

[2020-03-26 19:40:20 #7 type] 
Type domain.Competition is not enhanced.

------------------------------------------------------------------------------------------------------------------------

[2020-03-26 19:40:49 #1 type] 
Type domain.User is not enhanced.

[2020-03-26 19:40:49 #2 type] 
Type domain.Coupon is not enhanced.

[2020-03-26 19:40:49 #3 type] 
Type domain.Profile is not enhanced.

[2020-03-26 19:40:49 #4 type] 
Type domain.Bet is not enhanced.

[2020-03-26 19:40:49 #5 type] 
Type domain.Question is not enhanced.

[2020-03-26 19:40:49 #6 type] 
Type domain.Event is not enhanced.

[2020-03-26 19:40:49 #7 type] 
Type domain.Competition is not enhanced.

------------------------------------------------------------------------------------------------------------------------

[2020-03-26 19:41:50 #1 type] 
Type domain.User is not enhanced.

[2020-03-26 19:41:50 #2 type] 
Type domain.Coupon is not enhanced.

[2020-03-26 19:41:50 #3 type] 
Type domain.Profile is not enhanced.

[2020-03-26 19:41:50 #4 type] 
Type domain.Bet is not enhanced.

[2020-03-26 19:41:50 #5 type] 
Type domain.Question is not enhanced.

[2020-03-26 19:41:50 #6 type] 
Type domain.Event is not enhanced.

[2020-03-26 19:41:50 #7 type] 
Type domain.Competition is not enhanced.

------------------------------------------------------------------------------------------------------------------------

[2020-03-26 19:42:52 #1 type] 
Type domain.User is not enhanced.

[2020-03-26 19:42:52 #2 type] 
Type domain.Coupon is not enhanced.

[2020-03-26 19:42:52 #3 type] 
Type domain.Profile is not enhanced.

[2020-03-26 19:42:52 #4 type] 
Type domain.Bet is not enhanced.

[2020-03-26 19:42:52 #5 type] 
Type domain.Question is not enhanced.

[2020-03-26 19:42:52 #6 type] 
Type domain.Event is not enhanced.

[2020-03-26 19:42:52 #7 type] 
Type domain.Competition is not enhanced.

------------------------------------------------------------------------------------------------------------------------

[2020-03-26 19:59:48 #1 type] 
Type domain.User is not enhanced.

[2020-03-26 19:59:48 #2 type] 
Type domain.Coupon is not enhanced.

[2020-03-26 19:59:48 #3 type] 
Type domain.Profile is not enhanced.

[2020-03-26 19:59:48 #4 type] 
Type domain.Bet is not enhanced.

[2020-03-26 19:59:48 #5 type] 
Type domain.Question is not enhanced.

[2020-03-26 19:59:48 #6 type] 
Type domain.Event is not enhanced.

[2020-03-26 19:59:48 #7 type] 
Type domain.Competition is not enhanced.

------------------------------------------------------------------------------------------------------------------------

[2020-03-26 19:59:53 #1 type] 
Type domain.User is not enhanced.

[2020-03-26 19:59:53 #2 type] 
Type domain.Coupon is not enhanced.

[2020-03-26 19:59:53 #3 type] 
Type domain.Profile is not enhanced.

[2020-03-26 19:59:53 #4 type] 
Type domain.Bet is not enhanced.

[2020-03-26 19:59:53 #5 type] 
Type domain.Question is not enhanced.

[2020-03-26 19:59:53 #6 type] 
Type domain.Event is not enhanced.

[2020-03-26 19:59:53 #7 type] 
Type domain.Competition is not enhanced.

------------------------------------------------------------------------------------------------------------------------

[2020-03-26 20:02:32 #1 type] 
Type domain.User is not enhanced.

[2020-03-26 20:02:32 #2 type] 
Type domain.Coupon is not enhanced.

[2020-03-26 20:02:32 #3 type] 
Type domain.Profile is not enhanced.

[2020-03-26 20:02:32 #4 type] 
Type domain.Bet is not enhanced.

[2020-03-26 20:02:32 #5 type] 
Type domain.Question is not enhanced.

[2020-03-26 20:02:32 #6 type] 
Type domain.Event is not enhanced.

[2020-03-26 20:02:32 #7 type] 
Type domain.Competition is not enhanced.

------------------------------------------------------------------------------------------------------------------------

[2020-03-26 20:05:25 #1 type] 
Type domain.User is not enhanced.

[2020-03-26 20:05:25 #2 type] 
Type domain.Coupon is not enhanced.

[2020-03-26 20:05:25 #3 type] 
Type domain.Profile is not enhanced.

[2020-03-26 20:05:25 #4 type] 
Type domain.Bet is not enhanced.

[2020-03-26 20:05:25 #5 type] 
Type domain.Question is not enhanced.

[2020-03-26 20:05:25 #6 type] 
Type domain.Event is not enhanced.

[2020-03-26 20:05:25 #7 type] 
Type domain.Competition is not enhanced.

------------------------------------------------------------------------------------------------------------------------

[2020-03-26 20:06:47 #1 type] 
Type domain.User is not enhanced.

[2020-03-26 20:06:47 #2 type] 
Type domain.Coupon is not enhanced.

[2020-03-26 20:06:47 #3 type] 
Type domain.Profile is not enhanced.

[2020-03-26 20:06:47 #4 type] 
Type domain.Bet is not enhanced.

[2020-03-26 20:06:47 #5 type] 
Type domain.Question is not enhanced.

[2020-03-26 20:06:47 #6 type] 
Type domain.Event is not enhanced.

[2020-03-26 20:06:47 #7 type] 
Type domain.Competition is not enhanced.

------------------------------------------------------------------------------------------------------------------------

[2020-03-26 20:08:28 #1 type] 
Type domain.User is not enhanced.

[2020-03-26 20:08:28 #2 type] 
Type domain.Coupon is not enhanced.

[2020-03-26 20:08:28 #3 type] 
Type domain.Profile is not enhanced.

[2020-03-26 20:08:28 #4 type] 
Type domain.Bet is not enhanced.

[2020-03-26 20:08:28 #5 type] 
Type domain.Question is not enhanced.

[2020-03-26 20:08:28 #6 type] 
Type domain.Event is not enhanced.

[2020-03-26 20:08:28 #7 type] 
Type domain.Competition is not enhanced.

------------------------------------------------------------------------------------------------------------------------

[2020-03-26 20:09:16 #1 type] 
Type domain.User is not enhanced.

[2020-03-26 20:09:16 #2 type] 
Type domain.Coupon is not enhanced.

[2020-03-26 20:09:16 #3 type] 
Type domain.Profile is not enhanced.

[2020-03-26 20:09:16 #4 type] 
Type domain.Bet is not enhanced.

[2020-03-26 20:09:16 #5 type] 
Type domain.Question is not enhanced.

[2020-03-26 20:09:16 #6 type] 
Type domain.Event is not enhanced.

[2020-03-26 20:09:16 #7 type] 
Type domain.Competition is not enhanced.

------------------------------------------------------------------------------------------------------------------------

[2020-03-26 20:11:03 #1 type] 
Type domain.User is not enhanced.

[2020-03-26 20:11:03 #2 type] 
Type domain.Coupon is not enhanced.

[2020-03-26 20:11:03 #3 type] 
Type domain.Profile is not enhanced.

[2020-03-26 20:11:03 #4 type] 
Type domain.Bet is not enhanced.

[2020-03-26 20:11:03 #5 type] 
Type domain.Question is not enhanced.

[2020-03-26 20:11:03 #6 type] 
Type domain.Event is not enhanced.

[2020-03-26 20:11:03 #7 type] 
Type domain.Competition is not enhanced.

------------------------------------------------------------------------------------------------------------------------

[2020-03-26 20:12:49 #1 type] 
Type domain.User is not enhanced.

[2020-03-26 20:12:49 #2 type] 
Type domain.Coupon is not enhanced.

[2020-03-26 20:12:49 #3 type] 
Type domain.Profile is not enhanced.

[2020-03-26 20:12:49 #4 type] 
Type domain.Bet is not enhanced.

[2020-03-26 20:12:49 #5 type] 
Type domain.Question is not enhanced.

[2020-03-26 20:12:49 #6 type] 
Type domain.Event is not enhanced.

[2020-03-26 20:12:49 #7 type] 
Type domain.Competition is not enhanced.

------------------------------------------------------------------------------------------------------------------------

[2020-03-26 20:14:38 #1 type] 
Type domain.User is not enhanced.

[2020-03-26 20:14:38 #2 type] 
Type domain.Coupon is not enhanced.

[2020-03-26 20:14:38 #3 type] 
Type domain.Profile is not enhanced.

[2020-03-26 20:14:38 #4 type] 
Type domain.Bet is not enhanced.

[2020-03-26 20:14:38 #5 type] 
Type domain.Question is not enhanced.

[2020-03-26 20:14:38 #6 type] 
Type domain.Event is not enhanced.

[2020-03-26 20:14:38 #7 type] 
Type domain.Competition is not enhanced.

------------------------------------------------------------------------------------------------------------------------

[2020-03-26 20:16:18 #1 type] 
Type domain.User is not enhanced.

[2020-03-26 20:16:18 #2 type] 
Type domain.Coupon is not enhanced.

[2020-03-26 20:16:18 #3 type] 
Type domain.Profile is not enhanced.

[2020-03-26 20:16:18 #4 type] 
Type domain.Bet is not enhanced.

[2020-03-26 20:16:18 #5 type] 
Type domain.Question is not enhanced.

[2020-03-26 20:16:18 #6 type] 
Type domain.Event is not enhanced.

[2020-03-26 20:16:18 #7 type] 
Type domain.Competition is not enhanced.

------------------------------------------------------------------------------------------------------------------------

[2020-03-26 20:17:28 #1 type] 
Type domain.User is not enhanced.

[2020-03-26 20:17:28 #2 type] 
Type domain.Coupon is not enhanced.

[2020-03-26 20:17:28 #3 type] 
Type domain.Profile is not enhanced.

[2020-03-26 20:17:28 #4 type] 
Type domain.Bet is not enhanced.

[2020-03-26 20:17:28 #5 type] 
Type domain.Question is not enhanced.

[2020-03-26 20:17:28 #6 type] 
Type domain.Event is not enhanced.

[2020-03-26 20:17:28 #7 type] 
Type domain.Competition is not enhanced.

------------------------------------------------------------------------------------------------------------------------

[2020-03-26 20:18:18 #1 type] 
Type domain.User is not enhanced.

[2020-03-26 20:18:18 #2 type] 
Type domain.Coupon is not enhanced.

[2020-03-26 20:18:18 #3 type] 
Type domain.Profile is not enhanced.

[2020-03-26 20:18:18 #4 type] 
Type domain.Bet is not enhanced.

[2020-03-26 20:18:18 #5 type] 
Type domain.Question is not enhanced.

[2020-03-26 20:18:18 #6 type] 
Type domain.Event is not enhanced.

[2020-03-26 20:18:18 #7 type] 
Type domain.Competition is not enhanced.

------------------------------------------------------------------------------------------------------------------------

[2020-03-26 20:22:27 #1 type] 
Type domain.User is not enhanced.

[2020-03-26 20:22:27 #2 type] 
Type domain.Coupon is not enhanced.

[2020-03-26 20:22:27 #3 type] 
Type domain.Profile is not enhanced.

[2020-03-26 20:22:27 #4 type] 
Type domain.Bet is not enhanced.

[2020-03-26 20:22:27 #5 type] 
Type domain.Question is not enhanced.

[2020-03-26 20:22:27 #6 type] 
Type domain.Event is not enhanced.

[2020-03-26 20:22:27 #7 type] 
Type domain.Competition is not enhanced.

------------------------------------------------------------------------------------------------------------------------

[2020-03-26 20:29:06 #1 type] 
Type domain.User is not enhanced.

[2020-03-26 20:29:06 #2 type] 
Type domain.Coupon is not enhanced.

[2020-03-26 20:29:06 #3 type] 
Type domain.Profile is not enhanced.

[2020-03-26 20:29:06 #4 type] 
Type domain.Bet is not enhanced.

[2020-03-26 20:29:06 #5 type] 
Type domain.Question is not enhanced.

[2020-03-26 20:29:06 #6 type] 
Type domain.Event is not enhanced.

[2020-03-26 20:29:06 #7 type] 
Type domain.Competition is not enhanced.

------------------------------------------------------------------------------------------------------------------------

[2020-03-26 20:30:06 #1 type] 
Type domain.User is not enhanced.

[2020-03-26 20:30:06 #2 type] 
Type domain.Coupon is not enhanced.

[2020-03-26 20:30:06 #3 type] 
Type domain.Profile is not enhanced.

[2020-03-26 20:30:06 #4 type] 
Type domain.Bet is not enhanced.

[2020-03-26 20:30:06 #5 type] 
Type domain.Question is not enhanced.

[2020-03-26 20:30:06 #6 type] 
Type domain.Event is not enhanced.

[2020-03-26 20:30:06 #7 type] 
Type domain.Competition is not enhanced.

------------------------------------------------------------------------------------------------------------------------

[2020-03-26 20:30:51 #1 type] 
Type domain.User is not enhanced.

[2020-03-26 20:30:51 #2 type] 
Type domain.Coupon is not enhanced.

[2020-03-26 20:30:51 #3 type] 
Type domain.Profile is not enhanced.

[2020-03-26 20:30:51 #4 type] 
Type domain.Bet is not enhanced.

[2020-03-26 20:30:51 #5 type] 
Type domain.Question is not enhanced.

[2020-03-26 20:30:51 #6 type] 
Type domain.Event is not enhanced.

[2020-03-26 20:30:51 #7 type] 
Type domain.Competition is not enhanced.

------------------------------------------------------------------------------------------------------------------------

[2020-03-26 20:35:52 #1 type] 
Type domain.User is not enhanced.

[2020-03-26 20:35:52 #2 type] 
Type domain.Coupon is not enhanced.

[2020-03-26 20:35:52 #3 type] 
Type domain.Profile is not enhanced.

[2020-03-26 20:35:52 #4 type] 
Type domain.Bet is not enhanced.

[2020-03-26 20:35:52 #5 type] 
Type domain.Question is not enhanced.

[2020-03-26 20:35:52 #6 type] 
Type domain.Event is not enhanced.

[2020-03-26 20:35:52 #7 type] 
Type domain.Competition is not enhanced.

------------------------------------------------------------------------------------------------------------------------

[2020-03-26 20:38:25 #1 type] 
Type domain.User is not enhanced.

[2020-03-26 20:38:25 #2 type] 
Type domain.Coupon is not enhanced.

[2020-03-26 20:38:25 #3 type] 
Type domain.Profile is not enhanced.

[2020-03-26 20:38:25 #4 type] 
Type domain.Bet is not enhanced.

[2020-03-26 20:38:25 #5 type] 
Type domain.Question is not enhanced.

[2020-03-26 20:38:25 #6 type] 
Type domain.Event is not enhanced.

[2020-03-26 20:38:25 #7 type] 
Type domain.Competition is not enhanced.

------------------------------------------------------------------------------------------------------------------------

[2020-03-26 20:41:16 #1 type] 
Type domain.User is not enhanced.

[2020-03-26 20:41:16 #2 type] 
Type domain.Coupon is not enhanced.

[2020-03-26 20:41:16 #3 type] 
Type domain.Profile is not enhanced.

[2020-03-26 20:41:16 #4 type] 
Type domain.Bet is not enhanced.

[2020-03-26 20:41:16 #5 type] 
Type domain.Question is not enhanced.

[2020-03-26 20:41:16 #6 type] 
Type domain.Event is not enhanced.

[2020-03-26 20:41:16 #7 type] 
Type domain.Competition is not enhanced.

------------------------------------------------------------------------------------------------------------------------

[2020-03-26 20:41:46 #1 type] 
Type domain.User is not enhanced.

[2020-03-26 20:41:46 #2 type] 
Type domain.Coupon is not enhanced.

[2020-03-26 20:41:46 #3 type] 
Type domain.Profile is not enhanced.

[2020-03-26 20:41:46 #4 type] 
Type domain.Bet is not enhanced.

[2020-03-26 20:41:46 #5 type] 
Type domain.Question is not enhanced.

[2020-03-26 20:41:46 #6 type] 
Type domain.Event is not enhanced.

[2020-03-26 20:41:46 #7 type] 
Type domain.Competition is not enhanced.

------------------------------------------------------------------------------------------------------------------------

[2020-03-26 20:42:58 #1 type] 
Type domain.User is not enhanced.

[2020-03-26 20:42:58 #2 type] 
Type domain.Coupon is not enhanced.

[2020-03-26 20:42:58 #3 type] 
Type domain.Profile is not enhanced.

[2020-03-26 20:42:58 #4 type] 
Type domain.Bet is not enhanced.

[2020-03-26 20:42:58 #5 type] 
Type domain.Question is not enhanced.

[2020-03-26 20:42:58 #6 type] 
Type domain.Event is not enhanced.

[2020-03-26 20:42:58 #7 type] 
Type domain.Competition is not enhanced.

------------------------------------------------------------------------------------------------------------------------

[2020-03-26 20:43:23 #1 type] 
Type domain.User is not enhanced.

[2020-03-26 20:43:23 #2 type] 
Type domain.Coupon is not enhanced.

[2020-03-26 20:43:23 #3 type] 
Type domain.Profile is not enhanced.

[2020-03-26 20:43:23 #4 type] 
Type domain.Bet is not enhanced.

[2020-03-26 20:43:23 #5 type] 
Type domain.Question is not enhanced.

[2020-03-26 20:43:23 #6 type] 
Type domain.Event is not enhanced.

[2020-03-26 20:43:23 #7 type] 
Type domain.Competition is not enhanced.

------------------------------------------------------------------------------------------------------------------------

[2020-03-26 20:44:47 #1 type] 
Type domain.User is not enhanced.

[2020-03-26 20:44:47 #2 type] 
Type domain.Coupon is not enhanced.

[2020-03-26 20:44:47 #3 type] 
Type domain.Profile is not enhanced.

[2020-03-26 20:44:47 #4 type] 
Type domain.Bet is not enhanced.

[2020-03-26 20:44:47 #5 type] 
Type domain.Question is not enhanced.

[2020-03-26 20:44:47 #6 type] 
Type domain.Event is not enhanced.

[2020-03-26 20:44:47 #7 type] 
Type domain.Competition is not enhanced.

------------------------------------------------------------------------------------------------------------------------

[2020-03-26 21:21:28 #1 type] 
Type domain.User is not enhanced.

[2020-03-26 21:21:28 #2 type] 
Type domain.Coupon is not enhanced.

[2020-03-26 21:21:28 #3 type] 
Type domain.Profile is not enhanced.

[2020-03-26 21:21:28 #4 type] 
Type domain.Bet is not enhanced.

[2020-03-26 21:21:28 #5 type] 
Type domain.Question is not enhanced.

[2020-03-26 21:21:28 #6 type] 
Type domain.Event is not enhanced.

[2020-03-26 21:21:28 #7 type] 
Type domain.Competition is not enhanced.

------------------------------------------------------------------------------------------------------------------------

[2020-03-26 21:24:14 #1 type] 
Type domain.User is not enhanced.

[2020-03-26 21:24:14 #2 type] 
Type domain.Coupon is not enhanced.

[2020-03-26 21:24:14 #3 type] 
Type domain.Profile is not enhanced.

[2020-03-26 21:24:14 #4 type] 
Type domain.Bet is not enhanced.

[2020-03-26 21:24:14 #5 type] 
Type domain.Question is not enhanced.

[2020-03-26 21:24:14 #6 type] 
Type domain.Event is not enhanced.

[2020-03-26 21:24:14 #7 type] 
Type domain.Competition is not enhanced.

------------------------------------------------------------------------------------------------------------------------

[2020-03-26 21:25:06 #1 type] 
Type domain.User is not enhanced.

[2020-03-26 21:25:06 #2 type] 
Type domain.Coupon is not enhanced.

[2020-03-26 21:25:06 #3 type] 
Type domain.Profile is not enhanced.

[2020-03-26 21:25:06 #4 type] 
Type domain.Bet is not enhanced.

[2020-03-26 21:25:06 #5 type] 
Type domain.Question is not enhanced.

[2020-03-26 21:25:06 #6 type] 
Type domain.Event is not enhanced.

[2020-03-26 21:25:06 #7 type] 
Type domain.Competition is not enhanced.

------------------------------------------------------------------------------------------------------------------------

[2020-03-26 21:31:22 #1 type] 
Type domain.User is not enhanced.

[2020-03-26 21:31:22 #2 type] 
Type domain.Coupon is not enhanced.

[2020-03-26 21:31:22 #3 type] 
Type domain.Profile is not enhanced.

[2020-03-26 21:31:22 #4 type] 
Type domain.Bet is not enhanced.

[2020-03-26 21:31:22 #5 type] 
Type domain.Question is not enhanced.

[2020-03-26 21:31:22 #6 type] 
Type domain.Event is not enhanced.

[2020-03-26 21:31:22 #7 type] 
Type domain.Competition is not enhanced.

------------------------------------------------------------------------------------------------------------------------

[2020-03-26 22:04:02 #1 type] 
Type domain.User is not enhanced.

[2020-03-26 22:04:02 #2 type] 
Type domain.Coupon is not enhanced.

[2020-03-26 22:04:02 #3 type] 
Type domain.Profile is not enhanced.

[2020-03-26 22:04:02 #4 type] 
Type domain.Bet is not enhanced.

[2020-03-26 22:04:02 #5 type] 
Type domain.Question is not enhanced.

[2020-03-26 22:04:02 #6 type] 
Type domain.Event is not enhanced.

[2020-03-26 22:04:02 #7 type] 
Type domain.Competition is not enhanced.

------------------------------------------------------------------------------------------------------------------------

[2020-03-26 22:14:02 #1 type] 
Type domain.User is not enhanced.

[2020-03-26 22:14:02 #2 type] 
Type domain.Coupon is not enhanced.

[2020-03-26 22:14:02 #3 type] 
Type domain.Profile is not enhanced.

[2020-03-26 22:14:02 #4 type] 
Type domain.Bet is not enhanced.

[2020-03-26 22:14:02 #5 type] 
Type domain.Question is not enhanced.

[2020-03-26 22:14:02 #6 type] 
Type domain.Event is not enhanced.

[2020-03-26 22:14:02 #7 type] 
Type domain.Competition is not enhanced.

------------------------------------------------------------------------------------------------------------------------

[2020-03-26 22:16:43 #1 type] 
Type domain.User is not enhanced.

[2020-03-26 22:16:43 #2 type] 
Type domain.Coupon is not enhanced.

[2020-03-26 22:16:43 #3 type] 
Type domain.Profile is not enhanced.

[2020-03-26 22:16:43 #4 type] 
Type domain.Bet is not enhanced.

[2020-03-26 22:16:43 #5 type] 
Type domain.Question is not enhanced.

[2020-03-26 22:16:43 #6 type] 
Type domain.Event is not enhanced.

[2020-03-26 22:16:43 #7 type] 
Type domain.Competition is not enhanced.

------------------------------------------------------------------------------------------------------------------------

[2020-03-26 22:17:22 #1 type] 
Type domain.User is not enhanced.

[2020-03-26 22:17:22 #2 type] 
Type domain.Coupon is not enhanced.

[2020-03-26 22:17:22 #3 type] 
Type domain.Profile is not enhanced.

[2020-03-26 22:17:22 #4 type] 
Type domain.Bet is not enhanced.

[2020-03-26 22:17:22 #5 type] 
Type domain.Question is not enhanced.

[2020-03-26 22:17:22 #6 type] 
Type domain.Event is not enhanced.

[2020-03-26 22:17:22 #7 type] 
Type domain.Competition is not enhanced.

------------------------------------------------------------------------------------------------------------------------

[2020-03-26 22:19:21 #1 type] 
Type domain.User is not enhanced.

[2020-03-26 22:19:21 #2 type] 
Type domain.Coupon is not enhanced.

[2020-03-26 22:19:21 #3 type] 
Type domain.Profile is not enhanced.

[2020-03-26 22:19:21 #4 type] 
Type domain.Bet is not enhanced.

[2020-03-26 22:19:21 #5 type] 
Type domain.Question is not enhanced.

[2020-03-26 22:19:21 #6 type] 
Type domain.Event is not enhanced.

[2020-03-26 22:19:21 #7 type] 
Type domain.Competition is not enhanced.

------------------------------------------------------------------------------------------------------------------------

[2020-03-26 22:20:11 #1 type] 
Type domain.User is not enhanced.

[2020-03-26 22:20:11 #2 type] 
Type domain.Coupon is not enhanced.

[2020-03-26 22:20:11 #3 type] 
Type domain.Profile is not enhanced.

[2020-03-26 22:20:11 #4 type] 
Type domain.Bet is not enhanced.

[2020-03-26 22:20:11 #5 type] 
Type domain.Question is not enhanced.

[2020-03-26 22:20:11 #6 type] 
Type domain.Event is not enhanced.

[2020-03-26 22:20:11 #7 type] 
Type domain.Competition is not enhanced.

------------------------------------------------------------------------------------------------------------------------

[2020-03-26 22:21:08 #1 type] 
Type domain.User is not enhanced.

[2020-03-26 22:21:08 #2 type] 
Type domain.Coupon is not enhanced.

[2020-03-26 22:21:08 #3 type] 
Type domain.Profile is not enhanced.

[2020-03-26 22:21:08 #4 type] 
Type domain.Bet is not enhanced.

[2020-03-26 22:21:08 #5 type] 
Type domain.Question is not enhanced.

[2020-03-26 22:21:08 #6 type] 
Type domain.Event is not enhanced.

[2020-03-26 22:21:08 #7 type] 
Type domain.Competition is not enhanced.

------------------------------------------------------------------------------------------------------------------------

[2020-03-26 22:22:33 #1 type] 
Type domain.User is not enhanced.

[2020-03-26 22:22:33 #2 type] 
Type domain.Coupon is not enhanced.

[2020-03-26 22:22:33 #3 type] 
Type domain.Profile is not enhanced.

[2020-03-26 22:22:33 #4 type] 
Type domain.Bet is not enhanced.

[2020-03-26 22:22:33 #5 type] 
Type domain.Question is not enhanced.

[2020-03-26 22:22:33 #6 type] 
Type domain.Event is not enhanced.

[2020-03-26 22:22:33 #7 type] 
Type domain.Competition is not enhanced.

------------------------------------------------------------------------------------------------------------------------

[2020-03-26 22:23:51 #1 type] 
Type domain.User is not enhanced.

[2020-03-26 22:23:51 #2 type] 
Type domain.Coupon is not enhanced.

[2020-03-26 22:23:51 #3 type] 
Type domain.Profile is not enhanced.

[2020-03-26 22:23:51 #4 type] 
Type domain.Bet is not enhanced.

[2020-03-26 22:23:51 #5 type] 
Type domain.Question is not enhanced.

[2020-03-26 22:23:51 #6 type] 
Type domain.Event is not enhanced.

[2020-03-26 22:23:51 #7 type] 
Type domain.Competition is not enhanced.

------------------------------------------------------------------------------------------------------------------------

[2020-03-26 22:38:51 #1 type] 
Type domain.User is not enhanced.

[2020-03-26 22:38:51 #2 type] 
Type domain.Coupon is not enhanced.

[2020-03-26 22:38:51 #3 type] 
Type domain.Profile is not enhanced.

[2020-03-26 22:38:51 #4 type] 
Type domain.Bet is not enhanced.

[2020-03-26 22:38:51 #5 type] 
Type domain.Question is not enhanced.

[2020-03-26 22:38:51 #6 type] 
Type domain.Event is not enhanced.

[2020-03-26 22:38:51 #7 type] 
Type domain.Competition is not enhanced.

------------------------------------------------------------------------------------------------------------------------

[2020-03-26 22:42:04 #1 type] 
Type domain.User is not enhanced.

[2020-03-26 22:42:04 #2 type] 
Type domain.Coupon is not enhanced.

[2020-03-26 22:42:04 #3 type] 
Type domain.Profile is not enhanced.

[2020-03-26 22:42:04 #4 type] 
Type domain.Bet is not enhanced.

[2020-03-26 22:42:04 #5 type] 
Type domain.Question is not enhanced.

[2020-03-26 22:42:04 #6 type] 
Type domain.Event is not enhanced.

[2020-03-26 22:42:04 #7 type] 
Type domain.Competition is not enhanced.

------------------------------------------------------------------------------------------------------------------------

[2020-03-26 22:43:54 #1 type] 
Type domain.User is not enhanced.

[2020-03-26 22:43:54 #2 type] 
Type domain.Coupon is not enhanced.

[2020-03-26 22:43:54 #3 type] 
Type domain.Profile is not enhanced.

[2020-03-26 22:43:54 #4 type] 
Type domain.Bet is not enhanced.

[2020-03-26 22:43:54 #5 type] 
Type domain.Question is not enhanced.

[2020-03-26 22:43:54 #6 type] 
Type domain.Event is not enhanced.

[2020-03-26 22:43:54 #7 type] 
Type domain.Competition is not enhanced.

------------------------------------------------------------------------------------------------------------------------

[2020-03-26 23:12:08 #1 type] 
Type domain.User is not enhanced.

[2020-03-26 23:12:08 #2 type] 
Type domain.Coupon is not enhanced.

[2020-03-26 23:12:08 #3 type] 
Type domain.Profile is not enhanced.

[2020-03-26 23:12:08 #4 type] 
Type domain.Bet is not enhanced.

[2020-03-26 23:12:08 #5 type] 
Type domain.Question is not enhanced.

[2020-03-26 23:12:08 #6 type] 
Type domain.Event is not enhanced.

[2020-03-26 23:12:08 #7 type] 
Type domain.Competition is not enhanced.

------------------------------------------------------------------------------------------------------------------------

[2020-03-26 23:15:03 #1 type] 
Type domain.User is not enhanced.

[2020-03-26 23:15:03 #2 type] 
Type domain.Coupon is not enhanced.

[2020-03-26 23:15:03 #3 type] 
Type domain.Profile is not enhanced.

[2020-03-26 23:15:03 #4 type] 
Type domain.Bet is not enhanced.

[2020-03-26 23:15:03 #5 type] 
Type domain.Question is not enhanced.

[2020-03-26 23:15:03 #6 type] 
Type domain.Event is not enhanced.

[2020-03-26 23:15:03 #7 type] 
Type domain.Competition is not enhanced.

------------------------------------------------------------------------------------------------------------------------

[2020-03-26 23:16:15 #1 type] 
Type domain.User is not enhanced.

[2020-03-26 23:16:15 #2 type] 
Type domain.Coupon is not enhanced.

[2020-03-26 23:16:15 #3 type] 
Type domain.Profile is not enhanced.

[2020-03-26 23:16:15 #4 type] 
Type domain.Bet is not enhanced.

[2020-03-26 23:16:15 #5 type] 
Type domain.Question is not enhanced.

[2020-03-26 23:16:15 #6 type] 
Type domain.Event is not enhanced.

[2020-03-26 23:16:15 #7 type] 
Type domain.Competition is not enhanced.

------------------------------------------------------------------------------------------------------------------------

[2020-03-26 23:19:42 #1 type] 
Type domain.User is not enhanced.

[2020-03-26 23:19:42 #2 type] 
Type domain.Coupon is not enhanced.

[2020-03-26 23:19:42 #3 type] 
Type domain.Profile is not enhanced.

[2020-03-26 23:19:42 #4 type] 
Type domain.Bet is not enhanced.

[2020-03-26 23:19:42 #5 type] 
Type domain.Question is not enhanced.

[2020-03-26 23:19:42 #6 type] 
Type domain.Event is not enhanced.

[2020-03-26 23:19:42 #7 type] 
Type domain.Competition is not enhanced.

