------------------------------------------------------------------------------------------------------------------------

[2020-03-29 00:33:33 #1 type] 
Type domain.User is not enhanced.

[2020-03-29 00:33:33 #2 type] 
Type domain.Bet is not enhanced.

[2020-03-29 00:33:33 #3 type] 
Type domain.Profile is not enhanced.

[2020-03-29 00:33:33 #4 type] 
Type domain.Prediction is not enhanced.

[2020-03-29 00:33:33 #5 type] 
Type domain.Question is not enhanced.

[2020-03-29 00:33:33 #6 type] 
Type domain.Event is not enhanced.

[2020-03-29 00:33:33 #7 type] 
Type domain.Competition is not enhanced.

------------------------------------------------------------------------------------------------------------------------

[2020-03-29 00:33:54 #1 type] 
Type domain.User is not enhanced.

[2020-03-29 00:33:54 #2 type] 
Type domain.Bet is not enhanced.

[2020-03-29 00:33:54 #3 type] 
Type domain.Profile is not enhanced.

[2020-03-29 00:33:54 #4 type] 
Type domain.Prediction is not enhanced.

[2020-03-29 00:33:54 #5 type] 
Type domain.Question is not enhanced.

[2020-03-29 00:33:54 #6 type] 
Type domain.Event is not enhanced.

[2020-03-29 00:33:54 #7 type] 
Type domain.Competition is not enhanced.

------------------------------------------------------------------------------------------------------------------------

[2020-03-29 00:36:12 #1 type] 
Type domain.User is not enhanced.

[2020-03-29 00:36:12 #2 type] 
Type domain.Bet is not enhanced.

[2020-03-29 00:36:12 #3 type] 
Type domain.Profile is not enhanced.

[2020-03-29 00:36:12 #4 type] 
Type domain.Prediction is not enhanced.

[2020-03-29 00:36:12 #5 type] 
Type domain.Question is not enhanced.

[2020-03-29 00:36:12 #6 type] 
Type domain.Event is not enhanced.

[2020-03-29 00:36:12 #7 type] 
Type domain.Competition is not enhanced.

------------------------------------------------------------------------------------------------------------------------

[2020-03-29 00:37:33 #1 type] 
Type domain.User is not enhanced.

[2020-03-29 00:37:33 #2 type] 
Type domain.Bet is not enhanced.

[2020-03-29 00:37:33 #3 type] 
Type domain.Profile is not enhanced.

[2020-03-29 00:37:33 #4 type] 
Type domain.Prediction is not enhanced.

[2020-03-29 00:37:33 #5 type] 
Type domain.Question is not enhanced.

[2020-03-29 00:37:33 #6 type] 
Type domain.Event is not enhanced.

[2020-03-29 00:37:33 #7 type] 
Type domain.Competition is not enhanced.

------------------------------------------------------------------------------------------------------------------------

[2020-03-29 00:38:44 #1 type] 
Type domain.User is not enhanced.

[2020-03-29 00:38:44 #2 type] 
Type domain.Bet is not enhanced.

[2020-03-29 00:38:44 #3 type] 
Type domain.Profile is not enhanced.

[2020-03-29 00:38:44 #4 type] 
Type domain.Prediction is not enhanced.

[2020-03-29 00:38:44 #5 type] 
Type domain.Question is not enhanced.

[2020-03-29 00:38:44 #6 type] 
Type domain.Event is not enhanced.

[2020-03-29 00:38:44 #7 type] 
Type domain.Competition is not enhanced.

------------------------------------------------------------------------------------------------------------------------

[2020-03-29 00:39:57 #1 type] 
Type domain.User is not enhanced.

[2020-03-29 00:39:57 #2 type] 
Type domain.Bet is not enhanced.

[2020-03-29 00:39:57 #3 type] 
Type domain.Profile is not enhanced.

[2020-03-29 00:39:57 #4 type] 
Type domain.Prediction is not enhanced.

[2020-03-29 00:39:57 #5 type] 
Type domain.Question is not enhanced.

[2020-03-29 00:39:57 #6 type] 
Type domain.Event is not enhanced.

[2020-03-29 00:39:57 #7 type] 
Type domain.Competition is not enhanced.

------------------------------------------------------------------------------------------------------------------------

[2020-03-29 00:40:13 #1 type] 
Type domain.User is not enhanced.

[2020-03-29 00:40:13 #2 type] 
Type domain.Bet is not enhanced.

[2020-03-29 00:40:13 #3 type] 
Type domain.Profile is not enhanced.

[2020-03-29 00:40:13 #4 type] 
Type domain.Prediction is not enhanced.

[2020-03-29 00:40:13 #5 type] 
Type domain.Question is not enhanced.

[2020-03-29 00:40:13 #6 type] 
Type domain.Event is not enhanced.

[2020-03-29 00:40:13 #7 type] 
Type domain.Competition is not enhanced.

------------------------------------------------------------------------------------------------------------------------

[2020-03-29 00:40:34 #1 type] 
Type domain.User is not enhanced.

[2020-03-29 00:40:34 #2 type] 
Type domain.Bet is not enhanced.

[2020-03-29 00:40:34 #3 type] 
Type domain.Profile is not enhanced.

[2020-03-29 00:40:34 #4 type] 
Type domain.Prediction is not enhanced.

[2020-03-29 00:40:34 #5 type] 
Type domain.Question is not enhanced.

[2020-03-29 00:40:34 #6 type] 
Type domain.Event is not enhanced.

[2020-03-29 00:40:34 #7 type] 
Type domain.Competition is not enhanced.

------------------------------------------------------------------------------------------------------------------------

[2020-03-29 00:42:33 #1 type] 
Type domain.User is not enhanced.

[2020-03-29 00:42:33 #2 type] 
Type domain.Bet is not enhanced.

[2020-03-29 00:42:33 #3 type] 
Type domain.Profile is not enhanced.

[2020-03-29 00:42:33 #4 type] 
Type domain.Prediction is not enhanced.

[2020-03-29 00:42:33 #5 type] 
Type domain.Question is not enhanced.

[2020-03-29 00:42:33 #6 type] 
Type domain.Event is not enhanced.

[2020-03-29 00:42:33 #7 type] 
Type domain.Competition is not enhanced.

------------------------------------------------------------------------------------------------------------------------

[2020-03-29 00:44:26 #1 type] 
Type domain.User is not enhanced.

[2020-03-29 00:44:26 #2 type] 
Type domain.Bet is not enhanced.

[2020-03-29 00:44:26 #3 type] 
Type domain.Profile is not enhanced.

[2020-03-29 00:44:26 #4 type] 
Type domain.Prediction is not enhanced.

[2020-03-29 00:44:26 #5 type] 
Type domain.Question is not enhanced.

[2020-03-29 00:44:26 #6 type] 
Type domain.Event is not enhanced.

[2020-03-29 00:44:26 #7 type] 
Type domain.Competition is not enhanced.

------------------------------------------------------------------------------------------------------------------------

[2020-03-29 00:46:33 #1 type] 
Type domain.User is not enhanced.

[2020-03-29 00:46:33 #2 type] 
Type domain.Bet is not enhanced.

[2020-03-29 00:46:33 #3 type] 
Type domain.Profile is not enhanced.

[2020-03-29 00:46:33 #4 type] 
Type domain.Prediction is not enhanced.

[2020-03-29 00:46:33 #5 type] 
Type domain.Question is not enhanced.

[2020-03-29 00:46:33 #6 type] 
Type domain.Event is not enhanced.

[2020-03-29 00:46:33 #7 type] 
Type domain.Competition is not enhanced.

------------------------------------------------------------------------------------------------------------------------

[2020-03-29 00:47:27 #1 type] 
Type domain.User is not enhanced.

[2020-03-29 00:47:27 #2 type] 
Type domain.Bet is not enhanced.

[2020-03-29 00:47:27 #3 type] 
Type domain.Profile is not enhanced.

[2020-03-29 00:47:27 #4 type] 
Type domain.Prediction is not enhanced.

[2020-03-29 00:47:27 #5 type] 
Type domain.Question is not enhanced.

[2020-03-29 00:47:27 #6 type] 
Type domain.Event is not enhanced.

[2020-03-29 00:47:27 #7 type] 
Type domain.Competition is not enhanced.

------------------------------------------------------------------------------------------------------------------------

[2020-03-29 00:47:57 #1 type] 
Type domain.User is not enhanced.

[2020-03-29 00:47:57 #2 type] 
Type domain.Bet is not enhanced.

[2020-03-29 00:47:57 #3 type] 
Type domain.Profile is not enhanced.

[2020-03-29 00:47:57 #4 type] 
Type domain.Prediction is not enhanced.

[2020-03-29 00:47:57 #5 type] 
Type domain.Question is not enhanced.

[2020-03-29 00:47:57 #6 type] 
Type domain.Event is not enhanced.

[2020-03-29 00:47:57 #7 type] 
Type domain.Competition is not enhanced.

------------------------------------------------------------------------------------------------------------------------

[2020-03-29 00:48:20 #1 type] 
Type domain.User is not enhanced.

[2020-03-29 00:48:20 #2 type] 
Type domain.Bet is not enhanced.

[2020-03-29 00:48:20 #3 type] 
Type domain.Profile is not enhanced.

[2020-03-29 00:48:20 #4 type] 
Type domain.Prediction is not enhanced.

[2020-03-29 00:48:20 #5 type] 
Type domain.Question is not enhanced.

[2020-03-29 00:48:20 #6 type] 
Type domain.Event is not enhanced.

[2020-03-29 00:48:20 #7 type] 
Type domain.Competition is not enhanced.

------------------------------------------------------------------------------------------------------------------------

[2020-03-29 00:48:59 #1 type] 
Type domain.User is not enhanced.

[2020-03-29 00:48:59 #2 type] 
Type domain.Bet is not enhanced.

[2020-03-29 00:48:59 #3 type] 
Type domain.Profile is not enhanced.

[2020-03-29 00:48:59 #4 type] 
Type domain.Prediction is not enhanced.

[2020-03-29 00:48:59 #5 type] 
Type domain.Question is not enhanced.

[2020-03-29 00:48:59 #6 type] 
Type domain.Event is not enhanced.

[2020-03-29 00:48:59 #7 type] 
Type domain.Competition is not enhanced.

------------------------------------------------------------------------------------------------------------------------

[2020-03-29 00:49:33 #1 type] 
Type domain.User is not enhanced.

[2020-03-29 00:49:34 #2 type] 
Type domain.Bet is not enhanced.

[2020-03-29 00:49:34 #3 type] 
Type domain.Profile is not enhanced.

[2020-03-29 00:49:34 #4 type] 
Type domain.Prediction is not enhanced.

[2020-03-29 00:49:34 #5 type] 
Type domain.Question is not enhanced.

[2020-03-29 00:49:34 #6 type] 
Type domain.Event is not enhanced.

[2020-03-29 00:49:34 #7 type] 
Type domain.Competition is not enhanced.

------------------------------------------------------------------------------------------------------------------------

[2020-03-29 00:50:44 #1 type] 
Type domain.User is not enhanced.

[2020-03-29 00:50:44 #2 type] 
Type domain.Bet is not enhanced.

[2020-03-29 00:50:44 #3 type] 
Type domain.Profile is not enhanced.

[2020-03-29 00:50:44 #4 type] 
Type domain.Prediction is not enhanced.

[2020-03-29 00:50:44 #5 type] 
Type domain.Question is not enhanced.

[2020-03-29 00:50:44 #6 type] 
Type domain.Event is not enhanced.

[2020-03-29 00:50:44 #7 type] 
Type domain.Competition is not enhanced.

------------------------------------------------------------------------------------------------------------------------

[2020-03-29 00:53:08 #1 type] 
Type domain.User is not enhanced.

[2020-03-29 00:53:08 #2 type] 
Type domain.Bet is not enhanced.

[2020-03-29 00:53:08 #3 type] 
Type domain.Profile is not enhanced.

[2020-03-29 00:53:08 #4 type] 
Type domain.Prediction is not enhanced.

[2020-03-29 00:53:08 #5 type] 
Type domain.Question is not enhanced.

[2020-03-29 00:53:08 #6 type] 
Type domain.Event is not enhanced.

[2020-03-29 00:53:08 #7 type] 
Type domain.Competition is not enhanced.

------------------------------------------------------------------------------------------------------------------------

[2020-03-29 00:55:35 #1 type] 
Type domain.User is not enhanced.

[2020-03-29 00:55:35 #2 type] 
Type domain.Bet is not enhanced.

[2020-03-29 00:55:35 #3 type] 
Type domain.Profile is not enhanced.

[2020-03-29 00:55:35 #4 type] 
Type domain.Prediction is not enhanced.

[2020-03-29 00:55:35 #5 type] 
Type domain.Question is not enhanced.

[2020-03-29 00:55:35 #6 type] 
Type domain.Event is not enhanced.

[2020-03-29 00:55:35 #7 type] 
Type domain.Competition is not enhanced.

------------------------------------------------------------------------------------------------------------------------

[2020-03-29 00:58:44 #1 type] 
Type domain.User is not enhanced.

[2020-03-29 00:58:44 #2 type] 
Type domain.Bet is not enhanced.

[2020-03-29 00:58:44 #3 type] 
Type domain.Profile is not enhanced.

[2020-03-29 00:58:44 #4 type] 
Type domain.Prediction is not enhanced.

[2020-03-29 00:58:44 #5 type] 
Type domain.Question is not enhanced.

[2020-03-29 00:58:44 #6 type] 
Type domain.Event is not enhanced.

[2020-03-29 00:58:44 #7 type] 
Type domain.Competition is not enhanced.

------------------------------------------------------------------------------------------------------------------------

[2020-03-29 01:11:15 #1 type] 
Type domain.User is not enhanced.

[2020-03-29 01:11:15 #2 type] 
Type domain.Bet is not enhanced.

[2020-03-29 01:11:15 #3 type] 
Type domain.Profile is not enhanced.

[2020-03-29 01:11:15 #4 type] 
Type domain.Prediction is not enhanced.

[2020-03-29 01:11:15 #5 type] 
Type domain.Question is not enhanced.

[2020-03-29 01:11:15 #6 type] 
Type domain.Event is not enhanced.

[2020-03-29 01:11:15 #7 type] 
Type domain.Competition is not enhanced.

------------------------------------------------------------------------------------------------------------------------

[2020-03-29 01:12:09 #1 type] 
Type domain.User is not enhanced.

[2020-03-29 01:12:09 #2 type] 
Type domain.Bet is not enhanced.

[2020-03-29 01:12:09 #3 type] 
Type domain.Profile is not enhanced.

[2020-03-29 01:12:09 #4 type] 
Type domain.Prediction is not enhanced.

[2020-03-29 01:12:09 #5 type] 
Type domain.Question is not enhanced.

[2020-03-29 01:12:09 #6 type] 
Type domain.Event is not enhanced.

[2020-03-29 01:12:09 #7 type] 
Type domain.Competition is not enhanced.

------------------------------------------------------------------------------------------------------------------------

[2020-03-29 01:13:39 #1 type] 
Type domain.User is not enhanced.

[2020-03-29 01:13:39 #2 type] 
Type domain.Bet is not enhanced.

[2020-03-29 01:13:39 #3 type] 
Type domain.Profile is not enhanced.

[2020-03-29 01:13:39 #4 type] 
Type domain.Prediction is not enhanced.

[2020-03-29 01:13:39 #5 type] 
Type domain.Question is not enhanced.

[2020-03-29 01:13:39 #6 type] 
Type domain.Event is not enhanced.

[2020-03-29 01:13:39 #7 type] 
Type domain.Competition is not enhanced.

------------------------------------------------------------------------------------------------------------------------

[2020-03-29 01:14:19 #1 type] 
Type domain.User is not enhanced.

[2020-03-29 01:14:19 #2 type] 
Type domain.Bet is not enhanced.

[2020-03-29 01:14:19 #3 type] 
Type domain.Profile is not enhanced.

[2020-03-29 01:14:19 #4 type] 
Type domain.Prediction is not enhanced.

[2020-03-29 01:14:19 #5 type] 
Type domain.Question is not enhanced.

[2020-03-29 01:14:19 #6 type] 
Type domain.Event is not enhanced.

[2020-03-29 01:14:19 #7 type] 
Type domain.Competition is not enhanced.

------------------------------------------------------------------------------------------------------------------------

[2020-03-29 01:15:36 #1 type] 
Type domain.User is not enhanced.

[2020-03-29 01:15:36 #2 type] 
Type domain.Bet is not enhanced.

[2020-03-29 01:15:36 #3 type] 
Type domain.Profile is not enhanced.

[2020-03-29 01:15:36 #4 type] 
Type domain.Prediction is not enhanced.

[2020-03-29 01:15:36 #5 type] 
Type domain.Question is not enhanced.

[2020-03-29 01:15:36 #6 type] 
Type domain.Event is not enhanced.

[2020-03-29 01:15:36 #7 type] 
Type domain.Competition is not enhanced.

------------------------------------------------------------------------------------------------------------------------

[2020-03-29 01:17:07 #1 type] 
Type domain.User is not enhanced.

[2020-03-29 01:17:07 #2 type] 
Type domain.Bet is not enhanced.

[2020-03-29 01:17:07 #3 type] 
Type domain.Profile is not enhanced.

[2020-03-29 01:17:07 #4 type] 
Type domain.Prediction is not enhanced.

[2020-03-29 01:17:07 #5 type] 
Type domain.Question is not enhanced.

[2020-03-29 01:17:07 #6 type] 
Type domain.Event is not enhanced.

[2020-03-29 01:17:07 #7 type] 
Type domain.Competition is not enhanced.

------------------------------------------------------------------------------------------------------------------------

[2020-03-29 01:19:25 #1 type] 
Type domain.User is not enhanced.

[2020-03-29 01:19:25 #2 type] 
Type domain.Bet is not enhanced.

[2020-03-29 01:19:25 #3 type] 
Type domain.Profile is not enhanced.

[2020-03-29 01:19:25 #4 type] 
Type domain.Prediction is not enhanced.

[2020-03-29 01:19:25 #5 type] 
Type domain.Question is not enhanced.

[2020-03-29 01:19:25 #6 type] 
Type domain.Event is not enhanced.

[2020-03-29 01:19:25 #7 type] 
Type domain.Competition is not enhanced.

------------------------------------------------------------------------------------------------------------------------

[2020-03-29 01:20:32 #1 type] 
Type domain.User is not enhanced.

[2020-03-29 01:20:32 #2 type] 
Type domain.Bet is not enhanced.

[2020-03-29 01:20:32 #3 type] 
Type domain.Profile is not enhanced.

[2020-03-29 01:20:32 #4 type] 
Type domain.Prediction is not enhanced.

[2020-03-29 01:20:32 #5 type] 
Type domain.Question is not enhanced.

[2020-03-29 01:20:32 #6 type] 
Type domain.Event is not enhanced.

[2020-03-29 01:20:32 #7 type] 
Type domain.Competition is not enhanced.

------------------------------------------------------------------------------------------------------------------------

[2020-03-29 12:43:26 #1 type] 
Type domain.User is not enhanced.

[2020-03-29 12:43:26 #2 type] 
Type domain.Bet is not enhanced.

[2020-03-29 12:43:26 #3 type] 
Type domain.Profile is not enhanced.

[2020-03-29 12:43:26 #4 type] 
Type domain.Prediction is not enhanced.

[2020-03-29 12:43:26 #5 type] 
Type domain.Question is not enhanced.

[2020-03-29 12:43:26 #6 type] 
Type domain.Event is not enhanced.

[2020-03-29 12:43:26 #7 type] 
Type domain.Competition is not enhanced.

------------------------------------------------------------------------------------------------------------------------

[2020-03-29 12:53:40 #1 type] 
Type domain.User is not enhanced.

[2020-03-29 12:53:41 #2 type] 
Type domain.Bet is not enhanced.

[2020-03-29 12:53:41 #3 type] 
Type domain.Profile is not enhanced.

[2020-03-29 12:53:41 #4 type] 
Type domain.Prediction is not enhanced.

[2020-03-29 12:53:41 #5 type] 
Type domain.Question is not enhanced.

[2020-03-29 12:53:41 #6 type] 
Type domain.Event is not enhanced.

[2020-03-29 12:53:41 #7 type] 
Type domain.Competition is not enhanced.

------------------------------------------------------------------------------------------------------------------------

[2020-03-29 13:00:12 #1 type] 
Type domain.User is not enhanced.

[2020-03-29 13:00:12 #2 type] 
Type domain.Bet is not enhanced.

[2020-03-29 13:00:12 #3 type] 
Type domain.Profile is not enhanced.

[2020-03-29 13:00:12 #4 type] 
Type domain.Prediction is not enhanced.

[2020-03-29 13:00:12 #5 type] 
Type domain.Question is not enhanced.

[2020-03-29 13:00:12 #6 type] 
Type domain.Event is not enhanced.

[2020-03-29 13:00:12 #7 type] 
Type domain.Competition is not enhanced.

------------------------------------------------------------------------------------------------------------------------

[2020-03-29 13:00:54 #1 type] 
Type domain.User is not enhanced.

[2020-03-29 13:00:54 #2 type] 
Type domain.Bet is not enhanced.

[2020-03-29 13:00:54 #3 type] 
Type domain.Profile is not enhanced.

[2020-03-29 13:00:54 #4 type] 
Type domain.Prediction is not enhanced.

[2020-03-29 13:00:54 #5 type] 
Type domain.Question is not enhanced.

[2020-03-29 13:00:54 #6 type] 
Type domain.Event is not enhanced.

[2020-03-29 13:00:54 #7 type] 
Type domain.Competition is not enhanced.

------------------------------------------------------------------------------------------------------------------------

[2020-03-29 13:14:16 #1 type] 
Type domain.User is not enhanced.

[2020-03-29 13:14:16 #2 type] 
Type domain.Bet is not enhanced.

[2020-03-29 13:14:16 #3 type] 
Type domain.Profile is not enhanced.

[2020-03-29 13:14:16 #4 type] 
Type domain.Prediction is not enhanced.

[2020-03-29 13:14:16 #5 type] 
Type domain.Question is not enhanced.

[2020-03-29 13:14:16 #6 type] 
Type domain.Event is not enhanced.

[2020-03-29 13:14:16 #7 type] 
Type domain.Competition is not enhanced.

------------------------------------------------------------------------------------------------------------------------

[2020-03-29 13:43:37 #1 type] 
Type domain.User is not enhanced.

[2020-03-29 13:43:37 #2 type] 
Type domain.Bet is not enhanced.

[2020-03-29 13:43:37 #3 type] 
Type domain.Profile is not enhanced.

[2020-03-29 13:43:37 #4 type] 
Type domain.Prediction is not enhanced.

[2020-03-29 13:43:37 #5 type] 
Type domain.Question is not enhanced.

[2020-03-29 13:43:37 #6 type] 
Type domain.Event is not enhanced.

[2020-03-29 13:43:37 #7 type] 
Type domain.Competition is not enhanced.

------------------------------------------------------------------------------------------------------------------------

[2020-03-29 14:05:45 #1 type] 
Type domain.User is not enhanced.

[2020-03-29 14:05:45 #2 type] 
Type domain.Bet is not enhanced.

[2020-03-29 14:05:45 #3 type] 
Type domain.Profile is not enhanced.

[2020-03-29 14:05:45 #4 type] 
Type domain.Prediction is not enhanced.

[2020-03-29 14:05:45 #5 type] 
Type domain.Question is not enhanced.

[2020-03-29 14:05:45 #6 type] 
Type domain.Event is not enhanced.

[2020-03-29 14:05:45 #7 type] 
Type domain.Competition is not enhanced.

------------------------------------------------------------------------------------------------------------------------

[2020-03-29 14:10:13 #1 type] 
Type domain.User is not enhanced.

[2020-03-29 14:10:13 #2 type] 
Type domain.Bet is not enhanced.

[2020-03-29 14:10:13 #3 type] 
Type domain.Profile is not enhanced.

[2020-03-29 14:10:13 #4 type] 
Type domain.Prediction is not enhanced.

[2020-03-29 14:10:13 #5 type] 
Type domain.Question is not enhanced.

[2020-03-29 14:10:13 #6 type] 
Type domain.Event is not enhanced.

[2020-03-29 14:10:13 #7 type] 
Type domain.Competition is not enhanced.

------------------------------------------------------------------------------------------------------------------------

[2020-03-29 14:18:40 #1 type] 
Type domain.User is not enhanced.

[2020-03-29 14:18:40 #2 type] 
Type domain.Bet is not enhanced.

[2020-03-29 14:18:40 #3 type] 
Type domain.Profile is not enhanced.

[2020-03-29 14:18:40 #4 type] 
Type domain.Prediction is not enhanced.

[2020-03-29 14:18:40 #5 type] 
Type domain.Question is not enhanced.

[2020-03-29 14:18:40 #6 type] 
Type domain.Event is not enhanced.

[2020-03-29 14:18:40 #7 type] 
Type domain.Competition is not enhanced.

------------------------------------------------------------------------------------------------------------------------

[2020-03-29 14:19:32 #1 type] 
Type domain.User is not enhanced.

[2020-03-29 14:19:32 #2 type] 
Type domain.Bet is not enhanced.

[2020-03-29 14:19:32 #3 type] 
Type domain.Profile is not enhanced.

[2020-03-29 14:19:32 #4 type] 
Type domain.Prediction is not enhanced.

[2020-03-29 14:19:32 #5 type] 
Type domain.Question is not enhanced.

[2020-03-29 14:19:32 #6 type] 
Type domain.Event is not enhanced.

[2020-03-29 14:19:32 #7 type] 
Type domain.Competition is not enhanced.

------------------------------------------------------------------------------------------------------------------------

[2020-03-29 14:31:39 #1 type] 
Type domain.User is not enhanced.

[2020-03-29 14:31:39 #2 type] 
Type domain.Bet is not enhanced.

[2020-03-29 14:31:39 #3 type] 
Type domain.Profile is not enhanced.

[2020-03-29 14:31:39 #4 type] 
Type domain.Prediction is not enhanced.

[2020-03-29 14:31:39 #5 type] 
Type domain.Question is not enhanced.

[2020-03-29 14:31:39 #6 type] 
Type domain.Event is not enhanced.

[2020-03-29 14:31:39 #7 type] 
Type domain.Competition is not enhanced.

------------------------------------------------------------------------------------------------------------------------

[2020-03-29 14:35:32 #1 type] 
Type domain.User is not enhanced.

[2020-03-29 14:35:32 #2 type] 
Type domain.Bet is not enhanced.

[2020-03-29 14:35:32 #3 type] 
Type domain.Profile is not enhanced.

[2020-03-29 14:35:32 #4 type] 
Type domain.Prediction is not enhanced.

[2020-03-29 14:35:32 #5 type] 
Type domain.Question is not enhanced.

[2020-03-29 14:35:32 #6 type] 
Type domain.Event is not enhanced.

[2020-03-29 14:35:32 #7 type] 
Type domain.Competition is not enhanced.

------------------------------------------------------------------------------------------------------------------------

[2020-03-29 14:35:57 #1 type] 
Type domain.User is not enhanced.

[2020-03-29 14:35:57 #2 type] 
Type domain.Bet is not enhanced.

[2020-03-29 14:35:57 #3 type] 
Type domain.Profile is not enhanced.

[2020-03-29 14:35:57 #4 type] 
Type domain.Prediction is not enhanced.

[2020-03-29 14:35:57 #5 type] 
Type domain.Question is not enhanced.

[2020-03-29 14:35:57 #6 type] 
Type domain.Event is not enhanced.

[2020-03-29 14:35:57 #7 type] 
Type domain.Competition is not enhanced.

------------------------------------------------------------------------------------------------------------------------

[2020-03-29 14:38:13 #1 type] 
Type domain.User is not enhanced.

[2020-03-29 14:38:13 #2 type] 
Type domain.Bet is not enhanced.

[2020-03-29 14:38:13 #3 type] 
Type domain.Profile is not enhanced.

[2020-03-29 14:38:13 #4 type] 
Type domain.Prediction is not enhanced.

[2020-03-29 14:38:13 #5 type] 
Type domain.Question is not enhanced.

[2020-03-29 14:38:13 #6 type] 
Type domain.Event is not enhanced.

[2020-03-29 14:38:13 #7 type] 
Type domain.Competition is not enhanced.

------------------------------------------------------------------------------------------------------------------------

[2020-03-29 14:38:50 #1 type] 
Type domain.User is not enhanced.

[2020-03-29 14:38:50 #2 type] 
Type domain.Bet is not enhanced.

[2020-03-29 14:38:50 #3 type] 
Type domain.Profile is not enhanced.

[2020-03-29 14:38:50 #4 type] 
Type domain.Prediction is not enhanced.

[2020-03-29 14:38:50 #5 type] 
Type domain.Question is not enhanced.

[2020-03-29 14:38:50 #6 type] 
Type domain.Event is not enhanced.

[2020-03-29 14:38:50 #7 type] 
Type domain.Competition is not enhanced.

------------------------------------------------------------------------------------------------------------------------

[2020-03-29 14:40:02 #1 type] 
Type domain.User is not enhanced.

[2020-03-29 14:40:02 #2 type] 
Type domain.Bet is not enhanced.

[2020-03-29 14:40:02 #3 type] 
Type domain.Profile is not enhanced.

[2020-03-29 14:40:02 #4 type] 
Type domain.Prediction is not enhanced.

[2020-03-29 14:40:02 #5 type] 
Type domain.Question is not enhanced.

[2020-03-29 14:40:02 #6 type] 
Type domain.Event is not enhanced.

[2020-03-29 14:40:02 #7 type] 
Type domain.Competition is not enhanced.

------------------------------------------------------------------------------------------------------------------------

[2020-03-29 14:41:31 #1 type] 
Type domain.User is not enhanced.

[2020-03-29 14:41:31 #2 type] 
Type domain.Bet is not enhanced.

[2020-03-29 14:41:31 #3 type] 
Type domain.Profile is not enhanced.

[2020-03-29 14:41:31 #4 type] 
Type domain.Prediction is not enhanced.

[2020-03-29 14:41:31 #5 type] 
Type domain.Question is not enhanced.

[2020-03-29 14:41:31 #6 type] 
Type domain.Event is not enhanced.

[2020-03-29 14:41:31 #7 type] 
Type domain.Competition is not enhanced.

------------------------------------------------------------------------------------------------------------------------

[2020-03-29 14:44:07 #1 type] 
Type domain.User is not enhanced.

[2020-03-29 14:44:07 #2 type] 
Type domain.Bet is not enhanced.

[2020-03-29 14:44:07 #3 type] 
Type domain.Profile is not enhanced.

[2020-03-29 14:44:07 #4 type] 
Type domain.Prediction is not enhanced.

[2020-03-29 14:44:07 #5 type] 
Type domain.Question is not enhanced.

[2020-03-29 14:44:07 #6 type] 
Type domain.Event is not enhanced.

[2020-03-29 14:44:07 #7 type] 
Type domain.Competition is not enhanced.

------------------------------------------------------------------------------------------------------------------------

[2020-03-29 14:47:22 #1 type] 
Type domain.User is not enhanced.

[2020-03-29 14:47:22 #2 type] 
Type domain.Bet is not enhanced.

[2020-03-29 14:47:22 #3 type] 
Type domain.Profile is not enhanced.

[2020-03-29 14:47:22 #4 type] 
Type domain.Prediction is not enhanced.

[2020-03-29 14:47:22 #5 type] 
Type domain.Question is not enhanced.

[2020-03-29 14:47:22 #6 type] 
Type domain.Event is not enhanced.

[2020-03-29 14:47:22 #7 type] 
Type domain.Competition is not enhanced.

------------------------------------------------------------------------------------------------------------------------

[2020-03-29 14:49:06 #1 type] 
Type domain.User is not enhanced.

[2020-03-29 14:49:06 #2 type] 
Type domain.Bet is not enhanced.

[2020-03-29 14:49:06 #3 type] 
Type domain.Profile is not enhanced.

[2020-03-29 14:49:06 #4 type] 
Type domain.Prediction is not enhanced.

[2020-03-29 14:49:06 #5 type] 
Type domain.Question is not enhanced.

[2020-03-29 14:49:06 #6 type] 
Type domain.Event is not enhanced.

[2020-03-29 14:49:06 #7 type] 
Type domain.Competition is not enhanced.

------------------------------------------------------------------------------------------------------------------------

[2020-03-29 14:50:24 #1 type] 
Type domain.User is not enhanced.

[2020-03-29 14:50:24 #2 type] 
Type domain.Bet is not enhanced.

[2020-03-29 14:50:24 #3 type] 
Type domain.Profile is not enhanced.

[2020-03-29 14:50:24 #4 type] 
Type domain.Prediction is not enhanced.

[2020-03-29 14:50:24 #5 type] 
Type domain.Question is not enhanced.

[2020-03-29 14:50:24 #6 type] 
Type domain.Event is not enhanced.

[2020-03-29 14:50:24 #7 type] 
Type domain.Competition is not enhanced.

------------------------------------------------------------------------------------------------------------------------

[2020-03-29 14:51:16 #1 type] 
Type domain.User is not enhanced.

[2020-03-29 14:51:16 #2 type] 
Type domain.Bet is not enhanced.

[2020-03-29 14:51:16 #3 type] 
Type domain.Profile is not enhanced.

[2020-03-29 14:51:16 #4 type] 
Type domain.Prediction is not enhanced.

[2020-03-29 14:51:16 #5 type] 
Type domain.Question is not enhanced.

[2020-03-29 14:51:16 #6 type] 
Type domain.Event is not enhanced.

[2020-03-29 14:51:16 #7 type] 
Type domain.Competition is not enhanced.

------------------------------------------------------------------------------------------------------------------------

[2020-03-29 14:51:48 #1 type] 
Type domain.User is not enhanced.

[2020-03-29 14:51:48 #2 type] 
Type domain.Bet is not enhanced.

[2020-03-29 14:51:48 #3 type] 
Type domain.Profile is not enhanced.

[2020-03-29 14:51:48 #4 type] 
Type domain.Prediction is not enhanced.

[2020-03-29 14:51:48 #5 type] 
Type domain.Question is not enhanced.

[2020-03-29 14:51:48 #6 type] 
Type domain.Event is not enhanced.

[2020-03-29 14:51:48 #7 type] 
Type domain.Competition is not enhanced.

------------------------------------------------------------------------------------------------------------------------

[2020-03-29 14:54:56 #1 type] 
Type domain.User is not enhanced.

[2020-03-29 14:54:56 #2 type] 
Type domain.Bet is not enhanced.

[2020-03-29 14:54:56 #3 type] 
Type domain.Profile is not enhanced.

[2020-03-29 14:54:56 #4 type] 
Type domain.Prediction is not enhanced.

[2020-03-29 14:54:56 #5 type] 
Type domain.Question is not enhanced.

[2020-03-29 14:54:56 #6 type] 
Type domain.Event is not enhanced.

[2020-03-29 14:54:56 #7 type] 
Type domain.Competition is not enhanced.

------------------------------------------------------------------------------------------------------------------------

[2020-03-29 14:56:24 #1 type] 
Type domain.User is not enhanced.

[2020-03-29 14:56:24 #2 type] 
Type domain.Bet is not enhanced.

[2020-03-29 14:56:24 #3 type] 
Type domain.Profile is not enhanced.

[2020-03-29 14:56:24 #4 type] 
Type domain.Prediction is not enhanced.

[2020-03-29 14:56:24 #5 type] 
Type domain.Question is not enhanced.

[2020-03-29 14:56:24 #6 type] 
Type domain.Event is not enhanced.

[2020-03-29 14:56:24 #7 type] 
Type domain.Competition is not enhanced.

------------------------------------------------------------------------------------------------------------------------

[2020-03-29 15:01:48 #1 type] 
Type domain.User is not enhanced.

[2020-03-29 15:01:48 #2 type] 
Type domain.Bet is not enhanced.

[2020-03-29 15:01:48 #3 type] 
Type domain.Profile is not enhanced.

[2020-03-29 15:01:48 #4 type] 
Type domain.Prediction is not enhanced.

[2020-03-29 15:01:48 #5 type] 
Type domain.Question is not enhanced.

[2020-03-29 15:01:48 #6 type] 
Type domain.Event is not enhanced.

[2020-03-29 15:01:48 #7 type] 
Type domain.Competition is not enhanced.

------------------------------------------------------------------------------------------------------------------------

[2020-03-29 15:02:15 #1 type] 
Type domain.User is not enhanced.

[2020-03-29 15:02:15 #2 type] 
Type domain.Bet is not enhanced.

[2020-03-29 15:02:16 #3 type] 
Type domain.Profile is not enhanced.

[2020-03-29 15:02:16 #4 type] 
Type domain.Prediction is not enhanced.

[2020-03-29 15:02:16 #5 type] 
Type domain.Question is not enhanced.

[2020-03-29 15:02:16 #6 type] 
Type domain.Event is not enhanced.

[2020-03-29 15:02:16 #7 type] 
Type domain.Competition is not enhanced.

------------------------------------------------------------------------------------------------------------------------

[2020-03-29 15:04:47 #1 type] 
Type domain.User is not enhanced.

[2020-03-29 15:04:47 #2 type] 
Type domain.Bet is not enhanced.

[2020-03-29 15:04:47 #3 type] 
Type domain.Profile is not enhanced.

[2020-03-29 15:04:47 #4 type] 
Type domain.Prediction is not enhanced.

[2020-03-29 15:04:47 #5 type] 
Type domain.Question is not enhanced.

[2020-03-29 15:04:47 #6 type] 
Type domain.Event is not enhanced.

[2020-03-29 15:04:47 #7 type] 
Type domain.Competition is not enhanced.

------------------------------------------------------------------------------------------------------------------------

[2020-03-29 15:05:30 #1 type] 
Type domain.User is not enhanced.

[2020-03-29 15:05:30 #2 type] 
Type domain.Bet is not enhanced.

[2020-03-29 15:05:30 #3 type] 
Type domain.Profile is not enhanced.

[2020-03-29 15:05:30 #4 type] 
Type domain.Prediction is not enhanced.

[2020-03-29 15:05:30 #5 type] 
Type domain.Question is not enhanced.

[2020-03-29 15:05:30 #6 type] 
Type domain.Event is not enhanced.

[2020-03-29 15:05:30 #7 type] 
Type domain.Competition is not enhanced.

------------------------------------------------------------------------------------------------------------------------

[2020-03-29 15:06:35 #1 type] 
Type domain.User is not enhanced.

[2020-03-29 15:06:35 #2 type] 
Type domain.Bet is not enhanced.

[2020-03-29 15:06:35 #3 type] 
Type domain.Profile is not enhanced.

[2020-03-29 15:06:35 #4 type] 
Type domain.Prediction is not enhanced.

[2020-03-29 15:06:35 #5 type] 
Type domain.Question is not enhanced.

[2020-03-29 15:06:35 #6 type] 
Type domain.Event is not enhanced.

[2020-03-29 15:06:35 #7 type] 
Type domain.Competition is not enhanced.

------------------------------------------------------------------------------------------------------------------------

[2020-03-29 15:08:27 #1 type] 
Type domain.User is not enhanced.

[2020-03-29 15:08:27 #2 type] 
Type domain.Bet is not enhanced.

[2020-03-29 15:08:27 #3 type] 
Type domain.Profile is not enhanced.

[2020-03-29 15:08:27 #4 type] 
Type domain.Prediction is not enhanced.

[2020-03-29 15:08:27 #5 type] 
Type domain.Question is not enhanced.

[2020-03-29 15:08:27 #6 type] 
Type domain.Event is not enhanced.

[2020-03-29 15:08:27 #7 type] 
Type domain.Competition is not enhanced.

------------------------------------------------------------------------------------------------------------------------

[2020-03-29 15:09:21 #1 type] 
Type domain.User is not enhanced.

[2020-03-29 15:09:21 #2 type] 
Type domain.Bet is not enhanced.

[2020-03-29 15:09:21 #3 type] 
Type domain.Profile is not enhanced.

[2020-03-29 15:09:21 #4 type] 
Type domain.Prediction is not enhanced.

[2020-03-29 15:09:21 #5 type] 
Type domain.Question is not enhanced.

[2020-03-29 15:09:21 #6 type] 
Type domain.Event is not enhanced.

[2020-03-29 15:09:21 #7 type] 
Type domain.Competition is not enhanced.

------------------------------------------------------------------------------------------------------------------------

[2020-03-29 15:10:39 #1 type] 
Type domain.User is not enhanced.

[2020-03-29 15:10:39 #2 type] 
Type domain.Bet is not enhanced.

[2020-03-29 15:10:39 #3 type] 
Type domain.Profile is not enhanced.

[2020-03-29 15:10:39 #4 type] 
Type domain.Prediction is not enhanced.

[2020-03-29 15:10:39 #5 type] 
Type domain.Question is not enhanced.

[2020-03-29 15:10:39 #6 type] 
Type domain.Event is not enhanced.

[2020-03-29 15:10:39 #7 type] 
Type domain.Competition is not enhanced.

------------------------------------------------------------------------------------------------------------------------

[2020-03-29 15:11:10 #1 type] 
Type domain.User is not enhanced.

[2020-03-29 15:11:10 #2 type] 
Type domain.Bet is not enhanced.

[2020-03-29 15:11:10 #3 type] 
Type domain.Profile is not enhanced.

[2020-03-29 15:11:10 #4 type] 
Type domain.Prediction is not enhanced.

[2020-03-29 15:11:10 #5 type] 
Type domain.Question is not enhanced.

[2020-03-29 15:11:10 #6 type] 
Type domain.Event is not enhanced.

[2020-03-29 15:11:10 #7 type] 
Type domain.Competition is not enhanced.

------------------------------------------------------------------------------------------------------------------------

[2020-03-29 15:57:05 #1 type] 
Type domain.User is not enhanced.

[2020-03-29 15:57:05 #2 type] 
Type domain.Bet is not enhanced.

[2020-03-29 15:57:05 #3 type] 
Type domain.Profile is not enhanced.

[2020-03-29 15:57:05 #4 type] 
Type domain.Prediction is not enhanced.

[2020-03-29 15:57:05 #5 type] 
Type domain.Question is not enhanced.

[2020-03-29 15:57:05 #6 type] 
Type domain.Event is not enhanced.

[2020-03-29 15:57:05 #7 type] 
Type domain.Competition is not enhanced.

------------------------------------------------------------------------------------------------------------------------

[2020-03-29 15:57:33 #1 type] 
Type domain.User is not enhanced.

[2020-03-29 15:57:33 #2 type] 
Type domain.Bet is not enhanced.

[2020-03-29 15:57:33 #3 type] 
Type domain.Profile is not enhanced.

[2020-03-29 15:57:33 #4 type] 
Type domain.Prediction is not enhanced.

[2020-03-29 15:57:33 #5 type] 
Type domain.Question is not enhanced.

[2020-03-29 15:57:33 #6 type] 
Type domain.Event is not enhanced.

[2020-03-29 15:57:33 #7 type] 
Type domain.Competition is not enhanced.

------------------------------------------------------------------------------------------------------------------------

[2020-03-29 16:01:14 #1 type] 
Type domain.User is not enhanced.

[2020-03-29 16:01:14 #2 type] 
Type domain.Bet is not enhanced.

[2020-03-29 16:01:14 #3 type] 
Type domain.Profile is not enhanced.

[2020-03-29 16:01:14 #4 type] 
Type domain.Prediction is not enhanced.

[2020-03-29 16:01:14 #5 type] 
Type domain.Question is not enhanced.

[2020-03-29 16:01:14 #6 type] 
Type domain.Event is not enhanced.

[2020-03-29 16:01:14 #7 type] 
Type domain.Competition is not enhanced.

------------------------------------------------------------------------------------------------------------------------

[2020-03-29 16:02:51 #1 type] 
Type domain.User is not enhanced.

[2020-03-29 16:02:51 #2 type] 
Type domain.Bet is not enhanced.

[2020-03-29 16:02:51 #3 type] 
Type domain.Profile is not enhanced.

[2020-03-29 16:02:51 #4 type] 
Type domain.Prediction is not enhanced.

[2020-03-29 16:02:51 #5 type] 
Type domain.Question is not enhanced.

[2020-03-29 16:02:51 #6 type] 
Type domain.Event is not enhanced.

[2020-03-29 16:02:51 #7 type] 
Type domain.Competition is not enhanced.

------------------------------------------------------------------------------------------------------------------------

[2020-03-29 16:03:20 #1 type] 
Type domain.User is not enhanced.

[2020-03-29 16:03:20 #2 type] 
Type domain.Bet is not enhanced.

[2020-03-29 16:03:20 #3 type] 
Type domain.Profile is not enhanced.

[2020-03-29 16:03:20 #4 type] 
Type domain.Prediction is not enhanced.

[2020-03-29 16:03:20 #5 type] 
Type domain.Question is not enhanced.

[2020-03-29 16:03:20 #6 type] 
Type domain.Event is not enhanced.

[2020-03-29 16:03:20 #7 type] 
Type domain.Competition is not enhanced.

------------------------------------------------------------------------------------------------------------------------

[2020-03-29 16:04:03 #1 type] 
Type domain.User is not enhanced.

[2020-03-29 16:04:03 #2 type] 
Type domain.Bet is not enhanced.

[2020-03-29 16:04:03 #3 type] 
Type domain.Profile is not enhanced.

[2020-03-29 16:04:03 #4 type] 
Type domain.Prediction is not enhanced.

[2020-03-29 16:04:03 #5 type] 
Type domain.Question is not enhanced.

[2020-03-29 16:04:03 #6 type] 
Type domain.Event is not enhanced.

[2020-03-29 16:04:03 #7 type] 
Type domain.Competition is not enhanced.

------------------------------------------------------------------------------------------------------------------------

[2020-03-29 16:04:25 #1 type] 
Type domain.User is not enhanced.

[2020-03-29 16:04:25 #2 type] 
Type domain.Bet is not enhanced.

[2020-03-29 16:04:25 #3 type] 
Type domain.Profile is not enhanced.

[2020-03-29 16:04:25 #4 type] 
Type domain.Prediction is not enhanced.

[2020-03-29 16:04:25 #5 type] 
Type domain.Question is not enhanced.

[2020-03-29 16:04:25 #6 type] 
Type domain.Event is not enhanced.

[2020-03-29 16:04:25 #7 type] 
Type domain.Competition is not enhanced.

------------------------------------------------------------------------------------------------------------------------

[2020-03-29 16:28:51 #1 type] 
Type domain.User is not enhanced.

[2020-03-29 16:28:51 #2 type] 
Type domain.Bet is not enhanced.

[2020-03-29 16:28:51 #3 type] 
Type domain.Profile is not enhanced.

[2020-03-29 16:28:51 #4 type] 
Type domain.Prediction is not enhanced.

[2020-03-29 16:28:51 #5 type] 
Type domain.Question is not enhanced.

[2020-03-29 16:28:51 #6 type] 
Type domain.Event is not enhanced.

[2020-03-29 16:28:51 #7 type] 
Type domain.Competition is not enhanced.

------------------------------------------------------------------------------------------------------------------------

[2020-03-29 16:33:45 #1 type] 
Type domain.User is not enhanced.

[2020-03-29 16:33:45 #2 type] 
Type domain.Bet is not enhanced.

[2020-03-29 16:33:45 #3 type] 
Type domain.Profile is not enhanced.

[2020-03-29 16:33:45 #4 type] 
Type domain.Prediction is not enhanced.

[2020-03-29 16:33:45 #5 type] 
Type domain.Question is not enhanced.

[2020-03-29 16:33:45 #6 type] 
Type domain.Event is not enhanced.

[2020-03-29 16:33:45 #7 type] 
Type domain.Competition is not enhanced.

------------------------------------------------------------------------------------------------------------------------

[2020-03-29 16:39:11 #1 type] 
Type domain.User is not enhanced.

[2020-03-29 16:39:11 #2 type] 
Type domain.Bet is not enhanced.

[2020-03-29 16:39:11 #3 type] 
Type domain.Profile is not enhanced.

[2020-03-29 16:39:11 #4 type] 
Type domain.Prediction is not enhanced.

[2020-03-29 16:39:11 #5 type] 
Type domain.Question is not enhanced.

[2020-03-29 16:39:11 #6 type] 
Type domain.Event is not enhanced.

[2020-03-29 16:39:11 #7 type] 
Type domain.Competition is not enhanced.

------------------------------------------------------------------------------------------------------------------------

[2020-03-29 16:42:20 #1 type] 
Type domain.User is not enhanced.

[2020-03-29 16:42:20 #2 type] 
Type domain.Bet is not enhanced.

[2020-03-29 16:42:20 #3 type] 
Type domain.Profile is not enhanced.

[2020-03-29 16:42:20 #4 type] 
Type domain.Prediction is not enhanced.

[2020-03-29 16:42:20 #5 type] 
Type domain.Question is not enhanced.

[2020-03-29 16:42:20 #6 type] 
Type domain.Event is not enhanced.

[2020-03-29 16:42:20 #7 type] 
Type domain.Competition is not enhanced.

------------------------------------------------------------------------------------------------------------------------

[2020-03-29 16:45:35 #1 type] 
Type domain.User is not enhanced.

[2020-03-29 16:45:35 #2 type] 
Type domain.Bet is not enhanced.

[2020-03-29 16:45:35 #3 type] 
Type domain.Profile is not enhanced.

[2020-03-29 16:45:35 #4 type] 
Type domain.Prediction is not enhanced.

[2020-03-29 16:45:35 #5 type] 
Type domain.Question is not enhanced.

[2020-03-29 16:45:35 #6 type] 
Type domain.Event is not enhanced.

[2020-03-29 16:45:35 #7 type] 
Type domain.Competition is not enhanced.

------------------------------------------------------------------------------------------------------------------------

[2020-03-29 16:47:00 #1 type] 
Type domain.User is not enhanced.

[2020-03-29 16:47:00 #2 type] 
Type domain.Bet is not enhanced.

[2020-03-29 16:47:00 #3 type] 
Type domain.Profile is not enhanced.

[2020-03-29 16:47:00 #4 type] 
Type domain.Prediction is not enhanced.

[2020-03-29 16:47:00 #5 type] 
Type domain.Question is not enhanced.

[2020-03-29 16:47:00 #6 type] 
Type domain.Event is not enhanced.

[2020-03-29 16:47:00 #7 type] 
Type domain.Competition is not enhanced.

------------------------------------------------------------------------------------------------------------------------

[2020-03-29 17:29:40 #1 type] 
Type domain.User is not enhanced.

[2020-03-29 17:29:40 #2 type] 
Type domain.Bet is not enhanced.

[2020-03-29 17:29:40 #3 type] 
Type domain.Profile is not enhanced.

[2020-03-29 17:29:40 #4 type] 
Type domain.Prediction is not enhanced.

[2020-03-29 17:29:40 #5 type] 
Type domain.Question is not enhanced.

[2020-03-29 17:29:40 #6 type] 
Type domain.Event is not enhanced.

[2020-03-29 17:29:40 #7 type] 
Type domain.Competition is not enhanced.

------------------------------------------------------------------------------------------------------------------------

[2020-03-29 17:29:58 #1 type] 
Type domain.User is not enhanced.

[2020-03-29 17:29:58 #2 type] 
Type domain.Bet is not enhanced.

[2020-03-29 17:29:58 #3 type] 
Type domain.Profile is not enhanced.

[2020-03-29 17:29:58 #4 type] 
Type domain.Prediction is not enhanced.

[2020-03-29 17:29:58 #5 type] 
Type domain.Question is not enhanced.

[2020-03-29 17:29:58 #6 type] 
Type domain.Event is not enhanced.

[2020-03-29 17:29:58 #7 type] 
Type domain.Competition is not enhanced.

------------------------------------------------------------------------------------------------------------------------

[2020-03-29 17:32:24 #1 type] 
Type domain.User is not enhanced.

[2020-03-29 17:32:24 #2 type] 
Type domain.Bet is not enhanced.

[2020-03-29 17:32:24 #3 type] 
Type domain.Profile is not enhanced.

[2020-03-29 17:32:24 #4 type] 
Type domain.Prediction is not enhanced.

[2020-03-29 17:32:24 #5 type] 
Type domain.Question is not enhanced.

[2020-03-29 17:32:24 #6 type] 
Type domain.Event is not enhanced.

[2020-03-29 17:32:24 #7 type] 
Type domain.Competition is not enhanced.

------------------------------------------------------------------------------------------------------------------------

[2020-03-29 17:32:56 #1 type] 
Type domain.User is not enhanced.

[2020-03-29 17:32:56 #2 type] 
Type domain.Bet is not enhanced.

[2020-03-29 17:32:56 #3 type] 
Type domain.Profile is not enhanced.

[2020-03-29 17:32:56 #4 type] 
Type domain.Prediction is not enhanced.

[2020-03-29 17:32:56 #5 type] 
Type domain.Question is not enhanced.

[2020-03-29 17:32:56 #6 type] 
Type domain.Event is not enhanced.

[2020-03-29 17:32:56 #7 type] 
Type domain.Competition is not enhanced.

------------------------------------------------------------------------------------------------------------------------

[2020-03-29 17:34:17 #1 type] 
Type domain.User is not enhanced.

[2020-03-29 17:34:17 #2 type] 
Type domain.Bet is not enhanced.

[2020-03-29 17:34:17 #3 type] 
Type domain.Profile is not enhanced.

[2020-03-29 17:34:17 #4 type] 
Type domain.Prediction is not enhanced.

[2020-03-29 17:34:17 #5 type] 
Type domain.Question is not enhanced.

[2020-03-29 17:34:17 #6 type] 
Type domain.Event is not enhanced.

[2020-03-29 17:34:17 #7 type] 
Type domain.Competition is not enhanced.

------------------------------------------------------------------------------------------------------------------------

[2020-03-29 17:37:39 #1 type] 
Type domain.User is not enhanced.

[2020-03-29 17:37:39 #2 type] 
Type domain.Bet is not enhanced.

[2020-03-29 17:37:39 #3 type] 
Type domain.Profile is not enhanced.

[2020-03-29 17:37:39 #4 type] 
Type domain.Prediction is not enhanced.

[2020-03-29 17:37:39 #5 type] 
Type domain.Question is not enhanced.

[2020-03-29 17:37:39 #6 type] 
Type domain.Event is not enhanced.

[2020-03-29 17:37:39 #7 type] 
Type domain.Competition is not enhanced.

------------------------------------------------------------------------------------------------------------------------

[2020-03-29 17:39:17 #1 type] 
Type domain.User is not enhanced.

[2020-03-29 17:39:17 #2 type] 
Type domain.Bet is not enhanced.

[2020-03-29 17:39:17 #3 type] 
Type domain.Profile is not enhanced.

[2020-03-29 17:39:17 #4 type] 
Type domain.Prediction is not enhanced.

[2020-03-29 17:39:17 #5 type] 
Type domain.Question is not enhanced.

[2020-03-29 17:39:17 #6 type] 
Type domain.Event is not enhanced.

[2020-03-29 17:39:17 #7 type] 
Type domain.Competition is not enhanced.

------------------------------------------------------------------------------------------------------------------------

[2020-03-29 17:39:27 #1 type] 
Type domain.User is not enhanced.

[2020-03-29 17:39:27 #2 type] 
Type domain.Bet is not enhanced.

[2020-03-29 17:39:27 #3 type] 
Type domain.Profile is not enhanced.

[2020-03-29 17:39:27 #4 type] 
Type domain.Prediction is not enhanced.

[2020-03-29 17:39:27 #5 type] 
Type domain.Question is not enhanced.

[2020-03-29 17:39:27 #6 type] 
Type domain.Event is not enhanced.

[2020-03-29 17:39:27 #7 type] 
Type domain.Competition is not enhanced.

------------------------------------------------------------------------------------------------------------------------

[2020-03-29 17:41:03 #1 type] 
Type domain.User is not enhanced.

[2020-03-29 17:41:03 #2 type] 
Type domain.Bet is not enhanced.

[2020-03-29 17:41:03 #3 type] 
Type domain.Profile is not enhanced.

[2020-03-29 17:41:03 #4 type] 
Type domain.Prediction is not enhanced.

[2020-03-29 17:41:03 #5 type] 
Type domain.Question is not enhanced.

[2020-03-29 17:41:03 #6 type] 
Type domain.Event is not enhanced.

[2020-03-29 17:41:03 #7 type] 
Type domain.Competition is not enhanced.

------------------------------------------------------------------------------------------------------------------------

[2020-03-29 17:42:38 #1 type] 
Type domain.User is not enhanced.

[2020-03-29 17:42:38 #2 type] 
Type domain.Bet is not enhanced.

[2020-03-29 17:42:38 #3 type] 
Type domain.Profile is not enhanced.

[2020-03-29 17:42:38 #4 type] 
Type domain.Prediction is not enhanced.

[2020-03-29 17:42:38 #5 type] 
Type domain.Question is not enhanced.

[2020-03-29 17:42:38 #6 type] 
Type domain.Event is not enhanced.

[2020-03-29 17:42:38 #7 type] 
Type domain.Competition is not enhanced.

------------------------------------------------------------------------------------------------------------------------

[2020-03-29 17:48:37 #1 type] 
Type domain.User is not enhanced.

[2020-03-29 17:48:37 #2 type] 
Type domain.Bet is not enhanced.

[2020-03-29 17:48:37 #3 type] 
Type domain.Profile is not enhanced.

[2020-03-29 17:48:37 #4 type] 
Type domain.Prediction is not enhanced.

[2020-03-29 17:48:37 #5 type] 
Type domain.Question is not enhanced.

[2020-03-29 17:48:37 #6 type] 
Type domain.Event is not enhanced.

[2020-03-29 17:48:37 #7 type] 
Type domain.Competition is not enhanced.

------------------------------------------------------------------------------------------------------------------------

[2020-03-29 17:50:54 #1 type] 
Type domain.User is not enhanced.

[2020-03-29 17:50:54 #2 type] 
Type domain.Bet is not enhanced.

[2020-03-29 17:50:54 #3 type] 
Type domain.Profile is not enhanced.

[2020-03-29 17:50:54 #4 type] 
Type domain.Prediction is not enhanced.

[2020-03-29 17:50:54 #5 type] 
Type domain.Question is not enhanced.

[2020-03-29 17:50:54 #6 type] 
Type domain.Event is not enhanced.

[2020-03-29 17:50:54 #7 type] 
Type domain.Competition is not enhanced.

------------------------------------------------------------------------------------------------------------------------

[2020-03-29 17:51:02 #1 type] 
Type domain.User is not enhanced.

[2020-03-29 17:51:02 #2 type] 
Type domain.Bet is not enhanced.

[2020-03-29 17:51:02 #3 type] 
Type domain.Profile is not enhanced.

[2020-03-29 17:51:02 #4 type] 
Type domain.Prediction is not enhanced.

[2020-03-29 17:51:02 #5 type] 
Type domain.Question is not enhanced.

[2020-03-29 17:51:02 #6 type] 
Type domain.Event is not enhanced.

[2020-03-29 17:51:02 #7 type] 
Type domain.Competition is not enhanced.

------------------------------------------------------------------------------------------------------------------------

[2020-03-29 18:00:21 #1 type] 
Type domain.User is not enhanced.

[2020-03-29 18:00:21 #2 type] 
Type domain.Bet is not enhanced.

[2020-03-29 18:00:21 #3 type] 
Type domain.Profile is not enhanced.

[2020-03-29 18:00:21 #4 type] 
Type domain.Prediction is not enhanced.

[2020-03-29 18:00:21 #5 type] 
Type domain.Question is not enhanced.

[2020-03-29 18:00:21 #6 type] 
Type domain.Event is not enhanced.

[2020-03-29 18:00:21 #7 type] 
Type domain.Competition is not enhanced.

------------------------------------------------------------------------------------------------------------------------

[2020-03-29 18:00:36 #1 type] 
Type domain.User is not enhanced.

[2020-03-29 18:00:36 #2 type] 
Type domain.Bet is not enhanced.

[2020-03-29 18:00:36 #3 type] 
Type domain.Profile is not enhanced.

[2020-03-29 18:00:36 #4 type] 
Type domain.Prediction is not enhanced.

[2020-03-29 18:00:36 #5 type] 
Type domain.Question is not enhanced.

[2020-03-29 18:00:36 #6 type] 
Type domain.Event is not enhanced.

[2020-03-29 18:00:36 #7 type] 
Type domain.Competition is not enhanced.

------------------------------------------------------------------------------------------------------------------------

[2020-03-29 18:01:48 #1 type] 
Type domain.User is not enhanced.

[2020-03-29 18:01:48 #2 type] 
Type domain.Bet is not enhanced.

[2020-03-29 18:01:48 #3 type] 
Type domain.Profile is not enhanced.

[2020-03-29 18:01:48 #4 type] 
Type domain.Prediction is not enhanced.

[2020-03-29 18:01:48 #5 type] 
Type domain.Question is not enhanced.

[2020-03-29 18:01:48 #6 type] 
Type domain.Event is not enhanced.

[2020-03-29 18:01:48 #7 type] 
Type domain.Competition is not enhanced.

------------------------------------------------------------------------------------------------------------------------

[2020-03-29 18:04:53 #1 type] 
Type domain.User is not enhanced.

[2020-03-29 18:04:53 #2 type] 
Type domain.Bet is not enhanced.

[2020-03-29 18:04:53 #3 type] 
Type domain.Profile is not enhanced.

[2020-03-29 18:04:53 #4 type] 
Type domain.Prediction is not enhanced.

[2020-03-29 18:04:53 #5 type] 
Type domain.Question is not enhanced.

[2020-03-29 18:04:53 #6 type] 
Type domain.Event is not enhanced.

[2020-03-29 18:04:53 #7 type] 
Type domain.Competition is not enhanced.

------------------------------------------------------------------------------------------------------------------------

[2020-03-29 18:06:43 #1 type] 
Type domain.User is not enhanced.

[2020-03-29 18:06:43 #2 type] 
Type domain.Bet is not enhanced.

[2020-03-29 18:06:43 #3 type] 
Type domain.Profile is not enhanced.

[2020-03-29 18:06:43 #4 type] 
Type domain.Prediction is not enhanced.

[2020-03-29 18:06:43 #5 type] 
Type domain.Question is not enhanced.

[2020-03-29 18:06:43 #6 type] 
Type domain.Event is not enhanced.

[2020-03-29 18:06:43 #7 type] 
Type domain.Competition is not enhanced.

------------------------------------------------------------------------------------------------------------------------

[2020-03-29 18:09:01 #1 type] 
Type domain.User is not enhanced.

[2020-03-29 18:09:01 #2 type] 
Type domain.Bet is not enhanced.

[2020-03-29 18:09:01 #3 type] 
Type domain.Profile is not enhanced.

[2020-03-29 18:09:01 #4 type] 
Type domain.Prediction is not enhanced.

[2020-03-29 18:09:01 #5 type] 
Type domain.Question is not enhanced.

[2020-03-29 18:09:01 #6 type] 
Type domain.Event is not enhanced.

[2020-03-29 18:09:01 #7 type] 
Type domain.Competition is not enhanced.

------------------------------------------------------------------------------------------------------------------------

[2020-03-29 18:11:26 #1 type] 
Type domain.User is not enhanced.

[2020-03-29 18:11:26 #2 type] 
Type domain.Bet is not enhanced.

[2020-03-29 18:11:26 #3 type] 
Type domain.Profile is not enhanced.

[2020-03-29 18:11:27 #4 type] 
Type domain.Prediction is not enhanced.

[2020-03-29 18:11:27 #5 type] 
Type domain.Question is not enhanced.

[2020-03-29 18:11:27 #6 type] 
Type domain.Event is not enhanced.

[2020-03-29 18:11:27 #7 type] 
Type domain.Competition is not enhanced.

------------------------------------------------------------------------------------------------------------------------

[2020-03-29 18:11:31 #1 type] 
Type domain.User is not enhanced.

[2020-03-29 18:11:31 #2 type] 
Type domain.Bet is not enhanced.

[2020-03-29 18:11:31 #3 type] 
Type domain.Profile is not enhanced.

[2020-03-29 18:11:31 #4 type] 
Type domain.Prediction is not enhanced.

[2020-03-29 18:11:31 #5 type] 
Type domain.Question is not enhanced.

[2020-03-29 18:11:31 #6 type] 
Type domain.Event is not enhanced.

[2020-03-29 18:11:31 #7 type] 
Type domain.Competition is not enhanced.

------------------------------------------------------------------------------------------------------------------------

[2020-03-29 18:15:24 #1 type] 
Type domain.User is not enhanced.

[2020-03-29 18:15:24 #2 type] 
Type domain.Bet is not enhanced.

[2020-03-29 18:15:24 #3 type] 
Type domain.Profile is not enhanced.

[2020-03-29 18:15:24 #4 type] 
Type domain.Prediction is not enhanced.

[2020-03-29 18:15:24 #5 type] 
Type domain.Question is not enhanced.

[2020-03-29 18:15:24 #6 type] 
Type domain.Event is not enhanced.

[2020-03-29 18:15:24 #7 type] 
Type domain.Competition is not enhanced.

------------------------------------------------------------------------------------------------------------------------

[2020-03-29 18:20:13 #1 type] 
Type domain.User is not enhanced.

[2020-03-29 18:20:13 #2 type] 
Type domain.Bet is not enhanced.

[2020-03-29 18:20:13 #3 type] 
Type domain.Profile is not enhanced.

[2020-03-29 18:20:13 #4 type] 
Type domain.Prediction is not enhanced.

[2020-03-29 18:20:13 #5 type] 
Type domain.Question is not enhanced.

[2020-03-29 18:20:13 #6 type] 
Type domain.Event is not enhanced.

[2020-03-29 18:20:13 #7 type] 
Type domain.Competition is not enhanced.

------------------------------------------------------------------------------------------------------------------------

[2020-03-29 18:23:36 #1 type] 
Type domain.User is not enhanced.

[2020-03-29 18:23:36 #2 type] 
Type domain.Bet is not enhanced.

[2020-03-29 18:23:36 #3 type] 
Type domain.Profile is not enhanced.

[2020-03-29 18:23:36 #4 type] 
Type domain.Prediction is not enhanced.

[2020-03-29 18:23:36 #5 type] 
Type domain.Question is not enhanced.

[2020-03-29 18:23:36 #6 type] 
Type domain.Event is not enhanced.

[2020-03-29 18:23:36 #7 type] 
Type domain.Competition is not enhanced.

------------------------------------------------------------------------------------------------------------------------

[2020-03-29 18:23:40 #1 type] 
Type domain.User is not enhanced.

[2020-03-29 18:23:40 #2 type] 
Type domain.Bet is not enhanced.

[2020-03-29 18:23:40 #3 type] 
Type domain.Profile is not enhanced.

[2020-03-29 18:23:40 #4 type] 
Type domain.Prediction is not enhanced.

[2020-03-29 18:23:40 #5 type] 
Type domain.Question is not enhanced.

[2020-03-29 18:23:40 #6 type] 
Type domain.Event is not enhanced.

[2020-03-29 18:23:40 #7 type] 
Type domain.Competition is not enhanced.

------------------------------------------------------------------------------------------------------------------------

[2020-03-29 18:33:53 #1 type] 
Type domain.User is not enhanced.

[2020-03-29 18:33:53 #2 type] 
Type domain.Bet is not enhanced.

[2020-03-29 18:33:53 #3 type] 
Type domain.Profile is not enhanced.

[2020-03-29 18:33:53 #4 type] 
Type domain.Prediction is not enhanced.

[2020-03-29 18:33:53 #5 type] 
Type domain.Question is not enhanced.

[2020-03-29 18:33:53 #6 type] 
Type domain.Event is not enhanced.

[2020-03-29 18:33:53 #7 type] 
Type domain.Competition is not enhanced.

------------------------------------------------------------------------------------------------------------------------

[2020-03-29 18:34:21 #1 type] 
Type domain.User is not enhanced.

[2020-03-29 18:34:21 #2 type] 
Type domain.Bet is not enhanced.

[2020-03-29 18:34:21 #3 type] 
Type domain.Profile is not enhanced.

[2020-03-29 18:34:21 #4 type] 
Type domain.Prediction is not enhanced.

[2020-03-29 18:34:21 #5 type] 
Type domain.Question is not enhanced.

[2020-03-29 18:34:21 #6 type] 
Type domain.Event is not enhanced.

[2020-03-29 18:34:21 #7 type] 
Type domain.Competition is not enhanced.

------------------------------------------------------------------------------------------------------------------------

[2020-03-29 18:46:35 #1 type] 
Type domain.User is not enhanced.

[2020-03-29 18:46:35 #2 type] 
Type domain.Bet is not enhanced.

[2020-03-29 18:46:35 #3 type] 
Type domain.Profile is not enhanced.

[2020-03-29 18:46:35 #4 type] 
Type domain.Prediction is not enhanced.

[2020-03-29 18:46:35 #5 type] 
Type domain.Question is not enhanced.

[2020-03-29 18:46:35 #6 type] 
Type domain.Event is not enhanced.

[2020-03-29 18:46:35 #7 type] 
Type domain.Competition is not enhanced.

------------------------------------------------------------------------------------------------------------------------

[2020-03-29 18:46:41 #1 type] 
Type domain.User is not enhanced.

[2020-03-29 18:46:41 #2 type] 
Type domain.Bet is not enhanced.

[2020-03-29 18:46:41 #3 type] 
Type domain.Profile is not enhanced.

[2020-03-29 18:46:41 #4 type] 
Type domain.Prediction is not enhanced.

[2020-03-29 18:46:41 #5 type] 
Type domain.Question is not enhanced.

[2020-03-29 18:46:41 #6 type] 
Type domain.Event is not enhanced.

[2020-03-29 18:46:41 #7 type] 
Type domain.Competition is not enhanced.

------------------------------------------------------------------------------------------------------------------------

[2020-03-29 19:06:07 #1 type] 
Type domain.User is not enhanced.

[2020-03-29 19:06:07 #2 type] 
Type domain.Bet is not enhanced.

[2020-03-29 19:06:07 #3 type] 
Type domain.Profile is not enhanced.

[2020-03-29 19:06:07 #4 type] 
Type domain.Prediction is not enhanced.

[2020-03-29 19:06:07 #5 type] 
Type domain.Question is not enhanced.

[2020-03-29 19:06:07 #6 type] 
Type domain.Event is not enhanced.

[2020-03-29 19:06:07 #7 type] 
Type domain.Competition is not enhanced.

------------------------------------------------------------------------------------------------------------------------

[2020-03-29 19:06:56 #1 type] 
Type domain.User is not enhanced.

[2020-03-29 19:06:56 #2 type] 
Type domain.Bet is not enhanced.

[2020-03-29 19:06:56 #3 type] 
Type domain.Profile is not enhanced.

[2020-03-29 19:06:56 #4 type] 
Type domain.Prediction is not enhanced.

[2020-03-29 19:06:56 #5 type] 
Type domain.Question is not enhanced.

[2020-03-29 19:06:56 #6 type] 
Type domain.Event is not enhanced.

[2020-03-29 19:06:56 #7 type] 
Type domain.Competition is not enhanced.

------------------------------------------------------------------------------------------------------------------------

[2020-03-29 19:28:31 #1 type] 
Type domain.User is not enhanced.

[2020-03-29 19:28:31 #2 type] 
Type domain.Bet is not enhanced.

[2020-03-29 19:28:31 #3 type] 
Type domain.Profile is not enhanced.

[2020-03-29 19:28:31 #4 type] 
Type domain.Prediction is not enhanced.

[2020-03-29 19:28:31 #5 type] 
Type domain.Question is not enhanced.

[2020-03-29 19:28:31 #6 type] 
Type domain.Event is not enhanced.

[2020-03-29 19:28:31 #7 type] 
Type domain.Competition is not enhanced.

------------------------------------------------------------------------------------------------------------------------

[2020-03-29 19:30:21 #1 type] 
Type domain.User is not enhanced.

[2020-03-29 19:30:21 #2 type] 
Type domain.Bet is not enhanced.

[2020-03-29 19:30:21 #3 type] 
Type domain.Profile is not enhanced.

[2020-03-29 19:30:21 #4 type] 
Type domain.Prediction is not enhanced.

[2020-03-29 19:30:21 #5 type] 
Type domain.Question is not enhanced.

[2020-03-29 19:30:21 #6 type] 
Type domain.Event is not enhanced.

[2020-03-29 19:30:21 #7 type] 
Type domain.Competition is not enhanced.

------------------------------------------------------------------------------------------------------------------------

[2020-03-29 19:30:44 #1 type] 
Type domain.User is not enhanced.

[2020-03-29 19:30:44 #2 type] 
Type domain.Bet is not enhanced.

[2020-03-29 19:30:44 #3 type] 
Type domain.Profile is not enhanced.

[2020-03-29 19:30:44 #4 type] 
Type domain.Prediction is not enhanced.

[2020-03-29 19:30:44 #5 type] 
Type domain.Question is not enhanced.

[2020-03-29 19:30:44 #6 type] 
Type domain.Event is not enhanced.

[2020-03-29 19:30:44 #7 type] 
Type domain.Competition is not enhanced.

------------------------------------------------------------------------------------------------------------------------

[2020-03-29 19:41:45 #1 type] 
Type domain.User is not enhanced.

[2020-03-29 19:41:45 #2 type] 
Type domain.Bet is not enhanced.

[2020-03-29 19:41:45 #3 type] 
Type domain.Profile is not enhanced.

[2020-03-29 19:41:45 #4 type] 
Type domain.Prediction is not enhanced.

[2020-03-29 19:41:45 #5 type] 
Type domain.Question is not enhanced.

[2020-03-29 19:41:45 #6 type] 
Type domain.Event is not enhanced.

[2020-03-29 19:41:45 #7 type] 
Type domain.Competition is not enhanced.

------------------------------------------------------------------------------------------------------------------------

[2020-03-29 19:42:34 #1 type] 
Type domain.User is not enhanced.

[2020-03-29 19:42:34 #2 type] 
Type domain.Bet is not enhanced.

[2020-03-29 19:42:34 #3 type] 
Type domain.Profile is not enhanced.

[2020-03-29 19:42:34 #4 type] 
Type domain.Prediction is not enhanced.

[2020-03-29 19:42:34 #5 type] 
Type domain.Question is not enhanced.

[2020-03-29 19:42:34 #6 type] 
Type domain.Event is not enhanced.

[2020-03-29 19:42:34 #7 type] 
Type domain.Competition is not enhanced.

------------------------------------------------------------------------------------------------------------------------

[2020-03-29 19:43:36 #1 type] 
Type domain.User is not enhanced.

[2020-03-29 19:43:36 #2 type] 
Type domain.Bet is not enhanced.

[2020-03-29 19:43:36 #3 type] 
Type domain.Profile is not enhanced.

[2020-03-29 19:43:36 #4 type] 
Type domain.Prediction is not enhanced.

[2020-03-29 19:43:36 #5 type] 
Type domain.Question is not enhanced.

[2020-03-29 19:43:36 #6 type] 
Type domain.Event is not enhanced.

[2020-03-29 19:43:36 #7 type] 
Type domain.Competition is not enhanced.

------------------------------------------------------------------------------------------------------------------------

[2020-03-29 19:44:24 #1 type] 
Type domain.User is not enhanced.

[2020-03-29 19:44:24 #2 type] 
Type domain.Bet is not enhanced.

[2020-03-29 19:44:24 #3 type] 
Type domain.Profile is not enhanced.

[2020-03-29 19:44:24 #4 type] 
Type domain.Prediction is not enhanced.

[2020-03-29 19:44:24 #5 type] 
Type domain.Question is not enhanced.

[2020-03-29 19:44:24 #6 type] 
Type domain.Event is not enhanced.

[2020-03-29 19:44:24 #7 type] 
Type domain.Competition is not enhanced.

------------------------------------------------------------------------------------------------------------------------

[2020-03-29 19:44:28 #1 type] 
Type domain.User is not enhanced.

[2020-03-29 19:44:28 #2 type] 
Type domain.Bet is not enhanced.

[2020-03-29 19:44:28 #3 type] 
Type domain.Profile is not enhanced.

[2020-03-29 19:44:28 #4 type] 
Type domain.Prediction is not enhanced.

[2020-03-29 19:44:28 #5 type] 
Type domain.Question is not enhanced.

[2020-03-29 19:44:28 #6 type] 
Type domain.Event is not enhanced.

[2020-03-29 19:44:28 #7 type] 
Type domain.Competition is not enhanced.

------------------------------------------------------------------------------------------------------------------------

[2020-03-29 19:45:35 #1 type] 
Type domain.User is not enhanced.

[2020-03-29 19:45:35 #2 type] 
Type domain.Bet is not enhanced.

[2020-03-29 19:45:35 #3 type] 
Type domain.Profile is not enhanced.

[2020-03-29 19:45:35 #4 type] 
Type domain.Prediction is not enhanced.

[2020-03-29 19:45:35 #5 type] 
Type domain.Question is not enhanced.

[2020-03-29 19:45:35 #6 type] 
Type domain.Event is not enhanced.

[2020-03-29 19:45:35 #7 type] 
Type domain.Competition is not enhanced.

------------------------------------------------------------------------------------------------------------------------

[2020-03-29 19:45:58 #1 type] 
Type domain.User is not enhanced.

[2020-03-29 19:45:58 #2 type] 
Type domain.Bet is not enhanced.

[2020-03-29 19:45:58 #3 type] 
Type domain.Profile is not enhanced.

[2020-03-29 19:45:58 #4 type] 
Type domain.Prediction is not enhanced.

[2020-03-29 19:45:58 #5 type] 
Type domain.Question is not enhanced.

[2020-03-29 19:45:58 #6 type] 
Type domain.Event is not enhanced.

[2020-03-29 19:45:58 #7 type] 
Type domain.Competition is not enhanced.

------------------------------------------------------------------------------------------------------------------------

[2020-03-29 19:46:20 #1 type] 
Type domain.User is not enhanced.

[2020-03-29 19:46:20 #2 type] 
Type domain.Bet is not enhanced.

[2020-03-29 19:46:20 #3 type] 
Type domain.Profile is not enhanced.

[2020-03-29 19:46:20 #4 type] 
Type domain.Prediction is not enhanced.

[2020-03-29 19:46:20 #5 type] 
Type domain.Question is not enhanced.

[2020-03-29 19:46:20 #6 type] 
Type domain.Event is not enhanced.

[2020-03-29 19:46:20 #7 type] 
Type domain.Competition is not enhanced.

------------------------------------------------------------------------------------------------------------------------

[2020-03-29 19:47:24 #1 type] 
Type domain.User is not enhanced.

[2020-03-29 19:47:24 #2 type] 
Type domain.Bet is not enhanced.

[2020-03-29 19:47:24 #3 type] 
Type domain.Profile is not enhanced.

[2020-03-29 19:47:24 #4 type] 
Type domain.Prediction is not enhanced.

[2020-03-29 19:47:24 #5 type] 
Type domain.Question is not enhanced.

[2020-03-29 19:47:24 #6 type] 
Type domain.Event is not enhanced.

[2020-03-29 19:47:24 #7 type] 
Type domain.Competition is not enhanced.

------------------------------------------------------------------------------------------------------------------------

[2020-03-29 19:48:09 #1 type] 
Type domain.User is not enhanced.

[2020-03-29 19:48:09 #2 type] 
Type domain.Bet is not enhanced.

[2020-03-29 19:48:09 #3 type] 
Type domain.Profile is not enhanced.

[2020-03-29 19:48:09 #4 type] 
Type domain.Prediction is not enhanced.

[2020-03-29 19:48:09 #5 type] 
Type domain.Question is not enhanced.

[2020-03-29 19:48:09 #6 type] 
Type domain.Event is not enhanced.

[2020-03-29 19:48:09 #7 type] 
Type domain.Competition is not enhanced.

------------------------------------------------------------------------------------------------------------------------

[2020-03-29 19:48:51 #1 type] 
Type domain.User is not enhanced.

[2020-03-29 19:48:51 #2 type] 
Type domain.Bet is not enhanced.

[2020-03-29 19:48:51 #3 type] 
Type domain.Profile is not enhanced.

[2020-03-29 19:48:51 #4 type] 
Type domain.Prediction is not enhanced.

[2020-03-29 19:48:51 #5 type] 
Type domain.Question is not enhanced.

[2020-03-29 19:48:51 #6 type] 
Type domain.Event is not enhanced.

[2020-03-29 19:48:51 #7 type] 
Type domain.Competition is not enhanced.

------------------------------------------------------------------------------------------------------------------------

[2020-03-29 19:49:35 #1 type] 
Type domain.User is not enhanced.

[2020-03-29 19:49:35 #2 type] 
Type domain.Bet is not enhanced.

[2020-03-29 19:49:35 #3 type] 
Type domain.Profile is not enhanced.

[2020-03-29 19:49:35 #4 type] 
Type domain.Prediction is not enhanced.

[2020-03-29 19:49:35 #5 type] 
Type domain.Question is not enhanced.

[2020-03-29 19:49:35 #6 type] 
Type domain.Event is not enhanced.

[2020-03-29 19:49:35 #7 type] 
Type domain.Competition is not enhanced.

------------------------------------------------------------------------------------------------------------------------

[2020-03-29 19:50:06 #1 type] 
Type domain.User is not enhanced.

[2020-03-29 19:50:06 #2 type] 
Type domain.Bet is not enhanced.

[2020-03-29 19:50:06 #3 type] 
Type domain.Profile is not enhanced.

[2020-03-29 19:50:06 #4 type] 
Type domain.Prediction is not enhanced.

[2020-03-29 19:50:06 #5 type] 
Type domain.Question is not enhanced.

[2020-03-29 19:50:06 #6 type] 
Type domain.Event is not enhanced.

[2020-03-29 19:50:06 #7 type] 
Type domain.Competition is not enhanced.

------------------------------------------------------------------------------------------------------------------------

[2020-03-29 19:50:29 #1 type] 
Type domain.User is not enhanced.

[2020-03-29 19:50:29 #2 type] 
Type domain.Bet is not enhanced.

[2020-03-29 19:50:29 #3 type] 
Type domain.Profile is not enhanced.

[2020-03-29 19:50:29 #4 type] 
Type domain.Prediction is not enhanced.

[2020-03-29 19:50:29 #5 type] 
Type domain.Question is not enhanced.

[2020-03-29 19:50:29 #6 type] 
Type domain.Event is not enhanced.

[2020-03-29 19:50:29 #7 type] 
Type domain.Competition is not enhanced.

------------------------------------------------------------------------------------------------------------------------

[2020-03-29 19:50:58 #1 type] 
Type domain.User is not enhanced.

[2020-03-29 19:50:58 #2 type] 
Type domain.Bet is not enhanced.

[2020-03-29 19:50:58 #3 type] 
Type domain.Profile is not enhanced.

[2020-03-29 19:50:58 #4 type] 
Type domain.Prediction is not enhanced.

[2020-03-29 19:50:58 #5 type] 
Type domain.Question is not enhanced.

[2020-03-29 19:50:58 #6 type] 
Type domain.Event is not enhanced.

[2020-03-29 19:50:58 #7 type] 
Type domain.Competition is not enhanced.

------------------------------------------------------------------------------------------------------------------------

[2020-03-29 19:51:49 #1 type] 
Type domain.User is not enhanced.

[2020-03-29 19:51:49 #2 type] 
Type domain.Bet is not enhanced.

[2020-03-29 19:51:49 #3 type] 
Type domain.Profile is not enhanced.

[2020-03-29 19:51:49 #4 type] 
Type domain.Prediction is not enhanced.

[2020-03-29 19:51:49 #5 type] 
Type domain.Question is not enhanced.

[2020-03-29 19:51:49 #6 type] 
Type domain.Event is not enhanced.

[2020-03-29 19:51:49 #7 type] 
Type domain.Competition is not enhanced.

------------------------------------------------------------------------------------------------------------------------

[2020-03-29 19:52:18 #1 type] 
Type domain.User is not enhanced.

[2020-03-29 19:52:18 #2 type] 
Type domain.Bet is not enhanced.

[2020-03-29 19:52:18 #3 type] 
Type domain.Profile is not enhanced.

[2020-03-29 19:52:18 #4 type] 
Type domain.Prediction is not enhanced.

[2020-03-29 19:52:18 #5 type] 
Type domain.Question is not enhanced.

[2020-03-29 19:52:18 #6 type] 
Type domain.Event is not enhanced.

[2020-03-29 19:52:18 #7 type] 
Type domain.Competition is not enhanced.

------------------------------------------------------------------------------------------------------------------------

[2020-03-29 19:54:43 #1 type] 
Type domain.User is not enhanced.

[2020-03-29 19:54:43 #2 type] 
Type domain.Bet is not enhanced.

[2020-03-29 19:54:43 #3 type] 
Type domain.Profile is not enhanced.

[2020-03-29 19:54:43 #4 type] 
Type domain.Prediction is not enhanced.

[2020-03-29 19:54:43 #5 type] 
Type domain.Question is not enhanced.

[2020-03-29 19:54:43 #6 type] 
Type domain.Event is not enhanced.

[2020-03-29 19:54:43 #7 type] 
Type domain.Competition is not enhanced.

------------------------------------------------------------------------------------------------------------------------

[2020-03-29 19:58:37 #1 type] 
Type domain.User is not enhanced.

[2020-03-29 19:58:37 #2 type] 
Type domain.Bet is not enhanced.

[2020-03-29 19:58:37 #3 type] 
Type domain.Profile is not enhanced.

[2020-03-29 19:58:37 #4 type] 
Type domain.Prediction is not enhanced.

[2020-03-29 19:58:37 #5 type] 
Type domain.Question is not enhanced.

[2020-03-29 19:58:37 #6 type] 
Type domain.Event is not enhanced.

[2020-03-29 19:58:37 #7 type] 
Type domain.Competition is not enhanced.

------------------------------------------------------------------------------------------------------------------------

[2020-03-29 19:59:07 #1 type] 
Type domain.User is not enhanced.

[2020-03-29 19:59:07 #2 type] 
Type domain.Bet is not enhanced.

[2020-03-29 19:59:07 #3 type] 
Type domain.Profile is not enhanced.

[2020-03-29 19:59:07 #4 type] 
Type domain.Prediction is not enhanced.

[2020-03-29 19:59:07 #5 type] 
Type domain.Question is not enhanced.

[2020-03-29 19:59:07 #6 type] 
Type domain.Event is not enhanced.

[2020-03-29 19:59:07 #7 type] 
Type domain.Competition is not enhanced.

------------------------------------------------------------------------------------------------------------------------

[2020-03-29 19:59:49 #1 type] 
Type domain.User is not enhanced.

[2020-03-29 19:59:49 #2 type] 
Type domain.Bet is not enhanced.

[2020-03-29 19:59:49 #3 type] 
Type domain.Profile is not enhanced.

[2020-03-29 19:59:49 #4 type] 
Type domain.Prediction is not enhanced.

[2020-03-29 19:59:49 #5 type] 
Type domain.Question is not enhanced.

[2020-03-29 19:59:49 #6 type] 
Type domain.Event is not enhanced.

[2020-03-29 19:59:49 #7 type] 
Type domain.Competition is not enhanced.

------------------------------------------------------------------------------------------------------------------------

[2020-03-29 20:01:04 #1 type] 
Type domain.User is not enhanced.

[2020-03-29 20:01:04 #2 type] 
Type domain.Bet is not enhanced.

[2020-03-29 20:01:04 #3 type] 
Type domain.Profile is not enhanced.

[2020-03-29 20:01:04 #4 type] 
Type domain.Prediction is not enhanced.

[2020-03-29 20:01:04 #5 type] 
Type domain.Question is not enhanced.

[2020-03-29 20:01:04 #6 type] 
Type domain.Event is not enhanced.

[2020-03-29 20:01:04 #7 type] 
Type domain.Competition is not enhanced.

------------------------------------------------------------------------------------------------------------------------

[2020-03-29 20:01:27 #1 type] 
Type domain.User is not enhanced.

[2020-03-29 20:01:27 #2 type] 
Type domain.Bet is not enhanced.

[2020-03-29 20:01:27 #3 type] 
Type domain.Profile is not enhanced.

[2020-03-29 20:01:27 #4 type] 
Type domain.Prediction is not enhanced.

[2020-03-29 20:01:27 #5 type] 
Type domain.Question is not enhanced.

[2020-03-29 20:01:27 #6 type] 
Type domain.Event is not enhanced.

[2020-03-29 20:01:27 #7 type] 
Type domain.Competition is not enhanced.

------------------------------------------------------------------------------------------------------------------------

[2020-03-29 20:01:45 #1 type] 
Type domain.User is not enhanced.

[2020-03-29 20:01:45 #2 type] 
Type domain.Bet is not enhanced.

[2020-03-29 20:01:45 #3 type] 
Type domain.Profile is not enhanced.

[2020-03-29 20:01:45 #4 type] 
Type domain.Prediction is not enhanced.

[2020-03-29 20:01:45 #5 type] 
Type domain.Question is not enhanced.

[2020-03-29 20:01:45 #6 type] 
Type domain.Event is not enhanced.

[2020-03-29 20:01:45 #7 type] 
Type domain.Competition is not enhanced.

------------------------------------------------------------------------------------------------------------------------

[2020-03-29 20:04:44 #1 type] 
Type domain.User is not enhanced.

[2020-03-29 20:04:44 #2 type] 
Type domain.Bet is not enhanced.

[2020-03-29 20:04:44 #3 type] 
Type domain.Profile is not enhanced.

[2020-03-29 20:04:44 #4 type] 
Type domain.Prediction is not enhanced.

[2020-03-29 20:04:44 #5 type] 
Type domain.Question is not enhanced.

[2020-03-29 20:04:44 #6 type] 
Type domain.Event is not enhanced.

[2020-03-29 20:04:44 #7 type] 
Type domain.Competition is not enhanced.

------------------------------------------------------------------------------------------------------------------------

[2020-03-29 20:11:49 #1 type] 
Type domain.User is not enhanced.

[2020-03-29 20:11:49 #2 type] 
Type domain.Bet is not enhanced.

[2020-03-29 20:11:49 #3 type] 
Type domain.Profile is not enhanced.

[2020-03-29 20:11:49 #4 type] 
Type domain.Prediction is not enhanced.

[2020-03-29 20:11:49 #5 type] 
Type domain.Question is not enhanced.

[2020-03-29 20:11:49 #6 type] 
Type domain.Event is not enhanced.

[2020-03-29 20:11:49 #7 type] 
Type domain.Competition is not enhanced.

------------------------------------------------------------------------------------------------------------------------

[2020-03-29 20:15:24 #1 type] 
Type domain.User is not enhanced.

[2020-03-29 20:15:24 #2 type] 
Type domain.Bet is not enhanced.

[2020-03-29 20:15:24 #3 type] 
Type domain.Profile is not enhanced.

[2020-03-29 20:15:24 #4 type] 
Type domain.Prediction is not enhanced.

[2020-03-29 20:15:24 #5 type] 
Type domain.Question is not enhanced.

[2020-03-29 20:15:24 #6 type] 
Type domain.Event is not enhanced.

[2020-03-29 20:15:24 #7 type] 
Type domain.Competition is not enhanced.

------------------------------------------------------------------------------------------------------------------------

[2020-03-29 20:18:48 #1 type] 
Type domain.User is not enhanced.

[2020-03-29 20:18:48 #2 type] 
Type domain.Bet is not enhanced.

[2020-03-29 20:18:48 #3 type] 
Type domain.Profile is not enhanced.

[2020-03-29 20:18:48 #4 type] 
Type domain.Prediction is not enhanced.

[2020-03-29 20:18:48 #5 type] 
Type domain.Question is not enhanced.

[2020-03-29 20:18:48 #6 type] 
Type domain.Event is not enhanced.

[2020-03-29 20:18:48 #7 type] 
Type domain.Competition is not enhanced.

------------------------------------------------------------------------------------------------------------------------

[2020-03-29 20:20:30 #1 type] 
Type domain.User is not enhanced.

[2020-03-29 20:20:30 #2 type] 
Type domain.Bet is not enhanced.

[2020-03-29 20:20:30 #3 type] 
Type domain.Profile is not enhanced.

[2020-03-29 20:20:30 #4 type] 
Type domain.Prediction is not enhanced.

[2020-03-29 20:20:30 #5 type] 
Type domain.Question is not enhanced.

[2020-03-29 20:20:30 #6 type] 
Type domain.Event is not enhanced.

[2020-03-29 20:20:30 #7 type] 
Type domain.Competition is not enhanced.

------------------------------------------------------------------------------------------------------------------------

[2020-03-29 20:22:10 #1 type] 
Type domain.User is not enhanced.

[2020-03-29 20:22:10 #2 type] 
Type domain.Bet is not enhanced.

[2020-03-29 20:22:10 #3 type] 
Type domain.Profile is not enhanced.

[2020-03-29 20:22:10 #4 type] 
Type domain.Prediction is not enhanced.

[2020-03-29 20:22:10 #5 type] 
Type domain.Question is not enhanced.

[2020-03-29 20:22:10 #6 type] 
Type domain.Event is not enhanced.

[2020-03-29 20:22:10 #7 type] 
Type domain.Competition is not enhanced.

------------------------------------------------------------------------------------------------------------------------

[2020-03-29 20:23:00 #1 type] 
Type domain.User is not enhanced.

[2020-03-29 20:23:00 #2 type] 
Type domain.Bet is not enhanced.

[2020-03-29 20:23:00 #3 type] 
Type domain.Profile is not enhanced.

[2020-03-29 20:23:00 #4 type] 
Type domain.Prediction is not enhanced.

[2020-03-29 20:23:00 #5 type] 
Type domain.Question is not enhanced.

[2020-03-29 20:23:00 #6 type] 
Type domain.Event is not enhanced.

[2020-03-29 20:23:00 #7 type] 
Type domain.Competition is not enhanced.

------------------------------------------------------------------------------------------------------------------------

[2020-03-29 20:44:15 #1 type] 
Type domain.User is not enhanced.

[2020-03-29 20:44:15 #2 type] 
Type domain.Bet is not enhanced.

[2020-03-29 20:44:15 #3 type] 
Type domain.Profile is not enhanced.

[2020-03-29 20:44:15 #4 type] 
Type domain.Prediction is not enhanced.

[2020-03-29 20:44:15 #5 type] 
Type domain.Question is not enhanced.

[2020-03-29 20:44:15 #6 type] 
Type domain.Event is not enhanced.

[2020-03-29 20:44:15 #7 type] 
Type domain.Competition is not enhanced.

------------------------------------------------------------------------------------------------------------------------

[2020-03-29 20:46:35 #1 type] 
Type domain.User is not enhanced.

[2020-03-29 20:46:35 #2 type] 
Type domain.Bet is not enhanced.

[2020-03-29 20:46:35 #3 type] 
Type domain.Profile is not enhanced.

[2020-03-29 20:46:35 #4 type] 
Type domain.Prediction is not enhanced.

[2020-03-29 20:46:36 #5 type] 
Type domain.Question is not enhanced.

[2020-03-29 20:46:36 #6 type] 
Type domain.Event is not enhanced.

[2020-03-29 20:46:36 #7 type] 
Type domain.Competition is not enhanced.

------------------------------------------------------------------------------------------------------------------------

[2020-03-29 21:45:39 #1 type] 
Type domain.User is not enhanced.

[2020-03-29 21:45:39 #2 type] 
Type domain.Bet is not enhanced.

[2020-03-29 21:45:39 #3 type] 
Type domain.Profile is not enhanced.

[2020-03-29 21:45:39 #4 type] 
Type domain.Prediction is not enhanced.

[2020-03-29 21:45:39 #5 type] 
Type domain.Question is not enhanced.

[2020-03-29 21:45:39 #6 type] 
Type domain.Event is not enhanced.

[2020-03-29 21:45:39 #7 type] 
Type domain.Competition is not enhanced.

------------------------------------------------------------------------------------------------------------------------

[2020-03-29 21:52:17 #1 type] 
Type domain.User is not enhanced.

[2020-03-29 21:52:17 #2 type] 
Type domain.Bet is not enhanced.

[2020-03-29 21:52:17 #3 type] 
Type domain.Profile is not enhanced.

[2020-03-29 21:52:17 #4 type] 
Type domain.Prediction is not enhanced.

[2020-03-29 21:52:17 #5 type] 
Type domain.Question is not enhanced.

[2020-03-29 21:52:17 #6 type] 
Type domain.Event is not enhanced.

[2020-03-29 21:52:17 #7 type] 
Type domain.Competition is not enhanced.

