------------------------------------------------------------------------------------------------------------------------

[2020-03-21 11:08:46 #1 store] 
Database 'C:\Users\Usuario\git\Sprint_2\Sprint_2\resources\bets.temp' is opened by 9828@DESKTOP-00OS7EM

[2020-03-21 11:08:46 #2 store] 
Configuration path: C:\Users\Usuario\Desktop\objectdb-2.8.2\objectdb.conf

[2020-03-21 11:09:18 #3 store] 
Database 'C:\Users\Usuario\git\Sprint_2\Sprint_2\resources\bets.temp' is closed by 9828@DESKTOP-00OS7EM

------------------------------------------------------------------------------------------------------------------------

[2020-03-21 19:47:29 #1 store] 
Database 'C:\Users\Usuario\git\Sprint_2\Sprint_2\resources\bets.temp' is opened by 440@DESKTOP-00OS7EM

[2020-03-21 19:47:29 #2 store] 
Configuration path: C:\Users\Usuario\Desktop\objectdb-2.8.2\objectdb.conf

[2020-03-21 19:48:20 #3 store] 
Database 'C:\Users\Usuario\git\Sprint_2\Sprint_2\resources\bets.temp' is closed by 440@DESKTOP-00OS7EM

------------------------------------------------------------------------------------------------------------------------

[2020-03-21 19:48:33 #1 store] 
Database 'C:\Users\Usuario\git\Sprint_2\Sprint_2\resources\bets.temp' is opened by 15868@DESKTOP-00OS7EM

[2020-03-21 19:48:33 #2 store] 
Configuration path: C:\Users\Usuario\Desktop\objectdb-2.8.2\objectdb.conf

[2020-03-21 19:49:31 #3 store] 
Database 'C:\Users\Usuario\git\Sprint_2\Sprint_2\resources\bets.temp' is closed by 15868@DESKTOP-00OS7EM

------------------------------------------------------------------------------------------------------------------------

[2020-03-21 19:49:48 #1 store] 
Database 'C:\Users\Usuario\git\Sprint_2\Sprint_2\resources\bets.temp' is opened by 10672@DESKTOP-00OS7EM

[2020-03-21 19:49:48 #2 store] 
Configuration path: C:\Users\Usuario\Desktop\objectdb-2.8.2\objectdb.conf

[2020-03-21 19:50:10 #3 store] 
Database 'C:\Users\Usuario\git\Sprint_2\Sprint_2\resources\bets.temp' is closed by 10672@DESKTOP-00OS7EM

------------------------------------------------------------------------------------------------------------------------

[2020-03-21 20:25:07 #1 store] 
Database 'C:\Users\Usuario\git\Sprint_2\Sprint_2\resources\bets.temp' is opened by 17264@DESKTOP-00OS7EM

[2020-03-21 20:25:07 #2 store] 
Configuration path: C:\Users\Usuario\Desktop\objectdb-2.8.2\objectdb.conf

[2020-03-21 20:26:48 #3 store] 
Database 'C:\Users\Usuario\git\Sprint_2\Sprint_2\resources\bets.temp' is closed by 17264@DESKTOP-00OS7EM

------------------------------------------------------------------------------------------------------------------------

[2020-03-21 22:04:44 #1 store] 
Database 'C:\Users\Usuario\git\Sprint_2\Sprint_2\resources\bets.temp' is opened by 1092@DESKTOP-00OS7EM

[2020-03-21 22:04:44 #2 store] 
Configuration path: C:\Users\Usuario\Desktop\objectdb-2.8.2\objectdb.conf

[2020-03-21 22:05:09 #3 store] 
Database 'C:\Users\Usuario\git\Sprint_2\Sprint_2\resources\bets.temp' is closed by 1092@DESKTOP-00OS7EM

------------------------------------------------------------------------------------------------------------------------

[2020-03-21 23:16:32 #1 store] 
Database 'C:\Users\Usuario\git\Sprint_2\Sprint_2\resources\bets.temp' is opened by 7636@DESKTOP-00OS7EM

[2020-03-21 23:16:32 #2 store] 
Configuration path: C:\Users\Usuario\Desktop\objectdb-2.8.2\objectdb.conf

[2020-03-21 23:19:09 #3 store] 
Database 'C:\Users\Usuario\git\Sprint_2\Sprint_2\resources\bets.temp' is closed by 7636@DESKTOP-00OS7EM

