------------------------------------------------------------------------------------------------------------------------

[2020-02-17 18:40:03 #1 store] 
Database 'C:\Users\Usuario\Desktop\SE\BUM2_JulenUr\db\Flights.odb' has been recovered (tr. 3-24)

[2020-02-17 18:40:03 #2 store] 
Database 'C:\Users\Usuario\Desktop\SE\BUM2_JulenUr\db\Flights.odb' is opened by 17272@DESKTOP-00OS7EM

[2020-02-17 18:40:03 #3 store] 
Configuration path: C:\Users\Usuario\Desktop\objectdb-2.8.2\objectdb.conf

[2020-02-17 18:40:30 #4 store] 
Database 'C:\Users\Usuario\Desktop\SE\BUM2_JulenUr\db\Flights.odb' is closed by 17272@DESKTOP-00OS7EM

------------------------------------------------------------------------------------------------------------------------

[2020-02-17 18:40:32 #1 store] 
Database 'C:\Users\Usuario\Desktop\SE\BUM2_JulenUr\db\Flights.odb' is opened by 11552@DESKTOP-00OS7EM

[2020-02-17 18:40:32 #2 store] 
Configuration path: C:\Users\Usuario\Desktop\objectdb-2.8.2\objectdb.conf

[2020-02-17 18:40:32 #3 type] 
Type domain.Flight is not enhanced.

[2020-02-17 18:40:32 #4 type] 
Type domain.ConcreteFlight is not enhanced.

------------------------------------------------------------------------------------------------------------------------

[2020-02-17 18:41:10 #1 store] 
Database 'C:\Users\Usuario\Desktop\SE\BUM2_JulenUr\db\Flights.odb' is opened by 960@DESKTOP-00OS7EM

[2020-02-17 18:41:10 #2 store] 
Configuration path: C:\Users\Usuario\Desktop\objectdb-2.8.2\objectdb.conf

[2020-02-17 18:41:10 #3 type] 
Type domain.Flight is not enhanced.

[2020-02-17 18:41:10 #4 type] 
Type domain.ConcreteFlight is not enhanced.

------------------------------------------------------------------------------------------------------------------------

[2020-02-17 18:42:04 #1 store] 
Database 'C:\Users\Usuario\Desktop\SE\BUM2_JulenUr\db\Flights.odb' has been recovered (tr. 25-26)

[2020-02-17 18:42:04 #2 store] 
Database 'C:\Users\Usuario\Desktop\SE\BUM2_JulenUr\db\Flights.odb' is opened by 14960@DESKTOP-00OS7EM

[2020-02-17 18:42:04 #3 store] 
Configuration path: C:\Users\Usuario\Desktop\objectdb-2.8.2\objectdb.conf

[2020-02-17 18:42:34 #4 store] 
Database 'C:\Users\Usuario\Desktop\SE\BUM2_JulenUr\db\Flights.odb' is closed by 14960@DESKTOP-00OS7EM

------------------------------------------------------------------------------------------------------------------------

[2020-02-17 18:44:15 #1 store] 
Database 'C:\Users\Usuario\Desktop\SE\BUM2_JulenUr\db\Flights.odb' is opened by 5948@DESKTOP-00OS7EM

[2020-02-17 18:44:15 #2 store] 
Configuration path: C:\Users\Usuario\Desktop\objectdb-2.8.2\objectdb.conf

[2020-02-17 19:06:08 #3 explorer] 
java.lang.NullPointerException
	at com.objectdb.o.ARI.R(ARI.java:125)
	at com.objectdb.o.CNI.n(CNI.java:163)
	at com.objectdb.o.MultiValueItem.n(MultiValueItem.java:14)
	at com.objectdb.o.ITP.B(ITP.java:457)
	at com.objectdb.o.ITP.Yr(ITP.java:341)
	at com.objectdb.o.RTR.Yr(RTR.java:71)
	at com.objectdb.o.Command.actionPerformed(Command.java:471)
	at javax.swing.AbstractButton.fireActionPerformed(Unknown Source)
	at javax.swing.AbstractButton$Handler.actionPerformed(Unknown Source)
	at javax.swing.DefaultButtonModel.fireActionPerformed(Unknown Source)
	at javax.swing.DefaultButtonModel.setPressed(Unknown Source)
	at javax.swing.AbstractButton.doClick(Unknown Source)
	at javax.swing.AbstractButton.doClick(Unknown Source)
	at javax.swing.plaf.basic.BasicMenuItemUI$Actions.actionPerformed(Unknown Source)
	at javax.swing.SwingUtilities.notifyAction(Unknown Source)
	at javax.swing.JComponent.processKeyBinding(Unknown Source)
	at javax.swing.JMenuBar.processBindingForKeyStrokeRecursive(Unknown Source)
	at javax.swing.JMenuBar.processBindingForKeyStrokeRecursive(Unknown Source)
	at javax.swing.JMenuBar.processBindingForKeyStrokeRecursive(Unknown Source)
	at javax.swing.JMenuBar.processKeyBinding(Unknown Source)
	at javax.swing.KeyboardManager.fireBinding(Unknown Source)
	at javax.swing.KeyboardManager.fireKeyboardAction(Unknown Source)
	at javax.swing.JComponent.processKeyBindingsForAllComponents(Unknown Source)
	at javax.swing.JComponent.processKeyBindings(Unknown Source)
	at javax.swing.JComponent.processKeyEvent(Unknown Source)
	at java.awt.Component.processEvent(Unknown Source)
	at java.awt.Container.processEvent(Unknown Source)
	at java.awt.Component.dispatchEventImpl(Unknown Source)
	at java.awt.Container.dispatchEventImpl(Unknown Source)
	at java.awt.Component.dispatchEvent(Unknown Source)
	at java.awt.KeyboardFocusManager.redispatchEvent(Unknown Source)
	at java.awt.DefaultKeyboardFocusManager.dispatchKeyEvent(Unknown Source)
	at java.awt.DefaultKeyboardFocusManager.preDispatchKeyEvent(Unknown Source)
	at java.awt.DefaultKeyboardFocusManager.typeAheadAssertions(Unknown Source)
	at java.awt.DefaultKeyboardFocusManager.dispatchEvent(Unknown Source)
	at java.awt.Component.dispatchEventImpl(Unknown Source)
	at java.awt.Container.dispatchEventImpl(Unknown Source)
	at java.awt.Window.dispatchEventImpl(Unknown Source)
	at java.awt.Component.dispatchEvent(Unknown Source)
	at java.awt.EventQueue.dispatchEventImpl(Unknown Source)
	at java.awt.EventQueue.access$500(Unknown Source)
	at java.awt.EventQueue$3.run(Unknown Source)
	at java.awt.EventQueue$3.run(Unknown Source)
	at java.security.AccessController.doPrivileged(Native Method)
	at java.security.ProtectionDomain$JavaSecurityAccessImpl.doIntersectionPrivilege(Unknown Source)
	at java.security.ProtectionDomain$JavaSecurityAccessImpl.doIntersectionPrivilege(Unknown Source)
	at java.awt.EventQueue$4.run(Unknown Source)
	at java.awt.EventQueue$4.run(Unknown Source)
	at java.security.AccessController.doPrivileged(Native Method)
	at java.security.ProtectionDomain$JavaSecurityAccessImpl.doIntersectionPrivilege(Unknown Source)
	at java.awt.EventQueue.dispatchEvent(Unknown Source)
	at java.awt.EventDispatchThread.pumpOneEventForFilters(Unknown Source)
	at java.awt.EventDispatchThread.pumpEventsForFilter(Unknown Source)
	at java.awt.EventDispatchThread.pumpEventsForHierarchy(Unknown Source)
	at java.awt.EventDispatchThread.pumpEvents(Unknown Source)
	at java.awt.EventDispatchThread.pumpEvents(Unknown Source)
	at java.awt.EventDispatchThread.run(Unknown Source)

[2020-02-17 19:06:36 #4 store] 
Database 'C:\Users\Usuario\Desktop\SE\BUM2_JulenUr\db\Flights.odb' is closed by 5948@DESKTOP-00OS7EM

------------------------------------------------------------------------------------------------------------------------

[2020-02-17 19:06:59 #1 store] 
Database 'C:\Users\Usuario\Desktop\SE\BUM2_JulenUr\db\Flights.odb' is opened by 15988@DESKTOP-00OS7EM

[2020-02-17 19:06:59 #2 store] 
Configuration path: C:\Users\Usuario\Desktop\objectdb-2.8.2\objectdb.conf

[2020-02-17 19:06:59 #3 type] 
Type domain.Flight is not enhanced.

[2020-02-17 19:06:59 #4 type] 
Type domain.ConcreteFlight is not enhanced.

------------------------------------------------------------------------------------------------------------------------

[2020-02-17 19:07:02 #1 store] 
Database 'C:\Users\Usuario\Desktop\SE\BUM2_JulenUr\db\Flights.odb' has been recovered (tr. 49-68)

[2020-02-17 19:07:03 #2 store] 
Database 'C:\Users\Usuario\Desktop\SE\BUM2_JulenUr\db\Flights.odb' is opened by 12328@DESKTOP-00OS7EM

[2020-02-17 19:07:03 #3 store] 
Configuration path: C:\Users\Usuario\Desktop\objectdb-2.8.2\objectdb.conf

[2020-02-17 19:09:23 #4 store] 
Database 'C:\Users\Usuario\Desktop\SE\BUM2_JulenUr\db\Flights.odb' is closed by 12328@DESKTOP-00OS7EM

------------------------------------------------------------------------------------------------------------------------

[2020-02-17 19:09:24 #1 store] 
Database 'C:\Users\Usuario\Desktop\SE\BUM2_JulenUr\db\Flights.odb' is opened by 5420@DESKTOP-00OS7EM

[2020-02-17 19:09:24 #2 store] 
Configuration path: C:\Users\Usuario\Desktop\objectdb-2.8.2\objectdb.conf

[2020-02-17 19:09:25 #3 type] 
Type domain.Flight is not enhanced.

[2020-02-17 19:09:25 #4 type] 
Type domain.ConcreteFlight is not enhanced.

------------------------------------------------------------------------------------------------------------------------

[2020-02-17 19:09:28 #1 store] 
Database 'C:\Users\Usuario\Desktop\SE\BUM2_JulenUr\db\Flights.odb' has been recovered (tr. 89-108)

[2020-02-17 19:09:29 #2 store] 
Database 'C:\Users\Usuario\Desktop\SE\BUM2_JulenUr\db\Flights.odb' is opened by 2980@DESKTOP-00OS7EM

[2020-02-17 19:09:29 #3 store] 
Configuration path: C:\Users\Usuario\Desktop\objectdb-2.8.2\objectdb.conf

[2020-02-17 19:16:18 #4 store] 
Database 'C:\Users\Usuario\Desktop\SE\BUM2_JulenUr\db\Flights.odb' is closed by 2980@DESKTOP-00OS7EM

[2020-02-17 19:16:18 #5 store] 
Database 'C:\Users\Usuario\Desktop\objectdb-2.8.2\db\point.odb' is opened by 2980@DESKTOP-00OS7EM

[2020-02-17 19:16:18 #6 store] 
Configuration path: C:\Users\Usuario\Desktop\objectdb-2.8.2\objectdb.conf

[2020-02-17 19:16:24 #7 store] 
Database 'C:\Users\Usuario\Desktop\objectdb-2.8.2\db\point.odb' is closed by 2980@DESKTOP-00OS7EM

[2020-02-17 19:16:24 #8 store] 
Database 'C:\Users\Usuario\Desktop\objectdb-2.8.2\db\world.odb' is opened by 2980@DESKTOP-00OS7EM

[2020-02-17 19:16:24 #9 store] 
Configuration path: C:\Users\Usuario\Desktop\objectdb-2.8.2\objectdb.conf

[2020-02-17 19:16:38 #10 store] 
Database 'C:\Users\Usuario\Desktop\objectdb-2.8.2\db\world.odb' is closed by 2980@DESKTOP-00OS7EM

------------------------------------------------------------------------------------------------------------------------

[2020-02-17 19:41:51 #1 store] 
Database 'C:\Users\Usuario\Desktop\objectdb-2.8.2\db\world.odb' is opened by 5908@DESKTOP-00OS7EM

[2020-02-17 19:41:51 #2 store] 
Configuration path: C:\Users\Usuario\Desktop\objectdb-2.8.2\objectdb.conf

[2020-02-17 19:41:57 #3 store] 
Database 'C:\Users\Usuario\Desktop\objectdb-2.8.2\db\world.odb' is closed by 5908@DESKTOP-00OS7EM

------------------------------------------------------------------------------------------------------------------------

[2020-02-17 19:42:10 #1 store] 
Database 'C:\Users\Usuario\Desktop\SE\BUM2_JulenUr\db\Flights.odb' is opened by 12184@DESKTOP-00OS7EM

[2020-02-17 19:42:10 #2 store] 
Configuration path: C:\Users\Usuario\Desktop\objectdb-2.8.2\objectdb.conf

[2020-02-17 19:42:10 #3 type] 
Type domain.Flight is not enhanced.

[2020-02-17 19:42:10 #4 type] 
Type domain.ConcreteFlight is not enhanced.

------------------------------------------------------------------------------------------------------------------------

[2020-02-17 20:22:54 #1 store] 
Database 'C:\Users\Usuario\Desktop\SE\BUM2_JulenUr\db\Flights.odb' has been recovered (tr. 109-109)

[2020-02-17 20:22:54 #2 store] 
Database 'C:\Users\Usuario\Desktop\SE\BUM2_JulenUr\db\Flights.odb' is opened by 2580@DESKTOP-00OS7EM

[2020-02-17 20:22:54 #3 store] 
Configuration path: C:\Users\Usuario\Desktop\objectdb-2.8.2\objectdb.conf

[2020-02-17 20:22:54 #4 type] 
Type domain.Flight is not enhanced.

[2020-02-17 20:22:54 #5 type] 
Type domain.ConcreteFlight is not enhanced.

------------------------------------------------------------------------------------------------------------------------

[2020-02-17 20:23:12 #1 store] 
Database 'C:\Users\Usuario\Desktop\SE\BUM2_JulenUr\db\Flights.odb' has been recovered (tr. 110-110)

[2020-02-17 20:23:13 #2 store] 
Database 'C:\Users\Usuario\Desktop\SE\BUM2_JulenUr\db\Flights.odb' is opened by 1340@DESKTOP-00OS7EM

[2020-02-17 20:23:13 #3 store] 
Configuration path: C:\Users\Usuario\Desktop\objectdb-2.8.2\objectdb.conf

[2020-02-17 21:17:04 #4 store] 
Database 'C:\Users\Usuario\Desktop\SE\BUM2_JulenUr\db\Flights.odb' is closed by 1340@DESKTOP-00OS7EM

------------------------------------------------------------------------------------------------------------------------

[2020-02-17 21:17:06 #1 store] 
Database 'C:\Users\Usuario\Desktop\SE\BUM2_JulenUr\db\Flights.odb' is opened by 6116@DESKTOP-00OS7EM

[2020-02-17 21:17:06 #2 store] 
Configuration path: C:\Users\Usuario\Desktop\objectdb-2.8.2\objectdb.conf

[2020-02-17 21:17:06 #3 type] 
Type domain.Flight is not enhanced.

[2020-02-17 21:17:06 #4 type] 
Type domain.ConcreteFlight is not enhanced.

------------------------------------------------------------------------------------------------------------------------

[2020-02-17 21:17:22 #1 store] 
Database 'C:\Users\Usuario\Desktop\SE\BUM2_JulenUr\db\Flights.odb' has been recovered (tr. 111-111)

[2020-02-17 21:17:22 #2 store] 
Database 'C:\Users\Usuario\Desktop\SE\BUM2_JulenUr\db\Flights.odb' is opened by 11736@DESKTOP-00OS7EM

[2020-02-17 21:17:22 #3 store] 
Configuration path: C:\Users\Usuario\Desktop\objectdb-2.8.2\objectdb.conf

[2020-02-17 21:17:22 #4 type] 
Type domain.Flight is not enhanced.

[2020-02-17 21:17:22 #5 type] 
Type domain.ConcreteFlight is not enhanced.

------------------------------------------------------------------------------------------------------------------------

[2020-02-17 21:17:37 #1 store] 
Database 'C:\Users\Usuario\Desktop\SE\BUM2_JulenUr\db\Flights.odb' has been recovered (tr. 112-112)

[2020-02-17 21:17:38 #2 store] 
Database 'C:\Users\Usuario\Desktop\SE\BUM2_JulenUr\db\Flights.odb' is opened by 6400@DESKTOP-00OS7EM

[2020-02-17 21:17:38 #3 store] 
Configuration path: C:\Users\Usuario\Desktop\objectdb-2.8.2\objectdb.conf

[2020-02-17 21:19:41 #4 store] 
Database 'C:\Users\Usuario\Desktop\SE\BUM2_JulenUr\db\Flights.odb' is closed by 6400@DESKTOP-00OS7EM

------------------------------------------------------------------------------------------------------------------------

[2020-02-17 21:19:44 #1 store] 
Database 'C:\Users\Usuario\Desktop\SE\BUM2_JulenUr\db\Flights.odb' is opened by 16576@DESKTOP-00OS7EM

[2020-02-17 21:19:44 #2 store] 
Configuration path: C:\Users\Usuario\Desktop\objectdb-2.8.2\objectdb.conf

[2020-02-17 21:19:44 #3 type] 
Type domain.Flight is not enhanced.

[2020-02-17 21:19:44 #4 type] 
Type domain.ConcreteFlight is not enhanced.

