------------------------------------------------------------------------------------------------------------------------

[2020-03-16 14:36:04 #1 store] 
Database 'C:\Users\Usuario\git\Sprint_2\Sprint_2\resources\bets.temp' is opened by 400@DESKTOP-00OS7EM

[2020-03-16 14:36:04 #2 store] 
Configuration path: C:\Users\Usuario\Desktop\objectdb-2.8.2\objectdb.conf

[2020-03-16 14:37:28 #3 store] 
Database 'C:\Users\Usuario\git\Sprint_2\Sprint_2\resources\bets.temp' is closed by 400@DESKTOP-00OS7EM

------------------------------------------------------------------------------------------------------------------------

[2020-03-16 15:58:50 #1 store] 
Database 'C:\Users\Usuario\git\Sprint_2\Sprint_2\resources\bets.temp' is opened by 6740@DESKTOP-00OS7EM

[2020-03-16 15:58:50 #2 store] 
Configuration path: C:\Users\Usuario\Desktop\objectdb-2.8.2\objectdb.conf

[2020-03-16 15:59:01 #3 store] 
Database 'C:\Users\Usuario\git\Sprint_2\Sprint_2\resources\bets.temp' is closed by 6740@DESKTOP-00OS7EM

------------------------------------------------------------------------------------------------------------------------

[2020-03-16 17:37:44 #1 store] 
Database 'C:\Users\Usuario\git\Sprint_2\Sprint_2\resources\bets.temp' is opened by 12244@DESKTOP-00OS7EM

[2020-03-16 17:37:44 #2 store] 
Configuration path: C:\Users\Usuario\Desktop\objectdb-2.8.2\objectdb.conf

[2020-03-16 17:37:57 #3 store] 
Database 'C:\Users\Usuario\git\Sprint_2\Sprint_2\resources\bets.temp' is closed by 12244@DESKTOP-00OS7EM

------------------------------------------------------------------------------------------------------------------------

[2020-03-16 17:43:59 #1 store] 
Database 'C:\Users\Usuario\git\Sprint_2\Sprint_2\resources\bets.temp' is opened by 11856@DESKTOP-00OS7EM

[2020-03-16 17:43:59 #2 store] 
Configuration path: C:\Users\Usuario\Desktop\objectdb-2.8.2\objectdb.conf

[2020-03-16 17:44:13 #3 store] 
Database 'C:\Users\Usuario\git\Sprint_2\Sprint_2\resources\bets.temp' is closed by 11856@DESKTOP-00OS7EM

------------------------------------------------------------------------------------------------------------------------

[2020-03-16 17:52:47 #1 explorer] 
[ObjectDB 2.8.2] javax.persistence.PersistenceException
Attempt to open a database file 'C:\Users\Usuario\git\Sprint_2\Sprint_2\resources\bets.temp' that is currently in use by another process (error 141)
	at com.objectdb.Explorer$1.run(Explorer.java:57)
	at java.awt.event.InvocationEvent.dispatch(Unknown Source)
	at java.awt.EventQueue.dispatchEventImpl(Unknown Source)
	at java.awt.EventQueue.access$500(Unknown Source)
	at java.awt.EventQueue$3.run(Unknown Source)
	at java.awt.EventQueue$3.run(Unknown Source)
	at java.security.AccessController.doPrivileged(Native Method)
	at java.security.ProtectionDomain$JavaSecurityAccessImpl.doIntersectionPrivilege(Unknown Source)
	at java.awt.EventQueue.dispatchEvent(Unknown Source)
	at java.awt.EventDispatchThread.pumpOneEventForFilters(Unknown Source)
	at java.awt.EventDispatchThread.pumpEventsForFilter(Unknown Source)
	at java.awt.EventDispatchThread.pumpEventsForHierarchy(Unknown Source)
	at java.awt.EventDispatchThread.pumpEvents(Unknown Source)
	at java.awt.EventDispatchThread.pumpEvents(Unknown Source)
	at java.awt.EventDispatchThread.run(Unknown Source)
Caused by: com.objectdb.o.UserException: Attempt to open a database file 'C:\Users\Usuario\git\Sprint_2\Sprint_2\resources\bets.temp' that is currently in use by another process
	at com.objectdb.o.MSG.a(MSG.java:64)
	at com.objectdb.o.LFL.J(LFL.java:930)
	at com.objectdb.o.LFL.x(LFL.java:887)
	at com.objectdb.o.LFL.x(LFL.java:797)
	at com.objectdb.o.DFL.<init>(DFL.java:241)
	at com.objectdb.o.DMG.<init>(DMG.java:27)
	at com.objectdb.o.MST.<init>(MST.java:127)
	at com.objectdb.o.MST.ap(MST.java:109)
	at com.objectdb.o.MSF.Y3(MSF.java:190)
	at com.objectdb.o.OMF.s(OMF.java:804)
	at com.objectdb.jpa.EMF.s(EMF.java:130)
	at com.objectdb.o.OMF.x(OMF.java:715)
	at com.objectdb.jpa.EMF.createEntityManager(EMF.java:149)
	... 17 more

------------------------------------------------------------------------------------------------------------------------

[2020-03-16 17:52:56 #1 store] 
Database 'C:\Users\Usuario\git\Sprint_2\Sprint_2\resources\bets.temp' has been recovered (tr. 7-8)

[2020-03-16 17:52:56 #2 store] 
Database 'C:\Users\Usuario\git\Sprint_2\Sprint_2\resources\bets.temp' is opened by 14892@DESKTOP-00OS7EM

[2020-03-16 17:52:56 #3 store] 
Configuration path: C:\Users\Usuario\Desktop\objectdb-2.8.2\objectdb.conf

[2020-03-16 17:53:05 #4 store] 
Database 'C:\Users\Usuario\git\Sprint_2\Sprint_2\resources\bets.temp' is closed by 14892@DESKTOP-00OS7EM

------------------------------------------------------------------------------------------------------------------------

[2020-03-16 17:54:34 #1 store] 
Database 'C:\Users\Usuario\git\Sprint_2\Sprint_2\resources\bets.temp' is opened by 2360@DESKTOP-00OS7EM

[2020-03-16 17:54:34 #2 store] 
Configuration path: C:\Users\Usuario\Desktop\objectdb-2.8.2\objectdb.conf

[2020-03-16 17:54:48 #3 store] 
Database 'C:\Users\Usuario\git\Sprint_2\Sprint_2\resources\bets.temp' is closed by 2360@DESKTOP-00OS7EM

------------------------------------------------------------------------------------------------------------------------

[2020-03-16 18:12:57 #1 store] 
Database 'C:\Users\Usuario\git\Sprint_2\Sprint_2\resources\bets.temp' is opened by 6832@DESKTOP-00OS7EM

[2020-03-16 18:12:57 #2 store] 
Configuration path: C:\Users\Usuario\Desktop\objectdb-2.8.2\objectdb.conf

[2020-03-16 18:13:25 #3 store] 
Database 'C:\Users\Usuario\git\Sprint_2\Sprint_2\resources\bets.temp' is closed by 6832@DESKTOP-00OS7EM

------------------------------------------------------------------------------------------------------------------------

[2020-03-16 18:13:28 #1 store] 
Database 'C:\Users\Usuario\git\Sprint_2\Sprint_2\resources\bets.temp' is opened by 8776@DESKTOP-00OS7EM

[2020-03-16 18:13:28 #2 store] 
Configuration path: C:\Users\Usuario\Desktop\objectdb-2.8.2\objectdb.conf

[2020-03-16 18:14:07 #3 store] 
Database 'C:\Users\Usuario\git\Sprint_2\Sprint_2\resources\bets.temp' is closed by 8776@DESKTOP-00OS7EM

------------------------------------------------------------------------------------------------------------------------

[2020-03-16 18:14:51 #1 store] 
Database 'C:\Users\Usuario\git\Sprint_2\Sprint_2\resources\bets.temp' is opened by 13780@DESKTOP-00OS7EM

[2020-03-16 18:14:51 #2 store] 
Configuration path: C:\Users\Usuario\Desktop\objectdb-2.8.2\objectdb.conf

[2020-03-16 18:15:02 #3 store] 
Database 'C:\Users\Usuario\git\Sprint_2\Sprint_2\resources\bets.temp' is closed by 13780@DESKTOP-00OS7EM

