------------------------------------------------------------------------------------------------------------------------

[2020-03-20 20:38:06 #1 store] 
Database 'C:\Users\Usuario\git\Sprint_2\Sprint_2\resources\bets.temp' is opened by 2448@DESKTOP-00OS7EM

[2020-03-20 20:38:06 #2 store] 
Configuration path: C:\Users\Usuario\Desktop\objectdb-2.8.2\objectdb.conf

[2020-03-20 20:38:57 #3 store] 
Database 'C:\Users\Usuario\git\Sprint_2\Sprint_2\resources\bets.temp' is closed by 2448@DESKTOP-00OS7EM

------------------------------------------------------------------------------------------------------------------------

[2020-03-20 20:57:51 #1 store] 
Database 'C:\Users\Usuario\git\Sprint_2\Sprint_2\resources\bets.temp' is opened by 9976@DESKTOP-00OS7EM

[2020-03-20 20:57:51 #2 store] 
Configuration path: C:\Users\Usuario\Desktop\objectdb-2.8.2\objectdb.conf

[2020-03-20 20:58:05 #3 store] 
Database 'C:\Users\Usuario\git\Sprint_2\Sprint_2\resources\bets.temp' is closed by 9976@DESKTOP-00OS7EM

------------------------------------------------------------------------------------------------------------------------

[2020-03-20 21:02:12 #1 store] 
Database 'C:\Users\Usuario\git\Sprint_2\Sprint_2\resources\bets.temp' is opened by 14432@DESKTOP-00OS7EM

[2020-03-20 21:02:12 #2 store] 
Configuration path: C:\Users\Usuario\Desktop\objectdb-2.8.2\objectdb.conf

[2020-03-20 21:03:58 #3 store] 
Database 'C:\Users\Usuario\git\Sprint_2\Sprint_2\resources\bets.temp' is closed by 14432@DESKTOP-00OS7EM

------------------------------------------------------------------------------------------------------------------------

[2020-03-20 21:04:25 #1 store] 
Database 'C:\Users\Usuario\git\Sprint_2\Sprint_2\resources\bets.temp' is opened by 12964@DESKTOP-00OS7EM

[2020-03-20 21:04:25 #2 store] 
Configuration path: C:\Users\Usuario\Desktop\objectdb-2.8.2\objectdb.conf

[2020-03-20 21:07:52 #3 store] 
Database 'C:\Users\Usuario\git\Sprint_2\Sprint_2\resources\bets.temp' is closed by 12964@DESKTOP-00OS7EM

------------------------------------------------------------------------------------------------------------------------

[2020-03-20 21:43:57 #1 store] 
Database 'C:\Users\Usuario\git\Sprint_2\Sprint_2\resources\bets.temp' is opened by 14436@DESKTOP-00OS7EM

[2020-03-20 21:43:57 #2 store] 
Configuration path: C:\Users\Usuario\Desktop\objectdb-2.8.2\objectdb.conf

[2020-03-20 21:45:27 #3 store] 
Database 'C:\Users\Usuario\git\Sprint_2\Sprint_2\resources\bets.temp' is closed by 14436@DESKTOP-00OS7EM

------------------------------------------------------------------------------------------------------------------------

[2020-03-20 21:47:18 #1 store] 
Database 'C:\Users\Usuario\git\Sprint_2\Sprint_2\resources\bets.temp' is opened by 12804@DESKTOP-00OS7EM

[2020-03-20 21:47:18 #2 store] 
Configuration path: C:\Users\Usuario\Desktop\objectdb-2.8.2\objectdb.conf

[2020-03-20 21:51:39 #3 store] 
Database 'C:\Users\Usuario\git\Sprint_2\Sprint_2\resources\bets.temp' is closed by 12804@DESKTOP-00OS7EM

------------------------------------------------------------------------------------------------------------------------

[2020-03-20 22:03:36 #1 store] 
Database 'C:\Users\Usuario\git\Sprint_2\Sprint_2\resources\bets.temp' is opened by 8952@DESKTOP-00OS7EM

[2020-03-20 22:03:36 #2 store] 
Configuration path: C:\Users\Usuario\Desktop\objectdb-2.8.2\objectdb.conf

[2020-03-20 22:04:16 #3 store] 
Database 'C:\Users\Usuario\git\Sprint_2\Sprint_2\resources\bets.temp' is closed by 8952@DESKTOP-00OS7EM

------------------------------------------------------------------------------------------------------------------------

[2020-03-20 22:04:54 #1 store] 
Database 'C:\Users\Usuario\git\Sprint_2\Sprint_2\resources\bets.temp' is opened by 3536@DESKTOP-00OS7EM

[2020-03-20 22:04:54 #2 store] 
Configuration path: C:\Users\Usuario\Desktop\objectdb-2.8.2\objectdb.conf

[2020-03-20 22:10:44 #3 store] 
Database 'C:\Users\Usuario\git\Sprint_2\Sprint_2\resources\bets.temp' is closed by 3536@DESKTOP-00OS7EM

------------------------------------------------------------------------------------------------------------------------

[2020-03-20 22:15:47 #1 store] 
Database 'C:\Users\Usuario\git\Sprint_2\Sprint_2\resources\bets.temp' is opened by 9180@DESKTOP-00OS7EM

[2020-03-20 22:15:47 #2 store] 
Configuration path: C:\Users\Usuario\Desktop\objectdb-2.8.2\objectdb.conf

[2020-03-20 22:24:25 #3 store] 
Database 'C:\Users\Usuario\git\Sprint_2\Sprint_2\resources\bets.temp' is closed by 9180@DESKTOP-00OS7EM

