------------------------------------------------------------------------------------------------------------------------

[2020-03-01 01:34:24 #1 store] 
Database 'C:\Users\Usuario\git\Aeroplof\BUM3_JulenUr\db\Flights.odb' is opened by 10588@DESKTOP-00OS7EM

[2020-03-01 01:34:24 #2 store] 
Configuration path: C:\Users\Usuario\Desktop\objectdb-2.8.2\objectdb.conf

[2020-03-01 01:34:24 #3 type] 
Type domain.Flight is not enhanced.

[2020-03-01 01:34:24 #4 type] 
Type domain.ConcreteFlight is not enhanced.

------------------------------------------------------------------------------------------------------------------------

[2020-03-01 01:47:35 #1 store] 
Database 'C:\Users\Usuario\git\test\Bets\resources\bets.temp' is opened by 5564@DESKTOP-00OS7EM

[2020-03-01 01:47:35 #2 store] 
Configuration path: C:\Users\Usuario\Desktop\objectdb-2.8.2\objectdb.conf

[2020-03-01 01:50:48 #3 store] 
Database 'C:\Users\Usuario\git\test\Bets\resources\bets.temp' is closed by 5564@DESKTOP-00OS7EM

------------------------------------------------------------------------------------------------------------------------

[2020-03-01 01:55:09 #1 store] 
Database 'C:\Users\Usuario\git\test\Bets\resources\bets.temp' is opened by 3444@DESKTOP-00OS7EM

[2020-03-01 01:55:09 #2 store] 
Configuration path: C:\Users\Usuario\Desktop\objectdb-2.8.2\objectdb.conf

[2020-03-01 02:15:34 #3 store] 
Database 'C:\Users\Usuario\git\test\Bets\resources\bets.temp' is closed by 3444@DESKTOP-00OS7EM

------------------------------------------------------------------------------------------------------------------------

[2020-03-01 02:54:33 #1 store] 
Database 'C:\Users\Usuario\git\Sprint_1\Bets\resources\bets.temp' is opened by 8204@DESKTOP-00OS7EM

[2020-03-01 02:54:33 #2 store] 
Configuration path: C:\Users\Usuario\Desktop\objectdb-2.8.2\objectdb.conf

[2020-03-01 02:56:09 #3 store] 
Database 'C:\Users\Usuario\git\Sprint_1\Bets\resources\bets.temp' is closed by 8204@DESKTOP-00OS7EM

------------------------------------------------------------------------------------------------------------------------

[2020-03-01 02:56:48 #1 store] 
Database 'C:\Users\Usuario\git\Sprint_1\Bets\resources\bets.temp' is opened by 13168@DESKTOP-00OS7EM

[2020-03-01 02:56:48 #2 store] 
Configuration path: C:\Users\Usuario\Desktop\objectdb-2.8.2\objectdb.conf

[2020-03-01 03:00:19 #3 store] 
Database 'C:\Users\Usuario\git\Sprint_1\Bets\resources\bets.temp' is closed by 13168@DESKTOP-00OS7EM

------------------------------------------------------------------------------------------------------------------------

[2020-03-01 03:05:23 #1 store] 
Database 'C:\Users\Usuario\git\Sprint_1\Bets\resources\bets.temp' is opened by 20596@DESKTOP-00OS7EM

[2020-03-01 03:05:23 #2 store] 
Configuration path: C:\Users\Usuario\Desktop\objectdb-2.8.2\objectdb.conf

[2020-03-01 03:05:31 #3 store] 
Database 'C:\Users\Usuario\git\Sprint_1\Bets\resources\bets.temp' is closed by 20596@DESKTOP-00OS7EM

------------------------------------------------------------------------------------------------------------------------

[2020-03-01 03:08:37 #1 store] 
Database 'C:\Users\Usuario\git\Sprint_1\Bets\resources\bets.temp' is opened by 18872@DESKTOP-00OS7EM

[2020-03-01 03:08:37 #2 store] 
Configuration path: C:\Users\Usuario\Desktop\objectdb-2.8.2\objectdb.conf

[2020-03-01 03:08:46 #3 store] 
Database 'C:\Users\Usuario\git\Sprint_1\Bets\resources\bets.temp' is closed by 18872@DESKTOP-00OS7EM

------------------------------------------------------------------------------------------------------------------------

[2020-03-01 03:10:23 #1 store] 
Database 'C:\Users\Usuario\git\Sprint_1\Bets\resources\bets.temp' is opened by 19552@DESKTOP-00OS7EM

[2020-03-01 03:10:23 #2 store] 
Configuration path: C:\Users\Usuario\Desktop\objectdb-2.8.2\objectdb.conf

[2020-03-01 03:14:18 #3 store] 
Database 'C:\Users\Usuario\git\Sprint_1\Bets\resources\bets.temp' is closed by 19552@DESKTOP-00OS7EM

------------------------------------------------------------------------------------------------------------------------

[2020-03-01 03:22:56 #1 store] 
Database 'C:\Users\Usuario\git\Sprint_1\Bets\resources\bets.temp' is opened by 7448@DESKTOP-00OS7EM

[2020-03-01 03:22:56 #2 store] 
Configuration path: C:\Users\Usuario\Desktop\objectdb-2.8.2\objectdb.conf

[2020-03-01 03:24:04 #3 store] 
Database 'C:\Users\Usuario\git\Sprint_1\Bets\resources\bets.temp' is closed by 7448@DESKTOP-00OS7EM

------------------------------------------------------------------------------------------------------------------------

[2020-03-01 03:24:16 #1 store] 
Database 'C:\Users\Usuario\git\Sprint_1\Bets\resources\bets.temp' is opened by 10876@DESKTOP-00OS7EM

[2020-03-01 03:24:16 #2 store] 
Configuration path: C:\Users\Usuario\Desktop\objectdb-2.8.2\objectdb.conf

[2020-03-01 03:24:39 #3 store] 
Database 'C:\Users\Usuario\git\Sprint_1\Bets\resources\bets.temp' is closed by 10876@DESKTOP-00OS7EM

------------------------------------------------------------------------------------------------------------------------

[2020-03-01 03:24:53 #1 explorer] 
[ObjectDB 2.8.2] javax.persistence.PersistenceException
Attempt to open a database file 'C:\Users\Usuario\git\Sprint_1\Bets\resources\bets.temp' that is currently in use by another process (error 141)
	at com.objectdb.Explorer$1.run(Explorer.java:57)
	at java.awt.event.InvocationEvent.dispatch(Unknown Source)
	at java.awt.EventQueue.dispatchEventImpl(Unknown Source)
	at java.awt.EventQueue.access$500(Unknown Source)
	at java.awt.EventQueue$3.run(Unknown Source)
	at java.awt.EventQueue$3.run(Unknown Source)
	at java.security.AccessController.doPrivileged(Native Method)
	at java.security.ProtectionDomain$JavaSecurityAccessImpl.doIntersectionPrivilege(Unknown Source)
	at java.awt.EventQueue.dispatchEvent(Unknown Source)
	at java.awt.EventDispatchThread.pumpOneEventForFilters(Unknown Source)
	at java.awt.EventDispatchThread.pumpEventsForFilter(Unknown Source)
	at java.awt.EventDispatchThread.pumpEventsForHierarchy(Unknown Source)
	at java.awt.EventDispatchThread.pumpEvents(Unknown Source)
	at java.awt.EventDispatchThread.pumpEvents(Unknown Source)
	at java.awt.EventDispatchThread.run(Unknown Source)
Caused by: com.objectdb.o.UserException: Attempt to open a database file 'C:\Users\Usuario\git\Sprint_1\Bets\resources\bets.temp' that is currently in use by another process
	at com.objectdb.o.MSG.a(MSG.java:64)
	at com.objectdb.o.LFL.J(LFL.java:930)
	at com.objectdb.o.LFL.x(LFL.java:887)
	at com.objectdb.o.LFL.x(LFL.java:797)
	at com.objectdb.o.DFL.<init>(DFL.java:241)
	at com.objectdb.o.DMG.<init>(DMG.java:27)
	at com.objectdb.o.MST.<init>(MST.java:127)
	at com.objectdb.o.MST.ap(MST.java:109)
	at com.objectdb.o.MSF.Y3(MSF.java:190)
	at com.objectdb.o.OMF.s(OMF.java:804)
	at com.objectdb.jpa.EMF.s(EMF.java:130)
	at com.objectdb.o.OMF.x(OMF.java:715)
	at com.objectdb.jpa.EMF.createEntityManager(EMF.java:149)
	... 17 more

------------------------------------------------------------------------------------------------------------------------

[2020-03-01 03:25:15 #1 store] 
Database 'C:\Users\Usuario\git\Sprint_1\Bets\resources\bets.temp' is opened by 12380@DESKTOP-00OS7EM

[2020-03-01 03:25:15 #2 store] 
Configuration path: C:\Users\Usuario\Desktop\objectdb-2.8.2\objectdb.conf

[2020-03-01 03:26:11 #3 store] 
Database 'C:\Users\Usuario\git\Sprint_1\Bets\resources\bets.temp' is closed by 12380@DESKTOP-00OS7EM

------------------------------------------------------------------------------------------------------------------------

[2020-03-01 03:27:01 #1 store] 
Database 'C:\Users\Usuario\git\Sprint_1\Bets\resources\bets.temp' has been recovered (tr. 46-46)

[2020-03-01 03:27:01 #2 store] 
Database 'C:\Users\Usuario\git\Sprint_1\Bets\resources\bets.temp' is opened by 14804@DESKTOP-00OS7EM

[2020-03-01 03:27:01 #3 store] 
Configuration path: C:\Users\Usuario\Desktop\objectdb-2.8.2\objectdb.conf

[2020-03-01 03:27:33 #4 store] 
Database 'C:\Users\Usuario\git\Sprint_1\Bets\resources\bets.temp' is closed by 14804@DESKTOP-00OS7EM

------------------------------------------------------------------------------------------------------------------------

[2020-03-01 03:27:50 #1 store] 
Database 'C:\Users\Usuario\git\Sprint_1\Bets\resources\bets.temp' is opened by 1540@DESKTOP-00OS7EM

[2020-03-01 03:27:50 #2 store] 
Configuration path: C:\Users\Usuario\Desktop\objectdb-2.8.2\objectdb.conf

[2020-03-01 03:27:56 #3 store] 
Database 'C:\Users\Usuario\git\Sprint_1\Bets\resources\bets.temp' is closed by 1540@DESKTOP-00OS7EM

------------------------------------------------------------------------------------------------------------------------

[2020-03-01 03:31:55 #1 store] 
Database 'C:\Users\Usuario\git\Sprint_1\Bets\resources\bets.temp' is opened by 13700@DESKTOP-00OS7EM

[2020-03-01 03:31:55 #2 store] 
Configuration path: C:\Users\Usuario\Desktop\objectdb-2.8.2\objectdb.conf

[2020-03-01 03:33:52 #3 store] 
Database 'C:\Users\Usuario\git\Sprint_1\Bets\resources\bets.temp' is closed by 13700@DESKTOP-00OS7EM

------------------------------------------------------------------------------------------------------------------------

[2020-03-01 03:35:47 #1 store] 
Database 'C:\Users\Usuario\git\Sprint_1\Bets\resources\bets.temp' is opened by 15232@DESKTOP-00OS7EM

[2020-03-01 03:35:47 #2 store] 
Configuration path: C:\Users\Usuario\Desktop\objectdb-2.8.2\objectdb.conf

[2020-03-01 03:41:41 #3 store] 
Database 'C:\Users\Usuario\git\Sprint_1\Bets\resources\bets.temp' is closed by 15232@DESKTOP-00OS7EM

------------------------------------------------------------------------------------------------------------------------

[2020-03-01 03:43:32 #1 store] 
Database 'C:\Users\Usuario\git\Sprint_1\Bets\resources\bets.temp' is opened by 16176@DESKTOP-00OS7EM

[2020-03-01 03:43:32 #2 store] 
Configuration path: C:\Users\Usuario\Desktop\objectdb-2.8.2\objectdb.conf

[2020-03-01 03:44:15 #3 store] 
Database 'C:\Users\Usuario\git\Sprint_1\Bets\resources\bets.temp' is closed by 16176@DESKTOP-00OS7EM

------------------------------------------------------------------------------------------------------------------------

[2020-03-01 03:53:50 #1 explorer] 
[ObjectDB 2.8.2] javax.persistence.PersistenceException
Attempt to open a database file 'C:\Users\Usuario\git\Sprint_1\Bets\resources\bets.temp' that is currently in use by another process (error 141)
	at com.objectdb.Explorer$1.run(Explorer.java:57)
	at java.awt.event.InvocationEvent.dispatch(Unknown Source)
	at java.awt.EventQueue.dispatchEventImpl(Unknown Source)
	at java.awt.EventQueue.access$500(Unknown Source)
	at java.awt.EventQueue$3.run(Unknown Source)
	at java.awt.EventQueue$3.run(Unknown Source)
	at java.security.AccessController.doPrivileged(Native Method)
	at java.security.ProtectionDomain$JavaSecurityAccessImpl.doIntersectionPrivilege(Unknown Source)
	at java.awt.EventQueue.dispatchEvent(Unknown Source)
	at java.awt.EventDispatchThread.pumpOneEventForFilters(Unknown Source)
	at java.awt.EventDispatchThread.pumpEventsForFilter(Unknown Source)
	at java.awt.EventDispatchThread.pumpEventsForHierarchy(Unknown Source)
	at java.awt.EventDispatchThread.pumpEvents(Unknown Source)
	at java.awt.EventDispatchThread.pumpEvents(Unknown Source)
	at java.awt.EventDispatchThread.run(Unknown Source)
Caused by: com.objectdb.o.UserException: Attempt to open a database file 'C:\Users\Usuario\git\Sprint_1\Bets\resources\bets.temp' that is currently in use by another process
	at com.objectdb.o.MSG.a(MSG.java:64)
	at com.objectdb.o.LFL.J(LFL.java:930)
	at com.objectdb.o.LFL.x(LFL.java:887)
	at com.objectdb.o.LFL.x(LFL.java:797)
	at com.objectdb.o.DFL.<init>(DFL.java:241)
	at com.objectdb.o.DMG.<init>(DMG.java:27)
	at com.objectdb.o.MST.<init>(MST.java:127)
	at com.objectdb.o.MST.ap(MST.java:109)
	at com.objectdb.o.MSF.Y3(MSF.java:190)
	at com.objectdb.o.OMF.s(OMF.java:804)
	at com.objectdb.jpa.EMF.s(EMF.java:130)
	at com.objectdb.o.OMF.x(OMF.java:715)
	at com.objectdb.jpa.EMF.createEntityManager(EMF.java:149)
	... 17 more

------------------------------------------------------------------------------------------------------------------------

[2020-03-01 03:53:56 #1 store] 
Database 'C:\Users\Usuario\git\Sprint_1\Bets\resources\bets.temp' is opened by 12992@DESKTOP-00OS7EM

[2020-03-01 03:53:56 #2 store] 
Configuration path: C:\Users\Usuario\Desktop\objectdb-2.8.2\objectdb.conf

[2020-03-01 04:00:14 #3 store] 
Database 'C:\Users\Usuario\git\Sprint_1\Bets\resources\bets.temp' is closed by 12992@DESKTOP-00OS7EM

------------------------------------------------------------------------------------------------------------------------

[2020-03-01 04:01:28 #1 store] 
Database 'C:\Users\Usuario\git\Sprint_1\Bets\resources\bets.temp' is opened by 1396@DESKTOP-00OS7EM

[2020-03-01 04:01:28 #2 store] 
Configuration path: C:\Users\Usuario\Desktop\objectdb-2.8.2\objectdb.conf

[2020-03-01 04:02:32 #3 store] 
Database 'C:\Users\Usuario\git\Sprint_1\Bets\resources\bets.temp' is closed by 1396@DESKTOP-00OS7EM

------------------------------------------------------------------------------------------------------------------------

[2020-03-01 04:02:52 #1 store] 
Database 'C:\Users\Usuario\git\Sprint_1\Bets\resources\bets.temp' is opened by 13472@DESKTOP-00OS7EM

[2020-03-01 04:02:52 #2 store] 
Configuration path: C:\Users\Usuario\Desktop\objectdb-2.8.2\objectdb.conf

[2020-03-01 04:04:27 #3 store] 
Database 'C:\Users\Usuario\git\Sprint_1\Bets\resources\bets.temp' is closed by 13472@DESKTOP-00OS7EM

------------------------------------------------------------------------------------------------------------------------

[2020-03-01 04:04:36 #1 explorer] 
[ObjectDB 2.8.2] javax.persistence.PersistenceException
Attempt to open a database file 'C:\Users\Usuario\git\Sprint_1\Bets\resources\bets.temp' that is currently in use by another process (error 141)
	at com.objectdb.Explorer$1.run(Explorer.java:57)
	at java.awt.event.InvocationEvent.dispatch(Unknown Source)
	at java.awt.EventQueue.dispatchEventImpl(Unknown Source)
	at java.awt.EventQueue.access$500(Unknown Source)
	at java.awt.EventQueue$3.run(Unknown Source)
	at java.awt.EventQueue$3.run(Unknown Source)
	at java.security.AccessController.doPrivileged(Native Method)
	at java.security.ProtectionDomain$JavaSecurityAccessImpl.doIntersectionPrivilege(Unknown Source)
	at java.awt.EventQueue.dispatchEvent(Unknown Source)
	at java.awt.EventDispatchThread.pumpOneEventForFilters(Unknown Source)
	at java.awt.EventDispatchThread.pumpEventsForFilter(Unknown Source)
	at java.awt.EventDispatchThread.pumpEventsForHierarchy(Unknown Source)
	at java.awt.EventDispatchThread.pumpEvents(Unknown Source)
	at java.awt.EventDispatchThread.pumpEvents(Unknown Source)
	at java.awt.EventDispatchThread.run(Unknown Source)
Caused by: com.objectdb.o.UserException: Attempt to open a database file 'C:\Users\Usuario\git\Sprint_1\Bets\resources\bets.temp' that is currently in use by another process
	at com.objectdb.o.MSG.a(MSG.java:64)
	at com.objectdb.o.LFL.J(LFL.java:930)
	at com.objectdb.o.LFL.x(LFL.java:887)
	at com.objectdb.o.LFL.x(LFL.java:797)
	at com.objectdb.o.DFL.<init>(DFL.java:241)
	at com.objectdb.o.DMG.<init>(DMG.java:27)
	at com.objectdb.o.MST.<init>(MST.java:127)
	at com.objectdb.o.MST.ap(MST.java:109)
	at com.objectdb.o.MSF.Y3(MSF.java:190)
	at com.objectdb.o.OMF.s(OMF.java:804)
	at com.objectdb.jpa.EMF.s(EMF.java:130)
	at com.objectdb.o.OMF.x(OMF.java:715)
	at com.objectdb.jpa.EMF.createEntityManager(EMF.java:149)
	... 17 more

------------------------------------------------------------------------------------------------------------------------

[2020-03-01 04:04:45 #1 store] 
Database 'C:\Users\Usuario\git\Sprint_1\Bets\resources\bets.temp' is opened by 3760@DESKTOP-00OS7EM

[2020-03-01 04:04:45 #2 store] 
Configuration path: C:\Users\Usuario\Desktop\objectdb-2.8.2\objectdb.conf

[2020-03-01 04:04:53 #3 store] 
Database 'C:\Users\Usuario\git\Sprint_1\Bets\resources\bets.temp' is closed by 3760@DESKTOP-00OS7EM

------------------------------------------------------------------------------------------------------------------------

[2020-03-01 04:11:23 #1 store] 
Database 'C:\Users\Usuario\git\Sprint_1\Bets\resources\bets.temp' is opened by 14056@DESKTOP-00OS7EM

[2020-03-01 04:11:23 #2 store] 
Configuration path: C:\Users\Usuario\Desktop\objectdb-2.8.2\objectdb.conf

[2020-03-01 04:11:37 #3 store] 
Database 'C:\Users\Usuario\git\Sprint_1\Bets\resources\bets.temp' is closed by 14056@DESKTOP-00OS7EM

------------------------------------------------------------------------------------------------------------------------

[2020-03-01 04:16:45 #1 store] 
Database 'C:\Users\Usuario\git\Sprint_1\Bets\resources\bets.temp' is opened by 11396@DESKTOP-00OS7EM

[2020-03-01 04:16:45 #2 store] 
Configuration path: C:\Users\Usuario\Desktop\objectdb-2.8.2\objectdb.conf

[2020-03-01 04:17:49 #3 store] 
Database 'C:\Users\Usuario\git\Sprint_1\Bets\resources\bets.temp' is closed by 11396@DESKTOP-00OS7EM

------------------------------------------------------------------------------------------------------------------------

[2020-03-01 04:24:12 #1 store] 
Database 'C:\Users\Usuario\git\Sprint_1\Bets\resources\bets.temp' is opened by 21016@DESKTOP-00OS7EM

[2020-03-01 04:24:12 #2 store] 
Configuration path: C:\Users\Usuario\Desktop\objectdb-2.8.2\objectdb.conf

[2020-03-01 04:25:50 #3 store] 
Database 'C:\Users\Usuario\git\Sprint_1\Bets\resources\bets.temp' is closed by 21016@DESKTOP-00OS7EM

------------------------------------------------------------------------------------------------------------------------

[2020-03-01 04:26:25 #1 store] 
Database 'C:\Users\Usuario\git\Sprint_1\Bets\resources\bets.temp' is opened by 20284@DESKTOP-00OS7EM

[2020-03-01 04:26:25 #2 store] 
Configuration path: C:\Users\Usuario\Desktop\objectdb-2.8.2\objectdb.conf

[2020-03-01 04:27:01 #3 store] 
Database 'C:\Users\Usuario\git\Sprint_1\Bets\resources\bets.temp' is closed by 20284@DESKTOP-00OS7EM

------------------------------------------------------------------------------------------------------------------------

[2020-03-01 04:27:20 #1 store] 
Database 'C:\Users\Usuario\git\Sprint_1\Bets\resources\bets.temp' is opened by 9392@DESKTOP-00OS7EM

[2020-03-01 04:27:20 #2 store] 
Configuration path: C:\Users\Usuario\Desktop\objectdb-2.8.2\objectdb.conf

[2020-03-01 04:29:35 #3 store] 
Database 'C:\Users\Usuario\git\Sprint_1\Bets\resources\bets.temp' is closed by 9392@DESKTOP-00OS7EM

------------------------------------------------------------------------------------------------------------------------

[2020-03-01 12:21:24 #1 store] 
Database 'C:\Users\Usuario\git\Sprint_1\Bets\resources\bets.temp' is opened by 12392@DESKTOP-00OS7EM

[2020-03-01 12:21:24 #2 store] 
Configuration path: C:\Users\Usuario\Desktop\objectdb-2.8.2\objectdb.conf

[2020-03-01 12:21:42 #3 store] 
Database 'C:\Users\Usuario\git\Sprint_1\Bets\resources\bets.temp' is closed by 12392@DESKTOP-00OS7EM

------------------------------------------------------------------------------------------------------------------------

[2020-03-01 13:40:54 #1 store] 
Database 'C:\Users\Usuario\git\Sprint_1\Bets\resources\bets.temp' is opened by 15036@DESKTOP-00OS7EM

[2020-03-01 13:40:54 #2 store] 
Configuration path: C:\Users\Usuario\Desktop\objectdb-2.8.2\objectdb.conf

[2020-03-01 13:43:49 #3 store] 
Database 'C:\Users\Usuario\git\Sprint_1\Bets\resources\bets.temp' is closed by 15036@DESKTOP-00OS7EM

------------------------------------------------------------------------------------------------------------------------

[2020-03-01 14:37:41 #1 store] 
Database 'C:\Users\Usuario\git\Sprint_1\Bets\resources\bets.temp' is opened by 10876@DESKTOP-00OS7EM

[2020-03-01 14:37:41 #2 store] 
Configuration path: C:\Users\Usuario\Desktop\objectdb-2.8.2\objectdb.conf

[2020-03-01 14:42:23 #3 store] 
Database 'C:\Users\Usuario\git\Sprint_1\Bets\resources\bets.temp' is closed by 10876@DESKTOP-00OS7EM

------------------------------------------------------------------------------------------------------------------------

[2020-03-01 21:43:52 #1 store] 
Database 'C:\Users\Usuario\git\Sprint_1\Bets\resources\bets.temp' is opened by 17468@DESKTOP-00OS7EM

[2020-03-01 21:43:52 #2 store] 
Configuration path: C:\Users\Usuario\Desktop\objectdb-2.8.2\objectdb.conf

[2020-03-01 21:43:56 #3 store] 
Database 'C:\Users\Usuario\git\Sprint_1\Bets\resources\bets.temp' is closed by 17468@DESKTOP-00OS7EM

------------------------------------------------------------------------------------------------------------------------

[2020-03-01 23:30:29 #1 store] 
Database 'C:\Users\Usuario\git\Sprint_1\Bets\resources\bets.temp' is opened by 9896@DESKTOP-00OS7EM

[2020-03-01 23:30:29 #2 store] 
Configuration path: C:\Users\Usuario\Desktop\objectdb-2.8.2\objectdb.conf

[2020-03-01 23:31:51 #3 store] 
Database 'C:\Users\Usuario\git\Sprint_1\Bets\resources\bets.temp' is closed by 9896@DESKTOP-00OS7EM

