------------------------------------------------------------------------------------------------------------------------

[2020-03-22 20:49:05 #1 server] 
Server on port 6136 has started by 17572@DESKTOP-00OS7EM

[2020-03-22 20:49:15 #2 store] 
Database 'C:\Users\Usuario\git\Sprint_2\Sprint_2\resources\db\resources\bets.temp' is opened by 17572@DESKTOP-00OS7EM

[2020-03-22 20:49:15 #3 store] 
Database 'C:\Users\Usuario\git\Sprint_2\Sprint_2\resources\db\resources\bets.temp' is closed by 17572@DESKTOP-00OS7EM

[2020-03-22 20:49:15 #4 store] 
Database 'C:\Users\Usuario\git\Sprint_2\Sprint_2\resources\db\resources\bets.temp' is opened by 17572@DESKTOP-00OS7EM

[2020-03-22 20:49:15 #5 store] 
Database 'C:\Users\Usuario\git\Sprint_2\Sprint_2\resources\db\resources\bets.temp' is closed by 17572@DESKTOP-00OS7EM

[2020-03-22 20:49:16 #6 store] 
Database 'C:\Users\Usuario\git\Sprint_2\Sprint_2\resources\db\resources\bets.temp' is opened by 17572@DESKTOP-00OS7EM

[2020-03-22 20:49:16 #7 store] 
Database 'C:\Users\Usuario\git\Sprint_2\Sprint_2\resources\db\resources\bets.temp' is closed by 17572@DESKTOP-00OS7EM

[2020-03-22 20:49:16 #8 store] 
Database 'C:\Users\Usuario\git\Sprint_2\Sprint_2\resources\db\resources\bets.temp' is opened by 17572@DESKTOP-00OS7EM

[2020-03-22 20:49:16 #9 store] 
Database 'C:\Users\Usuario\git\Sprint_2\Sprint_2\resources\db\resources\bets.temp' is closed by 17572@DESKTOP-00OS7EM

------------------------------------------------------------------------------------------------------------------------

[2020-03-22 20:52:19 #1 server] 
Server on port 6136 has started by 3656@DESKTOP-00OS7EM

------------------------------------------------------------------------------------------------------------------------

[2020-03-22 21:05:18 #1 server] 
Server on port 6136 has started by 6364@DESKTOP-00OS7EM

[2020-03-22 21:06:52 #2 store] 
Database 'C:\Users\Usuario\git\Sprint_2\Sprint_2\resources\db\resources\bets.temp' is opened by 6364@DESKTOP-00OS7EM

[2020-03-22 21:06:52 #3 store] 
Database 'C:\Users\Usuario\git\Sprint_2\Sprint_2\resources\db\resources\bets.temp' is closed by 6364@DESKTOP-00OS7EM

[2020-03-22 21:06:53 #4 store] 
Database 'C:\Users\Usuario\git\Sprint_2\Sprint_2\resources\db\resources\bets.temp' is opened by 6364@DESKTOP-00OS7EM

[2020-03-22 21:06:53 #5 store] 
Database 'C:\Users\Usuario\git\Sprint_2\Sprint_2\resources\db\resources\bets.temp' is closed by 6364@DESKTOP-00OS7EM

[2020-03-22 21:06:56 #6 store] 
Database 'C:\Users\Usuario\git\Sprint_2\Sprint_2\resources\db\resources\bets.temp' is opened by 6364@DESKTOP-00OS7EM

[2020-03-22 21:06:56 #7 store] 
Database 'C:\Users\Usuario\git\Sprint_2\Sprint_2\resources\db\resources\bets.temp' is closed by 6364@DESKTOP-00OS7EM

[2020-03-22 21:06:56 #8 store] 
Database 'C:\Users\Usuario\git\Sprint_2\Sprint_2\resources\db\resources\bets.temp' is opened by 6364@DESKTOP-00OS7EM

[2020-03-22 21:06:56 #9 store] 
Database 'C:\Users\Usuario\git\Sprint_2\Sprint_2\resources\db\resources\bets.temp' is closed by 6364@DESKTOP-00OS7EM

[2020-03-22 21:06:58 #10 store] 
Database 'C:\Users\Usuario\git\Sprint_2\Sprint_2\resources\db\resources\bets.temp' is opened by 6364@DESKTOP-00OS7EM

[2020-03-22 21:06:58 #11 store] 
Database 'C:\Users\Usuario\git\Sprint_2\Sprint_2\resources\db\resources\bets.temp' is closed by 6364@DESKTOP-00OS7EM

[2020-03-22 21:06:58 #12 store] 
Database 'C:\Users\Usuario\git\Sprint_2\Sprint_2\resources\db\resources\bets.temp' is opened by 6364@DESKTOP-00OS7EM

[2020-03-22 21:06:58 #13 store] 
Database 'C:\Users\Usuario\git\Sprint_2\Sprint_2\resources\db\resources\bets.temp' is closed by 6364@DESKTOP-00OS7EM

[2020-03-22 21:07:01 #14 store] 
Database 'C:\Users\Usuario\git\Sprint_2\Sprint_2\resources\db\resources\bets.temp' is opened by 6364@DESKTOP-00OS7EM

[2020-03-22 21:07:01 #15 store] 
Database 'C:\Users\Usuario\git\Sprint_2\Sprint_2\resources\db\resources\bets.temp' is closed by 6364@DESKTOP-00OS7EM

[2020-03-22 21:07:01 #16 store] 
Database 'C:\Users\Usuario\git\Sprint_2\Sprint_2\resources\db\resources\bets.temp' is opened by 6364@DESKTOP-00OS7EM

[2020-03-22 21:07:02 #17 store] 
Database 'C:\Users\Usuario\git\Sprint_2\Sprint_2\resources\db\resources\bets.temp' is closed by 6364@DESKTOP-00OS7EM

[2020-03-22 21:07:03 #18 store] 
Database 'C:\Users\Usuario\git\Sprint_2\Sprint_2\resources\db\resources\bets.temp' is opened by 6364@DESKTOP-00OS7EM

[2020-03-22 21:07:03 #19 store] 
Database 'C:\Users\Usuario\git\Sprint_2\Sprint_2\resources\db\resources\bets.temp' is closed by 6364@DESKTOP-00OS7EM

[2020-03-22 21:07:03 #20 store] 
Database 'C:\Users\Usuario\git\Sprint_2\Sprint_2\resources\db\resources\bets.temp' is opened by 6364@DESKTOP-00OS7EM

[2020-03-22 21:07:03 #21 store] 
Database 'C:\Users\Usuario\git\Sprint_2\Sprint_2\resources\db\resources\bets.temp' is closed by 6364@DESKTOP-00OS7EM

[2020-03-22 21:07:04 #22 store] 
Database 'C:\Users\Usuario\git\Sprint_2\Sprint_2\resources\db\resources\bets.temp' is opened by 6364@DESKTOP-00OS7EM

[2020-03-22 21:07:04 #23 store] 
Database 'C:\Users\Usuario\git\Sprint_2\Sprint_2\resources\db\resources\bets.temp' is closed by 6364@DESKTOP-00OS7EM

[2020-03-22 21:07:05 #24 store] 
Database 'C:\Users\Usuario\git\Sprint_2\Sprint_2\resources\db\resources\bets.temp' is opened by 6364@DESKTOP-00OS7EM

[2020-03-22 21:07:05 #25 store] 
Database 'C:\Users\Usuario\git\Sprint_2\Sprint_2\resources\db\resources\bets.temp' is closed by 6364@DESKTOP-00OS7EM

[2020-03-22 21:07:05 #26 store] 
Database 'C:\Users\Usuario\git\Sprint_2\Sprint_2\resources\db\resources\bets.temp' is opened by 6364@DESKTOP-00OS7EM

[2020-03-22 21:07:05 #27 store] 
Database 'C:\Users\Usuario\git\Sprint_2\Sprint_2\resources\db\resources\bets.temp' is closed by 6364@DESKTOP-00OS7EM

[2020-03-22 21:07:06 #28 store] 
Database 'C:\Users\Usuario\git\Sprint_2\Sprint_2\resources\db\resources\bets.temp' is opened by 6364@DESKTOP-00OS7EM

[2020-03-22 21:07:06 #29 store] 
Database 'C:\Users\Usuario\git\Sprint_2\Sprint_2\resources\db\resources\bets.temp' is closed by 6364@DESKTOP-00OS7EM

[2020-03-22 21:07:06 #30 store] 
Database 'C:\Users\Usuario\git\Sprint_2\Sprint_2\resources\db\resources\bets.temp' is opened by 6364@DESKTOP-00OS7EM

[2020-03-22 21:07:06 #31 store] 
Database 'C:\Users\Usuario\git\Sprint_2\Sprint_2\resources\db\resources\bets.temp' is closed by 6364@DESKTOP-00OS7EM

[2020-03-22 21:07:06 #32 store] 
Database 'C:\Users\Usuario\git\Sprint_2\Sprint_2\resources\db\resources\bets.temp' is opened by 6364@DESKTOP-00OS7EM

[2020-03-22 21:07:06 #33 store] 
Database 'C:\Users\Usuario\git\Sprint_2\Sprint_2\resources\db\resources\bets.temp' is closed by 6364@DESKTOP-00OS7EM

[2020-03-22 21:07:07 #34 store] 
Database 'C:\Users\Usuario\git\Sprint_2\Sprint_2\resources\db\resources\bets.temp' is opened by 6364@DESKTOP-00OS7EM

[2020-03-22 21:07:07 #35 store] 
Database 'C:\Users\Usuario\git\Sprint_2\Sprint_2\resources\db\resources\bets.temp' is closed by 6364@DESKTOP-00OS7EM

[2020-03-22 21:07:07 #36 store] 
Database 'C:\Users\Usuario\git\Sprint_2\Sprint_2\resources\db\resources\bets.temp' is opened by 6364@DESKTOP-00OS7EM

[2020-03-22 21:07:07 #37 store] 
Database 'C:\Users\Usuario\git\Sprint_2\Sprint_2\resources\db\resources\bets.temp' is closed by 6364@DESKTOP-00OS7EM

[2020-03-22 21:07:07 #38 store] 
Database 'C:\Users\Usuario\git\Sprint_2\Sprint_2\resources\db\resources\bets.temp' is opened by 6364@DESKTOP-00OS7EM

[2020-03-22 21:07:07 #39 store] 
Database 'C:\Users\Usuario\git\Sprint_2\Sprint_2\resources\db\resources\bets.temp' is closed by 6364@DESKTOP-00OS7EM

[2020-03-22 21:07:07 #40 store] 
Database 'C:\Users\Usuario\git\Sprint_2\Sprint_2\resources\db\resources\bets.temp' is opened by 6364@DESKTOP-00OS7EM

[2020-03-22 21:07:07 #41 store] 
Database 'C:\Users\Usuario\git\Sprint_2\Sprint_2\resources\db\resources\bets.temp' is closed by 6364@DESKTOP-00OS7EM

[2020-03-22 21:07:08 #42 store] 
Database 'C:\Users\Usuario\git\Sprint_2\Sprint_2\resources\db\resources\bets.temp' is opened by 6364@DESKTOP-00OS7EM

[2020-03-22 21:07:08 #43 store] 
Database 'C:\Users\Usuario\git\Sprint_2\Sprint_2\resources\db\resources\bets.temp' is closed by 6364@DESKTOP-00OS7EM

[2020-03-22 21:07:08 #44 store] 
Database 'C:\Users\Usuario\git\Sprint_2\Sprint_2\resources\db\resources\bets.temp' is opened by 6364@DESKTOP-00OS7EM

[2020-03-22 21:07:08 #45 store] 
Database 'C:\Users\Usuario\git\Sprint_2\Sprint_2\resources\db\resources\bets.temp' is closed by 6364@DESKTOP-00OS7EM

[2020-03-22 21:07:08 #46 store] 
Database 'C:\Users\Usuario\git\Sprint_2\Sprint_2\resources\db\resources\bets.temp' is opened by 6364@DESKTOP-00OS7EM

[2020-03-22 21:07:08 #47 store] 
Database 'C:\Users\Usuario\git\Sprint_2\Sprint_2\resources\db\resources\bets.temp' is closed by 6364@DESKTOP-00OS7EM

[2020-03-22 21:07:08 #48 store] 
Database 'C:\Users\Usuario\git\Sprint_2\Sprint_2\resources\db\resources\bets.temp' is opened by 6364@DESKTOP-00OS7EM

[2020-03-22 21:07:08 #49 store] 
Database 'C:\Users\Usuario\git\Sprint_2\Sprint_2\resources\db\resources\bets.temp' is closed by 6364@DESKTOP-00OS7EM

[2020-03-22 21:07:09 #50 store] 
Database 'C:\Users\Usuario\git\Sprint_2\Sprint_2\resources\db\resources\bets.temp' is opened by 6364@DESKTOP-00OS7EM

[2020-03-22 21:07:09 #51 store] 
Database 'C:\Users\Usuario\git\Sprint_2\Sprint_2\resources\db\resources\bets.temp' is closed by 6364@DESKTOP-00OS7EM

[2020-03-22 21:07:09 #52 store] 
Database 'C:\Users\Usuario\git\Sprint_2\Sprint_2\resources\db\resources\bets.temp' is opened by 6364@DESKTOP-00OS7EM

[2020-03-22 21:07:09 #53 store] 
Database 'C:\Users\Usuario\git\Sprint_2\Sprint_2\resources\db\resources\bets.temp' is closed by 6364@DESKTOP-00OS7EM

[2020-03-22 21:07:09 #54 store] 
Database 'C:\Users\Usuario\git\Sprint_2\Sprint_2\resources\db\resources\bets.temp' is opened by 6364@DESKTOP-00OS7EM

[2020-03-22 21:07:09 #55 store] 
Database 'C:\Users\Usuario\git\Sprint_2\Sprint_2\resources\db\resources\bets.temp' is closed by 6364@DESKTOP-00OS7EM

[2020-03-22 21:07:09 #56 store] 
Database 'C:\Users\Usuario\git\Sprint_2\Sprint_2\resources\db\resources\bets.temp' is opened by 6364@DESKTOP-00OS7EM

[2020-03-22 21:07:09 #57 store] 
Database 'C:\Users\Usuario\git\Sprint_2\Sprint_2\resources\db\resources\bets.temp' is closed by 6364@DESKTOP-00OS7EM

[2020-03-22 21:07:10 #58 store] 
Database 'C:\Users\Usuario\git\Sprint_2\Sprint_2\resources\db\resources\bets.temp' is opened by 6364@DESKTOP-00OS7EM

[2020-03-22 21:07:10 #59 store] 
Database 'C:\Users\Usuario\git\Sprint_2\Sprint_2\resources\db\resources\bets.temp' is closed by 6364@DESKTOP-00OS7EM

[2020-03-22 21:07:10 #60 store] 
Database 'C:\Users\Usuario\git\Sprint_2\Sprint_2\resources\db\resources\bets.temp' is opened by 6364@DESKTOP-00OS7EM

[2020-03-22 21:07:10 #61 store] 
Database 'C:\Users\Usuario\git\Sprint_2\Sprint_2\resources\db\resources\bets.temp' is closed by 6364@DESKTOP-00OS7EM

[2020-03-22 21:07:10 #62 store] 
Database 'C:\Users\Usuario\git\Sprint_2\Sprint_2\resources\db\resources\bets.temp' is opened by 6364@DESKTOP-00OS7EM

[2020-03-22 21:07:10 #63 store] 
Database 'C:\Users\Usuario\git\Sprint_2\Sprint_2\resources\db\resources\bets.temp' is closed by 6364@DESKTOP-00OS7EM

[2020-03-22 21:07:10 #64 store] 
Database 'C:\Users\Usuario\git\Sprint_2\Sprint_2\resources\db\resources\bets.temp' is opened by 6364@DESKTOP-00OS7EM

[2020-03-22 21:07:10 #65 store] 
Database 'C:\Users\Usuario\git\Sprint_2\Sprint_2\resources\db\resources\bets.temp' is closed by 6364@DESKTOP-00OS7EM

[2020-03-22 21:07:11 #66 store] 
Database 'C:\Users\Usuario\git\Sprint_2\Sprint_2\resources\db\resources\bets.temp' is opened by 6364@DESKTOP-00OS7EM

[2020-03-22 21:07:11 #67 store] 
Database 'C:\Users\Usuario\git\Sprint_2\Sprint_2\resources\db\resources\bets.temp' is closed by 6364@DESKTOP-00OS7EM

[2020-03-22 21:07:12 #68 store] 
Database 'C:\Users\Usuario\git\Sprint_2\Sprint_2\resources\db\resources\bets.temp' is opened by 6364@DESKTOP-00OS7EM

[2020-03-22 21:07:12 #69 store] 
Database 'C:\Users\Usuario\git\Sprint_2\Sprint_2\resources\db\resources\bets.temp' is closed by 6364@DESKTOP-00OS7EM

[2020-03-22 21:07:12 #70 store] 
Database 'C:\Users\Usuario\git\Sprint_2\Sprint_2\resources\db\resources\bets.temp' is opened by 6364@DESKTOP-00OS7EM

[2020-03-22 21:07:12 #71 store] 
Database 'C:\Users\Usuario\git\Sprint_2\Sprint_2\resources\db\resources\bets.temp' is closed by 6364@DESKTOP-00OS7EM

[2020-03-22 21:07:12 #72 store] 
Database 'C:\Users\Usuario\git\Sprint_2\Sprint_2\resources\db\resources\bets.temp' is opened by 6364@DESKTOP-00OS7EM

[2020-03-22 21:07:12 #73 store] 
Database 'C:\Users\Usuario\git\Sprint_2\Sprint_2\resources\db\resources\bets.temp' is closed by 6364@DESKTOP-00OS7EM

[2020-03-22 21:07:13 #74 store] 
Database 'C:\Users\Usuario\git\Sprint_2\Sprint_2\resources\db\resources\bets.temp' is opened by 6364@DESKTOP-00OS7EM

[2020-03-22 21:07:13 #75 store] 
Database 'C:\Users\Usuario\git\Sprint_2\Sprint_2\resources\db\resources\bets.temp' is closed by 6364@DESKTOP-00OS7EM

[2020-03-22 21:07:13 #76 store] 
Database 'C:\Users\Usuario\git\Sprint_2\Sprint_2\resources\db\resources\bets.temp' is opened by 6364@DESKTOP-00OS7EM

[2020-03-22 21:07:13 #77 store] 
Database 'C:\Users\Usuario\git\Sprint_2\Sprint_2\resources\db\resources\bets.temp' is closed by 6364@DESKTOP-00OS7EM

[2020-03-22 21:07:13 #78 store] 
Database 'C:\Users\Usuario\git\Sprint_2\Sprint_2\resources\db\resources\bets.temp' is opened by 6364@DESKTOP-00OS7EM

[2020-03-22 21:07:13 #79 store] 
Database 'C:\Users\Usuario\git\Sprint_2\Sprint_2\resources\db\resources\bets.temp' is closed by 6364@DESKTOP-00OS7EM

[2020-03-22 21:07:15 #80 store] 
Database 'C:\Users\Usuario\git\Sprint_2\Sprint_2\resources\db\resources\bets.temp' is opened by 6364@DESKTOP-00OS7EM

[2020-03-22 21:07:15 #81 store] 
Database 'C:\Users\Usuario\git\Sprint_2\Sprint_2\resources\db\resources\bets.temp' is closed by 6364@DESKTOP-00OS7EM

[2020-03-22 21:07:15 #82 store] 
Database 'C:\Users\Usuario\git\Sprint_2\Sprint_2\resources\db\resources\bets.temp' is opened by 6364@DESKTOP-00OS7EM

[2020-03-22 21:07:15 #83 store] 
Database 'C:\Users\Usuario\git\Sprint_2\Sprint_2\resources\db\resources\bets.temp' is closed by 6364@DESKTOP-00OS7EM

[2020-03-22 21:07:15 #84 store] 
Database 'C:\Users\Usuario\git\Sprint_2\Sprint_2\resources\db\resources\bets.temp' is opened by 6364@DESKTOP-00OS7EM

[2020-03-22 21:07:15 #85 store] 
Database 'C:\Users\Usuario\git\Sprint_2\Sprint_2\resources\db\resources\bets.temp' is closed by 6364@DESKTOP-00OS7EM

[2020-03-22 21:07:16 #86 store] 
Database 'C:\Users\Usuario\git\Sprint_2\Sprint_2\resources\db\resources\bets.temp' is opened by 6364@DESKTOP-00OS7EM

[2020-03-22 21:07:16 #87 store] 
Database 'C:\Users\Usuario\git\Sprint_2\Sprint_2\resources\db\resources\bets.temp' is closed by 6364@DESKTOP-00OS7EM

[2020-03-22 21:07:16 #88 store] 
Database 'C:\Users\Usuario\git\Sprint_2\Sprint_2\resources\db\resources\bets.temp' is opened by 6364@DESKTOP-00OS7EM

[2020-03-22 21:07:16 #89 store] 
Database 'C:\Users\Usuario\git\Sprint_2\Sprint_2\resources\db\resources\bets.temp' is closed by 6364@DESKTOP-00OS7EM

[2020-03-22 21:07:16 #90 store] 
Database 'C:\Users\Usuario\git\Sprint_2\Sprint_2\resources\db\resources\bets.temp' is opened by 6364@DESKTOP-00OS7EM

[2020-03-22 21:07:16 #91 store] 
Database 'C:\Users\Usuario\git\Sprint_2\Sprint_2\resources\db\resources\bets.temp' is closed by 6364@DESKTOP-00OS7EM

[2020-03-22 21:07:16 #92 store] 
Database 'C:\Users\Usuario\git\Sprint_2\Sprint_2\resources\db\resources\bets.temp' is opened by 6364@DESKTOP-00OS7EM

[2020-03-22 21:07:16 #93 store] 
Database 'C:\Users\Usuario\git\Sprint_2\Sprint_2\resources\db\resources\bets.temp' is closed by 6364@DESKTOP-00OS7EM

[2020-03-22 21:07:18 #94 store] 
Database 'C:\Users\Usuario\git\Sprint_2\Sprint_2\resources\db\resources\bets.temp' is opened by 6364@DESKTOP-00OS7EM

[2020-03-22 21:07:18 #95 store] 
Database 'C:\Users\Usuario\git\Sprint_2\Sprint_2\resources\db\resources\bets.temp' is closed by 6364@DESKTOP-00OS7EM

[2020-03-22 21:07:18 #96 store] 
Database 'C:\Users\Usuario\git\Sprint_2\Sprint_2\resources\db\resources\bets.temp' is opened by 6364@DESKTOP-00OS7EM

[2020-03-22 21:07:18 #97 store] 
Database 'C:\Users\Usuario\git\Sprint_2\Sprint_2\resources\db\resources\bets.temp' is closed by 6364@DESKTOP-00OS7EM

[2020-03-22 21:07:18 #98 store] 
Database 'C:\Users\Usuario\git\Sprint_2\Sprint_2\resources\db\resources\bets.temp' is opened by 6364@DESKTOP-00OS7EM

[2020-03-22 21:07:18 #99 store] 
Database 'C:\Users\Usuario\git\Sprint_2\Sprint_2\resources\db\resources\bets.temp' is closed by 6364@DESKTOP-00OS7EM

[2020-03-22 21:07:18 #100 store] 
Database 'C:\Users\Usuario\git\Sprint_2\Sprint_2\resources\db\resources\bets.temp' is opened by 6364@DESKTOP-00OS7EM

[2020-03-22 21:07:18 #101 store] 
Database 'C:\Users\Usuario\git\Sprint_2\Sprint_2\resources\db\resources\bets.temp' is closed by 6364@DESKTOP-00OS7EM

[2020-03-22 21:07:19 #102 store] 
Database 'C:\Users\Usuario\git\Sprint_2\Sprint_2\resources\db\resources\bets.temp' is opened by 6364@DESKTOP-00OS7EM

[2020-03-22 21:07:19 #103 store] 
Database 'C:\Users\Usuario\git\Sprint_2\Sprint_2\resources\db\resources\bets.temp' is closed by 6364@DESKTOP-00OS7EM

[2020-03-22 21:07:19 #104 store] 
Database 'C:\Users\Usuario\git\Sprint_2\Sprint_2\resources\db\resources\bets.temp' is opened by 6364@DESKTOP-00OS7EM

[2020-03-22 21:07:19 #105 store] 
Database 'C:\Users\Usuario\git\Sprint_2\Sprint_2\resources\db\resources\bets.temp' is closed by 6364@DESKTOP-00OS7EM

[2020-03-22 21:07:28 #106 store] 
Database 'C:\Users\Usuario\git\Sprint_2\Sprint_2\resources\db\resources\bets.temp' is opened by 6364@DESKTOP-00OS7EM

[2020-03-22 21:07:29 #107 store] 
Database 'C:\Users\Usuario\git\Sprint_2\Sprint_2\resources\db\resources\bets.temp' is closed by 6364@DESKTOP-00OS7EM

[2020-03-22 21:08:06 #108 store] 
Database 'C:\Users\Usuario\git\Sprint_2\Sprint_2\resources\db\resources\bets.temp' is opened by 6364@DESKTOP-00OS7EM

[2020-03-22 21:08:06 #109 store] 
Database 'C:\Users\Usuario\git\Sprint_2\Sprint_2\resources\db\resources\bets.temp' is closed by 6364@DESKTOP-00OS7EM

[2020-03-22 21:08:06 #110 store] 
Database 'C:\Users\Usuario\git\Sprint_2\Sprint_2\resources\db\resources\bets.temp' is opened by 6364@DESKTOP-00OS7EM

[2020-03-22 21:08:06 #111 store] 
Database 'C:\Users\Usuario\git\Sprint_2\Sprint_2\resources\db\resources\bets.temp' is closed by 6364@DESKTOP-00OS7EM

[2020-03-22 21:08:07 #112 store] 
Database 'C:\Users\Usuario\git\Sprint_2\Sprint_2\resources\db\resources\bets.temp' is opened by 6364@DESKTOP-00OS7EM

[2020-03-22 21:08:07 #113 store] 
Database 'C:\Users\Usuario\git\Sprint_2\Sprint_2\resources\db\resources\bets.temp' is closed by 6364@DESKTOP-00OS7EM

[2020-03-22 21:08:07 #114 store] 
Database 'C:\Users\Usuario\git\Sprint_2\Sprint_2\resources\db\resources\bets.temp' is opened by 6364@DESKTOP-00OS7EM

[2020-03-22 21:08:07 #115 store] 
Database 'C:\Users\Usuario\git\Sprint_2\Sprint_2\resources\db\resources\bets.temp' is closed by 6364@DESKTOP-00OS7EM

[2020-03-22 21:08:08 #116 store] 
Database 'C:\Users\Usuario\git\Sprint_2\Sprint_2\resources\db\resources\bets.temp' is opened by 6364@DESKTOP-00OS7EM

[2020-03-22 21:08:08 #117 store] 
Database 'C:\Users\Usuario\git\Sprint_2\Sprint_2\resources\db\resources\bets.temp' is closed by 6364@DESKTOP-00OS7EM

[2020-03-22 21:08:08 #118 store] 
Database 'C:\Users\Usuario\git\Sprint_2\Sprint_2\resources\db\resources\bets.temp' is opened by 6364@DESKTOP-00OS7EM

[2020-03-22 21:08:08 #119 store] 
Database 'C:\Users\Usuario\git\Sprint_2\Sprint_2\resources\db\resources\bets.temp' is closed by 6364@DESKTOP-00OS7EM

[2020-03-22 21:08:08 #120 store] 
Database 'C:\Users\Usuario\git\Sprint_2\Sprint_2\resources\db\resources\bets.temp' is opened by 6364@DESKTOP-00OS7EM

[2020-03-22 21:08:08 #121 store] 
Database 'C:\Users\Usuario\git\Sprint_2\Sprint_2\resources\db\resources\bets.temp' is closed by 6364@DESKTOP-00OS7EM

[2020-03-22 21:08:09 #122 store] 
Database 'C:\Users\Usuario\git\Sprint_2\Sprint_2\resources\db\resources\bets.temp' is opened by 6364@DESKTOP-00OS7EM

[2020-03-22 21:08:09 #123 store] 
Database 'C:\Users\Usuario\git\Sprint_2\Sprint_2\resources\db\resources\bets.temp' is closed by 6364@DESKTOP-00OS7EM

[2020-03-22 21:08:09 #124 store] 
Database 'C:\Users\Usuario\git\Sprint_2\Sprint_2\resources\db\resources\bets.temp' is opened by 6364@DESKTOP-00OS7EM

[2020-03-22 21:08:09 #125 store] 
Database 'C:\Users\Usuario\git\Sprint_2\Sprint_2\resources\db\resources\bets.temp' is closed by 6364@DESKTOP-00OS7EM

[2020-03-22 21:08:10 #126 store] 
Database 'C:\Users\Usuario\git\Sprint_2\Sprint_2\resources\db\resources\bets.temp' is opened by 6364@DESKTOP-00OS7EM

[2020-03-22 21:08:10 #127 store] 
Database 'C:\Users\Usuario\git\Sprint_2\Sprint_2\resources\db\resources\bets.temp' is closed by 6364@DESKTOP-00OS7EM

[2020-03-22 21:08:10 #128 store] 
Database 'C:\Users\Usuario\git\Sprint_2\Sprint_2\resources\db\resources\bets.temp' is opened by 6364@DESKTOP-00OS7EM

[2020-03-22 21:08:10 #129 store] 
Database 'C:\Users\Usuario\git\Sprint_2\Sprint_2\resources\db\resources\bets.temp' is closed by 6364@DESKTOP-00OS7EM

[2020-03-22 21:08:10 #130 store] 
Database 'C:\Users\Usuario\git\Sprint_2\Sprint_2\resources\db\resources\bets.temp' is opened by 6364@DESKTOP-00OS7EM

[2020-03-22 21:08:10 #131 store] 
Database 'C:\Users\Usuario\git\Sprint_2\Sprint_2\resources\db\resources\bets.temp' is closed by 6364@DESKTOP-00OS7EM

[2020-03-22 21:08:10 #132 store] 
Database 'C:\Users\Usuario\git\Sprint_2\Sprint_2\resources\db\resources\bets.temp' is opened by 6364@DESKTOP-00OS7EM

[2020-03-22 21:08:10 #133 store] 
Database 'C:\Users\Usuario\git\Sprint_2\Sprint_2\resources\db\resources\bets.temp' is closed by 6364@DESKTOP-00OS7EM

[2020-03-22 21:08:10 #134 store] 
Database 'C:\Users\Usuario\git\Sprint_2\Sprint_2\resources\db\resources\bets.temp' is opened by 6364@DESKTOP-00OS7EM

[2020-03-22 21:08:10 #135 store] 
Database 'C:\Users\Usuario\git\Sprint_2\Sprint_2\resources\db\resources\bets.temp' is closed by 6364@DESKTOP-00OS7EM

[2020-03-22 21:08:10 #136 store] 
Database 'C:\Users\Usuario\git\Sprint_2\Sprint_2\resources\db\resources\bets.temp' is opened by 6364@DESKTOP-00OS7EM

[2020-03-22 21:08:11 #137 store] 
Database 'C:\Users\Usuario\git\Sprint_2\Sprint_2\resources\db\resources\bets.temp' is closed by 6364@DESKTOP-00OS7EM

[2020-03-22 21:08:46 #138 store] 
Database 'C:\Users\Usuario\git\Sprint_2\Sprint_2\resources\db\resources\bets.temp' is opened by 6364@DESKTOP-00OS7EM

[2020-03-22 21:08:46 #139 store] 
Database 'C:\Users\Usuario\git\Sprint_2\Sprint_2\resources\db\resources\bets.temp' is closed by 6364@DESKTOP-00OS7EM

[2020-03-22 21:08:46 #140 store] 
Database 'C:\Users\Usuario\git\Sprint_2\Sprint_2\resources\db\resources\bets.temp' is opened by 6364@DESKTOP-00OS7EM

[2020-03-22 21:08:46 #141 store] 
Database 'C:\Users\Usuario\git\Sprint_2\Sprint_2\resources\db\resources\bets.temp' is closed by 6364@DESKTOP-00OS7EM

[2020-03-22 21:08:47 #142 store] 
Database 'C:\Users\Usuario\git\Sprint_2\Sprint_2\resources\db\resources\bets.temp' is opened by 6364@DESKTOP-00OS7EM

[2020-03-22 21:08:47 #143 store] 
Database 'C:\Users\Usuario\git\Sprint_2\Sprint_2\resources\db\resources\bets.temp' is closed by 6364@DESKTOP-00OS7EM

[2020-03-22 21:08:47 #144 store] 
Database 'C:\Users\Usuario\git\Sprint_2\Sprint_2\resources\db\resources\bets.temp' is opened by 6364@DESKTOP-00OS7EM

[2020-03-22 21:08:47 #145 store] 
Database 'C:\Users\Usuario\git\Sprint_2\Sprint_2\resources\db\resources\bets.temp' is closed by 6364@DESKTOP-00OS7EM

[2020-03-22 21:08:48 #146 store] 
Database 'C:\Users\Usuario\git\Sprint_2\Sprint_2\resources\db\resources\bets.temp' is opened by 6364@DESKTOP-00OS7EM

[2020-03-22 21:08:48 #147 store] 
Database 'C:\Users\Usuario\git\Sprint_2\Sprint_2\resources\db\resources\bets.temp' is closed by 6364@DESKTOP-00OS7EM

[2020-03-22 21:08:49 #148 store] 
Database 'C:\Users\Usuario\git\Sprint_2\Sprint_2\resources\db\resources\bets.temp' is opened by 6364@DESKTOP-00OS7EM

[2020-03-22 21:08:49 #149 store] 
Database 'C:\Users\Usuario\git\Sprint_2\Sprint_2\resources\db\resources\bets.temp' is closed by 6364@DESKTOP-00OS7EM

[2020-03-22 21:08:49 #150 store] 
Database 'C:\Users\Usuario\git\Sprint_2\Sprint_2\resources\db\resources\bets.temp' is opened by 6364@DESKTOP-00OS7EM

[2020-03-22 21:08:49 #151 store] 
Database 'C:\Users\Usuario\git\Sprint_2\Sprint_2\resources\db\resources\bets.temp' is closed by 6364@DESKTOP-00OS7EM

[2020-03-22 21:08:49 #152 store] 
Database 'C:\Users\Usuario\git\Sprint_2\Sprint_2\resources\db\resources\bets.temp' is opened by 6364@DESKTOP-00OS7EM

[2020-03-22 21:08:50 #153 store] 
Database 'C:\Users\Usuario\git\Sprint_2\Sprint_2\resources\db\resources\bets.temp' is closed by 6364@DESKTOP-00OS7EM

[2020-03-22 21:08:50 #154 store] 
Database 'C:\Users\Usuario\git\Sprint_2\Sprint_2\resources\db\resources\bets.temp' is opened by 6364@DESKTOP-00OS7EM

[2020-03-22 21:08:50 #155 store] 
Database 'C:\Users\Usuario\git\Sprint_2\Sprint_2\resources\db\resources\bets.temp' is closed by 6364@DESKTOP-00OS7EM

[2020-03-22 21:08:50 #156 store] 
Database 'C:\Users\Usuario\git\Sprint_2\Sprint_2\resources\db\resources\bets.temp' is opened by 6364@DESKTOP-00OS7EM

[2020-03-22 21:08:50 #157 store] 
Database 'C:\Users\Usuario\git\Sprint_2\Sprint_2\resources\db\resources\bets.temp' is closed by 6364@DESKTOP-00OS7EM

[2020-03-22 21:08:50 #158 store] 
Database 'C:\Users\Usuario\git\Sprint_2\Sprint_2\resources\db\resources\bets.temp' is opened by 6364@DESKTOP-00OS7EM

[2020-03-22 21:08:50 #159 store] 
Database 'C:\Users\Usuario\git\Sprint_2\Sprint_2\resources\db\resources\bets.temp' is closed by 6364@DESKTOP-00OS7EM

[2020-03-22 21:08:50 #160 store] 
Database 'C:\Users\Usuario\git\Sprint_2\Sprint_2\resources\db\resources\bets.temp' is opened by 6364@DESKTOP-00OS7EM

[2020-03-22 21:08:50 #161 store] 
Database 'C:\Users\Usuario\git\Sprint_2\Sprint_2\resources\db\resources\bets.temp' is closed by 6364@DESKTOP-00OS7EM

[2020-03-22 21:08:50 #162 store] 
Database 'C:\Users\Usuario\git\Sprint_2\Sprint_2\resources\db\resources\bets.temp' is opened by 6364@DESKTOP-00OS7EM

[2020-03-22 21:08:50 #163 store] 
Database 'C:\Users\Usuario\git\Sprint_2\Sprint_2\resources\db\resources\bets.temp' is closed by 6364@DESKTOP-00OS7EM

[2020-03-22 21:08:51 #164 store] 
Database 'C:\Users\Usuario\git\Sprint_2\Sprint_2\resources\db\resources\bets.temp' is opened by 6364@DESKTOP-00OS7EM

[2020-03-22 21:08:51 #165 store] 
Database 'C:\Users\Usuario\git\Sprint_2\Sprint_2\resources\db\resources\bets.temp' is closed by 6364@DESKTOP-00OS7EM

[2020-03-22 21:08:51 #166 store] 
Database 'C:\Users\Usuario\git\Sprint_2\Sprint_2\resources\db\resources\bets.temp' is opened by 6364@DESKTOP-00OS7EM

[2020-03-22 21:08:51 #167 store] 
Database 'C:\Users\Usuario\git\Sprint_2\Sprint_2\resources\db\resources\bets.temp' is closed by 6364@DESKTOP-00OS7EM

[2020-03-22 21:08:56 #168 store] 
Database 'C:\Users\Usuario\git\Sprint_2\Sprint_2\resources\db\resources\bets.temp' is opened by 6364@DESKTOP-00OS7EM

[2020-03-22 21:08:56 #169 store] 
Database 'C:\Users\Usuario\git\Sprint_2\Sprint_2\resources\db\resources\bets.temp' is closed by 6364@DESKTOP-00OS7EM

[2020-03-22 21:08:56 #170 store] 
Database 'C:\Users\Usuario\git\Sprint_2\Sprint_2\resources\db\resources\bets.temp' is opened by 6364@DESKTOP-00OS7EM

[2020-03-22 21:08:56 #171 store] 
Database 'C:\Users\Usuario\git\Sprint_2\Sprint_2\resources\db\resources\bets.temp' is closed by 6364@DESKTOP-00OS7EM

[2020-03-22 21:08:57 #172 store] 
Database 'C:\Users\Usuario\git\Sprint_2\Sprint_2\resources\db\resources\bets.temp' is opened by 6364@DESKTOP-00OS7EM

[2020-03-22 21:08:57 #173 store] 
Database 'C:\Users\Usuario\git\Sprint_2\Sprint_2\resources\db\resources\bets.temp' is closed by 6364@DESKTOP-00OS7EM

[2020-03-22 21:08:57 #174 store] 
Database 'C:\Users\Usuario\git\Sprint_2\Sprint_2\resources\db\resources\bets.temp' is opened by 6364@DESKTOP-00OS7EM

[2020-03-22 21:08:57 #175 store] 
Database 'C:\Users\Usuario\git\Sprint_2\Sprint_2\resources\db\resources\bets.temp' is closed by 6364@DESKTOP-00OS7EM

[2020-03-22 21:09:18 #176 store] 
Database 'C:\Users\Usuario\git\Sprint_2\Sprint_2\resources\db\resources\bets.temp' is opened by 6364@DESKTOP-00OS7EM

[2020-03-22 21:09:18 #177 store] 
Database 'C:\Users\Usuario\git\Sprint_2\Sprint_2\resources\db\resources\bets.temp' is closed by 6364@DESKTOP-00OS7EM

[2020-03-22 21:09:18 #178 store] 
Database 'C:\Users\Usuario\git\Sprint_2\Sprint_2\resources\db\resources\bets.temp' is opened by 6364@DESKTOP-00OS7EM

[2020-03-22 21:09:18 #179 store] 
Database 'C:\Users\Usuario\git\Sprint_2\Sprint_2\resources\db\resources\bets.temp' is closed by 6364@DESKTOP-00OS7EM

[2020-03-22 21:09:22 #180 store] 
Database 'C:\Users\Usuario\git\Sprint_2\Sprint_2\resources\db\resources\bets.temp' is opened by 6364@DESKTOP-00OS7EM

[2020-03-22 21:09:22 #181 store] 
Database 'C:\Users\Usuario\git\Sprint_2\Sprint_2\resources\db\resources\bets.temp' is closed by 6364@DESKTOP-00OS7EM

[2020-03-22 21:09:22 #182 store] 
Database 'C:\Users\Usuario\git\Sprint_2\Sprint_2\resources\db\resources\bets.temp' is opened by 6364@DESKTOP-00OS7EM

[2020-03-22 21:09:22 #183 store] 
Database 'C:\Users\Usuario\git\Sprint_2\Sprint_2\resources\db\resources\bets.temp' is closed by 6364@DESKTOP-00OS7EM

[2020-03-22 21:09:23 #184 store] 
Database 'C:\Users\Usuario\git\Sprint_2\Sprint_2\resources\db\resources\bets.temp' is opened by 6364@DESKTOP-00OS7EM

[2020-03-22 21:09:23 #185 store] 
Database 'C:\Users\Usuario\git\Sprint_2\Sprint_2\resources\db\resources\bets.temp' is closed by 6364@DESKTOP-00OS7EM

[2020-03-22 21:09:23 #186 store] 
Database 'C:\Users\Usuario\git\Sprint_2\Sprint_2\resources\db\resources\bets.temp' is opened by 6364@DESKTOP-00OS7EM

[2020-03-22 21:09:23 #187 store] 
Database 'C:\Users\Usuario\git\Sprint_2\Sprint_2\resources\db\resources\bets.temp' is closed by 6364@DESKTOP-00OS7EM

[2020-03-22 21:09:24 #188 store] 
Database 'C:\Users\Usuario\git\Sprint_2\Sprint_2\resources\db\resources\bets.temp' is opened by 6364@DESKTOP-00OS7EM

[2020-03-22 21:09:24 #189 store] 
Database 'C:\Users\Usuario\git\Sprint_2\Sprint_2\resources\db\resources\bets.temp' is closed by 6364@DESKTOP-00OS7EM

[2020-03-22 21:09:24 #190 store] 
Database 'C:\Users\Usuario\git\Sprint_2\Sprint_2\resources\db\resources\bets.temp' is opened by 6364@DESKTOP-00OS7EM

[2020-03-22 21:09:24 #191 store] 
Database 'C:\Users\Usuario\git\Sprint_2\Sprint_2\resources\db\resources\bets.temp' is closed by 6364@DESKTOP-00OS7EM

[2020-03-22 21:09:25 #192 store] 
Database 'C:\Users\Usuario\git\Sprint_2\Sprint_2\resources\db\resources\bets.temp' is opened by 6364@DESKTOP-00OS7EM

[2020-03-22 21:09:25 #193 store] 
Database 'C:\Users\Usuario\git\Sprint_2\Sprint_2\resources\db\resources\bets.temp' is closed by 6364@DESKTOP-00OS7EM

[2020-03-22 21:09:25 #194 store] 
Database 'C:\Users\Usuario\git\Sprint_2\Sprint_2\resources\db\resources\bets.temp' is opened by 6364@DESKTOP-00OS7EM

[2020-03-22 21:09:25 #195 store] 
Database 'C:\Users\Usuario\git\Sprint_2\Sprint_2\resources\db\resources\bets.temp' is closed by 6364@DESKTOP-00OS7EM

[2020-03-22 21:09:47 #196 store] 
Database 'C:\Users\Usuario\git\Sprint_2\Sprint_2\resources\db\resources\bets.temp' is opened by 6364@DESKTOP-00OS7EM

[2020-03-22 21:09:48 #197 store] 
Database 'C:\Users\Usuario\git\Sprint_2\Sprint_2\resources\db\resources\bets.temp' is closed by 6364@DESKTOP-00OS7EM

[2020-03-22 21:09:48 #198 store] 
Database 'C:\Users\Usuario\git\Sprint_2\Sprint_2\resources\db\resources\bets.temp' is opened by 6364@DESKTOP-00OS7EM

[2020-03-22 21:09:48 #199 store] 
Database 'C:\Users\Usuario\git\Sprint_2\Sprint_2\resources\db\resources\bets.temp' is closed by 6364@DESKTOP-00OS7EM

[2020-03-22 21:09:48 #200 store] 
Database 'C:\Users\Usuario\git\Sprint_2\Sprint_2\resources\db\resources\bets.temp' is opened by 6364@DESKTOP-00OS7EM

[2020-03-22 21:09:48 #201 store] 
Database 'C:\Users\Usuario\git\Sprint_2\Sprint_2\resources\db\resources\bets.temp' is closed by 6364@DESKTOP-00OS7EM

[2020-03-22 21:09:48 #202 store] 
Database 'C:\Users\Usuario\git\Sprint_2\Sprint_2\resources\db\resources\bets.temp' is opened by 6364@DESKTOP-00OS7EM

[2020-03-22 21:09:48 #203 store] 
Database 'C:\Users\Usuario\git\Sprint_2\Sprint_2\resources\db\resources\bets.temp' is closed by 6364@DESKTOP-00OS7EM

[2020-03-22 21:09:49 #204 store] 
Database 'C:\Users\Usuario\git\Sprint_2\Sprint_2\resources\db\resources\bets.temp' is opened by 6364@DESKTOP-00OS7EM

[2020-03-22 21:09:49 #205 store] 
Database 'C:\Users\Usuario\git\Sprint_2\Sprint_2\resources\db\resources\bets.temp' is closed by 6364@DESKTOP-00OS7EM

[2020-03-22 21:09:49 #206 store] 
Database 'C:\Users\Usuario\git\Sprint_2\Sprint_2\resources\db\resources\bets.temp' is opened by 6364@DESKTOP-00OS7EM

[2020-03-22 21:09:49 #207 store] 
Database 'C:\Users\Usuario\git\Sprint_2\Sprint_2\resources\db\resources\bets.temp' is closed by 6364@DESKTOP-00OS7EM

[2020-03-22 21:09:50 #208 store] 
Database 'C:\Users\Usuario\git\Sprint_2\Sprint_2\resources\db\resources\bets.temp' is opened by 6364@DESKTOP-00OS7EM

[2020-03-22 21:09:50 #209 store] 
Database 'C:\Users\Usuario\git\Sprint_2\Sprint_2\resources\db\resources\bets.temp' is closed by 6364@DESKTOP-00OS7EM

[2020-03-22 21:09:52 #210 store] 
Database 'C:\Users\Usuario\git\Sprint_2\Sprint_2\resources\db\resources\bets.temp' is opened by 6364@DESKTOP-00OS7EM

[2020-03-22 21:09:52 #211 store] 
Database 'C:\Users\Usuario\git\Sprint_2\Sprint_2\resources\db\resources\bets.temp' is closed by 6364@DESKTOP-00OS7EM

[2020-03-22 21:09:52 #212 store] 
Database 'C:\Users\Usuario\git\Sprint_2\Sprint_2\resources\db\resources\bets.temp' is opened by 6364@DESKTOP-00OS7EM

[2020-03-22 21:09:52 #213 store] 
Database 'C:\Users\Usuario\git\Sprint_2\Sprint_2\resources\db\resources\bets.temp' is closed by 6364@DESKTOP-00OS7EM

[2020-03-22 21:10:01 #214 store] 
Database 'C:\Users\Usuario\git\Sprint_2\Sprint_2\resources\db\resources\bets.temp' is opened by 6364@DESKTOP-00OS7EM

[2020-03-22 21:10:01 #215 store] 
Database 'C:\Users\Usuario\git\Sprint_2\Sprint_2\resources\db\resources\bets.temp' is closed by 6364@DESKTOP-00OS7EM

[2020-03-22 21:10:01 #216 store] 
Database 'C:\Users\Usuario\git\Sprint_2\Sprint_2\resources\db\resources\bets.temp' is opened by 6364@DESKTOP-00OS7EM

[2020-03-22 21:10:01 #217 store] 
Database 'C:\Users\Usuario\git\Sprint_2\Sprint_2\resources\db\resources\bets.temp' is closed by 6364@DESKTOP-00OS7EM

[2020-03-22 21:10:02 #218 store] 
Database 'C:\Users\Usuario\git\Sprint_2\Sprint_2\resources\db\resources\bets.temp' is opened by 6364@DESKTOP-00OS7EM

[2020-03-22 21:10:02 #219 store] 
Database 'C:\Users\Usuario\git\Sprint_2\Sprint_2\resources\db\resources\bets.temp' is closed by 6364@DESKTOP-00OS7EM

[2020-03-22 21:10:02 #220 store] 
Database 'C:\Users\Usuario\git\Sprint_2\Sprint_2\resources\db\resources\bets.temp' is opened by 6364@DESKTOP-00OS7EM

[2020-03-22 21:10:02 #221 store] 
Database 'C:\Users\Usuario\git\Sprint_2\Sprint_2\resources\db\resources\bets.temp' is closed by 6364@DESKTOP-00OS7EM

[2020-03-22 21:10:18 #222 store] 
Database 'C:\Users\Usuario\git\Sprint_2\Sprint_2\resources\db\resources\bets.temp' is opened by 6364@DESKTOP-00OS7EM

[2020-03-22 21:10:18 #223 store] 
Database 'C:\Users\Usuario\git\Sprint_2\Sprint_2\resources\db\resources\bets.temp' is closed by 6364@DESKTOP-00OS7EM

[2020-03-22 21:10:19 #224 store] 
Database 'C:\Users\Usuario\git\Sprint_2\Sprint_2\resources\db\resources\bets.temp' is opened by 6364@DESKTOP-00OS7EM

[2020-03-22 21:10:19 #225 store] 
Database 'C:\Users\Usuario\git\Sprint_2\Sprint_2\resources\db\resources\bets.temp' is closed by 6364@DESKTOP-00OS7EM

[2020-03-22 21:10:19 #226 store] 
Database 'C:\Users\Usuario\git\Sprint_2\Sprint_2\resources\db\resources\bets.temp' is opened by 6364@DESKTOP-00OS7EM

[2020-03-22 21:10:19 #227 store] 
Database 'C:\Users\Usuario\git\Sprint_2\Sprint_2\resources\db\resources\bets.temp' is closed by 6364@DESKTOP-00OS7EM

[2020-03-22 21:10:19 #228 store] 
Database 'C:\Users\Usuario\git\Sprint_2\Sprint_2\resources\db\resources\bets.temp' is opened by 6364@DESKTOP-00OS7EM

[2020-03-22 21:10:19 #229 store] 
Database 'C:\Users\Usuario\git\Sprint_2\Sprint_2\resources\db\resources\bets.temp' is closed by 6364@DESKTOP-00OS7EM

[2020-03-22 21:10:20 #230 store] 
Database 'C:\Users\Usuario\git\Sprint_2\Sprint_2\resources\db\resources\bets.temp' is opened by 6364@DESKTOP-00OS7EM

[2020-03-22 21:10:20 #231 store] 
Database 'C:\Users\Usuario\git\Sprint_2\Sprint_2\resources\db\resources\bets.temp' is closed by 6364@DESKTOP-00OS7EM

[2020-03-22 21:10:27 #232 store] 
Database 'C:\Users\Usuario\git\Sprint_2\Sprint_2\resources\db\resources\bets.temp' is opened by 6364@DESKTOP-00OS7EM

[2020-03-22 21:10:27 #233 store] 
Database 'C:\Users\Usuario\git\Sprint_2\Sprint_2\resources\db\resources\bets.temp' is closed by 6364@DESKTOP-00OS7EM

